CRITICAL - 2022-09-13 00:32:33 --> openssl_encrypt(): Passing null to parameter #1 ($data) of type string is deprecated
in APPPATH\Controllers\Register.php on line 32.
 1 [internal function]: CodeIgniter\Debug\Exceptions->errorHandler(8192, 'openssl_encrypt(): Passing null to parameter #1 ($data) of type string is deprecated', 'APPPATH\\Controllers\\Register.php', 32)
 2 APPPATH\Controllers\Register.php(32): openssl_encrypt(null, 'aes-256-cbc', 'https://bara.co.id/', 0, 'nÆÜ|`›Eõöé6Át ')
 3 SYSTEMPATH\CodeIgniter.php(896): App\Controllers\Register->index()
 4 SYSTEMPATH\CodeIgniter.php(466): CodeIgniter\CodeIgniter->runController(Object(App\Controllers\Register))
 5 SYSTEMPATH\CodeIgniter.php(349): CodeIgniter\CodeIgniter->handleRequest(null, Object(Config\Cache), false)
 6 FCPATH\index.php(55): CodeIgniter\CodeIgniter->run()
CRITICAL - 2022-09-13 00:32:33 --> Uncaught CodeIgniter\Format\Exceptions\FormatException: Failed to parse json string, error: "Malformed UTF-8 characters, possibly incorrectly encoded". in D:\xampp\htdocs\cvbara\system\Format\JSONFormatter.php:41
Stack trace:
#0 D:\xampp\htdocs\cvbara\system\Format\JSONFormatter.php(41): CodeIgniter\Format\Exceptions\FormatException::forInvalidJSON('Malformed UTF-8...')
#1 D:\xampp\htdocs\cvbara\system\API\ResponseTrait.php(341): CodeIgniter\Format\JSONFormatter->format(Array)
#2 D:\xampp\htdocs\cvbara\system\API\ResponseTrait.php(99): CodeIgniter\Debug\Exceptions->format(Array)
#3 D:\xampp\htdocs\cvbara\system\Debug\Exceptions.php(120): CodeIgniter\Debug\Exceptions->respond(Array, 500)
#4 [internal function]: CodeIgniter\Debug\Exceptions->exceptionHandler(Object(ErrorException))
#5 {main}
  thrown
in SYSTEMPATH\Format\JSONFormatter.php on line 41.
 1 [internal function]: CodeIgniter\Debug\Exceptions->shutdownHandler()
CRITICAL - 2022-09-13 00:39:08 --> openssl_encrypt(): Passing null to parameter #1 ($data) of type string is deprecated
in APPPATH\Controllers\Register.php on line 32.
 1 [internal function]: CodeIgniter\Debug\Exceptions->errorHandler(8192, 'openssl_encrypt(): Passing null to parameter #1 ($data) of type string is deprecated', 'APPPATH\\Controllers\\Register.php', 32)
 2 APPPATH\Controllers\Register.php(32): openssl_encrypt(null, 'aes-256-cbc', 'https://bara.co.id/', 0, 'nÆÜ|`›Eõöé6Át ')
 3 SYSTEMPATH\CodeIgniter.php(896): App\Controllers\Register->index()
 4 SYSTEMPATH\CodeIgniter.php(466): CodeIgniter\CodeIgniter->runController(Object(App\Controllers\Register))
 5 SYSTEMPATH\CodeIgniter.php(349): CodeIgniter\CodeIgniter->handleRequest(null, Object(Config\Cache), false)
 6 FCPATH\index.php(55): CodeIgniter\CodeIgniter->run()
CRITICAL - 2022-09-13 00:39:08 --> Uncaught CodeIgniter\Format\Exceptions\FormatException: Failed to parse json string, error: "Malformed UTF-8 characters, possibly incorrectly encoded". in D:\xampp\htdocs\cvbara\system\Format\JSONFormatter.php:41
Stack trace:
#0 D:\xampp\htdocs\cvbara\system\Format\JSONFormatter.php(41): CodeIgniter\Format\Exceptions\FormatException::forInvalidJSON('Malformed UTF-8...')
#1 D:\xampp\htdocs\cvbara\system\API\ResponseTrait.php(341): CodeIgniter\Format\JSONFormatter->format(Array)
#2 D:\xampp\htdocs\cvbara\system\API\ResponseTrait.php(99): CodeIgniter\Debug\Exceptions->format(Array)
#3 D:\xampp\htdocs\cvbara\system\Debug\Exceptions.php(120): CodeIgniter\Debug\Exceptions->respond(Array, 500)
#4 [internal function]: CodeIgniter\Debug\Exceptions->exceptionHandler(Object(ErrorException))
#5 {main}
  thrown
in SYSTEMPATH\Format\JSONFormatter.php on line 41.
 1 [internal function]: CodeIgniter\Debug\Exceptions->shutdownHandler()
CRITICAL - 2022-09-13 00:39:48 --> openssl_encrypt(): Passing null to parameter #1 ($data) of type string is deprecated
in APPPATH\Controllers\Register.php on line 33.
 1 [internal function]: CodeIgniter\Debug\Exceptions->errorHandler(8192, 'openssl_encrypt(): Passing null to parameter #1 ($data) of type string is deprecated', 'APPPATH\\Controllers\\Register.php', 33)
 2 APPPATH\Controllers\Register.php(33): openssl_encrypt(null, 'aes-256-cbc', 'https://bara.co.id/', 0, 'nÆÜ|`›Eõöé6Át ')
 3 SYSTEMPATH\CodeIgniter.php(896): App\Controllers\Register->index()
 4 SYSTEMPATH\CodeIgniter.php(466): CodeIgniter\CodeIgniter->runController(Object(App\Controllers\Register))
 5 SYSTEMPATH\CodeIgniter.php(349): CodeIgniter\CodeIgniter->handleRequest(null, Object(Config\Cache), false)
 6 FCPATH\index.php(55): CodeIgniter\CodeIgniter->run()
CRITICAL - 2022-09-13 00:39:48 --> Uncaught CodeIgniter\Format\Exceptions\FormatException: Failed to parse json string, error: "Malformed UTF-8 characters, possibly incorrectly encoded". in D:\xampp\htdocs\cvbara\system\Format\JSONFormatter.php:41
Stack trace:
#0 D:\xampp\htdocs\cvbara\system\Format\JSONFormatter.php(41): CodeIgniter\Format\Exceptions\FormatException::forInvalidJSON('Malformed UTF-8...')
#1 D:\xampp\htdocs\cvbara\system\API\ResponseTrait.php(341): CodeIgniter\Format\JSONFormatter->format(Array)
#2 D:\xampp\htdocs\cvbara\system\API\ResponseTrait.php(99): CodeIgniter\Debug\Exceptions->format(Array)
#3 D:\xampp\htdocs\cvbara\system\Debug\Exceptions.php(120): CodeIgniter\Debug\Exceptions->respond(Array, 500)
#4 [internal function]: CodeIgniter\Debug\Exceptions->exceptionHandler(Object(ErrorException))
#5 {main}
  thrown
in SYSTEMPATH\Format\JSONFormatter.php on line 41.
 1 [internal function]: CodeIgniter\Debug\Exceptions->shutdownHandler()
CRITICAL - 2022-09-13 00:43:45 --> Invalid file: regist.php
in SYSTEMPATH\Exceptions\FrameworkException.php on line 33.
 1 SYSTEMPATH\View\View.php(201): CodeIgniter\Exceptions\FrameworkException::forInvalidFile('regist.php')
 2 SYSTEMPATH\Common.php(1135): CodeIgniter\View\View->render('regist', [], true)
 3 APPPATH\Controllers\regist.php(9): view('regist')
 4 SYSTEMPATH\CodeIgniter.php(896): App\Controllers\regist->index()
 5 SYSTEMPATH\CodeIgniter.php(466): CodeIgniter\CodeIgniter->runController(Object(App\Controllers\regist))
 6 SYSTEMPATH\CodeIgniter.php(349): CodeIgniter\CodeIgniter->handleRequest(null, Object(Config\Cache), false)
 7 FCPATH\index.php(55): CodeIgniter\CodeIgniter->run()
CRITICAL - 2022-09-13 00:43:53 --> Invalid file: register.php
in SYSTEMPATH\Exceptions\FrameworkException.php on line 33.
 1 SYSTEMPATH\View\View.php(201): CodeIgniter\Exceptions\FrameworkException::forInvalidFile('register.php')
 2 SYSTEMPATH\Common.php(1135): CodeIgniter\View\View->render('register', [], true)
 3 APPPATH\Controllers\regist.php(9): view('register')
 4 SYSTEMPATH\CodeIgniter.php(896): App\Controllers\regist->index()
 5 SYSTEMPATH\CodeIgniter.php(466): CodeIgniter\CodeIgniter->runController(Object(App\Controllers\regist))
 6 SYSTEMPATH\CodeIgniter.php(349): CodeIgniter\CodeIgniter->handleRequest(null, Object(Config\Cache), false)
 7 FCPATH\index.php(55): CodeIgniter\CodeIgniter->run()
