ERROR - 2022-09-05 21:58:42 --> Table 'cvbara.pesan' doesn't exist
CRITICAL - 2022-09-05 21:58:42 --> Table 'cvbara.pesan' doesn't exist
in SYSTEMPATH\Database\MySQLi\Connection.php on line 292.
 1 SYSTEMPATH\Database\MySQLi\Connection.php(292): mysqli->query('SELECT COUNT(*) AS `numrows`
FROM `pesan`', 0)
 2 SYSTEMPATH\Database\BaseConnection.php(695): CodeIgniter\Database\MySQLi\Connection->execute('SELECT COUNT(*) AS `numrows`
FROM `pesan`')
 3 SYSTEMPATH\Database\BaseConnection.php(609): CodeIgniter\Database\BaseConnection->simpleQuery('SELECT COUNT(*) AS `numrows`
FROM `pesan`')
 4 SYSTEMPATH\Database\BaseBuilder.php(1669): CodeIgniter\Database\BaseConnection->query('SELECT COUNT(*) AS `numrows`
FROM `pesan`', [], false)
 5 SYSTEMPATH\Model.php(550): CodeIgniter\Database\BaseBuilder->countAllResults(false)
 6 SYSTEMPATH\BaseModel.php(1084): CodeIgniter\Model->countAllResults(false)
 7 APPPATH\Controllers\Desktop.php(29): CodeIgniter\BaseModel->paginate(5)
 8 SYSTEMPATH\CodeIgniter.php(896): App\Controllers\Desktop->index()
 9 SYSTEMPATH\CodeIgniter.php(466): CodeIgniter\CodeIgniter->runController(Object(App\Controllers\Desktop))
10 SYSTEMPATH\CodeIgniter.php(349): CodeIgniter\CodeIgniter->handleRequest(null, Object(Config\Cache), false)
11 FCPATH\index.php(55): CodeIgniter\CodeIgniter->run()
CRITICAL - 2022-09-05 22:00:55 --> Undefined array key "kriteria"
in APPPATH\Views\admin\pages\desktop.php on line 222.
 1 APPPATH\Views\admin\pages\desktop.php(222): CodeIgniter\Debug\Exceptions->errorHandler(2, 'Undefined array key "kriteria"', 'APPPATH\\Views\\admin\\pages\\desktop.php', 222)
 2 SYSTEMPATH\View\View.php(213): include('APPPATH\\Views\\admin\\pages\\desktop.php')
 3 SYSTEMPATH\View\View.php(216): CodeIgniter\View\View->CodeIgniter\View\{closure}()
 4 SYSTEMPATH\Common.php(1135): CodeIgniter\View\View->render('admin/pages/desktop', [], true)
 5 APPPATH\Controllers\Desktop.php(33): view('admin/pages/desktop', [...])
 6 SYSTEMPATH\CodeIgniter.php(896): App\Controllers\Desktop->index()
 7 SYSTEMPATH\CodeIgniter.php(466): CodeIgniter\CodeIgniter->runController(Object(App\Controllers\Desktop))
 8 SYSTEMPATH\CodeIgniter.php(349): CodeIgniter\CodeIgniter->handleRequest(null, Object(Config\Cache), false)
 9 FCPATH\index.php(55): CodeIgniter\CodeIgniter->run()
CRITICAL - 2022-09-05 22:28:55 --> Undefined variable $pelamar
in APPPATH\Views\admin\pages\desktop.php on line 381.
 1 APPPATH\Views\admin\pages\desktop.php(381): CodeIgniter\Debug\Exceptions->errorHandler(2, 'Undefined variable $pelamar', 'APPPATH\\Views\\admin\\pages\\desktop.php', 381)
 2 SYSTEMPATH\View\View.php(213): include('APPPATH\\Views\\admin\\pages\\desktop.php')
 3 SYSTEMPATH\View\View.php(216): CodeIgniter\View\View->CodeIgniter\View\{closure}()
 4 SYSTEMPATH\Common.php(1135): CodeIgniter\View\View->render('admin/pages/desktop', [], true)
 5 APPPATH\Controllers\Desktop.php(33): view('admin/pages/desktop', [...])
 6 SYSTEMPATH\CodeIgniter.php(896): App\Controllers\Desktop->index()
 7 SYSTEMPATH\CodeIgniter.php(466): CodeIgniter\CodeIgniter->runController(Object(App\Controllers\Desktop))
 8 SYSTEMPATH\CodeIgniter.php(349): CodeIgniter\CodeIgniter->handleRequest(null, Object(Config\Cache), false)
 9 FCPATH\index.php(55): CodeIgniter\CodeIgniter->run()
CRITICAL - 2022-09-05 22:43:51 --> Class "App\Models\interviewModel" not found
in APPPATH\Controllers\Interview.php on line 17.
 1 SYSTEMPATH\CodeIgniter.php(896): App\Controllers\Interview->index()
 2 SYSTEMPATH\CodeIgniter.php(466): CodeIgniter\CodeIgniter->runController(Object(App\Controllers\Interview))
 3 SYSTEMPATH\CodeIgniter.php(349): CodeIgniter\CodeIgniter->handleRequest(null, Object(Config\Cache), false)
 4 FCPATH\index.php(55): CodeIgniter\CodeIgniter->run()
CRITICAL - 2022-09-05 22:44:18 --> Undefined array key "nama"
in APPPATH\Views\admin\pages\interview.php on line 385.
 1 APPPATH\Views\admin\pages\interview.php(385): CodeIgniter\Debug\Exceptions->errorHandler(2, 'Undefined array key "nama"', 'APPPATH\\Views\\admin\\pages\\interview.php', 385)
 2 SYSTEMPATH\View\View.php(213): include('APPPATH\\Views\\admin\\pages\\interview.php')
 3 SYSTEMPATH\View\View.php(216): CodeIgniter\View\View->CodeIgniter\View\{closure}()
 4 SYSTEMPATH\Common.php(1135): CodeIgniter\View\View->render('admin/pages/interview', [], true)
 5 APPPATH\Controllers\Interview.php(37): view('admin/pages/interview', [...])
 6 SYSTEMPATH\CodeIgniter.php(896): App\Controllers\Interview->index()
 7 SYSTEMPATH\CodeIgniter.php(466): CodeIgniter\CodeIgniter->runController(Object(App\Controllers\Interview))
 8 SYSTEMPATH\CodeIgniter.php(349): CodeIgniter\CodeIgniter->handleRequest(null, Object(Config\Cache), false)
 9 FCPATH\index.php(55): CodeIgniter\CodeIgniter->run()
CRITICAL - 2022-09-05 22:56:58 --> Undefined variable $cv
in APPPATH\Views\admin\pages\CV.php on line 146.
 1 APPPATH\Views\admin\pages\CV.php(146): CodeIgniter\Debug\Exceptions->errorHandler(2, 'Undefined variable $cv', 'APPPATH\\Views\\admin\\pages\\CV.php', 146)
 2 SYSTEMPATH\View\View.php(213): include('APPPATH\\Views\\admin\\pages\\CV.php')
 3 SYSTEMPATH\View\View.php(216): CodeIgniter\View\View->CodeIgniter\View\{closure}()
 4 SYSTEMPATH\Common.php(1135): CodeIgniter\View\View->render('admin/pages/cv', [], true)
 5 APPPATH\Controllers\CV.php(16): view('admin/pages/cv')
 6 SYSTEMPATH\CodeIgniter.php(896): App\Controllers\CV->index()
 7 SYSTEMPATH\CodeIgniter.php(466): CodeIgniter\CodeIgniter->runController(Object(App\Controllers\CV))
 8 SYSTEMPATH\CodeIgniter.php(349): CodeIgniter\CodeIgniter->handleRequest(null, Object(Config\Cache), false)
 9 FCPATH\index.php(55): CodeIgniter\CodeIgniter->run()
CRITICAL - 2022-09-05 23:14:01 --> Call to a member function where() on array
in APPPATH\Controllers\Interview.php on line 33.
 1 SYSTEMPATH\CodeIgniter.php(896): App\Controllers\Interview->index()
 2 SYSTEMPATH\CodeIgniter.php(466): CodeIgniter\CodeIgniter->runController(Object(App\Controllers\Interview))
 3 SYSTEMPATH\CodeIgniter.php(349): CodeIgniter\CodeIgniter->handleRequest(null, Object(Config\Cache), false)
 4 FCPATH\index.php(55): CodeIgniter\CodeIgniter->run()
CRITICAL - 2022-09-05 23:15:31 --> Call to a member function where() on array
in APPPATH\Controllers\Interview.php on line 34.
 1 SYSTEMPATH\CodeIgniter.php(896): App\Controllers\Interview->index()
 2 SYSTEMPATH\CodeIgniter.php(466): CodeIgniter\CodeIgniter->runController(Object(App\Controllers\Interview))
 3 SYSTEMPATH\CodeIgniter.php(349): CodeIgniter\CodeIgniter->handleRequest(null, Object(Config\Cache), false)
 4 FCPATH\index.php(55): CodeIgniter\CodeIgniter->run()
