CRITICAL - 2022-12-19 00:39:27 --> Undefined property: stdClass::$durasi
in APPPATH\Views\admin\pages\index.php on line 576.
 1 APPPATH\Views\admin\pages\index.php(576): CodeIgniter\Debug\Exceptions->errorHandler(2, 'Undefined property: stdClass::$durasi', 'APPPATH\\Views\\admin\\pages\\index.php', 576)
 2 SYSTEMPATH\View\View.php(213): include('APPPATH\\Views\\admin\\pages\\index.php')
 3 SYSTEMPATH\View\View.php(216): CodeIgniter\View\View->CodeIgniter\View\{closure}()
 4 SYSTEMPATH\Common.php(1135): CodeIgniter\View\View->render('admin/pages/index', [], true)
 5 APPPATH\Controllers\Pelamar.php(49): view('admin/pages/index', [...])
 6 SYSTEMPATH\CodeIgniter.php(896): App\Controllers\Pelamar->index()
 7 SYSTEMPATH\CodeIgniter.php(466): CodeIgniter\CodeIgniter->runController(Object(App\Controllers\Pelamar))
 8 SYSTEMPATH\CodeIgniter.php(349): CodeIgniter\CodeIgniter->handleRequest(null, Object(Config\Cache), false)
 9 FCPATH\index.php(55): CodeIgniter\CodeIgniter->run()
CRITICAL - 2022-12-19 00:40:50 --> Undefined property: stdClass::$durasi
in APPPATH\Views\admin\pages\index.php on line 602.
 1 APPPATH\Views\admin\pages\index.php(602): CodeIgniter\Debug\Exceptions->errorHandler(2, 'Undefined property: stdClass::$durasi', 'APPPATH\\Views\\admin\\pages\\index.php', 602)
 2 SYSTEMPATH\View\View.php(213): include('APPPATH\\Views\\admin\\pages\\index.php')
 3 SYSTEMPATH\View\View.php(216): CodeIgniter\View\View->CodeIgniter\View\{closure}()
 4 SYSTEMPATH\Common.php(1135): CodeIgniter\View\View->render('admin/pages/index', [], true)
 5 APPPATH\Controllers\Pelamar.php(49): view('admin/pages/index', [...])
 6 SYSTEMPATH\CodeIgniter.php(896): App\Controllers\Pelamar->index()
 7 SYSTEMPATH\CodeIgniter.php(466): CodeIgniter\CodeIgniter->runController(Object(App\Controllers\Pelamar))
 8 SYSTEMPATH\CodeIgniter.php(349): CodeIgniter\CodeIgniter->handleRequest(null, Object(Config\Cache), false)
 9 FCPATH\index.php(55): CodeIgniter\CodeIgniter->run()
