CRITICAL - 2022-08-10 02:18:18 --> syntax error, unexpected variable "$db", expecting "function" or "const"
in APPPATH\Controllers\HapusWeb.php on line 7.
 1 SYSTEMPATH\Router\Router.php(499): CodeIgniter\Router\AutoRouter->getRoute('hapusweb')
 2 SYSTEMPATH\Router\Router.php(205): CodeIgniter\Router\Router->autoRoute('hapusweb')
 3 SYSTEMPATH\CodeIgniter.php(771): CodeIgniter\Router\Router->handle('hapusweb')
 4 SYSTEMPATH\CodeIgniter.php(415): CodeIgniter\CodeIgniter->tryToRouteIt(Object(CodeIgniter\Router\RouteCollection))
 5 SYSTEMPATH\CodeIgniter.php(349): CodeIgniter\CodeIgniter->handleRequest(null, Object(Config\Cache), false)
 6 FCPATH\index.php(55): CodeIgniter\CodeIgniter->run()
CRITICAL - 2022-08-10 02:19:17 --> Undefined variable $id
in APPPATH\Controllers\HapusWeb.php on line 18.
 1 APPPATH\Controllers\HapusWeb.php(18): CodeIgniter\Debug\Exceptions->errorHandler(2, 'Undefined variable $id', 'APPPATH\\Controllers\\HapusWeb.php', 18)
 2 SYSTEMPATH\CodeIgniter.php(896): App\Controllers\HapusWeb->index()
 3 SYSTEMPATH\CodeIgniter.php(466): CodeIgniter\CodeIgniter->runController(Object(App\Controllers\HapusWeb))
 4 SYSTEMPATH\CodeIgniter.php(349): CodeIgniter\CodeIgniter->handleRequest(null, Object(Config\Cache), false)
 5 FCPATH\index.php(55): CodeIgniter\CodeIgniter->run()
CRITICAL - 2022-08-10 03:12:05 --> Object of class CodeIgniter\Database\MySQLi\Builder could not be converted to string
in APPPATH\Views\admin\pages\index.php on line 220.
 1 SYSTEMPATH\View\View.php(213): include()
 2 SYSTEMPATH\View\View.php(216): CodeIgniter\View\View->CodeIgniter\View\{closure}()
 3 SYSTEMPATH\Common.php(1135): CodeIgniter\View\View->render('admin/pages/index', [], true)
 4 APPPATH\Controllers\Web.php(21): view('admin/pages/index', [...])
 5 SYSTEMPATH\CodeIgniter.php(896): App\Controllers\Web->index()
 6 SYSTEMPATH\CodeIgniter.php(466): CodeIgniter\CodeIgniter->runController(Object(App\Controllers\Web))
 7 SYSTEMPATH\CodeIgniter.php(349): CodeIgniter\CodeIgniter->handleRequest(null, Object(Config\Cache), false)
 8 FCPATH\index.php(55): CodeIgniter\CodeIgniter->run()
CRITICAL - 2022-08-10 03:13:05 --> Object of class CodeIgniter\Database\MySQLi\Builder could not be converted to string
in APPPATH\Views\admin\pages\index.php on line 8.
 1 SYSTEMPATH\View\View.php(213): include()
 2 SYSTEMPATH\View\View.php(216): CodeIgniter\View\View->CodeIgniter\View\{closure}()
 3 SYSTEMPATH\Common.php(1135): CodeIgniter\View\View->render('admin/pages/index', [], true)
 4 APPPATH\Controllers\Web.php(21): view('admin/pages/index', [...])
 5 SYSTEMPATH\CodeIgniter.php(896): App\Controllers\Web->index()
 6 SYSTEMPATH\CodeIgniter.php(466): CodeIgniter\CodeIgniter->runController(Object(App\Controllers\Web))
 7 SYSTEMPATH\CodeIgniter.php(349): CodeIgniter\CodeIgniter->handleRequest(null, Object(Config\Cache), false)
 8 FCPATH\index.php(55): CodeIgniter\CodeIgniter->run()
CRITICAL - 2022-08-10 03:14:28 --> Object of class CodeIgniter\Database\MySQLi\Builder could not be converted to string
in APPPATH\Views\admin\pages\index.php on line 236.
 1 SYSTEMPATH\View\View.php(213): include()
 2 SYSTEMPATH\View\View.php(216): CodeIgniter\View\View->CodeIgniter\View\{closure}()
 3 SYSTEMPATH\Common.php(1135): CodeIgniter\View\View->render('admin/pages/index', [], true)
 4 APPPATH\Controllers\Web.php(21): view('admin/pages/index', [...])
 5 SYSTEMPATH\CodeIgniter.php(896): App\Controllers\Web->index()
 6 SYSTEMPATH\CodeIgniter.php(466): CodeIgniter\CodeIgniter->runController(Object(App\Controllers\Web))
 7 SYSTEMPATH\CodeIgniter.php(349): CodeIgniter\CodeIgniter->handleRequest(null, Object(Config\Cache), false)
 8 FCPATH\index.php(55): CodeIgniter\CodeIgniter->run()
CRITICAL - 2022-08-10 03:30:55 --> Undefined array key "divisi"
in APPPATH\Views\admin\pages\kelola.php on line 241.
 1 APPPATH\Views\admin\pages\kelola.php(241): CodeIgniter\Debug\Exceptions->errorHandler(2, 'Undefined array key "divisi"', 'APPPATH\\Views\\admin\\pages\\kelola.php', 241)
 2 SYSTEMPATH\View\View.php(213): include('APPPATH\\Views\\admin\\pages\\kelola.php')
 3 SYSTEMPATH\View\View.php(216): CodeIgniter\View\View->CodeIgniter\View\{closure}()
 4 SYSTEMPATH\Common.php(1135): CodeIgniter\View\View->render('admin/pages/kelola', [], true)
 5 APPPATH\Controllers\Kelola.php(21): view('admin/pages/kelola', [...])
 6 SYSTEMPATH\CodeIgniter.php(896): App\Controllers\Kelola->index()
 7 SYSTEMPATH\CodeIgniter.php(466): CodeIgniter\CodeIgniter->runController(Object(App\Controllers\Kelola))
 8 SYSTEMPATH\CodeIgniter.php(349): CodeIgniter\CodeIgniter->handleRequest(null, Object(Config\Cache), false)
 9 FCPATH\index.php(55): CodeIgniter\CodeIgniter->run()
CRITICAL - 2022-08-10 03:31:12 --> Undefined array key "Nama"
in APPPATH\Views\admin\pages\kelola.php on line 241.
 1 APPPATH\Views\admin\pages\kelola.php(241): CodeIgniter\Debug\Exceptions->errorHandler(2, 'Undefined array key "Nama"', 'APPPATH\\Views\\admin\\pages\\kelola.php', 241)
 2 SYSTEMPATH\View\View.php(213): include('APPPATH\\Views\\admin\\pages\\kelola.php')
 3 SYSTEMPATH\View\View.php(216): CodeIgniter\View\View->CodeIgniter\View\{closure}()
 4 SYSTEMPATH\Common.php(1135): CodeIgniter\View\View->render('admin/pages/kelola', [], true)
 5 APPPATH\Controllers\Kelola.php(21): view('admin/pages/kelola', [...])
 6 SYSTEMPATH\CodeIgniter.php(896): App\Controllers\Kelola->index()
 7 SYSTEMPATH\CodeIgniter.php(466): CodeIgniter\CodeIgniter->runController(Object(App\Controllers\Kelola))
 8 SYSTEMPATH\CodeIgniter.php(349): CodeIgniter\CodeIgniter->handleRequest(null, Object(Config\Cache), false)
 9 FCPATH\index.php(55): CodeIgniter\CodeIgniter->run()
CRITICAL - 2022-08-10 03:34:55 --> Class "App\Models\KelolaModel" not found
in APPPATH\Controllers\Kelola.php on line 17.
 1 SYSTEMPATH\CodeIgniter.php(896): App\Controllers\Kelola->index()
 2 SYSTEMPATH\CodeIgniter.php(466): CodeIgniter\CodeIgniter->runController(Object(App\Controllers\Kelola))
 3 SYSTEMPATH\CodeIgniter.php(349): CodeIgniter\CodeIgniter->handleRequest(null, Object(Config\Cache), false)
 4 FCPATH\index.php(55): CodeIgniter\CodeIgniter->run()
CRITICAL - 2022-08-10 03:35:37 --> Class "App\Models\DivisiModel" not found
in APPPATH\Controllers\Kelola.php on line 17.
 1 SYSTEMPATH\CodeIgniter.php(896): App\Controllers\Kelola->index()
 2 SYSTEMPATH\CodeIgniter.php(466): CodeIgniter\CodeIgniter->runController(Object(App\Controllers\Kelola))
 3 SYSTEMPATH\CodeIgniter.php(349): CodeIgniter\CodeIgniter->handleRequest(null, Object(Config\Cache), false)
 4 FCPATH\index.php(55): CodeIgniter\CodeIgniter->run()
CRITICAL - 2022-08-10 03:36:29 --> Undefined array key "kriteria"
in APPPATH\Views\admin\pages\kelola.php on line 242.
 1 APPPATH\Views\admin\pages\kelola.php(242): CodeIgniter\Debug\Exceptions->errorHandler(2, 'Undefined array key "kriteria"', 'APPPATH\\Views\\admin\\pages\\kelola.php', 242)
 2 SYSTEMPATH\View\View.php(213): include('APPPATH\\Views\\admin\\pages\\kelola.php')
 3 SYSTEMPATH\View\View.php(216): CodeIgniter\View\View->CodeIgniter\View\{closure}()
 4 SYSTEMPATH\Common.php(1135): CodeIgniter\View\View->render('admin/pages/kelola', [], true)
 5 APPPATH\Controllers\Kelola.php(21): view('admin/pages/kelola', [...])
 6 SYSTEMPATH\CodeIgniter.php(896): App\Controllers\Kelola->index()
 7 SYSTEMPATH\CodeIgniter.php(466): CodeIgniter\CodeIgniter->runController(Object(App\Controllers\Kelola))
 8 SYSTEMPATH\CodeIgniter.php(349): CodeIgniter\CodeIgniter->handleRequest(null, Object(Config\Cache), false)
 9 FCPATH\index.php(55): CodeIgniter\CodeIgniter->run()
CRITICAL - 2022-08-10 03:37:22 --> Undefined array key "kriteria"
in APPPATH\Views\admin\pages\kelola.php on line 242.
 1 APPPATH\Views\admin\pages\kelola.php(242): CodeIgniter\Debug\Exceptions->errorHandler(2, 'Undefined array key "kriteria"', 'APPPATH\\Views\\admin\\pages\\kelola.php', 242)
 2 SYSTEMPATH\View\View.php(213): include('APPPATH\\Views\\admin\\pages\\kelola.php')
 3 SYSTEMPATH\View\View.php(216): CodeIgniter\View\View->CodeIgniter\View\{closure}()
 4 SYSTEMPATH\Common.php(1135): CodeIgniter\View\View->render('admin/pages/kelola', [], true)
 5 APPPATH\Controllers\Kelola.php(21): view('admin/pages/kelola', [...])
 6 SYSTEMPATH\CodeIgniter.php(896): App\Controllers\Kelola->index()
 7 SYSTEMPATH\CodeIgniter.php(466): CodeIgniter\CodeIgniter->runController(Object(App\Controllers\Kelola))
 8 SYSTEMPATH\CodeIgniter.php(349): CodeIgniter\CodeIgniter->handleRequest(null, Object(Config\Cache), false)
 9 FCPATH\index.php(55): CodeIgniter\CodeIgniter->run()
CRITICAL - 2022-08-10 03:42:38 --> Undefined array key "Nama"
in APPPATH\Views\admin\pages\kelola.php on line 242.
 1 APPPATH\Views\admin\pages\kelola.php(242): CodeIgniter\Debug\Exceptions->errorHandler(2, 'Undefined array key "Nama"', 'APPPATH\\Views\\admin\\pages\\kelola.php', 242)
 2 SYSTEMPATH\View\View.php(213): include('APPPATH\\Views\\admin\\pages\\kelola.php')
 3 SYSTEMPATH\View\View.php(216): CodeIgniter\View\View->CodeIgniter\View\{closure}()
 4 SYSTEMPATH\Common.php(1135): CodeIgniter\View\View->render('admin/pages/kelola', [], true)
 5 APPPATH\Controllers\Kelola.php(21): view('admin/pages/kelola', [...])
 6 SYSTEMPATH\CodeIgniter.php(896): App\Controllers\Kelola->index()
 7 SYSTEMPATH\CodeIgniter.php(466): CodeIgniter\CodeIgniter->runController(Object(App\Controllers\Kelola))
 8 SYSTEMPATH\CodeIgniter.php(349): CodeIgniter\CodeIgniter->handleRequest(null, Object(Config\Cache), false)
 9 FCPATH\index.php(55): CodeIgniter\CodeIgniter->run()
CRITICAL - 2022-08-10 03:44:51 --> Call to undefined method CodeIgniter\Database\MySQLi\Builder::getResult()
in APPPATH\Views\admin\pages\kelola.php on line 243.
 1 SYSTEMPATH\View\View.php(213): include()
 2 SYSTEMPATH\View\View.php(216): CodeIgniter\View\View->CodeIgniter\View\{closure}()
 3 SYSTEMPATH\Common.php(1135): CodeIgniter\View\View->render('admin/pages/kelola', [], true)
 4 APPPATH\Controllers\Kelola.php(21): view('admin/pages/kelola', [...])
 5 SYSTEMPATH\CodeIgniter.php(896): App\Controllers\Kelola->index()
 6 SYSTEMPATH\CodeIgniter.php(466): CodeIgniter\CodeIgniter->runController(Object(App\Controllers\Kelola))
 7 SYSTEMPATH\CodeIgniter.php(349): CodeIgniter\CodeIgniter->handleRequest(null, Object(Config\Cache), false)
 8 FCPATH\index.php(55): CodeIgniter\CodeIgniter->run()
CRITICAL - 2022-08-10 03:45:35 --> Call to undefined method CodeIgniter\Database\MySQLi\Builder::getResult()
in APPPATH\Views\admin\pages\kelola.php on line 245.
 1 SYSTEMPATH\View\View.php(213): include()
 2 SYSTEMPATH\View\View.php(216): CodeIgniter\View\View->CodeIgniter\View\{closure}()
 3 SYSTEMPATH\Common.php(1135): CodeIgniter\View\View->render('admin/pages/kelola', [], true)
 4 APPPATH\Controllers\Kelola.php(21): view('admin/pages/kelola', [...])
 5 SYSTEMPATH\CodeIgniter.php(896): App\Controllers\Kelola->index()
 6 SYSTEMPATH\CodeIgniter.php(466): CodeIgniter\CodeIgniter->runController(Object(App\Controllers\Kelola))
 7 SYSTEMPATH\CodeIgniter.php(349): CodeIgniter\CodeIgniter->handleRequest(null, Object(Config\Cache), false)
 8 FCPATH\index.php(55): CodeIgniter\CodeIgniter->run()
CRITICAL - 2022-08-10 20:57:49 --> Undefined variable $divisii
in APPPATH\Controllers\Lamar.php on line 29.
 1 APPPATH\Controllers\Lamar.php(29): CodeIgniter\Debug\Exceptions->errorHandler(2, 'Undefined variable $divisii', 'APPPATH\\Controllers\\Lamar.php', 29)
 2 SYSTEMPATH\CodeIgniter.php(896): App\Controllers\Lamar->index()
 3 SYSTEMPATH\CodeIgniter.php(466): CodeIgniter\CodeIgniter->runController(Object(App\Controllers\Lamar))
 4 SYSTEMPATH\CodeIgniter.php(349): CodeIgniter\CodeIgniter->handleRequest(null, Object(Config\Cache), false)
 5 FCPATH\index.php(55): CodeIgniter\CodeIgniter->run()
ERROR - 2022-08-10 20:59:32 --> Column 'id_divisi' cannot be null
CRITICAL - 2022-08-10 20:59:32 --> Column 'id_divisi' cannot be null
in SYSTEMPATH\Database\MySQLi\Connection.php on line 292.
 1 SYSTEMPATH\Database\MySQLi\Connection.php(292): mysqli->query('INSERT INTO `pelamar` (`id_pelamar`, `nama`, `email`, `deskripsi`, `id_divisi`, `cv`) VALUES (\'PEL3\', \'Gumelar Gilang\', \'realggramadhan@gmail.com\', \'asdasasdas\', NULL, \'Gumelar Gilang Ramadhan.pdf\')', 0)
 2 SYSTEMPATH\Database\BaseConnection.php(695): CodeIgniter\Database\MySQLi\Connection->execute('INSERT INTO `pelamar` (`id_pelamar`, `nama`, `email`, `deskripsi`, `id_divisi`, `cv`) VALUES (\'PEL3\', \'Gumelar Gilang\', \'realggramadhan@gmail.com\', \'asdasasdas\', NULL, \'Gumelar Gilang Ramadhan.pdf\')')
 3 SYSTEMPATH\Database\BaseConnection.php(609): CodeIgniter\Database\BaseConnection->simpleQuery('INSERT INTO `pelamar` (`id_pelamar`, `nama`, `email`, `deskripsi`, `id_divisi`, `cv`) VALUES (\'PEL3\', \'Gumelar Gilang\', \'realggramadhan@gmail.com\', \'asdasasdas\', NULL, \'Gumelar Gilang Ramadhan.pdf\')')
 4 SYSTEMPATH\Database\BaseBuilder.php(1904): CodeIgniter\Database\BaseConnection->query('INSERT INTO `pelamar` (`id_pelamar`, `nama`, `email`, `deskripsi`, `id_divisi`, `cv`) VALUES (:id_pelamar.1:, :nama:, :email:, :deskripsi:, :id_divisi:, :cv:)', [...], false)
 5 SYSTEMPATH\Model.php(278): CodeIgniter\Database\BaseBuilder->insert()
 6 SYSTEMPATH\BaseModel.php(738): CodeIgniter\Model->doInsert([...])
 7 SYSTEMPATH\Model.php(666): CodeIgniter\BaseModel->insert([...], false)
 8 SYSTEMPATH\BaseModel.php(658): CodeIgniter\Model->insert([...], false)
 9 APPPATH\Controllers\Lamar.php(49): CodeIgniter\BaseModel->save([...])
10 SYSTEMPATH\CodeIgniter.php(896): App\Controllers\Lamar->index()
11 SYSTEMPATH\CodeIgniter.php(466): CodeIgniter\CodeIgniter->runController(Object(App\Controllers\Lamar))
12 SYSTEMPATH\CodeIgniter.php(349): CodeIgniter\CodeIgniter->handleRequest(null, Object(Config\Cache), false)
13 FCPATH\index.php(55): CodeIgniter\CodeIgniter->run()
