CRITICAL - 2022-08-29 23:33:32 --> Call to undefined function App\Controllers\alert()
in APPPATH\Controllers\Lamar.php on line 58.
 1 SYSTEMPATH\CodeIgniter.php(896): App\Controllers\Lamar->index()
 2 SYSTEMPATH\CodeIgniter.php(466): CodeIgniter\CodeIgniter->runController(Object(App\Controllers\Lamar))
 3 SYSTEMPATH\CodeIgniter.php(349): CodeIgniter\CodeIgniter->handleRequest(null, Object(Config\Cache), false)
 4 FCPATH\index.php(55): CodeIgniter\CodeIgniter->run()
CRITICAL - 2022-08-29 23:35:40 --> CodeIgniter\HTTP\RedirectResponse::to(): Argument #2 ($code) must be of type ?int, string given, called in D:\xampp\htdocs\cvbara\app\Controllers\Lamar.php on line 60
in SYSTEMPATH\HTTP\RedirectResponse.php on line 32.
 1 APPPATH\Controllers\Lamar.php(60): CodeIgniter\HTTP\RedirectResponse->to('D:\\', '
                <script>
                    alert(\'File Harus PDF\');
                </script>')
 2 SYSTEMPATH\CodeIgniter.php(896): App\Controllers\Lamar->index()
 3 SYSTEMPATH\CodeIgniter.php(466): CodeIgniter\CodeIgniter->runController(Object(App\Controllers\Lamar))
 4 SYSTEMPATH\CodeIgniter.php(349): CodeIgniter\CodeIgniter->handleRequest(null, Object(Config\Cache), false)
 5 FCPATH\index.php(55): CodeIgniter\CodeIgniter->run()
CRITICAL - 2022-08-29 23:37:14 --> CodeIgniter\HTTP\RedirectResponse::to(): Argument #2 ($code) must be of type ?int, string given, called in D:\xampp\htdocs\cvbara\app\Controllers\Lamar.php on line 60
in SYSTEMPATH\HTTP\RedirectResponse.php on line 32.
 1 APPPATH\Controllers\Lamar.php(60): CodeIgniter\HTTP\RedirectResponse->to('D:\\', '
                <script>
                    alert(\'File Harus PDF\');
                </script>')
 2 SYSTEMPATH\CodeIgniter.php(896): App\Controllers\Lamar->index()
 3 SYSTEMPATH\CodeIgniter.php(466): CodeIgniter\CodeIgniter->runController(Object(App\Controllers\Lamar))
 4 SYSTEMPATH\CodeIgniter.php(349): CodeIgniter\CodeIgniter->handleRequest(null, Object(Config\Cache), false)
 5 FCPATH\index.php(55): CodeIgniter\CodeIgniter->run()
CRITICAL - 2022-08-29 23:41:26 --> view(): Argument #2 ($data) must be of type array, string given, called in D:\xampp\htdocs\cvbara\app\Controllers\Lamar.php on line 61
in SYSTEMPATH\Common.php on line 1121.
 1 APPPATH\Controllers\Lamar.php(61): view('index', '
                <script>
                    alert(\'File Harus PDF\');
                </script>')
 2 SYSTEMPATH\CodeIgniter.php(896): App\Controllers\Lamar->index()
 3 SYSTEMPATH\CodeIgniter.php(466): CodeIgniter\CodeIgniter->runController(Object(App\Controllers\Lamar))
 4 SYSTEMPATH\CodeIgniter.php(349): CodeIgniter\CodeIgniter->handleRequest(null, Object(Config\Cache), false)
 5 FCPATH\index.php(55): CodeIgniter\CodeIgniter->run()
