ERROR - 2022-07-20 22:13:01 --> Column 'id_divisi' in group statement is ambiguous
CRITICAL - 2022-07-20 22:13:01 --> Column 'id_divisi' in group statement is ambiguous
in SYSTEMPATH\Database\MySQLi\Connection.php on line 292.
 1 SYSTEMPATH\Database\MySQLi\Connection.php(292): mysqli->query('SELECT * FROM lowongan JOIN divisi GROUP BY id_divisi', 0)
 2 SYSTEMPATH\Database\BaseConnection.php(695): CodeIgniter\Database\MySQLi\Connection->execute('SELECT * FROM lowongan JOIN divisi GROUP BY id_divisi')
 3 SYSTEMPATH\Database\BaseConnection.php(609): CodeIgniter\Database\BaseConnection->simpleQuery('SELECT * FROM lowongan JOIN divisi GROUP BY id_divisi')
 4 APPPATH\Views\index.php(3): CodeIgniter\Database\BaseConnection->query('SELECT * FROM lowongan JOIN divisi GROUP BY id_divisi')
 5 SYSTEMPATH\View\View.php(213): include('APPPATH\\Views\\index.php')
 6 SYSTEMPATH\View\View.php(216): CodeIgniter\View\View->CodeIgniter\View\{closure}()
 7 SYSTEMPATH\Common.php(1135): CodeIgniter\View\View->render('index', [], true)
 8 APPPATH\Controllers\Home.php(9): view('index')
 9 SYSTEMPATH\CodeIgniter.php(896): App\Controllers\Home->index()
10 SYSTEMPATH\CodeIgniter.php(466): CodeIgniter\CodeIgniter->runController(Object(App\Controllers\Home))
11 SYSTEMPATH\CodeIgniter.php(349): CodeIgniter\CodeIgniter->handleRequest(null, Object(Config\Cache), false)
12 FCPATH\index.php(55): CodeIgniter\CodeIgniter->run()
CRITICAL - 2022-07-20 23:22:54 --> mail(): &quot;sendmail_from&quot; not set in php.ini or custom &quot;From:&quot; header missing
in APPPATH\Controllers\Terima.php on line 16.
 1 [internal function]: CodeIgniter\Debug\Exceptions->errorHandler(2, 'mail(): &quot;sendmail_from&quot; not set in php.ini or custom &quot;From:&quot; header missing', 'APPPATH\\Controllers\\Terima.php', 16)
 2 APPPATH\Controllers\Terima.php(16): mail('realggramadhan@gmail.com', 'Panggilan Interview', 'tes', 'admin@bara.co.id')
 3 SYSTEMPATH\CodeIgniter.php(896): App\Controllers\Terima->index()
 4 SYSTEMPATH\CodeIgniter.php(466): CodeIgniter\CodeIgniter->runController(Object(App\Controllers\Terima))
 5 SYSTEMPATH\CodeIgniter.php(349): CodeIgniter\CodeIgniter->handleRequest(null, Object(Config\Cache), false)
 6 FCPATH\index.php(55): CodeIgniter\CodeIgniter->run()
CRITICAL - 2022-07-20 23:23:41 --> mail(): Failed to connect to mailserver at &quot;localhost&quot; port 25, verify your &quot;SMTP&quot; and &quot;smtp_port&quot; setting in php.ini or use ini_set()
in APPPATH\Controllers\Terima.php on line 16.
 1 [internal function]: CodeIgniter\Debug\Exceptions->errorHandler(2, 'mail(): Failed to connect to mailserver at &quot;localhost&quot; port 25, verify your &quot;SMTP&quot; and &quot;smtp_port&quot; setting in php.ini or use ini_set()', 'APPPATH\\Controllers\\Terima.php', 16)
 2 APPPATH\Controllers\Terima.php(16): mail('realggramadhan@gmail.com', 'Panggilan Interview', 'tes')
 3 SYSTEMPATH\CodeIgniter.php(896): App\Controllers\Terima->index()
 4 SYSTEMPATH\CodeIgniter.php(466): CodeIgniter\CodeIgniter->runController(Object(App\Controllers\Terima))
 5 SYSTEMPATH\CodeIgniter.php(349): CodeIgniter\CodeIgniter->handleRequest(null, Object(Config\Cache), false)
 6 FCPATH\index.php(55): CodeIgniter\CodeIgniter->run()
CRITICAL - 2022-07-20 23:23:41 --> mail(): Failed to connect to mailserver at &quot;localhost&quot; port 25, verify your &quot;SMTP&quot; and &quot;smtp_port&quot; setting in php.ini or use ini_set()
in APPPATH\Controllers\Terima.php on line 16.
 1 [internal function]: CodeIgniter\Debug\Exceptions->errorHandler(2, 'mail(): Failed to connect to mailserver at &quot;localhost&quot; port 25, verify your &quot;SMTP&quot; and &quot;smtp_port&quot; setting in php.ini or use ini_set()', 'APPPATH\\Controllers\\Terima.php', 16)
 2 APPPATH\Controllers\Terima.php(16): mail('realggramadhan@gmail.com', 'Panggilan Interview', 'tes')
 3 SYSTEMPATH\CodeIgniter.php(896): App\Controllers\Terima->index()
 4 SYSTEMPATH\CodeIgniter.php(466): CodeIgniter\CodeIgniter->runController(Object(App\Controllers\Terima))
 5 SYSTEMPATH\CodeIgniter.php(349): CodeIgniter\CodeIgniter->handleRequest(null, Object(Config\Cache), false)
 6 FCPATH\index.php(55): CodeIgniter\CodeIgniter->run()
