CRITICAL - 2022-07-15 01:01:08 --> syntax error, unexpected token "?", expecting end of file
in APPPATH\Views\index.php on line 9.
 1 SYSTEMPATH\View\View.php(216): CodeIgniter\View\View->CodeIgniter\View\{closure}()
 2 SYSTEMPATH\Common.php(1135): CodeIgniter\View\View->render('index', [], true)
 3 APPPATH\Controllers\Home.php(9): view('index')
 4 SYSTEMPATH\CodeIgniter.php(896): App\Controllers\Home->index()
 5 SYSTEMPATH\CodeIgniter.php(466): CodeIgniter\CodeIgniter->runController(Object(App\Controllers\Home))
 6 SYSTEMPATH\CodeIgniter.php(349): CodeIgniter\CodeIgniter->handleRequest(null, Object(Config\Cache), false)
 7 FCPATH\index.php(55): CodeIgniter\CodeIgniter->run()
CRITICAL - 2022-07-15 01:13:27 --> Class "Firebase\JWT\JWT" not found
in APPPATH\Controllers\Login.php on line 43.
 1 SYSTEMPATH\CodeIgniter.php(896): App\Controllers\Login->index()
 2 SYSTEMPATH\CodeIgniter.php(466): CodeIgniter\CodeIgniter->runController(Object(App\Controllers\Login))
 3 SYSTEMPATH\CodeIgniter.php(349): CodeIgniter\CodeIgniter->handleRequest(null, Object(Config\Cache), false)
 4 FCPATH\index.php(55): CodeIgniter\CodeIgniter->run()
CRITICAL - 2022-07-15 01:19:39 --> Class "Firebase\JWT\JWT" not found
in APPPATH\Controllers\Login.php on line 43.
 1 SYSTEMPATH\CodeIgniter.php(896): App\Controllers\Login->index()
 2 SYSTEMPATH\CodeIgniter.php(466): CodeIgniter\CodeIgniter->runController(Object(App\Controllers\Login))
 3 SYSTEMPATH\CodeIgniter.php(349): CodeIgniter\CodeIgniter->handleRequest(null, Object(Config\Cache), false)
 4 FCPATH\index.php(55): CodeIgniter\CodeIgniter->run()
CRITICAL - 2022-07-15 01:22:52 --> require(D:\xampp\htdocs\cvbara\app\Controllers/vendor/autoload.php): Failed to open stream: No such file or directory
in APPPATH\Controllers\Login.php on line 5.
 1 APPPATH\Controllers\Login.php(5): CodeIgniter\Debug\Exceptions->errorHandler(2, 'require(D:\\xampp\\htdocs\\cvbara\\app\\Controllers/vendor/autoload.php): Failed to open stream: No such file or directory', 'APPPATH\\Controllers\\Login.php', 5)
 2 APPPATH\Controllers\Login.php(5): require()
 3 SYSTEMPATH\Router\AutoRouter.php(147): include_once('APPPATH\\Controllers\\Login.php')
 4 SYSTEMPATH\Router\Router.php(499): CodeIgniter\Router\AutoRouter->getRoute('login')
 5 SYSTEMPATH\Router\Router.php(205): CodeIgniter\Router\Router->autoRoute('login')
 6 SYSTEMPATH\CodeIgniter.php(771): CodeIgniter\Router\Router->handle('login')
 7 SYSTEMPATH\CodeIgniter.php(415): CodeIgniter\CodeIgniter->tryToRouteIt(Object(CodeIgniter\Router\RouteCollection))
 8 SYSTEMPATH\CodeIgniter.php(349): CodeIgniter\CodeIgniter->handleRequest(null, Object(Config\Cache), false)
 9 FCPATH\index.php(55): CodeIgniter\CodeIgniter->run()
CRITICAL - 2022-07-15 01:23:14 --> require(D:\xampp\htdocs\cvbara\app\Controllers../vendor/autoload.php): Failed to open stream: No such file or directory
in APPPATH\Controllers\Login.php on line 5.
 1 APPPATH\Controllers\Login.php(5): CodeIgniter\Debug\Exceptions->errorHandler(2, 'require(D:\\xampp\\htdocs\\cvbara\\app\\Controllers../vendor/autoload.php): Failed to open stream: No such file or directory', 'APPPATH\\Controllers\\Login.php', 5)
 2 APPPATH\Controllers\Login.php(5): require()
 3 SYSTEMPATH\Router\AutoRouter.php(147): include_once('APPPATH\\Controllers\\Login.php')
 4 SYSTEMPATH\Router\Router.php(499): CodeIgniter\Router\AutoRouter->getRoute('login')
 5 SYSTEMPATH\Router\Router.php(205): CodeIgniter\Router\Router->autoRoute('login')
 6 SYSTEMPATH\CodeIgniter.php(771): CodeIgniter\Router\Router->handle('login')
 7 SYSTEMPATH\CodeIgniter.php(415): CodeIgniter\CodeIgniter->tryToRouteIt(Object(CodeIgniter\Router\RouteCollection))
 8 SYSTEMPATH\CodeIgniter.php(349): CodeIgniter\CodeIgniter->handleRequest(null, Object(Config\Cache), false)
 9 FCPATH\index.php(55): CodeIgniter\CodeIgniter->run()
CRITICAL - 2022-07-15 01:23:21 --> require(D:\xampp\htdocs\cvbara\app\Controllers/../vendor/autoload.php): Failed to open stream: No such file or directory
in APPPATH\Controllers\Login.php on line 5.
 1 APPPATH\Controllers\Login.php(5): CodeIgniter\Debug\Exceptions->errorHandler(2, 'require(D:\\xampp\\htdocs\\cvbara\\app\\Controllers/../vendor/autoload.php): Failed to open stream: No such file or directory', 'APPPATH\\Controllers\\Login.php', 5)
 2 APPPATH\Controllers\Login.php(5): require()
 3 SYSTEMPATH\Router\AutoRouter.php(147): include_once('APPPATH\\Controllers\\Login.php')
 4 SYSTEMPATH\Router\Router.php(499): CodeIgniter\Router\AutoRouter->getRoute('login')
 5 SYSTEMPATH\Router\Router.php(205): CodeIgniter\Router\Router->autoRoute('login')
 6 SYSTEMPATH\CodeIgniter.php(771): CodeIgniter\Router\Router->handle('login')
 7 SYSTEMPATH\CodeIgniter.php(415): CodeIgniter\CodeIgniter->tryToRouteIt(Object(CodeIgniter\Router\RouteCollection))
 8 SYSTEMPATH\CodeIgniter.php(349): CodeIgniter\CodeIgniter->handleRequest(null, Object(Config\Cache), false)
 9 FCPATH\index.php(55): CodeIgniter\CodeIgniter->run()
CRITICAL - 2022-07-15 01:27:28 --> Invalid file: admin/pages/index.php
in SYSTEMPATH\Exceptions\FrameworkException.php on line 33.
 1 SYSTEMPATH\View\View.php(201): CodeIgniter\Exceptions\FrameworkException::forInvalidFile('admin/pages/index.php')
 2 SYSTEMPATH\Common.php(1135): CodeIgniter\View\View->render('admin/pages/index', [], true)
 3 APPPATH\Controllers\Admin.php(16): view('admin/pages/index')
 4 SYSTEMPATH\CodeIgniter.php(896): App\Controllers\Admin->index()
 5 SYSTEMPATH\CodeIgniter.php(466): CodeIgniter\CodeIgniter->runController(Object(App\Controllers\Admin))
 6 SYSTEMPATH\CodeIgniter.php(349): CodeIgniter\CodeIgniter->handleRequest(null, Object(Config\Cache), false)
 7 FCPATH\index.php(55): CodeIgniter\CodeIgniter->run()
CRITICAL - 2022-07-15 01:27:34 --> Invalid file: admin/pages/index.php
in SYSTEMPATH\Exceptions\FrameworkException.php on line 33.
 1 SYSTEMPATH\View\View.php(201): CodeIgniter\Exceptions\FrameworkException::forInvalidFile('admin/pages/index.php')
 2 SYSTEMPATH\Common.php(1135): CodeIgniter\View\View->render('admin/pages/index', [], true)
 3 APPPATH\Controllers\Admin.php(16): view('admin/pages/index')
 4 SYSTEMPATH\CodeIgniter.php(896): App\Controllers\Admin->index()
 5 SYSTEMPATH\CodeIgniter.php(466): CodeIgniter\CodeIgniter->runController(Object(App\Controllers\Admin))
 6 SYSTEMPATH\CodeIgniter.php(349): CodeIgniter\CodeIgniter->handleRequest(null, Object(Config\Cache), false)
 7 FCPATH\index.php(55): CodeIgniter\CodeIgniter->run()
CRITICAL - 2022-07-15 01:29:16 --> Invalid file: admin/index.php
in SYSTEMPATH\Exceptions\FrameworkException.php on line 33.
 1 SYSTEMPATH\View\View.php(201): CodeIgniter\Exceptions\FrameworkException::forInvalidFile('admin/index.php')
 2 SYSTEMPATH\Common.php(1135): CodeIgniter\View\View->render('admin/index', [], true)
 3 APPPATH\Controllers\Admin.php(16): view('admin/index')
 4 SYSTEMPATH\CodeIgniter.php(896): App\Controllers\Admin->index()
 5 SYSTEMPATH\CodeIgniter.php(466): CodeIgniter\CodeIgniter->runController(Object(App\Controllers\Admin))
 6 SYSTEMPATH\CodeIgniter.php(349): CodeIgniter\CodeIgniter->handleRequest(null, Object(Config\Cache), false)
 7 FCPATH\index.php(55): CodeIgniter\CodeIgniter->run()
CRITICAL - 2022-07-15 01:30:00 --> Invalid file: admin\index.php
in SYSTEMPATH\Exceptions\FrameworkException.php on line 33.
 1 SYSTEMPATH\View\View.php(201): CodeIgniter\Exceptions\FrameworkException::forInvalidFile('admin\\index.php')
 2 SYSTEMPATH\Common.php(1135): CodeIgniter\View\View->render('admin\\index', [], true)
 3 APPPATH\Controllers\Admin.php(16): view('admin\\index')
 4 SYSTEMPATH\CodeIgniter.php(896): App\Controllers\Admin->index()
 5 SYSTEMPATH\CodeIgniter.php(466): CodeIgniter\CodeIgniter->runController(Object(App\Controllers\Admin))
 6 SYSTEMPATH\CodeIgniter.php(349): CodeIgniter\CodeIgniter->handleRequest(null, Object(Config\Cache), false)
 7 FCPATH\index.php(55): CodeIgniter\CodeIgniter->run()
CRITICAL - 2022-07-15 01:30:29 --> Invalid file: admin/index.php
in SYSTEMPATH\Exceptions\FrameworkException.php on line 33.
 1 SYSTEMPATH\View\View.php(201): CodeIgniter\Exceptions\FrameworkException::forInvalidFile('admin/index.php')
 2 SYSTEMPATH\Common.php(1135): CodeIgniter\View\View->render('admin/index', [], true)
 3 APPPATH\Controllers\Admin.php(16): view('admin/index')
 4 SYSTEMPATH\CodeIgniter.php(896): App\Controllers\Admin->index()
 5 SYSTEMPATH\CodeIgniter.php(466): CodeIgniter\CodeIgniter->runController(Object(App\Controllers\Admin))
 6 SYSTEMPATH\CodeIgniter.php(349): CodeIgniter\CodeIgniter->handleRequest(null, Object(Config\Cache), false)
 7 FCPATH\index.php(55): CodeIgniter\CodeIgniter->run()
CRITICAL - 2022-07-15 02:46:07 --> Class "Firebase\JWT\JWT" not found
in APPPATH\Controllers\Login.php on line 43.
 1 SYSTEMPATH\CodeIgniter.php(896): App\Controllers\Login->index()
 2 SYSTEMPATH\CodeIgniter.php(466): CodeIgniter\CodeIgniter->runController(Object(App\Controllers\Login))
 3 SYSTEMPATH\CodeIgniter.php(349): CodeIgniter\CodeIgniter->handleRequest(null, Object(Config\Cache), false)
 4 FCPATH\index.php(55): CodeIgniter\CodeIgniter->run()
