CRITICAL - 2022-08-05 00:14:14 --> Undefined property: App\Controllers\Lamar::$load
in APPPATH\Controllers\Lamar.php on line 33.
 1 APPPATH\Controllers\Lamar.php(33): CodeIgniter\Debug\Exceptions->errorHandler(2, 'Undefined property: App\\Controllers\\Lamar::$load', 'APPPATH\\Controllers\\Lamar.php', 33)
 2 SYSTEMPATH\CodeIgniter.php(896): App\Controllers\Lamar->index()
 3 SYSTEMPATH\CodeIgniter.php(466): CodeIgniter\CodeIgniter->runController(Object(App\Controllers\Lamar))
 4 SYSTEMPATH\CodeIgniter.php(349): CodeIgniter\CodeIgniter->handleRequest(null, Object(Config\Cache), false)
 5 FCPATH\index.php(55): CodeIgniter\CodeIgniter->run()
CRITICAL - 2022-08-05 00:30:26 --> Call to a member function store() on null
in APPPATH\Controllers\Lamar.php on line 36.
 1 SYSTEMPATH\CodeIgniter.php(896): App\Controllers\Lamar->index()
 2 SYSTEMPATH\CodeIgniter.php(466): CodeIgniter\CodeIgniter->runController(Object(App\Controllers\Lamar))
 3 SYSTEMPATH\CodeIgniter.php(349): CodeIgniter\CodeIgniter->handleRequest(null, Object(Config\Cache), false)
 4 FCPATH\index.php(55): CodeIgniter\CodeIgniter->run()
ERROR - 2022-08-05 00:37:40 --> Column 'nama' cannot be null
CRITICAL - 2022-08-05 00:37:40 --> Column 'nama' cannot be null
in SYSTEMPATH\Database\MySQLi\Connection.php on line 292.
 1 SYSTEMPATH\Database\MySQLi\Connection.php(292): mysqli->query('INSERT INTO `pelamar` (`id_pelamar`, `nama`, `email`, `deskripsi`, `id_divisi`, `cv`) VALUES (\'PEL2\', NULL, NULL, NULL, NULL, NULL)', 0)
 2 SYSTEMPATH\Database\BaseConnection.php(695): CodeIgniter\Database\MySQLi\Connection->execute('INSERT INTO `pelamar` (`id_pelamar`, `nama`, `email`, `deskripsi`, `id_divisi`, `cv`) VALUES (\'PEL2\', NULL, NULL, NULL, NULL, NULL)')
 3 SYSTEMPATH\Database\BaseConnection.php(609): CodeIgniter\Database\BaseConnection->simpleQuery('INSERT INTO `pelamar` (`id_pelamar`, `nama`, `email`, `deskripsi`, `id_divisi`, `cv`) VALUES (\'PEL2\', NULL, NULL, NULL, NULL, NULL)')
 4 SYSTEMPATH\Database\BaseBuilder.php(1904): CodeIgniter\Database\BaseConnection->query('INSERT INTO `pelamar` (`id_pelamar`, `nama`, `email`, `deskripsi`, `id_divisi`, `cv`) VALUES (:id_pelamar.1:, :nama:, :email:, :deskripsi:, :id_divisi:, :cv:)', [...], false)
 5 SYSTEMPATH\Model.php(278): CodeIgniter\Database\BaseBuilder->insert()
 6 SYSTEMPATH\BaseModel.php(738): CodeIgniter\Model->doInsert([...])
 7 SYSTEMPATH\Model.php(666): CodeIgniter\BaseModel->insert([...], false)
 8 SYSTEMPATH\BaseModel.php(658): CodeIgniter\Model->insert([...], false)
 9 APPPATH\Controllers\Lamar.php(45): CodeIgniter\BaseModel->save([...])
10 SYSTEMPATH\CodeIgniter.php(896): App\Controllers\Lamar->index()
11 SYSTEMPATH\CodeIgniter.php(466): CodeIgniter\CodeIgniter->runController(Object(App\Controllers\Lamar))
12 SYSTEMPATH\CodeIgniter.php(349): CodeIgniter\CodeIgniter->handleRequest(null, Object(Config\Cache), false)
13 FCPATH\index.php(55): CodeIgniter\CodeIgniter->run()
CRITICAL - 2022-08-05 00:37:52 --> Call to a member function store() on null
in APPPATH\Controllers\Lamar.php on line 47.
 1 SYSTEMPATH\CodeIgniter.php(896): App\Controllers\Lamar->index()
 2 SYSTEMPATH\CodeIgniter.php(466): CodeIgniter\CodeIgniter->runController(Object(App\Controllers\Lamar))
 3 SYSTEMPATH\CodeIgniter.php(349): CodeIgniter\CodeIgniter->handleRequest(null, Object(Config\Cache), false)
 4 FCPATH\index.php(55): CodeIgniter\CodeIgniter->run()
CRITICAL - 2022-08-05 00:39:24 --> Call to a member function hasMoved() on null
in APPPATH\Controllers\Lamar.php on line 36.
 1 SYSTEMPATH\CodeIgniter.php(896): App\Controllers\Lamar->index()
 2 SYSTEMPATH\CodeIgniter.php(466): CodeIgniter\CodeIgniter->runController(Object(App\Controllers\Lamar))
 3 SYSTEMPATH\CodeIgniter.php(349): CodeIgniter\CodeIgniter->handleRequest(null, Object(Config\Cache), false)
 4 FCPATH\index.php(55): CodeIgniter\CodeIgniter->run()
CRITICAL - 2022-08-05 00:39:47 --> Call to a member function hasMoved() on null
in APPPATH\Controllers\Lamar.php on line 36.
 1 SYSTEMPATH\CodeIgniter.php(896): App\Controllers\Lamar->index()
 2 SYSTEMPATH\CodeIgniter.php(466): CodeIgniter\CodeIgniter->runController(Object(App\Controllers\Lamar))
 3 SYSTEMPATH\CodeIgniter.php(349): CodeIgniter\CodeIgniter->handleRequest(null, Object(Config\Cache), false)
 4 FCPATH\index.php(55): CodeIgniter\CodeIgniter->run()
CRITICAL - 2022-08-05 00:42:04 --> Call to a member function hasMoved() on null
in APPPATH\Controllers\Lamar.php on line 38.
 1 SYSTEMPATH\CodeIgniter.php(896): App\Controllers\Lamar->index()
 2 SYSTEMPATH\CodeIgniter.php(466): CodeIgniter\CodeIgniter->runController(Object(App\Controllers\Lamar))
 3 SYSTEMPATH\CodeIgniter.php(349): CodeIgniter\CodeIgniter->handleRequest(null, Object(Config\Cache), false)
 4 FCPATH\index.php(55): CodeIgniter\CodeIgniter->run()
CRITICAL - 2022-08-05 00:42:07 --> Call to undefined function form_open_multipart()
in APPPATH\Views\index.php on line 363.
 1 SYSTEMPATH\View\View.php(213): include()
 2 SYSTEMPATH\View\View.php(216): CodeIgniter\View\View->CodeIgniter\View\{closure}()
 3 SYSTEMPATH\Common.php(1135): CodeIgniter\View\View->render('index', [], true)
 4 APPPATH\Controllers\Home.php(9): view('index')
 5 SYSTEMPATH\CodeIgniter.php(896): App\Controllers\Home->index()
 6 SYSTEMPATH\CodeIgniter.php(466): CodeIgniter\CodeIgniter->runController(Object(App\Controllers\Home))
 7 SYSTEMPATH\CodeIgniter.php(349): CodeIgniter\CodeIgniter->handleRequest(null, Object(Config\Cache), false)
 8 FCPATH\index.php(55): CodeIgniter\CodeIgniter->run()
CRITICAL - 2022-08-05 00:42:13 --> Call to undefined function form_open_multipart()
in APPPATH\Views\index.php on line 363.
 1 SYSTEMPATH\View\View.php(213): include()
 2 SYSTEMPATH\View\View.php(216): CodeIgniter\View\View->CodeIgniter\View\{closure}()
 3 SYSTEMPATH\Common.php(1135): CodeIgniter\View\View->render('index', [], true)
 4 APPPATH\Controllers\Home.php(9): view('index')
 5 SYSTEMPATH\CodeIgniter.php(896): App\Controllers\Home->index()
 6 SYSTEMPATH\CodeIgniter.php(466): CodeIgniter\CodeIgniter->runController(Object(App\Controllers\Home))
 7 SYSTEMPATH\CodeIgniter.php(349): CodeIgniter\CodeIgniter->handleRequest(null, Object(Config\Cache), false)
 8 FCPATH\index.php(55): CodeIgniter\CodeIgniter->run()
CRITICAL - 2022-08-05 00:43:32 --> Call to a member function hasMoved() on null
in APPPATH\Controllers\Lamar.php on line 38.
 1 SYSTEMPATH\CodeIgniter.php(896): App\Controllers\Lamar->index()
 2 SYSTEMPATH\CodeIgniter.php(466): CodeIgniter\CodeIgniter->runController(Object(App\Controllers\Lamar))
 3 SYSTEMPATH\CodeIgniter.php(349): CodeIgniter\CodeIgniter->handleRequest(null, Object(Config\Cache), false)
 4 FCPATH\index.php(55): CodeIgniter\CodeIgniter->run()
CRITICAL - 2022-08-05 00:44:06 --> Call to a member function hasMoved() on null
in APPPATH\Controllers\Lamar.php on line 38.
 1 SYSTEMPATH\CodeIgniter.php(896): App\Controllers\Lamar->index()
 2 SYSTEMPATH\CodeIgniter.php(466): CodeIgniter\CodeIgniter->runController(Object(App\Controllers\Lamar))
 3 SYSTEMPATH\CodeIgniter.php(349): CodeIgniter\CodeIgniter->handleRequest(null, Object(Config\Cache), false)
 4 FCPATH\index.php(55): CodeIgniter\CodeIgniter->run()
CRITICAL - 2022-08-05 00:45:54 --> Call to a member function store() on null
in APPPATH\Controllers\Lamar.php on line 39.
 1 SYSTEMPATH\CodeIgniter.php(896): App\Controllers\Lamar->index()
 2 SYSTEMPATH\CodeIgniter.php(466): CodeIgniter\CodeIgniter->runController(Object(App\Controllers\Lamar))
 3 SYSTEMPATH\CodeIgniter.php(349): CodeIgniter\CodeIgniter->handleRequest(null, Object(Config\Cache), false)
 4 FCPATH\index.php(55): CodeIgniter\CodeIgniter->run()
CRITICAL - 2022-08-05 00:46:14 --> Call to a member function store() on array
in APPPATH\Controllers\Lamar.php on line 39.
 1 SYSTEMPATH\CodeIgniter.php(896): App\Controllers\Lamar->index()
 2 SYSTEMPATH\CodeIgniter.php(466): CodeIgniter\CodeIgniter->runController(Object(App\Controllers\Lamar))
 3 SYSTEMPATH\CodeIgniter.php(349): CodeIgniter\CodeIgniter->handleRequest(null, Object(Config\Cache), false)
 4 FCPATH\index.php(55): CodeIgniter\CodeIgniter->run()
CRITICAL - 2022-08-05 00:56:42 --> Call to a member function getRandomName() on null
in APPPATH\Controllers\Lamar.php on line 38.
 1 SYSTEMPATH\CodeIgniter.php(896): App\Controllers\Lamar->index()
 2 SYSTEMPATH\CodeIgniter.php(466): CodeIgniter\CodeIgniter->runController(Object(App\Controllers\Lamar))
 3 SYSTEMPATH\CodeIgniter.php(349): CodeIgniter\CodeIgniter->handleRequest(null, Object(Config\Cache), false)
 4 FCPATH\index.php(55): CodeIgniter\CodeIgniter->run()
CRITICAL - 2022-08-05 00:57:23 --> Call to a member function getRandomName() on null
in APPPATH\Controllers\Lamar.php on line 38.
 1 SYSTEMPATH\CodeIgniter.php(896): App\Controllers\Lamar->index()
 2 SYSTEMPATH\CodeIgniter.php(466): CodeIgniter\CodeIgniter->runController(Object(App\Controllers\Lamar))
 3 SYSTEMPATH\CodeIgniter.php(349): CodeIgniter\CodeIgniter->handleRequest(null, Object(Config\Cache), false)
 4 FCPATH\index.php(55): CodeIgniter\CodeIgniter->run()
CRITICAL - 2022-08-05 00:59:28 --> Call to a member function hasMoved() on null
in APPPATH\Controllers\Lamar.php on line 40.
 1 SYSTEMPATH\CodeIgniter.php(896): App\Controllers\Lamar->index()
 2 SYSTEMPATH\CodeIgniter.php(466): CodeIgniter\CodeIgniter->runController(Object(App\Controllers\Lamar))
 3 SYSTEMPATH\CodeIgniter.php(349): CodeIgniter\CodeIgniter->handleRequest(null, Object(Config\Cache), false)
 4 FCPATH\index.php(55): CodeIgniter\CodeIgniter->run()
CRITICAL - 2022-08-05 01:00:03 --> Call to a member function hasMoved() on null
in APPPATH\Controllers\Lamar.php on line 40.
 1 SYSTEMPATH\CodeIgniter.php(896): App\Controllers\Lamar->index()
 2 SYSTEMPATH\CodeIgniter.php(466): CodeIgniter\CodeIgniter->runController(Object(App\Controllers\Lamar))
 3 SYSTEMPATH\CodeIgniter.php(349): CodeIgniter\CodeIgniter->handleRequest(null, Object(Config\Cache), false)
 4 FCPATH\index.php(55): CodeIgniter\CodeIgniter->run()
CRITICAL - 2022-08-05 01:13:26 --> Call to a member function hasMoved() on null
in APPPATH\Controllers\Lamar.php on line 40.
 1 SYSTEMPATH\CodeIgniter.php(896): App\Controllers\Lamar->index()
 2 SYSTEMPATH\CodeIgniter.php(466): CodeIgniter\CodeIgniter->runController(Object(App\Controllers\Lamar))
 3 SYSTEMPATH\CodeIgniter.php(349): CodeIgniter\CodeIgniter->handleRequest(null, Object(Config\Cache), false)
 4 FCPATH\index.php(55): CodeIgniter\CodeIgniter->run()
CRITICAL - 2022-08-05 01:21:14 --> Call to a member function hasMoved() on null
in APPPATH\Controllers\Lamar.php on line 40.
 1 SYSTEMPATH\CodeIgniter.php(896): App\Controllers\Lamar->index()
 2 SYSTEMPATH\CodeIgniter.php(466): CodeIgniter\CodeIgniter->runController(Object(App\Controllers\Lamar))
 3 SYSTEMPATH\CodeIgniter.php(349): CodeIgniter\CodeIgniter->handleRequest(null, Object(Config\Cache), false)
 4 FCPATH\index.php(55): CodeIgniter\CodeIgniter->run()
CRITICAL - 2022-08-05 01:21:32 --> Call to a member function store() on null
in APPPATH\Controllers\Lamar.php on line 41.
 1 SYSTEMPATH\CodeIgniter.php(896): App\Controllers\Lamar->index()
 2 SYSTEMPATH\CodeIgniter.php(466): CodeIgniter\CodeIgniter->runController(Object(App\Controllers\Lamar))
 3 SYSTEMPATH\CodeIgniter.php(349): CodeIgniter\CodeIgniter->handleRequest(null, Object(Config\Cache), false)
 4 FCPATH\index.php(55): CodeIgniter\CodeIgniter->run()
CRITICAL - 2022-08-05 01:21:47 --> Call to a member function store() on array
in APPPATH\Controllers\Lamar.php on line 41.
 1 SYSTEMPATH\CodeIgniter.php(896): App\Controllers\Lamar->index()
 2 SYSTEMPATH\CodeIgniter.php(466): CodeIgniter\CodeIgniter->runController(Object(App\Controllers\Lamar))
 3 SYSTEMPATH\CodeIgniter.php(349): CodeIgniter\CodeIgniter->handleRequest(null, Object(Config\Cache), false)
 4 FCPATH\index.php(55): CodeIgniter\CodeIgniter->run()
CRITICAL - 2022-08-05 01:24:30 --> Call to a member function store() on null
in APPPATH\Controllers\Lamar.php on line 41.
 1 SYSTEMPATH\CodeIgniter.php(896): App\Controllers\Lamar->index()
 2 SYSTEMPATH\CodeIgniter.php(466): CodeIgniter\CodeIgniter->runController(Object(App\Controllers\Lamar))
 3 SYSTEMPATH\CodeIgniter.php(349): CodeIgniter\CodeIgniter->handleRequest(null, Object(Config\Cache), false)
 4 FCPATH\index.php(55): CodeIgniter\CodeIgniter->run()
CRITICAL - 2022-08-05 01:25:15 --> Call to a member function store() on null
in APPPATH\Controllers\Lamar.php on line 41.
 1 SYSTEMPATH\CodeIgniter.php(896): App\Controllers\Lamar->index()
 2 SYSTEMPATH\CodeIgniter.php(466): CodeIgniter\CodeIgniter->runController(Object(App\Controllers\Lamar))
 3 SYSTEMPATH\CodeIgniter.php(349): CodeIgniter\CodeIgniter->handleRequest(null, Object(Config\Cache), false)
 4 FCPATH\index.php(55): CodeIgniter\CodeIgniter->run()
CRITICAL - 2022-08-05 01:28:14 --> Call to a member function store() on null
in APPPATH\Controllers\Lamar.php on line 41.
 1 SYSTEMPATH\CodeIgniter.php(896): App\Controllers\Lamar->index()
 2 SYSTEMPATH\CodeIgniter.php(466): CodeIgniter\CodeIgniter->runController(Object(App\Controllers\Lamar))
 3 SYSTEMPATH\CodeIgniter.php(349): CodeIgniter\CodeIgniter->handleRequest(null, Object(Config\Cache), false)
 4 FCPATH\index.php(55): CodeIgniter\CodeIgniter->run()
CRITICAL - 2022-08-05 01:28:29 --> Call to a member function store() on array
in APPPATH\Controllers\Lamar.php on line 41.
 1 SYSTEMPATH\CodeIgniter.php(896): App\Controllers\Lamar->index()
 2 SYSTEMPATH\CodeIgniter.php(466): CodeIgniter\CodeIgniter->runController(Object(App\Controllers\Lamar))
 3 SYSTEMPATH\CodeIgniter.php(349): CodeIgniter\CodeIgniter->handleRequest(null, Object(Config\Cache), false)
 4 FCPATH\index.php(55): CodeIgniter\CodeIgniter->run()
CRITICAL - 2022-08-05 01:28:34 --> Call to a member function store() on null
in APPPATH\Controllers\Lamar.php on line 41.
 1 SYSTEMPATH\CodeIgniter.php(896): App\Controllers\Lamar->index()
 2 SYSTEMPATH\CodeIgniter.php(466): CodeIgniter\CodeIgniter->runController(Object(App\Controllers\Lamar))
 3 SYSTEMPATH\CodeIgniter.php(349): CodeIgniter\CodeIgniter->handleRequest(null, Object(Config\Cache), false)
 4 FCPATH\index.php(55): CodeIgniter\CodeIgniter->run()
CRITICAL - 2022-08-05 01:55:46 --> Call to a member function store() on null
in APPPATH\Controllers\Lamar.php on line 41.
 1 SYSTEMPATH\CodeIgniter.php(896): App\Controllers\Lamar->index()
 2 SYSTEMPATH\CodeIgniter.php(466): CodeIgniter\CodeIgniter->runController(Object(App\Controllers\Lamar))
 3 SYSTEMPATH\CodeIgniter.php(349): CodeIgniter\CodeIgniter->handleRequest(null, Object(Config\Cache), false)
 4 FCPATH\index.php(55): CodeIgniter\CodeIgniter->run()
CRITICAL - 2022-08-05 02:08:20 --> Call to a member function move() on null
in APPPATH\Controllers\Lamar.php on line 41.
 1 SYSTEMPATH\CodeIgniter.php(896): App\Controllers\Lamar->index()
 2 SYSTEMPATH\CodeIgniter.php(466): CodeIgniter\CodeIgniter->runController(Object(App\Controllers\Lamar))
 3 SYSTEMPATH\CodeIgniter.php(349): CodeIgniter\CodeIgniter->handleRequest(null, Object(Config\Cache), false)
 4 FCPATH\index.php(55): CodeIgniter\CodeIgniter->run()
CRITICAL - 2022-08-05 02:09:56 --> Undefined property: CodeIgniter\View\View::$request
in APPPATH\Views\index.php on line 367.
 1 APPPATH\Views\index.php(367): CodeIgniter\Debug\Exceptions->errorHandler(2, 'Undefined property: CodeIgniter\\View\\View::$request', 'APPPATH\\Views\\index.php', 367)
 2 SYSTEMPATH\View\View.php(213): include('APPPATH\\Views\\index.php')
 3 SYSTEMPATH\View\View.php(216): CodeIgniter\View\View->CodeIgniter\View\{closure}()
 4 SYSTEMPATH\Common.php(1135): CodeIgniter\View\View->render('index', [], true)
 5 APPPATH\Controllers\Home.php(9): view('index')
 6 SYSTEMPATH\CodeIgniter.php(896): App\Controllers\Home->index()
 7 SYSTEMPATH\CodeIgniter.php(466): CodeIgniter\CodeIgniter->runController(Object(App\Controllers\Home))
 8 SYSTEMPATH\CodeIgniter.php(349): CodeIgniter\CodeIgniter->handleRequest(null, Object(Config\Cache), false)
 9 FCPATH\index.php(55): CodeIgniter\CodeIgniter->run()
CRITICAL - 2022-08-05 02:09:57 --> Undefined property: CodeIgniter\View\View::$request
in APPPATH\Views\index.php on line 367.
 1 APPPATH\Views\index.php(367): CodeIgniter\Debug\Exceptions->errorHandler(2, 'Undefined property: CodeIgniter\\View\\View::$request', 'APPPATH\\Views\\index.php', 367)
 2 SYSTEMPATH\View\View.php(213): include('APPPATH\\Views\\index.php')
 3 SYSTEMPATH\View\View.php(216): CodeIgniter\View\View->CodeIgniter\View\{closure}()
 4 SYSTEMPATH\Common.php(1135): CodeIgniter\View\View->render('index', [], true)
 5 APPPATH\Controllers\Home.php(9): view('index')
 6 SYSTEMPATH\CodeIgniter.php(896): App\Controllers\Home->index()
 7 SYSTEMPATH\CodeIgniter.php(466): CodeIgniter\CodeIgniter->runController(Object(App\Controllers\Home))
 8 SYSTEMPATH\CodeIgniter.php(349): CodeIgniter\CodeIgniter->handleRequest(null, Object(Config\Cache), false)
 9 FCPATH\index.php(55): CodeIgniter\CodeIgniter->run()
CRITICAL - 2022-08-05 02:14:23 --> Unclosed '{' on line 9
in APPPATH\Controllers\Lamar.php on line 70.
 1 SYSTEMPATH\Autoloader\Autoloader.php(261): CodeIgniter\Autoloader\Autoloader->includeFile('APPPATH\\Controllers\\Lamar.php')
 2 SYSTEMPATH\Autoloader\Autoloader.php(239): CodeIgniter\Autoloader\Autoloader->loadInNamespace('App\\Controllers\\Lamar')
 3 [internal function]: CodeIgniter\Autoloader\Autoloader->loadClass('App\\Controllers\\Lamar')
 4 SYSTEMPATH\CodeIgniter.php(846): class_exists('\\App\\Controllers\\Lamar', true)
 5 SYSTEMPATH\CodeIgniter.php(453): CodeIgniter\CodeIgniter->startController()
 6 SYSTEMPATH\CodeIgniter.php(349): CodeIgniter\CodeIgniter->handleRequest(null, Object(Config\Cache), false)
 7 FCPATH\index.php(55): CodeIgniter\CodeIgniter->run()
CRITICAL - 2022-08-05 02:18:24 --> Call to a member function isValid() on null
in APPPATH\Controllers\Lamar.php on line 46.
 1 SYSTEMPATH\CodeIgniter.php(896): App\Controllers\Lamar->index()
 2 SYSTEMPATH\CodeIgniter.php(466): CodeIgniter\CodeIgniter->runController(Object(App\Controllers\Lamar))
 3 SYSTEMPATH\CodeIgniter.php(349): CodeIgniter\CodeIgniter->handleRequest(null, Object(Config\Cache), false)
 4 FCPATH\index.php(55): CodeIgniter\CodeIgniter->run()
CRITICAL - 2022-08-05 02:19:17 --> Call to a member function store() on null
in APPPATH\Controllers\Lamar.php on line 41.
 1 SYSTEMPATH\CodeIgniter.php(896): App\Controllers\Lamar->index()
 2 SYSTEMPATH\CodeIgniter.php(466): CodeIgniter\CodeIgniter->runController(Object(App\Controllers\Lamar))
 3 SYSTEMPATH\CodeIgniter.php(349): CodeIgniter\CodeIgniter->handleRequest(null, Object(Config\Cache), false)
 4 FCPATH\index.php(55): CodeIgniter\CodeIgniter->run()
CRITICAL - 2022-08-05 02:19:55 --> Call to a member function store() on null
in APPPATH\Controllers\Lamar.php on line 41.
 1 SYSTEMPATH\CodeIgniter.php(896): App\Controllers\Lamar->index()
 2 SYSTEMPATH\CodeIgniter.php(466): CodeIgniter\CodeIgniter->runController(Object(App\Controllers\Lamar))
 3 SYSTEMPATH\CodeIgniter.php(349): CodeIgniter\CodeIgniter->handleRequest(null, Object(Config\Cache), false)
 4 FCPATH\index.php(55): CodeIgniter\CodeIgniter->run()
CRITICAL - 2022-08-05 02:29:29 --> Invalid file: /.php
in SYSTEMPATH\Exceptions\FrameworkException.php on line 33.
 1 SYSTEMPATH\View\View.php(201): CodeIgniter\Exceptions\FrameworkException::forInvalidFile('/.php')
 2 SYSTEMPATH\Common.php(1135): CodeIgniter\View\View->render('D:\\', [], true)
 3 APPPATH\Controllers\Lamar.php(56): view('D:\\', [...])
 4 SYSTEMPATH\CodeIgniter.php(896): App\Controllers\Lamar->index()
 5 SYSTEMPATH\CodeIgniter.php(466): CodeIgniter\CodeIgniter->runController(Object(App\Controllers\Lamar))
 6 SYSTEMPATH\CodeIgniter.php(349): CodeIgniter\CodeIgniter->handleRequest(null, Object(Config\Cache), false)
 7 FCPATH\index.php(55): CodeIgniter\CodeIgniter->run()
CRITICAL - 2022-08-05 03:04:53 --> Call to undefined function form_open_multipart()
in APPPATH\Views\index.php on line 363.
 1 SYSTEMPATH\View\View.php(213): include()
 2 SYSTEMPATH\View\View.php(216): CodeIgniter\View\View->CodeIgniter\View\{closure}()
 3 SYSTEMPATH\Common.php(1135): CodeIgniter\View\View->render('index', [], true)
 4 APPPATH\Controllers\Home.php(9): view('index')
 5 SYSTEMPATH\CodeIgniter.php(896): App\Controllers\Home->index()
 6 SYSTEMPATH\CodeIgniter.php(466): CodeIgniter\CodeIgniter->runController(Object(App\Controllers\Home))
 7 SYSTEMPATH\CodeIgniter.php(349): CodeIgniter\CodeIgniter->handleRequest(null, Object(Config\Cache), false)
 8 FCPATH\index.php(55): CodeIgniter\CodeIgniter->run()
CRITICAL - 2022-08-05 03:08:05 --> Undefined variable $errors
in APPPATH\Views\index.php on line 363.
 1 APPPATH\Views\index.php(363): CodeIgniter\Debug\Exceptions->errorHandler(2, 'Undefined variable $errors', 'APPPATH\\Views\\index.php', 363)
 2 SYSTEMPATH\View\View.php(213): include('APPPATH\\Views\\index.php')
 3 SYSTEMPATH\View\View.php(216): CodeIgniter\View\View->CodeIgniter\View\{closure}()
 4 SYSTEMPATH\Common.php(1135): CodeIgniter\View\View->render('index', [], true)
 5 APPPATH\Controllers\Home.php(9): view('index')
 6 SYSTEMPATH\CodeIgniter.php(896): App\Controllers\Home->index()
 7 SYSTEMPATH\CodeIgniter.php(466): CodeIgniter\CodeIgniter->runController(Object(App\Controllers\Home))
 8 SYSTEMPATH\CodeIgniter.php(349): CodeIgniter\CodeIgniter->handleRequest(null, Object(Config\Cache), false)
 9 FCPATH\index.php(55): CodeIgniter\CodeIgniter->run()
CRITICAL - 2022-08-05 03:08:20 --> Undefined variable $errors
in APPPATH\Views\index.php on line 363.
 1 APPPATH\Views\index.php(363): CodeIgniter\Debug\Exceptions->errorHandler(2, 'Undefined variable $errors', 'APPPATH\\Views\\index.php', 363)
 2 SYSTEMPATH\View\View.php(213): include('APPPATH\\Views\\index.php')
 3 SYSTEMPATH\View\View.php(216): CodeIgniter\View\View->CodeIgniter\View\{closure}()
 4 SYSTEMPATH\Common.php(1135): CodeIgniter\View\View->render('index', [], true)
 5 APPPATH\Controllers\Home.php(9): view('index')
 6 SYSTEMPATH\CodeIgniter.php(896): App\Controllers\Home->index()
 7 SYSTEMPATH\CodeIgniter.php(466): CodeIgniter\CodeIgniter->runController(Object(App\Controllers\Home))
 8 SYSTEMPATH\CodeIgniter.php(349): CodeIgniter\CodeIgniter->handleRequest(null, Object(Config\Cache), false)
 9 FCPATH\index.php(55): CodeIgniter\CodeIgniter->run()
CRITICAL - 2022-08-05 03:17:12 --> Call to a member function move() on null
in APPPATH\Controllers\Lamar.php on line 48.
 1 SYSTEMPATH\CodeIgniter.php(896): App\Controllers\Lamar->index()
 2 SYSTEMPATH\CodeIgniter.php(466): CodeIgniter\CodeIgniter->runController(Object(App\Controllers\Lamar))
 3 SYSTEMPATH\CodeIgniter.php(349): CodeIgniter\CodeIgniter->handleRequest(null, Object(Config\Cache), false)
 4 FCPATH\index.php(55): CodeIgniter\CodeIgniter->run()
CRITICAL - 2022-08-05 03:21:00 --> Call to a member function move() on null
in APPPATH\Controllers\Lamar.php on line 48.
 1 SYSTEMPATH\CodeIgniter.php(896): App\Controllers\Lamar->index()
 2 SYSTEMPATH\CodeIgniter.php(466): CodeIgniter\CodeIgniter->runController(Object(App\Controllers\Lamar))
 3 SYSTEMPATH\CodeIgniter.php(349): CodeIgniter\CodeIgniter->handleRequest(null, Object(Config\Cache), false)
 4 FCPATH\index.php(55): CodeIgniter\CodeIgniter->run()
CRITICAL - 2022-08-05 03:21:25 --> Too few arguments to function CodeIgniter\HTTP\Files\UploadedFile::move(), 0 passed in D:\xampp\htdocs\cvbara\app\Controllers\Lamar.php on line 48 and at least 1 expected
in SYSTEMPATH\HTTP\Files\UploadedFile.php on line 127.
 1 APPPATH\Controllers\Lamar.php(48): CodeIgniter\HTTP\Files\UploadedFile->move()
 2 SYSTEMPATH\CodeIgniter.php(896): App\Controllers\Lamar->index()
 3 SYSTEMPATH\CodeIgniter.php(466): CodeIgniter\CodeIgniter->runController(Object(App\Controllers\Lamar))
 4 SYSTEMPATH\CodeIgniter.php(349): CodeIgniter\CodeIgniter->handleRequest(null, Object(Config\Cache), false)
 5 FCPATH\index.php(55): CodeIgniter\CodeIgniter->run()
ERROR - 2022-08-05 03:26:10 --> Column 'cv' cannot be null
CRITICAL - 2022-08-05 03:26:10 --> Column 'cv' cannot be null
in SYSTEMPATH\Database\MySQLi\Connection.php on line 292.
 1 SYSTEMPATH\Database\MySQLi\Connection.php(292): mysqli->query('INSERT INTO `pelamar` (`id_pelamar`, `nama`, `email`, `deskripsi`, `id_divisi`, `cv`) VALUES (\'PEL3\', \'Raihan\', \'raihanmartin88@gmail.com\', \'sfa\', \'Web Developer\', NULL)', 0)
 2 SYSTEMPATH\Database\BaseConnection.php(695): CodeIgniter\Database\MySQLi\Connection->execute('INSERT INTO `pelamar` (`id_pelamar`, `nama`, `email`, `deskripsi`, `id_divisi`, `cv`) VALUES (\'PEL3\', \'Raihan\', \'raihanmartin88@gmail.com\', \'sfa\', \'Web Developer\', NULL)')
 3 SYSTEMPATH\Database\BaseConnection.php(609): CodeIgniter\Database\BaseConnection->simpleQuery('INSERT INTO `pelamar` (`id_pelamar`, `nama`, `email`, `deskripsi`, `id_divisi`, `cv`) VALUES (\'PEL3\', \'Raihan\', \'raihanmartin88@gmail.com\', \'sfa\', \'Web Developer\', NULL)')
 4 SYSTEMPATH\Database\BaseBuilder.php(1904): CodeIgniter\Database\BaseConnection->query('INSERT INTO `pelamar` (`id_pelamar`, `nama`, `email`, `deskripsi`, `id_divisi`, `cv`) VALUES (:id_pelamar.1:, :nama:, :email:, :deskripsi:, :id_divisi:, :cv:)', [...], false)
 5 SYSTEMPATH\Model.php(278): CodeIgniter\Database\BaseBuilder->insert()
 6 SYSTEMPATH\BaseModel.php(738): CodeIgniter\Model->doInsert([...])
 7 SYSTEMPATH\Model.php(666): CodeIgniter\BaseModel->insert([...], false)
 8 SYSTEMPATH\BaseModel.php(658): CodeIgniter\Model->insert([...], false)
 9 APPPATH\Controllers\Lamar.php(64): CodeIgniter\BaseModel->save([...])
10 SYSTEMPATH\CodeIgniter.php(896): App\Controllers\Lamar->index()
11 SYSTEMPATH\CodeIgniter.php(466): CodeIgniter\CodeIgniter->runController(Object(App\Controllers\Lamar))
12 SYSTEMPATH\CodeIgniter.php(349): CodeIgniter\CodeIgniter->handleRequest(null, Object(Config\Cache), false)
13 FCPATH\index.php(55): CodeIgniter\CodeIgniter->run()
ERROR - 2022-08-05 03:27:28 --> Column 'cv' cannot be null
CRITICAL - 2022-08-05 03:27:28 --> Column 'cv' cannot be null
in SYSTEMPATH\Database\MySQLi\Connection.php on line 292.
 1 SYSTEMPATH\Database\MySQLi\Connection.php(292): mysqli->query('INSERT INTO `pelamar` (`id_pelamar`, `nama`, `email`, `deskripsi`, `id_divisi`, `cv`) VALUES (\'PEL3\', \'Raihan\', \'raihanmartin88@gmail.com\', \'sfa\', \'Web Developer\', NULL)', 0)
 2 SYSTEMPATH\Database\BaseConnection.php(695): CodeIgniter\Database\MySQLi\Connection->execute('INSERT INTO `pelamar` (`id_pelamar`, `nama`, `email`, `deskripsi`, `id_divisi`, `cv`) VALUES (\'PEL3\', \'Raihan\', \'raihanmartin88@gmail.com\', \'sfa\', \'Web Developer\', NULL)')
 3 SYSTEMPATH\Database\BaseConnection.php(609): CodeIgniter\Database\BaseConnection->simpleQuery('INSERT INTO `pelamar` (`id_pelamar`, `nama`, `email`, `deskripsi`, `id_divisi`, `cv`) VALUES (\'PEL3\', \'Raihan\', \'raihanmartin88@gmail.com\', \'sfa\', \'Web Developer\', NULL)')
 4 SYSTEMPATH\Database\BaseBuilder.php(1904): CodeIgniter\Database\BaseConnection->query('INSERT INTO `pelamar` (`id_pelamar`, `nama`, `email`, `deskripsi`, `id_divisi`, `cv`) VALUES (:id_pelamar.1:, :nama:, :email:, :deskripsi:, :id_divisi:, :cv:)', [...], false)
 5 SYSTEMPATH\Model.php(278): CodeIgniter\Database\BaseBuilder->insert()
 6 SYSTEMPATH\BaseModel.php(738): CodeIgniter\Model->doInsert([...])
 7 SYSTEMPATH\Model.php(666): CodeIgniter\BaseModel->insert([...], false)
 8 SYSTEMPATH\BaseModel.php(658): CodeIgniter\Model->insert([...], false)
 9 APPPATH\Controllers\Lamar.php(64): CodeIgniter\BaseModel->save([...])
10 SYSTEMPATH\CodeIgniter.php(896): App\Controllers\Lamar->index()
11 SYSTEMPATH\CodeIgniter.php(466): CodeIgniter\CodeIgniter->runController(Object(App\Controllers\Lamar))
12 SYSTEMPATH\CodeIgniter.php(349): CodeIgniter\CodeIgniter->handleRequest(null, Object(Config\Cache), false)
13 FCPATH\index.php(55): CodeIgniter\CodeIgniter->run()
ERROR - 2022-08-05 03:29:29 --> Column 'cv' cannot be null
CRITICAL - 2022-08-05 03:29:29 --> Column 'cv' cannot be null
in SYSTEMPATH\Database\MySQLi\Connection.php on line 292.
 1 SYSTEMPATH\Database\MySQLi\Connection.php(292): mysqli->query('INSERT INTO `pelamar` (`id_pelamar`, `nama`, `email`, `deskripsi`, `id_divisi`, `cv`) VALUES (\'PEL3\', \'Raihan\', \'petugas01@gmail.com\', \'sfa\', \'Web Developer\', NULL)', 0)
 2 SYSTEMPATH\Database\BaseConnection.php(695): CodeIgniter\Database\MySQLi\Connection->execute('INSERT INTO `pelamar` (`id_pelamar`, `nama`, `email`, `deskripsi`, `id_divisi`, `cv`) VALUES (\'PEL3\', \'Raihan\', \'petugas01@gmail.com\', \'sfa\', \'Web Developer\', NULL)')
 3 SYSTEMPATH\Database\BaseConnection.php(609): CodeIgniter\Database\BaseConnection->simpleQuery('INSERT INTO `pelamar` (`id_pelamar`, `nama`, `email`, `deskripsi`, `id_divisi`, `cv`) VALUES (\'PEL3\', \'Raihan\', \'petugas01@gmail.com\', \'sfa\', \'Web Developer\', NULL)')
 4 SYSTEMPATH\Database\BaseBuilder.php(1904): CodeIgniter\Database\BaseConnection->query('INSERT INTO `pelamar` (`id_pelamar`, `nama`, `email`, `deskripsi`, `id_divisi`, `cv`) VALUES (:id_pelamar.1:, :nama:, :email:, :deskripsi:, :id_divisi:, :cv:)', [...], false)
 5 SYSTEMPATH\Model.php(278): CodeIgniter\Database\BaseBuilder->insert()
 6 SYSTEMPATH\BaseModel.php(738): CodeIgniter\Model->doInsert([...])
 7 SYSTEMPATH\Model.php(666): CodeIgniter\BaseModel->insert([...], false)
 8 SYSTEMPATH\BaseModel.php(658): CodeIgniter\Model->insert([...], false)
 9 APPPATH\Controllers\Lamar.php(64): CodeIgniter\BaseModel->save([...])
10 SYSTEMPATH\CodeIgniter.php(896): App\Controllers\Lamar->index()
11 SYSTEMPATH\CodeIgniter.php(466): CodeIgniter\CodeIgniter->runController(Object(App\Controllers\Lamar))
12 SYSTEMPATH\CodeIgniter.php(349): CodeIgniter\CodeIgniter->handleRequest(null, Object(Config\Cache), false)
13 FCPATH\index.php(55): CodeIgniter\CodeIgniter->run()
CRITICAL - 2022-08-05 03:36:19 --> Undefined property: App\Controllers\Lamar::$load
in APPPATH\Controllers\Lamar.php on line 35.
 1 APPPATH\Controllers\Lamar.php(35): CodeIgniter\Debug\Exceptions->errorHandler(2, 'Undefined property: App\\Controllers\\Lamar::$load', 'APPPATH\\Controllers\\Lamar.php', 35)
 2 SYSTEMPATH\CodeIgniter.php(896): App\Controllers\Lamar->index()
 3 SYSTEMPATH\CodeIgniter.php(466): CodeIgniter\CodeIgniter->runController(Object(App\Controllers\Lamar))
 4 SYSTEMPATH\CodeIgniter.php(349): CodeIgniter\CodeIgniter->handleRequest(null, Object(Config\Cache), false)
 5 FCPATH\index.php(55): CodeIgniter\CodeIgniter->run()
CRITICAL - 2022-08-05 03:37:01 --> Cannot use object of type CodeIgniter\HTTP\Files\UploadedFile as array
in APPPATH\Controllers\Lamar.php on line 38.
 1 SYSTEMPATH\CodeIgniter.php(896): App\Controllers\Lamar->index()
 2 SYSTEMPATH\CodeIgniter.php(466): CodeIgniter\CodeIgniter->runController(Object(App\Controllers\Lamar))
 3 SYSTEMPATH\CodeIgniter.php(349): CodeIgniter\CodeIgniter->handleRequest(null, Object(Config\Cache), false)
 4 FCPATH\index.php(55): CodeIgniter\CodeIgniter->run()
CRITICAL - 2022-08-05 03:39:17 --> Undefined property: CodeIgniter\HTTP\Files\UploadedFile::$getName
in APPPATH\Controllers\Lamar.php on line 38.
 1 APPPATH\Controllers\Lamar.php(38): CodeIgniter\Debug\Exceptions->errorHandler(2, 'Undefined property: CodeIgniter\\HTTP\\Files\\UploadedFile::$getName', 'APPPATH\\Controllers\\Lamar.php', 38)
 2 SYSTEMPATH\CodeIgniter.php(896): App\Controllers\Lamar->index()
 3 SYSTEMPATH\CodeIgniter.php(466): CodeIgniter\CodeIgniter->runController(Object(App\Controllers\Lamar))
 4 SYSTEMPATH\CodeIgniter.php(349): CodeIgniter\CodeIgniter->handleRequest(null, Object(Config\Cache), false)
 5 FCPATH\index.php(55): CodeIgniter\CodeIgniter->run()
ERROR - 2022-08-05 03:39:33 --> Column 'cv' cannot be null
CRITICAL - 2022-08-05 03:39:33 --> Column 'cv' cannot be null
in SYSTEMPATH\Database\MySQLi\Connection.php on line 292.
 1 SYSTEMPATH\Database\MySQLi\Connection.php(292): mysqli->query('INSERT INTO `pelamar` (`id_pelamar`, `nama`, `email`, `deskripsi`, `id_divisi`, `cv`) VALUES (\'PEL3\', \'Raihan\', \'petugas01@gmail.com\', \'sfa\', \'Web Developer\', NULL)', 0)
 2 SYSTEMPATH\Database\BaseConnection.php(695): CodeIgniter\Database\MySQLi\Connection->execute('INSERT INTO `pelamar` (`id_pelamar`, `nama`, `email`, `deskripsi`, `id_divisi`, `cv`) VALUES (\'PEL3\', \'Raihan\', \'petugas01@gmail.com\', \'sfa\', \'Web Developer\', NULL)')
 3 SYSTEMPATH\Database\BaseConnection.php(609): CodeIgniter\Database\BaseConnection->simpleQuery('INSERT INTO `pelamar` (`id_pelamar`, `nama`, `email`, `deskripsi`, `id_divisi`, `cv`) VALUES (\'PEL3\', \'Raihan\', \'petugas01@gmail.com\', \'sfa\', \'Web Developer\', NULL)')
 4 SYSTEMPATH\Database\BaseBuilder.php(1904): CodeIgniter\Database\BaseConnection->query('INSERT INTO `pelamar` (`id_pelamar`, `nama`, `email`, `deskripsi`, `id_divisi`, `cv`) VALUES (:id_pelamar.1:, :nama:, :email:, :deskripsi:, :id_divisi:, :cv:)', [...], false)
 5 SYSTEMPATH\Model.php(278): CodeIgniter\Database\BaseBuilder->insert()
 6 SYSTEMPATH\BaseModel.php(738): CodeIgniter\Model->doInsert([...])
 7 SYSTEMPATH\Model.php(666): CodeIgniter\BaseModel->insert([...], false)
 8 SYSTEMPATH\BaseModel.php(658): CodeIgniter\Model->insert([...], false)
 9 APPPATH\Controllers\Lamar.php(64): CodeIgniter\BaseModel->save([...])
10 SYSTEMPATH\CodeIgniter.php(896): App\Controllers\Lamar->index()
11 SYSTEMPATH\CodeIgniter.php(466): CodeIgniter\CodeIgniter->runController(Object(App\Controllers\Lamar))
12 SYSTEMPATH\CodeIgniter.php(349): CodeIgniter\CodeIgniter->handleRequest(null, Object(Config\Cache), false)
13 FCPATH\index.php(55): CodeIgniter\CodeIgniter->run()
CRITICAL - 2022-08-05 03:44:24 --> Too few arguments to function CodeIgniter\HTTP\Files\UploadedFile::move(), 0 passed in D:\xampp\htdocs\cvbara\app\Controllers\Lamar.php on line 48 and at least 1 expected
in SYSTEMPATH\HTTP\Files\UploadedFile.php on line 127.
 1 APPPATH\Controllers\Lamar.php(48): CodeIgniter\HTTP\Files\UploadedFile->move()
 2 SYSTEMPATH\CodeIgniter.php(896): App\Controllers\Lamar->index()
 3 SYSTEMPATH\CodeIgniter.php(466): CodeIgniter\CodeIgniter->runController(Object(App\Controllers\Lamar))
 4 SYSTEMPATH\CodeIgniter.php(349): CodeIgniter\CodeIgniter->handleRequest(null, Object(Config\Cache), false)
 5 FCPATH\index.php(55): CodeIgniter\CodeIgniter->run()
