CRITICAL - 2022-12-27 12:33:02 --> openssl_encrypt(): Passing null to parameter #1 ($data) of type string is deprecated
in APPPATH\Controllers\Users.php on line 146.
 1 [internal function]: CodeIgniter\Debug\Exceptions->errorHandler(8192, 'openssl_encrypt(): Passing null to parameter #1 ($data) of type string is deprecated', 'APPPATH\\Controllers\\Users.php', 146)
 2 APPPATH\Controllers\Users.php(146): openssl_encrypt(null, 'aes-256-cbc', 'https://bara.co.id/', 0, 'nÆÜ|`›Eõöé6Át ')
 3 SYSTEMPATH\CodeIgniter.php(896): App\Controllers\Users->login()
 4 SYSTEMPATH\CodeIgniter.php(466): CodeIgniter\CodeIgniter->runController(Object(App\Controllers\Users))
 5 SYSTEMPATH\CodeIgniter.php(349): CodeIgniter\CodeIgniter->handleRequest(null, Object(Config\Cache), false)
 6 FCPATH\index.php(55): CodeIgniter\CodeIgniter->run()
CRITICAL - 2022-12-27 12:38:31 --> Class "App\Controllers\JWT" not found
in APPPATH\Controllers\lupas.php on line 24.
 1 SYSTEMPATH\CodeIgniter.php(896): App\Controllers\lupas->ubah()
 2 SYSTEMPATH\CodeIgniter.php(466): CodeIgniter\CodeIgniter->runController(Object(App\Controllers\lupas))
 3 SYSTEMPATH\CodeIgniter.php(349): CodeIgniter\CodeIgniter->handleRequest(null, Object(Config\Cache), false)
 4 FCPATH\index.php(55): CodeIgniter\CodeIgniter->run()
ERROR - 2022-12-27 12:39:43 --> Unknown column 'id_users' in 'field list'
CRITICAL - 2022-12-27 12:39:43 --> Unknown column 'id_users' in 'field list'
in SYSTEMPATH\Database\MySQLi\Connection.php on line 292.
 1 SYSTEMPATH\Database\MySQLi\Connection.php(292): mysqli->query('SELECT `id_users`
FROM `users`
WHERE `username` = \'adminbara\'
 LIMIT 1', 0)
 2 SYSTEMPATH\Database\BaseConnection.php(695): CodeIgniter\Database\MySQLi\Connection->execute('SELECT `id_users`
FROM `users`
WHERE `username` = \'adminbara\'
 LIMIT 1')
 3 SYSTEMPATH\Database\BaseConnection.php(609): CodeIgniter\Database\BaseConnection->simpleQuery('SELECT `id_users`
FROM `users`
WHERE `username` = \'adminbara\'
 LIMIT 1')
 4 SYSTEMPATH\Database\BaseBuilder.php(1585): CodeIgniter\Database\BaseConnection->query('SELECT `id_users`
FROM `users`
WHERE `username` = :username:
 LIMIT 1', [...], false)
 5 SYSTEMPATH\Model.php(249): CodeIgniter\Database\BaseBuilder->get()
 6 SYSTEMPATH\BaseModel.php(622): CodeIgniter\Model->doFirst()
 7 APPPATH\Controllers\lupas.php(30): CodeIgniter\BaseModel->first()
 8 SYSTEMPATH\CodeIgniter.php(896): App\Controllers\lupas->ubah()
 9 SYSTEMPATH\CodeIgniter.php(466): CodeIgniter\CodeIgniter->runController(Object(App\Controllers\lupas))
10 SYSTEMPATH\CodeIgniter.php(349): CodeIgniter\CodeIgniter->handleRequest(null, Object(Config\Cache), false)
11 FCPATH\index.php(55): CodeIgniter\CodeIgniter->run()
CRITICAL - 2022-12-27 12:40:52 --> Invalid file: admin/pages/ubah-password.php
in SYSTEMPATH\Exceptions\FrameworkException.php on line 33.
 1 SYSTEMPATH\View\View.php(201): CodeIgniter\Exceptions\FrameworkException::forInvalidFile('admin/pages/ubah-password.php')
 2 SYSTEMPATH\Common.php(1135): CodeIgniter\View\View->render('admin/pages/ubah-password', [], true)
 3 APPPATH\Controllers\lupas.php(33): view('admin/pages/ubah-password')
 4 SYSTEMPATH\CodeIgniter.php(896): App\Controllers\lupas->ubah()
 5 SYSTEMPATH\CodeIgniter.php(466): CodeIgniter\CodeIgniter->runController(Object(App\Controllers\lupas))
 6 SYSTEMPATH\CodeIgniter.php(349): CodeIgniter\CodeIgniter->handleRequest(null, Object(Config\Cache), false)
 7 FCPATH\index.php(55): CodeIgniter\CodeIgniter->run()
CRITICAL - 2022-12-27 12:45:51 --> Undefined property: stdClass::$id
in APPPATH\Views\admin\pages\reset.php on line 246.
 1 APPPATH\Views\admin\pages\reset.php(246): CodeIgniter\Debug\Exceptions->errorHandler(2, 'Undefined property: stdClass::$id', 'APPPATH\\Views\\admin\\pages\\reset.php', 246)
 2 SYSTEMPATH\View\View.php(213): include('APPPATH\\Views\\admin\\pages\\reset.php')
 3 SYSTEMPATH\View\View.php(216): CodeIgniter\View\View->CodeIgniter\View\{closure}()
 4 SYSTEMPATH\Common.php(1135): CodeIgniter\View\View->render('admin/pages/reset', [], true)
 5 APPPATH\Controllers\Users.php(71): view('admin/pages/reset')
 6 SYSTEMPATH\CodeIgniter.php(896): App\Controllers\Users->profil()
 7 SYSTEMPATH\CodeIgniter.php(466): CodeIgniter\CodeIgniter->runController(Object(App\Controllers\Users))
 8 SYSTEMPATH\CodeIgniter.php(349): CodeIgniter\CodeIgniter->handleRequest(null, Object(Config\Cache), false)
 9 FCPATH\index.php(55): CodeIgniter\CodeIgniter->run()
CRITICAL - 2022-12-27 12:46:20 --> Undefined variable $session
in APPPATH\Controllers\lupas.php on line 17.
 1 APPPATH\Controllers\lupas.php(17): CodeIgniter\Debug\Exceptions->errorHandler(2, 'Undefined variable $session', 'APPPATH\\Controllers\\lupas.php', 17)
 2 SYSTEMPATH\CodeIgniter.php(896): App\Controllers\lupas->ubah()
 3 SYSTEMPATH\CodeIgniter.php(466): CodeIgniter\CodeIgniter->runController(Object(App\Controllers\lupas))
 4 SYSTEMPATH\CodeIgniter.php(349): CodeIgniter\CodeIgniter->handleRequest(null, Object(Config\Cache), false)
 5 FCPATH\index.php(55): CodeIgniter\CodeIgniter->run()
CRITICAL - 2022-12-27 12:59:41 --> Undefined property: stdClass::$id
in APPPATH\Views\admin\pages\reset.php on line 246.
 1 APPPATH\Views\admin\pages\reset.php(246): CodeIgniter\Debug\Exceptions->errorHandler(2, 'Undefined property: stdClass::$id', 'APPPATH\\Views\\admin\\pages\\reset.php', 246)
 2 SYSTEMPATH\View\View.php(213): include('APPPATH\\Views\\admin\\pages\\reset.php')
 3 SYSTEMPATH\View\View.php(216): CodeIgniter\View\View->CodeIgniter\View\{closure}()
 4 SYSTEMPATH\Common.php(1135): CodeIgniter\View\View->render('admin/pages/reset', [], true)
 5 APPPATH\Controllers\Users.php(71): view('admin/pages/reset')
 6 SYSTEMPATH\CodeIgniter.php(896): App\Controllers\Users->profil()
 7 SYSTEMPATH\CodeIgniter.php(466): CodeIgniter\CodeIgniter->runController(Object(App\Controllers\Users))
 8 SYSTEMPATH\CodeIgniter.php(349): CodeIgniter\CodeIgniter->handleRequest(null, Object(Config\Cache), false)
 9 FCPATH\index.php(55): CodeIgniter\CodeIgniter->run()
CRITICAL - 2022-12-27 13:01:09 --> Undefined property: stdClass::$id
in APPPATH\Views\admin\pages\reset.php on line 246.
 1 APPPATH\Views\admin\pages\reset.php(246): CodeIgniter\Debug\Exceptions->errorHandler(2, 'Undefined property: stdClass::$id', 'APPPATH\\Views\\admin\\pages\\reset.php', 246)
 2 SYSTEMPATH\View\View.php(213): include('APPPATH\\Views\\admin\\pages\\reset.php')
 3 SYSTEMPATH\View\View.php(216): CodeIgniter\View\View->CodeIgniter\View\{closure}()
 4 SYSTEMPATH\Common.php(1135): CodeIgniter\View\View->render('admin/pages/reset', [], true)
 5 APPPATH\Controllers\Users.php(71): view('admin/pages/reset')
 6 SYSTEMPATH\CodeIgniter.php(896): App\Controllers\Users->profil()
 7 SYSTEMPATH\CodeIgniter.php(466): CodeIgniter\CodeIgniter->runController(Object(App\Controllers\Users))
 8 SYSTEMPATH\CodeIgniter.php(349): CodeIgniter\CodeIgniter->handleRequest(null, Object(Config\Cache), false)
 9 FCPATH\index.php(55): CodeIgniter\CodeIgniter->run()
ERROR - 2022-12-27 13:02:23 --> Unknown column 'id' in 'where clause'
CRITICAL - 2022-12-27 13:02:23 --> Unknown column 'id' in 'where clause'
in SYSTEMPATH\Database\MySQLi\Connection.php on line 292.
 1 SYSTEMPATH\Database\MySQLi\Connection.php(292): mysqli->query('SELECT * FROM users WHERE id = "1"', 0)
 2 SYSTEMPATH\Database\BaseConnection.php(695): CodeIgniter\Database\MySQLi\Connection->execute('SELECT * FROM users WHERE id = "1"')
 3 SYSTEMPATH\Database\BaseConnection.php(609): CodeIgniter\Database\BaseConnection->simpleQuery('SELECT * FROM users WHERE id = "1"')
 4 APPPATH\Views\admin\pages\editprofil.php(5): CodeIgniter\Database\BaseConnection->query('SELECT * FROM users WHERE id = "1"')
 5 SYSTEMPATH\View\View.php(213): include('APPPATH\\Views\\admin\\pages\\editprofil.php')
 6 SYSTEMPATH\View\View.php(216): CodeIgniter\View\View->CodeIgniter\View\{closure}()
 7 SYSTEMPATH\Common.php(1135): CodeIgniter\View\View->render('admin/pages/editprofil', [], true)
 8 APPPATH\Controllers\Users.php(82): view('admin/pages/editprofil')
 9 SYSTEMPATH\CodeIgniter.php(896): App\Controllers\Users->edit()
10 SYSTEMPATH\CodeIgniter.php(466): CodeIgniter\CodeIgniter->runController(Object(App\Controllers\Users))
11 SYSTEMPATH\CodeIgniter.php(349): CodeIgniter\CodeIgniter->handleRequest(null, Object(Config\Cache), false)
12 FCPATH\index.php(55): CodeIgniter\CodeIgniter->run()
ERROR - 2022-12-27 13:03:12 --> Unknown column 'id' in 'where clause'
CRITICAL - 2022-12-27 13:03:12 --> Unknown column 'id' in 'where clause'
in SYSTEMPATH\Database\MySQLi\Connection.php on line 292.
 1 SYSTEMPATH\Database\MySQLi\Connection.php(292): mysqli->query('SELECT * FROM users WHERE id = "1"', 0)
 2 SYSTEMPATH\Database\BaseConnection.php(695): CodeIgniter\Database\MySQLi\Connection->execute('SELECT * FROM users WHERE id = "1"')
 3 SYSTEMPATH\Database\BaseConnection.php(609): CodeIgniter\Database\BaseConnection->simpleQuery('SELECT * FROM users WHERE id = "1"')
 4 APPPATH\Views\admin\pages\editprofil.php(5): CodeIgniter\Database\BaseConnection->query('SELECT * FROM users WHERE id = "1"')
 5 SYSTEMPATH\View\View.php(213): include('APPPATH\\Views\\admin\\pages\\editprofil.php')
 6 SYSTEMPATH\View\View.php(216): CodeIgniter\View\View->CodeIgniter\View\{closure}()
 7 SYSTEMPATH\Common.php(1135): CodeIgniter\View\View->render('admin/pages/editprofil', [], true)
 8 APPPATH\Controllers\Users.php(82): view('admin/pages/editprofil')
 9 SYSTEMPATH\CodeIgniter.php(896): App\Controllers\Users->edit()
10 SYSTEMPATH\CodeIgniter.php(466): CodeIgniter\CodeIgniter->runController(Object(App\Controllers\Users))
11 SYSTEMPATH\CodeIgniter.php(349): CodeIgniter\CodeIgniter->handleRequest(null, Object(Config\Cache), false)
12 FCPATH\index.php(55): CodeIgniter\CodeIgniter->run()
CRITICAL - 2022-12-27 13:05:41 --> Undefined variable $request
in APPPATH\Views\admin\pages\ganti_pass.php on line 24.
 1 APPPATH\Views\admin\pages\ganti_pass.php(24): CodeIgniter\Debug\Exceptions->errorHandler(2, 'Undefined variable $request', 'APPPATH\\Views\\admin\\pages\\ganti_pass.php', 24)
 2 SYSTEMPATH\View\View.php(213): include('APPPATH\\Views\\admin\\pages\\ganti_pass.php')
 3 SYSTEMPATH\View\View.php(216): CodeIgniter\View\View->CodeIgniter\View\{closure}()
 4 SYSTEMPATH\Common.php(1135): CodeIgniter\View\View->render('admin/pages/ganti_pass', [], true)
 5 APPPATH\Controllers\Users.php(130): view('admin/pages/ganti_pass')
 6 SYSTEMPATH\CodeIgniter.php(896): App\Controllers\Users->ubah()
 7 SYSTEMPATH\CodeIgniter.php(466): CodeIgniter\CodeIgniter->runController(Object(App\Controllers\Users))
 8 SYSTEMPATH\CodeIgniter.php(349): CodeIgniter\CodeIgniter->handleRequest(null, Object(Config\Cache), false)
 9 FCPATH\index.php(55): CodeIgniter\CodeIgniter->run()
CRITICAL - 2022-12-27 13:11:20 --> Object of class CodeIgniter\HTTP\IncomingRequest could not be converted to string
in APPPATH\Views\admin\pages\ganti_pass.php on line 24.
 1 SYSTEMPATH\View\View.php(213): include()
 2 SYSTEMPATH\View\View.php(216): CodeIgniter\View\View->CodeIgniter\View\{closure}()
 3 SYSTEMPATH\Common.php(1135): CodeIgniter\View\View->render('admin/pages/ganti_pass', [], true)
 4 APPPATH\Controllers\Users.php(130): view('admin/pages/ganti_pass')
 5 SYSTEMPATH\CodeIgniter.php(896): App\Controllers\Users->ubah()
 6 SYSTEMPATH\CodeIgniter.php(466): CodeIgniter\CodeIgniter->runController(Object(App\Controllers\Users))
 7 SYSTEMPATH\CodeIgniter.php(349): CodeIgniter\CodeIgniter->handleRequest(null, Object(Config\Cache), false)
 8 FCPATH\index.php(55): CodeIgniter\CodeIgniter->run()
CRITICAL - 2022-12-27 13:15:05 --> Undefined array key 1
in APPPATH\Controllers\lupas.php on line 31.
 1 APPPATH\Controllers\lupas.php(31): CodeIgniter\Debug\Exceptions->errorHandler(2, 'Undefined array key 1', 'APPPATH\\Controllers\\lupas.php', 31)
 2 SYSTEMPATH\CodeIgniter.php(896): App\Controllers\lupas->ubah()
 3 SYSTEMPATH\CodeIgniter.php(466): CodeIgniter\CodeIgniter->runController(Object(App\Controllers\lupas))
 4 SYSTEMPATH\CodeIgniter.php(349): CodeIgniter\CodeIgniter->handleRequest(null, Object(Config\Cache), false)
 5 FCPATH\index.php(55): CodeIgniter\CodeIgniter->run()
CRITICAL - 2022-12-27 13:15:16 --> Undefined array key 0
in APPPATH\Controllers\lupas.php on line 31.
 1 APPPATH\Controllers\lupas.php(31): CodeIgniter\Debug\Exceptions->errorHandler(2, 'Undefined array key 0', 'APPPATH\\Controllers\\lupas.php', 31)
 2 SYSTEMPATH\CodeIgniter.php(896): App\Controllers\lupas->ubah()
 3 SYSTEMPATH\CodeIgniter.php(466): CodeIgniter\CodeIgniter->runController(Object(App\Controllers\lupas))
 4 SYSTEMPATH\CodeIgniter.php(349): CodeIgniter\CodeIgniter->handleRequest(null, Object(Config\Cache), false)
 5 FCPATH\index.php(55): CodeIgniter\CodeIgniter->run()
CRITICAL - 2022-12-27 13:15:40 --> Undefined array key 1
in APPPATH\Controllers\lupas.php on line 31.
 1 APPPATH\Controllers\lupas.php(31): CodeIgniter\Debug\Exceptions->errorHandler(2, 'Undefined array key 1', 'APPPATH\\Controllers\\lupas.php', 31)
 2 SYSTEMPATH\CodeIgniter.php(896): App\Controllers\lupas->ubah()
 3 SYSTEMPATH\CodeIgniter.php(466): CodeIgniter\CodeIgniter->runController(Object(App\Controllers\lupas))
 4 SYSTEMPATH\CodeIgniter.php(349): CodeIgniter\CodeIgniter->handleRequest(null, Object(Config\Cache), false)
 5 FCPATH\index.php(55): CodeIgniter\CodeIgniter->run()
ERROR - 2022-12-27 13:17:20 --> Unknown column 'users.id' in 'where clause'
CRITICAL - 2022-12-27 13:17:20 --> Unknown column 'users.id' in 'where clause'
in SYSTEMPATH\Database\MySQLi\Connection.php on line 292.
 1 SYSTEMPATH\Database\MySQLi\Connection.php(292): mysqli->query('UPDATE `users` SET `password` = \'admin\'
WHERE `users`.`id` IN (\'1\')', 0)
 2 SYSTEMPATH\Database\BaseConnection.php(695): CodeIgniter\Database\MySQLi\Connection->execute('UPDATE `users` SET `password` = \'admin\'
WHERE `users`.`id` IN (\'1\')')
 3 SYSTEMPATH\Database\BaseConnection.php(609): CodeIgniter\Database\BaseConnection->simpleQuery('UPDATE `users` SET `password` = \'admin\'
WHERE `users`.`id` IN (\'1\')')
 4 SYSTEMPATH\Database\BaseBuilder.php(2046): CodeIgniter\Database\BaseConnection->query('UPDATE `users` SET `password` = :password:
WHERE `users`.`id` IN :users.id:', [...], false)
 5 SYSTEMPATH\Model.php(337): CodeIgniter\Database\BaseBuilder->update()
 6 SYSTEMPATH\BaseModel.php(865): CodeIgniter\Model->doUpdate([...], [...])
 7 SYSTEMPATH\Model.php(692): CodeIgniter\BaseModel->update([...], [...])
 8 APPPATH\Controllers\lupas.php(41): CodeIgniter\Model->update([...], [...])
 9 SYSTEMPATH\CodeIgniter.php(896): App\Controllers\lupas->ubah()
10 SYSTEMPATH\CodeIgniter.php(466): CodeIgniter\CodeIgniter->runController(Object(App\Controllers\lupas))
11 SYSTEMPATH\CodeIgniter.php(349): CodeIgniter\CodeIgniter->handleRequest(null, Object(Config\Cache), false)
12 FCPATH\index.php(55): CodeIgniter\CodeIgniter->run()
ERROR - 2022-12-27 13:17:58 --> Unknown column 'users.id' in 'where clause'
CRITICAL - 2022-12-27 13:17:58 --> Unknown column 'users.id' in 'where clause'
in SYSTEMPATH\Database\MySQLi\Connection.php on line 292.
 1 SYSTEMPATH\Database\MySQLi\Connection.php(292): mysqli->query('UPDATE `users` SET `password` = \'admin\'
WHERE `users`.`id` IN (\'1\')', 0)
 2 SYSTEMPATH\Database\BaseConnection.php(695): CodeIgniter\Database\MySQLi\Connection->execute('UPDATE `users` SET `password` = \'admin\'
WHERE `users`.`id` IN (\'1\')')
 3 SYSTEMPATH\Database\BaseConnection.php(609): CodeIgniter\Database\BaseConnection->simpleQuery('UPDATE `users` SET `password` = \'admin\'
WHERE `users`.`id` IN (\'1\')')
 4 SYSTEMPATH\Database\BaseBuilder.php(2046): CodeIgniter\Database\BaseConnection->query('UPDATE `users` SET `password` = :password:
WHERE `users`.`id` IN :users.id:', [...], false)
 5 SYSTEMPATH\Model.php(337): CodeIgniter\Database\BaseBuilder->update()
 6 SYSTEMPATH\BaseModel.php(865): CodeIgniter\Model->doUpdate([...], [...])
 7 SYSTEMPATH\Model.php(692): CodeIgniter\BaseModel->update([...], [...])
 8 APPPATH\Controllers\lupas.php(41): CodeIgniter\Model->update([...], [...])
 9 SYSTEMPATH\CodeIgniter.php(896): App\Controllers\lupas->ubah()
10 SYSTEMPATH\CodeIgniter.php(466): CodeIgniter\CodeIgniter->runController(Object(App\Controllers\lupas))
11 SYSTEMPATH\CodeIgniter.php(349): CodeIgniter\CodeIgniter->handleRequest(null, Object(Config\Cache), false)
12 FCPATH\index.php(55): CodeIgniter\CodeIgniter->run()
ERROR - 2022-12-27 13:18:45 --> Unknown column 'users.id' in 'where clause'
CRITICAL - 2022-12-27 13:18:45 --> Unknown column 'users.id' in 'where clause'
in SYSTEMPATH\Database\MySQLi\Connection.php on line 292.
 1 SYSTEMPATH\Database\MySQLi\Connection.php(292): mysqli->query('UPDATE `users` SET `password` = \'admin\'
WHERE `users`.`id` IN (\'1\')', 0)
 2 SYSTEMPATH\Database\BaseConnection.php(695): CodeIgniter\Database\MySQLi\Connection->execute('UPDATE `users` SET `password` = \'admin\'
WHERE `users`.`id` IN (\'1\')')
 3 SYSTEMPATH\Database\BaseConnection.php(609): CodeIgniter\Database\BaseConnection->simpleQuery('UPDATE `users` SET `password` = \'admin\'
WHERE `users`.`id` IN (\'1\')')
 4 SYSTEMPATH\Database\BaseBuilder.php(2046): CodeIgniter\Database\BaseConnection->query('UPDATE `users` SET `password` = :password:
WHERE `users`.`id` IN :users.id:', [...], false)
 5 SYSTEMPATH\Model.php(337): CodeIgniter\Database\BaseBuilder->update()
 6 SYSTEMPATH\BaseModel.php(865): CodeIgniter\Model->doUpdate([...], [...])
 7 SYSTEMPATH\Model.php(692): CodeIgniter\BaseModel->update([...], [...])
 8 APPPATH\Controllers\lupas.php(41): CodeIgniter\Model->update('1', [...])
 9 SYSTEMPATH\CodeIgniter.php(896): App\Controllers\lupas->ubah()
10 SYSTEMPATH\CodeIgniter.php(466): CodeIgniter\CodeIgniter->runController(Object(App\Controllers\lupas))
11 SYSTEMPATH\CodeIgniter.php(349): CodeIgniter\CodeIgniter->handleRequest(null, Object(Config\Cache), false)
12 FCPATH\index.php(55): CodeIgniter\CodeIgniter->run()
ERROR - 2022-12-27 13:19:10 --> Unknown column 'users.id' in 'where clause'
CRITICAL - 2022-12-27 13:19:10 --> Unknown column 'users.id' in 'where clause'
in SYSTEMPATH\Database\MySQLi\Connection.php on line 292.
 1 SYSTEMPATH\Database\MySQLi\Connection.php(292): mysqli->query('UPDATE `users` SET `password` = \'admin\'
WHERE `users`.`id` IN (\'1\')', 0)
 2 SYSTEMPATH\Database\BaseConnection.php(695): CodeIgniter\Database\MySQLi\Connection->execute('UPDATE `users` SET `password` = \'admin\'
WHERE `users`.`id` IN (\'1\')')
 3 SYSTEMPATH\Database\BaseConnection.php(609): CodeIgniter\Database\BaseConnection->simpleQuery('UPDATE `users` SET `password` = \'admin\'
WHERE `users`.`id` IN (\'1\')')
 4 SYSTEMPATH\Database\BaseBuilder.php(2046): CodeIgniter\Database\BaseConnection->query('UPDATE `users` SET `password` = :password:
WHERE `users`.`id` IN :users.id:', [...], false)
 5 SYSTEMPATH\Model.php(337): CodeIgniter\Database\BaseBuilder->update()
 6 SYSTEMPATH\BaseModel.php(865): CodeIgniter\Model->doUpdate([...], [...])
 7 SYSTEMPATH\Model.php(692): CodeIgniter\BaseModel->update([...], [...])
 8 APPPATH\Controllers\lupas.php(41): CodeIgniter\Model->update('1', [...])
 9 SYSTEMPATH\CodeIgniter.php(896): App\Controllers\lupas->ubah()
10 SYSTEMPATH\CodeIgniter.php(466): CodeIgniter\CodeIgniter->runController(Object(App\Controllers\lupas))
11 SYSTEMPATH\CodeIgniter.php(349): CodeIgniter\CodeIgniter->handleRequest(null, Object(Config\Cache), false)
12 FCPATH\index.php(55): CodeIgniter\CodeIgniter->run()
ERROR - 2022-12-27 13:21:14 --> Unknown column 'users.id' in 'where clause'
CRITICAL - 2022-12-27 13:21:14 --> Unknown column 'users.id' in 'where clause'
in SYSTEMPATH\Database\MySQLi\Connection.php on line 292.
 1 SYSTEMPATH\Database\MySQLi\Connection.php(292): mysqli->query('UPDATE `users` SET `password` = \'admin\'
WHERE `users`.`id` IN (\'1\')', 0)
 2 SYSTEMPATH\Database\BaseConnection.php(695): CodeIgniter\Database\MySQLi\Connection->execute('UPDATE `users` SET `password` = \'admin\'
WHERE `users`.`id` IN (\'1\')')
 3 SYSTEMPATH\Database\BaseConnection.php(609): CodeIgniter\Database\BaseConnection->simpleQuery('UPDATE `users` SET `password` = \'admin\'
WHERE `users`.`id` IN (\'1\')')
 4 SYSTEMPATH\Database\BaseBuilder.php(2046): CodeIgniter\Database\BaseConnection->query('UPDATE `users` SET `password` = :password:
WHERE `users`.`id` IN :users.id:', [...], false)
 5 SYSTEMPATH\Model.php(337): CodeIgniter\Database\BaseBuilder->update()
 6 SYSTEMPATH\BaseModel.php(865): CodeIgniter\Model->doUpdate([...], [...])
 7 SYSTEMPATH\Model.php(692): CodeIgniter\BaseModel->update([...], [...])
 8 APPPATH\Controllers\lupas.php(42): CodeIgniter\Model->update('1', [...])
 9 SYSTEMPATH\CodeIgniter.php(896): App\Controllers\lupas->ubah()
10 SYSTEMPATH\CodeIgniter.php(466): CodeIgniter\CodeIgniter->runController(Object(App\Controllers\lupas))
11 SYSTEMPATH\CodeIgniter.php(349): CodeIgniter\CodeIgniter->handleRequest(null, Object(Config\Cache), false)
12 FCPATH\index.php(55): CodeIgniter\CodeIgniter->run()
ERROR - 2022-12-27 13:21:32 --> Unknown column 'users.id' in 'where clause'
CRITICAL - 2022-12-27 13:21:32 --> Unknown column 'users.id' in 'where clause'
in SYSTEMPATH\Database\MySQLi\Connection.php on line 292.
 1 SYSTEMPATH\Database\MySQLi\Connection.php(292): mysqli->query('UPDATE `users` SET `password` = \'admin\'
WHERE `users`.`id` IN (\'1\')', 0)
 2 SYSTEMPATH\Database\BaseConnection.php(695): CodeIgniter\Database\MySQLi\Connection->execute('UPDATE `users` SET `password` = \'admin\'
WHERE `users`.`id` IN (\'1\')')
 3 SYSTEMPATH\Database\BaseConnection.php(609): CodeIgniter\Database\BaseConnection->simpleQuery('UPDATE `users` SET `password` = \'admin\'
WHERE `users`.`id` IN (\'1\')')
 4 SYSTEMPATH\Database\BaseBuilder.php(2046): CodeIgniter\Database\BaseConnection->query('UPDATE `users` SET `password` = :password:
WHERE `users`.`id` IN :users.id:', [...], false)
 5 SYSTEMPATH\Model.php(337): CodeIgniter\Database\BaseBuilder->update()
 6 SYSTEMPATH\BaseModel.php(865): CodeIgniter\Model->doUpdate([...], [...])
 7 SYSTEMPATH\Model.php(692): CodeIgniter\BaseModel->update([...], [...])
 8 APPPATH\Controllers\lupas.php(42): CodeIgniter\Model->update('1', [...])
 9 SYSTEMPATH\CodeIgniter.php(896): App\Controllers\lupas->ubah()
10 SYSTEMPATH\CodeIgniter.php(466): CodeIgniter\CodeIgniter->runController(Object(App\Controllers\lupas))
11 SYSTEMPATH\CodeIgniter.php(349): CodeIgniter\CodeIgniter->handleRequest(null, Object(Config\Cache), false)
12 FCPATH\index.php(55): CodeIgniter\CodeIgniter->run()
ERROR - 2022-12-27 13:25:27 --> Duplicate entry '1' for key 'PRIMARY'
CRITICAL - 2022-12-27 13:25:27 --> Duplicate entry '1' for key 'PRIMARY'
in SYSTEMPATH\Database\MySQLi\Connection.php on line 292.
 1 SYSTEMPATH\Database\MySQLi\Connection.php(292): mysqli->query('INSERT INTO `users` (`id_users`) VALUES (\'1\')', 0)
 2 SYSTEMPATH\Database\BaseConnection.php(695): CodeIgniter\Database\MySQLi\Connection->execute('INSERT INTO `users` (`id_users`) VALUES (\'1\')')
 3 SYSTEMPATH\Database\BaseConnection.php(609): CodeIgniter\Database\BaseConnection->simpleQuery('INSERT INTO `users` (`id_users`) VALUES (\'1\')')
 4 SYSTEMPATH\Database\BaseBuilder.php(1904): CodeIgniter\Database\BaseConnection->query('INSERT INTO `users` (`id_users`) VALUES (:id_users:)', [...], false)
 5 SYSTEMPATH\Model.php(278): CodeIgniter\Database\BaseBuilder->insert()
 6 SYSTEMPATH\BaseModel.php(738): CodeIgniter\Model->doInsert([...])
 7 SYSTEMPATH\Model.php(666): CodeIgniter\BaseModel->insert([...], false)
 8 SYSTEMPATH\BaseModel.php(658): CodeIgniter\Model->insert([...], false)
 9 APPPATH\Controllers\lupas.php(41): CodeIgniter\BaseModel->save([...], [...])
10 SYSTEMPATH\CodeIgniter.php(896): App\Controllers\lupas->ubah()
11 SYSTEMPATH\CodeIgniter.php(466): CodeIgniter\CodeIgniter->runController(Object(App\Controllers\lupas))
12 SYSTEMPATH\CodeIgniter.php(349): CodeIgniter\CodeIgniter->handleRequest(null, Object(Config\Cache), false)
13 FCPATH\index.php(55): CodeIgniter\CodeIgniter->run()
ERROR - 2022-12-27 13:25:42 --> Unknown column 'users.id' in 'where clause'
CRITICAL - 2022-12-27 13:25:42 --> Unknown column 'users.id' in 'where clause'
in SYSTEMPATH\Database\MySQLi\Connection.php on line 292.
 1 SYSTEMPATH\Database\MySQLi\Connection.php(292): mysqli->query('UPDATE `users` SET `password` = \'admin\'
WHERE `users`.`id` IN (\'1\')', 0)
 2 SYSTEMPATH\Database\BaseConnection.php(695): CodeIgniter\Database\MySQLi\Connection->execute('UPDATE `users` SET `password` = \'admin\'
WHERE `users`.`id` IN (\'1\')')
 3 SYSTEMPATH\Database\BaseConnection.php(609): CodeIgniter\Database\BaseConnection->simpleQuery('UPDATE `users` SET `password` = \'admin\'
WHERE `users`.`id` IN (\'1\')')
 4 SYSTEMPATH\Database\BaseBuilder.php(2046): CodeIgniter\Database\BaseConnection->query('UPDATE `users` SET `password` = :password:
WHERE `users`.`id` IN :users.id:', [...], false)
 5 SYSTEMPATH\Model.php(337): CodeIgniter\Database\BaseBuilder->update()
 6 SYSTEMPATH\BaseModel.php(865): CodeIgniter\Model->doUpdate([...], [...])
 7 SYSTEMPATH\Model.php(692): CodeIgniter\BaseModel->update([...], [...])
 8 APPPATH\Controllers\lupas.php(41): CodeIgniter\Model->update([...], [...])
 9 SYSTEMPATH\CodeIgniter.php(896): App\Controllers\lupas->ubah()
10 SYSTEMPATH\CodeIgniter.php(466): CodeIgniter\CodeIgniter->runController(Object(App\Controllers\lupas))
11 SYSTEMPATH\CodeIgniter.php(349): CodeIgniter\CodeIgniter->handleRequest(null, Object(Config\Cache), false)
12 FCPATH\index.php(55): CodeIgniter\CodeIgniter->run()
ERROR - 2022-12-27 13:30:57 --> Unknown column 'users.id' in 'where clause'
CRITICAL - 2022-12-27 13:30:57 --> Unknown column 'users.id' in 'where clause'
in SYSTEMPATH\Database\MySQLi\Connection.php on line 292.
 1 SYSTEMPATH\Database\MySQLi\Connection.php(292): mysqli->query('UPDATE `users` SET `password` = \'admin\'
WHERE `users`.`id` IN (\'1\')', 0)
 2 SYSTEMPATH\Database\BaseConnection.php(695): CodeIgniter\Database\MySQLi\Connection->execute('UPDATE `users` SET `password` = \'admin\'
WHERE `users`.`id` IN (\'1\')')
 3 SYSTEMPATH\Database\BaseConnection.php(609): CodeIgniter\Database\BaseConnection->simpleQuery('UPDATE `users` SET `password` = \'admin\'
WHERE `users`.`id` IN (\'1\')')
 4 SYSTEMPATH\Database\BaseBuilder.php(2046): CodeIgniter\Database\BaseConnection->query('UPDATE `users` SET `password` = :password:
WHERE `users`.`id` IN :users.id:', [...], false)
 5 SYSTEMPATH\Model.php(337): CodeIgniter\Database\BaseBuilder->update()
 6 SYSTEMPATH\BaseModel.php(865): CodeIgniter\Model->doUpdate([...], [...])
 7 SYSTEMPATH\Model.php(692): CodeIgniter\BaseModel->update([...], [...])
 8 APPPATH\Controllers\lupas.php(41): CodeIgniter\Model->update([...], [...])
 9 SYSTEMPATH\CodeIgniter.php(896): App\Controllers\lupas->ubah()
10 SYSTEMPATH\CodeIgniter.php(466): CodeIgniter\CodeIgniter->runController(Object(App\Controllers\lupas))
11 SYSTEMPATH\CodeIgniter.php(349): CodeIgniter\CodeIgniter->handleRequest(null, Object(Config\Cache), false)
12 FCPATH\index.php(55): CodeIgniter\CodeIgniter->run()
ERROR - 2022-12-27 13:32:39 --> Unknown column 'users.id' in 'where clause'
CRITICAL - 2022-12-27 13:32:39 --> Unknown column 'users.id' in 'where clause'
in SYSTEMPATH\Database\MySQLi\Connection.php on line 292.
 1 SYSTEMPATH\Database\MySQLi\Connection.php(292): mysqli->query('UPDATE `users` SET `password` = \'admin\'
WHERE `users`.`id` IN (\'1\')', 0)
 2 SYSTEMPATH\Database\BaseConnection.php(695): CodeIgniter\Database\MySQLi\Connection->execute('UPDATE `users` SET `password` = \'admin\'
WHERE `users`.`id` IN (\'1\')')
 3 SYSTEMPATH\Database\BaseConnection.php(609): CodeIgniter\Database\BaseConnection->simpleQuery('UPDATE `users` SET `password` = \'admin\'
WHERE `users`.`id` IN (\'1\')')
 4 SYSTEMPATH\Database\BaseBuilder.php(2046): CodeIgniter\Database\BaseConnection->query('UPDATE `users` SET `password` = :password:
WHERE `users`.`id` IN :users.id:', [...], false)
 5 SYSTEMPATH\Model.php(337): CodeIgniter\Database\BaseBuilder->update()
 6 SYSTEMPATH\BaseModel.php(865): CodeIgniter\Model->doUpdate([...], [...])
 7 SYSTEMPATH\Model.php(692): CodeIgniter\BaseModel->update([...], [...])
 8 APPPATH\Controllers\lupas.php(41): CodeIgniter\Model->update([...], [...])
 9 SYSTEMPATH\CodeIgniter.php(896): App\Controllers\lupas->ubah()
10 SYSTEMPATH\CodeIgniter.php(466): CodeIgniter\CodeIgniter->runController(Object(App\Controllers\lupas))
11 SYSTEMPATH\CodeIgniter.php(349): CodeIgniter\CodeIgniter->handleRequest(null, Object(Config\Cache), false)
12 FCPATH\index.php(55): CodeIgniter\CodeIgniter->run()
CRITICAL - 2022-12-27 13:36:27 --> CodeIgniter\BaseModel::transformDataToArray(): Return value must be of type array, string returned
in SYSTEMPATH\BaseModel.php on line 1598.
 1 SYSTEMPATH\BaseModel.php(704): CodeIgniter\BaseModel->transformDataToArray('ZXlKMGVYQWlPaUpLVjFRaUxDSmhiR2NpT2lKSVV6STFOaUo5LmV5SnBZWFFpT2pFek5UWTVPVGsxTWpRc0ltNWlaaUk2TVRNMU56QXdNREF3TUN3aWRXbGtJam9pWVdSdGFXNWlZWEpoSWl3aWNHRnpjM2R2Y21RaU9pSm9iR3RPYnpOSk1IbGFUWE42WlcxcFpVRlBNRXgzUFQwaWZRLmxOUEJ5UGhNX2x0c1JtRklRUy1LNUk5Vnh4aEI0YjBvRXoxN0xzU19qRjg=', 'insert')
 2 SYSTEMPATH\Model.php(666): CodeIgniter\BaseModel->insert('ZXlKMGVYQWlPaUpLVjFRaUxDSmhiR2NpT2lKSVV6STFOaUo5LmV5SnBZWFFpT2pFek5UWTVPVGsxTWpRc0ltNWlaaUk2TVRNMU56QXdNREF3TUN3aWRXbGtJam9pWVdSdGFXNWlZWEpoSWl3aWNHRnpjM2R2Y21RaU9pSm9iR3RPYnpOSk1IbGFUWE42WlcxcFpVRlBNRXgzUFQwaWZRLmxOUEJ5UGhNX2x0c1JtRklRUy1LNUk5Vnh4aEI0YjBvRXoxN0xzU19qRjg=', false)
 3 SYSTEMPATH\BaseModel.php(658): CodeIgniter\Model->insert('ZXlKMGVYQWlPaUpLVjFRaUxDSmhiR2NpT2lKSVV6STFOaUo5LmV5SnBZWFFpT2pFek5UWTVPVGsxTWpRc0ltNWlaaUk2TVRNMU56QXdNREF3TUN3aWRXbGtJam9pWVdSdGFXNWlZWEpoSWl3aWNHRnpjM2R2Y21RaU9pSm9iR3RPYnpOSk1IbGFUWE42WlcxcFpVRlBNRXgzUFQwaWZRLmxOUEJ5UGhNX2x0c1JtRklRUy1LNUk5Vnh4aEI0YjBvRXoxN0xzU19qRjg=', false)
 4 APPPATH\Controllers\lupas.php(43): CodeIgniter\BaseModel->save('ZXlKMGVYQWlPaUpLVjFRaUxDSmhiR2NpT2lKSVV6STFOaUo5LmV5SnBZWFFpT2pFek5UWTVPVGsxTWpRc0ltNWlaaUk2TVRNMU56QXdNREF3TUN3aWRXbGtJam9pWVdSdGFXNWlZWEpoSWl3aWNHRnpjM2R2Y21RaU9pSm9iR3RPYnpOSk1IbGFUWE42WlcxcFpVRlBNRXgzUFQwaWZRLmxOUEJ5UGhNX2x0c1JtRklRUy1LNUk5Vnh4aEI0YjBvRXoxN0xzU19qRjg=')
 5 SYSTEMPATH\CodeIgniter.php(896): App\Controllers\lupas->ubah()
 6 SYSTEMPATH\CodeIgniter.php(466): CodeIgniter\CodeIgniter->runController(Object(App\Controllers\lupas))
 7 SYSTEMPATH\CodeIgniter.php(349): CodeIgniter\CodeIgniter->handleRequest(null, Object(Config\Cache), false)
 8 FCPATH\index.php(55): CodeIgniter\CodeIgniter->run()
ERROR - 2022-12-27 13:46:45 --> Duplicate entry '1' for key 'PRIMARY'
CRITICAL - 2022-12-27 13:46:45 --> Duplicate entry '1' for key 'PRIMARY'
in SYSTEMPATH\Database\MySQLi\Connection.php on line 292.
 1 SYSTEMPATH\Database\MySQLi\Connection.php(292): mysqli->query('INSERT INTO `users` (`id_users`, `username`, `password`) VALUES ((\'1\'), \'adminbara\', \'ZXlKMGVYQWlPaUpLVjFRaUxDSmhiR2NpT2lKSVV6STFOaUo5LmV5SnBZWFFpT2pFek5UWTVPVGsxTWpRc0ltNWlaaUk2TVRNMU56QXdNREF3TUN3aWRXbGtJam9pWVdSdGFXNWlZWEpoSWl3aWNHRnpjM2R2Y21RaU9pSlNXWEZZY0dGeFRqaFFXbFJsZW5BNFoyWnhkRFJCUFQwaWZRLk85NHl2SkE4WTFwTkNnZjJNc2hfVmkzSEoxRWxkX1dUY2pjN2gyRE5BSHM=\')', 0)
 2 SYSTEMPATH\Database\BaseConnection.php(695): CodeIgniter\Database\MySQLi\Connection->execute('INSERT INTO `users` (`id_users`, `username`, `password`) VALUES ((\'1\'), \'adminbara\', \'ZXlKMGVYQWlPaUpLVjFRaUxDSmhiR2NpT2lKSVV6STFOaUo5LmV5SnBZWFFpT2pFek5UWTVPVGsxTWpRc0ltNWlaaUk2TVRNMU56QXdNREF3TUN3aWRXbGtJam9pWVdSdGFXNWlZWEpoSWl3aWNHRnpjM2R2Y21RaU9pSlNXWEZZY0dGeFRqaFFXbFJsZW5BNFoyWnhkRFJCUFQwaWZRLk85NHl2SkE4WTFwTkNnZjJNc2hfVmkzSEoxRWxkX1dUY2pjN2gyRE5BSHM=\')')
 3 SYSTEMPATH\Database\BaseConnection.php(609): CodeIgniter\Database\BaseConnection->simpleQuery('INSERT INTO `users` (`id_users`, `username`, `password`) VALUES ((\'1\'), \'adminbara\', \'ZXlKMGVYQWlPaUpLVjFRaUxDSmhiR2NpT2lKSVV6STFOaUo5LmV5SnBZWFFpT2pFek5UWTVPVGsxTWpRc0ltNWlaaUk2TVRNMU56QXdNREF3TUN3aWRXbGtJam9pWVdSdGFXNWlZWEpoSWl3aWNHRnpjM2R2Y21RaU9pSlNXWEZZY0dGeFRqaFFXbFJsZW5BNFoyWnhkRFJCUFQwaWZRLk85NHl2SkE4WTFwTkNnZjJNc2hfVmkzSEoxRWxkX1dUY2pjN2gyRE5BSHM=\')')
 4 SYSTEMPATH\Database\BaseBuilder.php(1904): CodeIgniter\Database\BaseConnection->query('INSERT INTO `users` (`id_users`, `username`, `password`) VALUES (:id_users:, :username:, :password:)', [...], false)
 5 SYSTEMPATH\Model.php(278): CodeIgniter\Database\BaseBuilder->insert()
 6 SYSTEMPATH\BaseModel.php(738): CodeIgniter\Model->doInsert([...])
 7 SYSTEMPATH\Model.php(666): CodeIgniter\BaseModel->insert([...], false)
 8 SYSTEMPATH\BaseModel.php(658): CodeIgniter\Model->insert([...], false)
 9 APPPATH\Controllers\lupas.php(53): CodeIgniter\BaseModel->save([...])
10 SYSTEMPATH\CodeIgniter.php(896): App\Controllers\lupas->ubah()
11 SYSTEMPATH\CodeIgniter.php(466): CodeIgniter\CodeIgniter->runController(Object(App\Controllers\lupas))
12 SYSTEMPATH\CodeIgniter.php(349): CodeIgniter\CodeIgniter->handleRequest(null, Object(Config\Cache), false)
13 FCPATH\index.php(55): CodeIgniter\CodeIgniter->run()
ERROR - 2022-12-27 13:48:34 --> Duplicate entry '1' for key 'PRIMARY'
CRITICAL - 2022-12-27 13:48:34 --> Duplicate entry '1' for key 'PRIMARY'
in SYSTEMPATH\Database\MySQLi\Connection.php on line 292.
 1 SYSTEMPATH\Database\MySQLi\Connection.php(292): mysqli->query('INSERT INTO `users` (`id_users`, `username`, `password`) VALUES (\'1\', \'adminbara\', \'ZXlKMGVYQWlPaUpLVjFRaUxDSmhiR2NpT2lKSVV6STFOaUo5LmV5SnBZWFFpT2pFek5UWTVPVGsxTWpRc0ltNWlaaUk2TVRNMU56QXdNREF3TUN3aWRXbGtJam9pWVdSdGFXNWlZWEpoSWl3aWNHRnpjM2R2Y21RaU9pSlNXWEZZY0dGeFRqaFFXbFJsZW5BNFoyWnhkRFJCUFQwaWZRLk85NHl2SkE4WTFwTkNnZjJNc2hfVmkzSEoxRWxkX1dUY2pjN2gyRE5BSHM=\')', 0)
 2 SYSTEMPATH\Database\BaseConnection.php(695): CodeIgniter\Database\MySQLi\Connection->execute('INSERT INTO `users` (`id_users`, `username`, `password`) VALUES (\'1\', \'adminbara\', \'ZXlKMGVYQWlPaUpLVjFRaUxDSmhiR2NpT2lKSVV6STFOaUo5LmV5SnBZWFFpT2pFek5UWTVPVGsxTWpRc0ltNWlaaUk2TVRNMU56QXdNREF3TUN3aWRXbGtJam9pWVdSdGFXNWlZWEpoSWl3aWNHRnpjM2R2Y21RaU9pSlNXWEZZY0dGeFRqaFFXbFJsZW5BNFoyWnhkRFJCUFQwaWZRLk85NHl2SkE4WTFwTkNnZjJNc2hfVmkzSEoxRWxkX1dUY2pjN2gyRE5BSHM=\')')
 3 SYSTEMPATH\Database\BaseConnection.php(609): CodeIgniter\Database\BaseConnection->simpleQuery('INSERT INTO `users` (`id_users`, `username`, `password`) VALUES (\'1\', \'adminbara\', \'ZXlKMGVYQWlPaUpLVjFRaUxDSmhiR2NpT2lKSVV6STFOaUo5LmV5SnBZWFFpT2pFek5UWTVPVGsxTWpRc0ltNWlaaUk2TVRNMU56QXdNREF3TUN3aWRXbGtJam9pWVdSdGFXNWlZWEpoSWl3aWNHRnpjM2R2Y21RaU9pSlNXWEZZY0dGeFRqaFFXbFJsZW5BNFoyWnhkRFJCUFQwaWZRLk85NHl2SkE4WTFwTkNnZjJNc2hfVmkzSEoxRWxkX1dUY2pjN2gyRE5BSHM=\')')
 4 SYSTEMPATH\Database\BaseBuilder.php(1904): CodeIgniter\Database\BaseConnection->query('INSERT INTO `users` (`id_users`, `username`, `password`) VALUES (:id_users:, :username:, :password:)', [...], false)
 5 SYSTEMPATH\Model.php(278): CodeIgniter\Database\BaseBuilder->insert()
 6 SYSTEMPATH\BaseModel.php(738): CodeIgniter\Model->doInsert([...])
 7 SYSTEMPATH\Model.php(666): CodeIgniter\BaseModel->insert([...], false)
 8 SYSTEMPATH\BaseModel.php(658): CodeIgniter\Model->insert([...], false)
 9 APPPATH\Controllers\lupas.php(53): CodeIgniter\BaseModel->save([...])
10 SYSTEMPATH\CodeIgniter.php(896): App\Controllers\lupas->ubah()
11 SYSTEMPATH\CodeIgniter.php(466): CodeIgniter\CodeIgniter->runController(Object(App\Controllers\lupas))
12 SYSTEMPATH\CodeIgniter.php(349): CodeIgniter\CodeIgniter->handleRequest(null, Object(Config\Cache), false)
13 FCPATH\index.php(55): CodeIgniter\CodeIgniter->run()
CRITICAL - 2022-12-27 13:51:00 --> There is no data to update.
in SYSTEMPATH\BaseModel.php on line 1576.
 1 SYSTEMPATH\BaseModel.php(1576): CodeIgniter\Database\Exceptions\DataException::forEmptyDataset('update')
 2 SYSTEMPATH\BaseModel.php(832): CodeIgniter\BaseModel->transformDataToArray(null, 'update')
 3 SYSTEMPATH\Model.php(692): CodeIgniter\BaseModel->update([...], null)
 4 APPPATH\Controllers\lupas.php(54): CodeIgniter\Model->update([...])
 5 SYSTEMPATH\CodeIgniter.php(896): App\Controllers\lupas->ubah()
 6 SYSTEMPATH\CodeIgniter.php(466): CodeIgniter\CodeIgniter->runController(Object(App\Controllers\lupas))
 7 SYSTEMPATH\CodeIgniter.php(349): CodeIgniter\CodeIgniter->handleRequest(null, Object(Config\Cache), false)
 8 FCPATH\index.php(55): CodeIgniter\CodeIgniter->run()
CRITICAL - 2022-12-27 13:51:15 --> There is no data to update.
in SYSTEMPATH\BaseModel.php on line 1576.
 1 SYSTEMPATH\BaseModel.php(1576): CodeIgniter\Database\Exceptions\DataException::forEmptyDataset('update')
 2 SYSTEMPATH\BaseModel.php(832): CodeIgniter\BaseModel->transformDataToArray(null, 'update')
 3 SYSTEMPATH\Model.php(692): CodeIgniter\BaseModel->update([...], null)
 4 APPPATH\Controllers\lupas.php(54): CodeIgniter\Model->update([...])
 5 SYSTEMPATH\CodeIgniter.php(896): App\Controllers\lupas->ubah()
 6 SYSTEMPATH\CodeIgniter.php(466): CodeIgniter\CodeIgniter->runController(Object(App\Controllers\lupas))
 7 SYSTEMPATH\CodeIgniter.php(349): CodeIgniter\CodeIgniter->handleRequest(null, Object(Config\Cache), false)
 8 FCPATH\index.php(55): CodeIgniter\CodeIgniter->run()
ERROR - 2022-12-27 13:51:59 --> Unknown column 'users.id' in 'where clause'
CRITICAL - 2022-12-27 13:51:59 --> Unknown column 'users.id' in 'where clause'
in SYSTEMPATH\Database\MySQLi\Connection.php on line 292.
 1 SYSTEMPATH\Database\MySQLi\Connection.php(292): mysqli->query('UPDATE `users` SET `password` = \'ZXlKMGVYQWlPaUpLVjFRaUxDSmhiR2NpT2lKSVV6STFOaUo5LmV5SnBZWFFpT2pFek5UWTVPVGsxTWpRc0ltNWlaaUk2TVRNMU56QXdNREF3TUN3aWRXbGtJam9pWVdSdGFXNWlZWEpoSWl3aWNHRnpjM2R2Y21RaU9pSlNXWEZZY0dGeFRqaFFXbFJsZW5BNFoyWnhkRFJCUFQwaWZRLk85NHl2SkE4WTFwTkNnZjJNc2hfVmkzSEoxRWxkX1dUY2pjN2gyRE5BSHM=\'
WHERE `users`.`id` IN (\'1\')', 0)
 2 SYSTEMPATH\Database\BaseConnection.php(695): CodeIgniter\Database\MySQLi\Connection->execute('UPDATE `users` SET `password` = \'ZXlKMGVYQWlPaUpLVjFRaUxDSmhiR2NpT2lKSVV6STFOaUo5LmV5SnBZWFFpT2pFek5UWTVPVGsxTWpRc0ltNWlaaUk2TVRNMU56QXdNREF3TUN3aWRXbGtJam9pWVdSdGFXNWlZWEpoSWl3aWNHRnpjM2R2Y21RaU9pSlNXWEZZY0dGeFRqaFFXbFJsZW5BNFoyWnhkRFJCUFQwaWZRLk85NHl2SkE4WTFwTkNnZjJNc2hfVmkzSEoxRWxkX1dUY2pjN2gyRE5BSHM=\'
WHERE `users`.`id` IN (\'1\')')
 3 SYSTEMPATH\Database\BaseConnection.php(609): CodeIgniter\Database\BaseConnection->simpleQuery('UPDATE `users` SET `password` = \'ZXlKMGVYQWlPaUpLVjFRaUxDSmhiR2NpT2lKSVV6STFOaUo5LmV5SnBZWFFpT2pFek5UWTVPVGsxTWpRc0ltNWlaaUk2TVRNMU56QXdNREF3TUN3aWRXbGtJam9pWVdSdGFXNWlZWEpoSWl3aWNHRnpjM2R2Y21RaU9pSlNXWEZZY0dGeFRqaFFXbFJsZW5BNFoyWnhkRFJCUFQwaWZRLk85NHl2SkE4WTFwTkNnZjJNc2hfVmkzSEoxRWxkX1dUY2pjN2gyRE5BSHM=\'
WHERE `users`.`id` IN (\'1\')')
 4 SYSTEMPATH\Database\BaseBuilder.php(2046): CodeIgniter\Database\BaseConnection->query('UPDATE `users` SET `password` = :password:
WHERE `users`.`id` IN :users.id:', [...], false)
 5 SYSTEMPATH\Model.php(337): CodeIgniter\Database\BaseBuilder->update()
 6 SYSTEMPATH\BaseModel.php(865): CodeIgniter\Model->doUpdate([...], [...])
 7 SYSTEMPATH\Model.php(692): CodeIgniter\BaseModel->update([...], [...])
 8 APPPATH\Controllers\lupas.php(54): CodeIgniter\Model->update('1', [...])
 9 SYSTEMPATH\CodeIgniter.php(896): App\Controllers\lupas->ubah()
10 SYSTEMPATH\CodeIgniter.php(466): CodeIgniter\CodeIgniter->runController(Object(App\Controllers\lupas))
11 SYSTEMPATH\CodeIgniter.php(349): CodeIgniter\CodeIgniter->handleRequest(null, Object(Config\Cache), false)
12 FCPATH\index.php(55): CodeIgniter\CodeIgniter->run()
ERROR - 2022-12-27 14:02:09 --> Duplicate entry '1' for key 'PRIMARY'
CRITICAL - 2022-12-27 14:02:09 --> Duplicate entry '1' for key 'PRIMARY'
in SYSTEMPATH\Database\MySQLi\Connection.php on line 292.
 1 SYSTEMPATH\Database\MySQLi\Connection.php(292): mysqli->query('INSERT INTO `users` (`id_users`, `nama`, `notelepon`, `email`, `username`, `password`, `role`) VALUES ((\'1\'), (\'Admin Bara\'), (\'0816593922\'), (\'admin@bara.co.id\'), \'adminbara\', \'ZXlKMGVYQWlPaUpLVjFRaUxDSmhiR2NpT2lKSVV6STFOaUo5LmV5SnBZWFFpT2pFek5UWTVPVGsxTWpRc0ltNWlaaUk2TVRNMU56QXdNREF3TUN3aWRXbGtJam9pWVdSdGFXNWlZWEpoSWl3aWNHRnpjM2R2Y21RaU9pSlNXWEZZY0dGeFRqaFFXbFJsZW5BNFoyWnhkRFJCUFQwaWZRLk85NHl2SkE4WTFwTkNnZjJNc2hfVmkzSEoxRWxkX1dUY2pjN2gyRE5BSHM=\', (\'ADMIN\'))', 0)
 2 SYSTEMPATH\Database\BaseConnection.php(695): CodeIgniter\Database\MySQLi\Connection->execute('INSERT INTO `users` (`id_users`, `nama`, `notelepon`, `email`, `username`, `password`, `role`) VALUES ((\'1\'), (\'Admin Bara\'), (\'0816593922\'), (\'admin@bara.co.id\'), \'adminbara\', \'ZXlKMGVYQWlPaUpLVjFRaUxDSmhiR2NpT2lKSVV6STFOaUo5LmV5SnBZWFFpT2pFek5UWTVPVGsxTWpRc0ltNWlaaUk2TVRNMU56QXdNREF3TUN3aWRXbGtJam9pWVdSdGFXNWlZWEpoSWl3aWNHRnpjM2R2Y21RaU9pSlNXWEZZY0dGeFRqaFFXbFJsZW5BNFoyWnhkRFJCUFQwaWZRLk85NHl2SkE4WTFwTkNnZjJNc2hfVmkzSEoxRWxkX1dUY2pjN2gyRE5BSHM=\', (\'ADMIN\'))')
 3 SYSTEMPATH\Database\BaseConnection.php(609): CodeIgniter\Database\BaseConnection->simpleQuery('INSERT INTO `users` (`id_users`, `nama`, `notelepon`, `email`, `username`, `password`, `role`) VALUES ((\'1\'), (\'Admin Bara\'), (\'0816593922\'), (\'admin@bara.co.id\'), \'adminbara\', \'ZXlKMGVYQWlPaUpLVjFRaUxDSmhiR2NpT2lKSVV6STFOaUo5LmV5SnBZWFFpT2pFek5UWTVPVGsxTWpRc0ltNWlaaUk2TVRNMU56QXdNREF3TUN3aWRXbGtJam9pWVdSdGFXNWlZWEpoSWl3aWNHRnpjM2R2Y21RaU9pSlNXWEZZY0dGeFRqaFFXbFJsZW5BNFoyWnhkRFJCUFQwaWZRLk85NHl2SkE4WTFwTkNnZjJNc2hfVmkzSEoxRWxkX1dUY2pjN2gyRE5BSHM=\', (\'ADMIN\'))')
 4 SYSTEMPATH\Database\BaseBuilder.php(1904): CodeIgniter\Database\BaseConnection->query('INSERT INTO `users` (`id_users`, `nama`, `notelepon`, `email`, `username`, `password`, `role`) VALUES (:id_users:, :nama:, :notelepon:, :email:, :username:, :password:, :role:)', [...], false)
 5 SYSTEMPATH\Model.php(278): CodeIgniter\Database\BaseBuilder->insert()
 6 SYSTEMPATH\BaseModel.php(738): CodeIgniter\Model->doInsert([...])
 7 SYSTEMPATH\Model.php(666): CodeIgniter\BaseModel->insert([...], false)
 8 SYSTEMPATH\BaseModel.php(658): CodeIgniter\Model->insert([...], false)
 9 APPPATH\Controllers\lupas.php(61): CodeIgniter\BaseModel->save([...])
10 SYSTEMPATH\CodeIgniter.php(896): App\Controllers\lupas->ubah()
11 SYSTEMPATH\CodeIgniter.php(466): CodeIgniter\CodeIgniter->runController(Object(App\Controllers\lupas))
12 SYSTEMPATH\CodeIgniter.php(349): CodeIgniter\CodeIgniter->handleRequest(null, Object(Config\Cache), false)
13 FCPATH\index.php(55): CodeIgniter\CodeIgniter->run()
CRITICAL - 2022-12-27 14:06:51 --> There is no data to update.
in SYSTEMPATH\BaseModel.php on line 846.
 1 SYSTEMPATH\BaseModel.php(846): CodeIgniter\Database\Exceptions\DataException::forEmptyDataset('update')
 2 SYSTEMPATH\Model.php(692): CodeIgniter\BaseModel->update([...], [])
 3 APPPATH\Controllers\lupas.php(61): CodeIgniter\Model->update([...], [...])
 4 SYSTEMPATH\CodeIgniter.php(896): App\Controllers\lupas->ubah()
 5 SYSTEMPATH\CodeIgniter.php(466): CodeIgniter\CodeIgniter->runController(Object(App\Controllers\lupas))
 6 SYSTEMPATH\CodeIgniter.php(349): CodeIgniter\CodeIgniter->handleRequest(null, Object(Config\Cache), false)
 7 FCPATH\index.php(55): CodeIgniter\CodeIgniter->run()
CRITICAL - 2022-12-27 14:07:09 --> Undefined variable $pass
in APPPATH\Views\admin\pages\editprofil.php on line 14.
 1 APPPATH\Views\admin\pages\editprofil.php(14): CodeIgniter\Debug\Exceptions->errorHandler(2, 'Undefined variable $pass', 'APPPATH\\Views\\admin\\pages\\editprofil.php', 14)
 2 SYSTEMPATH\View\View.php(213): include('APPPATH\\Views\\admin\\pages\\editprofil.php')
 3 SYSTEMPATH\View\View.php(216): CodeIgniter\View\View->CodeIgniter\View\{closure}()
 4 SYSTEMPATH\Common.php(1135): CodeIgniter\View\View->render('admin/pages/editprofil', [], true)
 5 APPPATH\Controllers\Users.php(82): view('admin/pages/editprofil')
 6 SYSTEMPATH\CodeIgniter.php(896): App\Controllers\Users->edit()
 7 SYSTEMPATH\CodeIgniter.php(466): CodeIgniter\CodeIgniter->runController(Object(App\Controllers\Users))
 8 SYSTEMPATH\CodeIgniter.php(349): CodeIgniter\CodeIgniter->handleRequest(null, Object(Config\Cache), false)
 9 FCPATH\index.php(55): CodeIgniter\CodeIgniter->run()
CRITICAL - 2022-12-27 20:02:59 --> syntax error, unexpected identifier "Config", expecting ")"
in APPPATH\Config\Routes.php on line 88.
 1 SYSTEMPATH\CodeIgniter.php(415): CodeIgniter\CodeIgniter->tryToRouteIt(null)
 2 SYSTEMPATH\CodeIgniter.php(349): CodeIgniter\CodeIgniter->handleRequest(null, Object(Config\Cache), false)
 3 FCPATH\index.php(55): CodeIgniter\CodeIgniter->run()
CRITICAL - 2022-12-27 20:12:09 --> Undefined variable $nama
in APPPATH\Views\admin\pages\reset.php on line 123.
 1 APPPATH\Views\admin\pages\reset.php(123): CodeIgniter\Debug\Exceptions->errorHandler(2, 'Undefined variable $nama', 'APPPATH\\Views\\admin\\pages\\reset.php', 123)
 2 SYSTEMPATH\View\View.php(213): include('APPPATH\\Views\\admin\\pages\\reset.php')
 3 SYSTEMPATH\View\View.php(216): CodeIgniter\View\View->CodeIgniter\View\{closure}()
 4 SYSTEMPATH\Common.php(1135): CodeIgniter\View\View->render('admin/pages/reset', [], true)
 5 APPPATH\Controllers\Users.php(71): view('admin/pages/reset')
 6 SYSTEMPATH\CodeIgniter.php(896): App\Controllers\Users->profil()
 7 SYSTEMPATH\CodeIgniter.php(466): CodeIgniter\CodeIgniter->runController(Object(App\Controllers\Users))
 8 SYSTEMPATH\CodeIgniter.php(349): CodeIgniter\CodeIgniter->handleRequest(null, Object(Config\Cache), false)
 9 FCPATH\index.php(55): CodeIgniter\CodeIgniter->run()
CRITICAL - 2022-12-27 20:13:02 --> Undefined variable $user
in APPPATH\Views\admin\pages\reset.php on line 7.
 1 APPPATH\Views\admin\pages\reset.php(7): CodeIgniter\Debug\Exceptions->errorHandler(2, 'Undefined variable $user', 'APPPATH\\Views\\admin\\pages\\reset.php', 7)
 2 SYSTEMPATH\View\View.php(213): include('APPPATH\\Views\\admin\\pages\\reset.php')
 3 SYSTEMPATH\View\View.php(216): CodeIgniter\View\View->CodeIgniter\View\{closure}()
 4 SYSTEMPATH\Common.php(1135): CodeIgniter\View\View->render('admin/pages/reset', [], true)
 5 APPPATH\Controllers\Users.php(71): view('admin/pages/reset')
 6 SYSTEMPATH\CodeIgniter.php(896): App\Controllers\Users->profil()
 7 SYSTEMPATH\CodeIgniter.php(466): CodeIgniter\CodeIgniter->runController(Object(App\Controllers\Users))
 8 SYSTEMPATH\CodeIgniter.php(349): CodeIgniter\CodeIgniter->handleRequest(null, Object(Config\Cache), false)
 9 FCPATH\index.php(55): CodeIgniter\CodeIgniter->run()
CRITICAL - 2022-12-27 20:13:25 --> Undefined variable $user
in APPPATH\Views\admin\pages\reset.php on line 7.
 1 APPPATH\Views\admin\pages\reset.php(7): CodeIgniter\Debug\Exceptions->errorHandler(2, 'Undefined variable $user', 'APPPATH\\Views\\admin\\pages\\reset.php', 7)
 2 SYSTEMPATH\View\View.php(213): include('APPPATH\\Views\\admin\\pages\\reset.php')
 3 SYSTEMPATH\View\View.php(216): CodeIgniter\View\View->CodeIgniter\View\{closure}()
 4 SYSTEMPATH\Common.php(1135): CodeIgniter\View\View->render('admin/pages/reset', [], true)
 5 APPPATH\Controllers\Users.php(71): view('admin/pages/reset')
 6 SYSTEMPATH\CodeIgniter.php(896): App\Controllers\Users->profil()
 7 SYSTEMPATH\CodeIgniter.php(466): CodeIgniter\CodeIgniter->runController(Object(App\Controllers\Users))
 8 SYSTEMPATH\CodeIgniter.php(349): CodeIgniter\CodeIgniter->handleRequest(null, Object(Config\Cache), false)
 9 FCPATH\index.php(55): CodeIgniter\CodeIgniter->run()
CRITICAL - 2022-12-27 22:46:13 --> syntax error, unexpected token ";", expecting "]"
in APPPATH\Controllers\Pelamar.php on line 226.
 1 SYSTEMPATH\Autoloader\Autoloader.php(261): CodeIgniter\Autoloader\Autoloader->includeFile('APPPATH\\Controllers\\Pelamar.php')
 2 SYSTEMPATH\Autoloader\Autoloader.php(239): CodeIgniter\Autoloader\Autoloader->loadInNamespace('App\\Controllers\\Pelamar')
 3 [internal function]: CodeIgniter\Autoloader\Autoloader->loadClass('App\\Controllers\\Pelamar')
 4 SYSTEMPATH\CodeIgniter.php(846): class_exists('\\App\\Controllers\\Pelamar', true)
 5 SYSTEMPATH\CodeIgniter.php(453): CodeIgniter\CodeIgniter->startController()
 6 SYSTEMPATH\CodeIgniter.php(349): CodeIgniter\CodeIgniter->handleRequest(null, Object(Config\Cache), false)
 7 FCPATH\index.php(55): CodeIgniter\CodeIgniter->run()
CRITICAL - 2022-12-27 22:47:48 --> Array to string conversion
in APPPATH\Controllers\Pelamar.php on line 225.
 1 APPPATH\Controllers\Pelamar.php(225): CodeIgniter\Debug\Exceptions->errorHandler(2, 'Array to string conversion', 'APPPATH\\Controllers\\Pelamar.php', 225)
 2 SYSTEMPATH\CodeIgniter.php(896): App\Controllers\Pelamar->acc()
 3 SYSTEMPATH\CodeIgniter.php(466): CodeIgniter\CodeIgniter->runController(Object(App\Controllers\Pelamar))
 4 SYSTEMPATH\CodeIgniter.php(349): CodeIgniter\CodeIgniter->handleRequest(null, Object(Config\Cache), false)
 5 FCPATH\index.php(55): CodeIgniter\CodeIgniter->run()
CRITICAL - 2022-12-27 22:49:23 --> Array to string conversion
in APPPATH\Controllers\Pelamar.php on line 225.
 1 APPPATH\Controllers\Pelamar.php(225): CodeIgniter\Debug\Exceptions->errorHandler(2, 'Array to string conversion', 'APPPATH\\Controllers\\Pelamar.php', 225)
 2 SYSTEMPATH\CodeIgniter.php(896): App\Controllers\Pelamar->acc()
 3 SYSTEMPATH\CodeIgniter.php(466): CodeIgniter\CodeIgniter->runController(Object(App\Controllers\Pelamar))
 4 SYSTEMPATH\CodeIgniter.php(349): CodeIgniter\CodeIgniter->handleRequest(null, Object(Config\Cache), false)
 5 FCPATH\index.php(55): CodeIgniter\CodeIgniter->run()
CRITICAL - 2022-12-27 22:50:11 --> Cannot access offset of type string on string
in APPPATH\Controllers\Pelamar.php on line 225.
 1 SYSTEMPATH\CodeIgniter.php(896): App\Controllers\Pelamar->acc()
 2 SYSTEMPATH\CodeIgniter.php(466): CodeIgniter\CodeIgniter->runController(Object(App\Controllers\Pelamar))
 3 SYSTEMPATH\CodeIgniter.php(349): CodeIgniter\CodeIgniter->handleRequest(null, Object(Config\Cache), false)
 4 FCPATH\index.php(55): CodeIgniter\CodeIgniter->run()
CRITICAL - 2022-12-27 22:51:06 --> Cannot access offset of type string on string
in APPPATH\Controllers\Pelamar.php on line 225.
 1 SYSTEMPATH\CodeIgniter.php(896): App\Controllers\Pelamar->acc()
 2 SYSTEMPATH\CodeIgniter.php(466): CodeIgniter\CodeIgniter->runController(Object(App\Controllers\Pelamar))
 3 SYSTEMPATH\CodeIgniter.php(349): CodeIgniter\CodeIgniter->handleRequest(null, Object(Config\Cache), false)
 4 FCPATH\index.php(55): CodeIgniter\CodeIgniter->run()
CRITICAL - 2022-12-27 22:54:20 --> Undefined variable $nama
in APPPATH\Views\admin\pages\interview.php on line 240.
 1 APPPATH\Views\admin\pages\interview.php(240): CodeIgniter\Debug\Exceptions->errorHandler(2, 'Undefined variable $nama', 'APPPATH\\Views\\admin\\pages\\interview.php', 240)
 2 SYSTEMPATH\View\View.php(213): include('APPPATH\\Views\\admin\\pages\\interview.php')
 3 SYSTEMPATH\View\View.php(216): CodeIgniter\View\View->CodeIgniter\View\{closure}()
 4 SYSTEMPATH\Common.php(1135): CodeIgniter\View\View->render('admin/pages/interview', [], true)
 5 APPPATH\Controllers\Pelamar.php(196): view('admin/pages/interview', [...])
 6 SYSTEMPATH\CodeIgniter.php(896): App\Controllers\Pelamar->interview()
 7 SYSTEMPATH\CodeIgniter.php(466): CodeIgniter\CodeIgniter->runController(Object(App\Controllers\Pelamar))
 8 SYSTEMPATH\CodeIgniter.php(349): CodeIgniter\CodeIgniter->handleRequest(null, Object(Config\Cache), false)
 9 FCPATH\index.php(55): CodeIgniter\CodeIgniter->run()
CRITICAL - 2022-12-27 22:54:22 --> Undefined variable $nama
in APPPATH\Views\admin\pages\interview.php on line 240.
 1 APPPATH\Views\admin\pages\interview.php(240): CodeIgniter\Debug\Exceptions->errorHandler(2, 'Undefined variable $nama', 'APPPATH\\Views\\admin\\pages\\interview.php', 240)
 2 SYSTEMPATH\View\View.php(213): include('APPPATH\\Views\\admin\\pages\\interview.php')
 3 SYSTEMPATH\View\View.php(216): CodeIgniter\View\View->CodeIgniter\View\{closure}()
 4 SYSTEMPATH\Common.php(1135): CodeIgniter\View\View->render('admin/pages/interview', [], true)
 5 APPPATH\Controllers\Pelamar.php(196): view('admin/pages/interview', [...])
 6 SYSTEMPATH\CodeIgniter.php(896): App\Controllers\Pelamar->interview()
 7 SYSTEMPATH\CodeIgniter.php(466): CodeIgniter\CodeIgniter->runController(Object(App\Controllers\Pelamar))
 8 SYSTEMPATH\CodeIgniter.php(349): CodeIgniter\CodeIgniter->handleRequest(null, Object(Config\Cache), false)
 9 FCPATH\index.php(55): CodeIgniter\CodeIgniter->run()
CRITICAL - 2022-12-27 22:54:43 --> Undefined variable $nama
in APPPATH\Views\admin\pages\interview.php on line 240.
 1 APPPATH\Views\admin\pages\interview.php(240): CodeIgniter\Debug\Exceptions->errorHandler(2, 'Undefined variable $nama', 'APPPATH\\Views\\admin\\pages\\interview.php', 240)
 2 SYSTEMPATH\View\View.php(213): include('APPPATH\\Views\\admin\\pages\\interview.php')
 3 SYSTEMPATH\View\View.php(216): CodeIgniter\View\View->CodeIgniter\View\{closure}()
 4 SYSTEMPATH\Common.php(1135): CodeIgniter\View\View->render('admin/pages/interview', [], true)
 5 APPPATH\Controllers\Pelamar.php(196): view('admin/pages/interview', [...])
 6 SYSTEMPATH\CodeIgniter.php(896): App\Controllers\Pelamar->interview()
 7 SYSTEMPATH\CodeIgniter.php(466): CodeIgniter\CodeIgniter->runController(Object(App\Controllers\Pelamar))
 8 SYSTEMPATH\CodeIgniter.php(349): CodeIgniter\CodeIgniter->handleRequest(null, Object(Config\Cache), false)
 9 FCPATH\index.php(55): CodeIgniter\CodeIgniter->run()
CRITICAL - 2022-12-27 22:57:03 --> Cannot access offset of type string on string
in APPPATH\Controllers\Pelamar.php on line 225.
 1 SYSTEMPATH\CodeIgniter.php(896): App\Controllers\Pelamar->acc()
 2 SYSTEMPATH\CodeIgniter.php(466): CodeIgniter\CodeIgniter->runController(Object(App\Controllers\Pelamar))
 3 SYSTEMPATH\CodeIgniter.php(349): CodeIgniter\CodeIgniter->handleRequest(null, Object(Config\Cache), false)
 4 FCPATH\index.php(55): CodeIgniter\CodeIgniter->run()
