CRITICAL - 2022-11-20 08:02:34 --> strpos(): Passing null to parameter #1 ($haystack) of type string is deprecated
in SYSTEMPATH\Email\Email.php on line 728.
 1 [internal function]: CodeIgniter\Debug\Exceptions->errorHandler(8192, 'strpos(): Passing null to parameter #1 ($haystack) of type string is deprecated', 'SYSTEMPATH\\Email\\Email.php', 728)
 2 SYSTEMPATH\Email\Email.php(728): strpos(null, ',')
 3 SYSTEMPATH\Email\Email.php(541): CodeIgniter\Email\Email->stringToArray(null)
 4 APPPATH\Controllers\Pelamar.php(263): CodeIgniter\Email\Email->setTo(null)
 5 SYSTEMPATH\CodeIgniter.php(896): App\Controllers\Pelamar->tolak()
 6 SYSTEMPATH\CodeIgniter.php(466): CodeIgniter\CodeIgniter->runController(Object(App\Controllers\Pelamar))
 7 SYSTEMPATH\CodeIgniter.php(349): CodeIgniter\CodeIgniter->handleRequest(null, Object(Config\Cache), false)
 8 FCPATH\index.php(55): CodeIgniter\CodeIgniter->run()
CRITICAL - 2022-11-20 08:05:27 --> strpos(): Passing null to parameter #1 ($haystack) of type string is deprecated
in SYSTEMPATH\Email\Email.php on line 728.
 1 [internal function]: CodeIgniter\Debug\Exceptions->errorHandler(8192, 'strpos(): Passing null to parameter #1 ($haystack) of type string is deprecated', 'SYSTEMPATH\\Email\\Email.php', 728)
 2 SYSTEMPATH\Email\Email.php(728): strpos(null, ',')
 3 SYSTEMPATH\Email\Email.php(541): CodeIgniter\Email\Email->stringToArray(null)
 4 APPPATH\Controllers\Pelamar.php(263): CodeIgniter\Email\Email->setTo(null)
 5 SYSTEMPATH\CodeIgniter.php(896): App\Controllers\Pelamar->tolak()
 6 SYSTEMPATH\CodeIgniter.php(466): CodeIgniter\CodeIgniter->runController(Object(App\Controllers\Pelamar))
 7 SYSTEMPATH\CodeIgniter.php(349): CodeIgniter\CodeIgniter->handleRequest(null, Object(Config\Cache), false)
 8 FCPATH\index.php(55): CodeIgniter\CodeIgniter->run()
CRITICAL - 2022-11-20 08:05:36 --> str_replace(): Passing null to parameter #3 ($subject) of type array|string is deprecated
in SYSTEMPATH\Email\Email.php on line 1456.
 1 [internal function]: CodeIgniter\Debug\Exceptions->errorHandler(8192, 'str_replace(): Passing null to parameter #3 ($subject) of type array|string is deprecated', 'SYSTEMPATH\\Email\\Email.php', 1456)
 2 SYSTEMPATH\Email\Email.php(1456): str_replace([...], 'ROOTPATH\\public', null)
 3 SYSTEMPATH\Email\Email.php(619): CodeIgniter\Email\Email->prepQEncoding(null)
 4 APPPATH\Controllers\Pelamar.php(264): CodeIgniter\Email\Email->setSubject(null)
 5 SYSTEMPATH\CodeIgniter.php(896): App\Controllers\Pelamar->tolak()
 6 SYSTEMPATH\CodeIgniter.php(466): CodeIgniter\CodeIgniter->runController(Object(App\Controllers\Pelamar))
 7 SYSTEMPATH\CodeIgniter.php(349): CodeIgniter\CodeIgniter->handleRequest(null, Object(Config\Cache), false)
 8 FCPATH\index.php(55): CodeIgniter\CodeIgniter->run()
CRITICAL - 2022-11-20 08:05:47 --> str_replace(): Passing null to parameter #3 ($subject) of type array|string is deprecated
in SYSTEMPATH\Email\Email.php on line 1456.
 1 [internal function]: CodeIgniter\Debug\Exceptions->errorHandler(8192, 'str_replace(): Passing null to parameter #3 ($subject) of type array|string is deprecated', 'SYSTEMPATH\\Email\\Email.php', 1456)
 2 SYSTEMPATH\Email\Email.php(1456): str_replace([...], 'ROOTPATH\\public', null)
 3 SYSTEMPATH\Email\Email.php(619): CodeIgniter\Email\Email->prepQEncoding(null)
 4 APPPATH\Controllers\Pelamar.php(264): CodeIgniter\Email\Email->setSubject(null)
 5 SYSTEMPATH\CodeIgniter.php(896): App\Controllers\Pelamar->tolak()
 6 SYSTEMPATH\CodeIgniter.php(466): CodeIgniter\CodeIgniter->runController(Object(App\Controllers\Pelamar))
 7 SYSTEMPATH\CodeIgniter.php(349): CodeIgniter\CodeIgniter->handleRequest(null, Object(Config\Cache), false)
 8 FCPATH\index.php(55): CodeIgniter\CodeIgniter->run()
CRITICAL - 2022-11-20 08:08:56 --> str_replace(): Passing null to parameter #3 ($subject) of type array|string is deprecated
in SYSTEMPATH\Email\Email.php on line 1456.
 1 [internal function]: CodeIgniter\Debug\Exceptions->errorHandler(8192, 'str_replace(): Passing null to parameter #3 ($subject) of type array|string is deprecated', 'SYSTEMPATH\\Email\\Email.php', 1456)
 2 SYSTEMPATH\Email\Email.php(1456): str_replace([...], 'ROOTPATH\\public', null)
 3 SYSTEMPATH\Email\Email.php(619): CodeIgniter\Email\Email->prepQEncoding(null)
 4 APPPATH\Controllers\Pelamar.php(264): CodeIgniter\Email\Email->setSubject(null)
 5 SYSTEMPATH\CodeIgniter.php(896): App\Controllers\Pelamar->tolak()
 6 SYSTEMPATH\CodeIgniter.php(466): CodeIgniter\CodeIgniter->runController(Object(App\Controllers\Pelamar))
 7 SYSTEMPATH\CodeIgniter.php(349): CodeIgniter\CodeIgniter->handleRequest(null, Object(Config\Cache), false)
 8 FCPATH\index.php(55): CodeIgniter\CodeIgniter->run()
CRITICAL - 2022-11-20 08:09:40 --> str_replace(): Passing null to parameter #3 ($subject) of type array|string is deprecated
in SYSTEMPATH\Email\Email.php on line 1456.
 1 [internal function]: CodeIgniter\Debug\Exceptions->errorHandler(8192, 'str_replace(): Passing null to parameter #3 ($subject) of type array|string is deprecated', 'SYSTEMPATH\\Email\\Email.php', 1456)
 2 SYSTEMPATH\Email\Email.php(1456): str_replace([...], 'ROOTPATH\\public', null)
 3 SYSTEMPATH\Email\Email.php(619): CodeIgniter\Email\Email->prepQEncoding(null)
 4 APPPATH\Controllers\Pelamar.php(264): CodeIgniter\Email\Email->setSubject(null)
 5 SYSTEMPATH\CodeIgniter.php(896): App\Controllers\Pelamar->tolak()
 6 SYSTEMPATH\CodeIgniter.php(466): CodeIgniter\CodeIgniter->runController(Object(App\Controllers\Pelamar))
 7 SYSTEMPATH\CodeIgniter.php(349): CodeIgniter\CodeIgniter->handleRequest(null, Object(Config\Cache), false)
 8 FCPATH\index.php(55): CodeIgniter\CodeIgniter->run()
CRITICAL - 2022-11-20 08:10:37 --> str_replace(): Passing null to parameter #3 ($subject) of type array|string is deprecated
in SYSTEMPATH\Email\Email.php on line 1456.
 1 [internal function]: CodeIgniter\Debug\Exceptions->errorHandler(8192, 'str_replace(): Passing null to parameter #3 ($subject) of type array|string is deprecated', 'SYSTEMPATH\\Email\\Email.php', 1456)
 2 SYSTEMPATH\Email\Email.php(1456): str_replace([...], 'ROOTPATH\\public', null)
 3 SYSTEMPATH\Email\Email.php(619): CodeIgniter\Email\Email->prepQEncoding(null)
 4 APPPATH\Controllers\Pelamar.php(264): CodeIgniter\Email\Email->setSubject(null)
 5 SYSTEMPATH\CodeIgniter.php(896): App\Controllers\Pelamar->tolak()
 6 SYSTEMPATH\CodeIgniter.php(466): CodeIgniter\CodeIgniter->runController(Object(App\Controllers\Pelamar))
 7 SYSTEMPATH\CodeIgniter.php(349): CodeIgniter\CodeIgniter->handleRequest(null, Object(Config\Cache), false)
 8 FCPATH\index.php(55): CodeIgniter\CodeIgniter->run()
CRITICAL - 2022-11-20 08:12:17 --> str_replace(): Passing null to parameter #3 ($subject) of type array|string is deprecated
in SYSTEMPATH\Email\Email.php on line 1456.
 1 [internal function]: CodeIgniter\Debug\Exceptions->errorHandler(8192, 'str_replace(): Passing null to parameter #3 ($subject) of type array|string is deprecated', 'SYSTEMPATH\\Email\\Email.php', 1456)
 2 SYSTEMPATH\Email\Email.php(1456): str_replace([...], 'ROOTPATH\\public', null)
 3 SYSTEMPATH\Email\Email.php(619): CodeIgniter\Email\Email->prepQEncoding(null)
 4 APPPATH\Controllers\Pelamar.php(264): CodeIgniter\Email\Email->setSubject(null)
 5 SYSTEMPATH\CodeIgniter.php(896): App\Controllers\Pelamar->tolak()
 6 SYSTEMPATH\CodeIgniter.php(466): CodeIgniter\CodeIgniter->runController(Object(App\Controllers\Pelamar))
 7 SYSTEMPATH\CodeIgniter.php(349): CodeIgniter\CodeIgniter->handleRequest(null, Object(Config\Cache), false)
 8 FCPATH\index.php(55): CodeIgniter\CodeIgniter->run()
CRITICAL - 2022-11-20 08:13:03 --> str_replace(): Passing null to parameter #3 ($subject) of type array|string is deprecated
in SYSTEMPATH\Email\Email.php on line 632.
 1 [internal function]: CodeIgniter\Debug\Exceptions->errorHandler(8192, 'str_replace(): Passing null to parameter #3 ($subject) of type array|string is deprecated', 'SYSTEMPATH\\Email\\Email.php', 632)
 2 SYSTEMPATH\Email\Email.php(632): str_replace('', 'ROOTPATH\\public', null)
 3 APPPATH\Controllers\Pelamar.php(265): CodeIgniter\Email\Email->setMessage(null)
 4 SYSTEMPATH\CodeIgniter.php(896): App\Controllers\Pelamar->tolak()
 5 SYSTEMPATH\CodeIgniter.php(466): CodeIgniter\CodeIgniter->runController(Object(App\Controllers\Pelamar))
 6 SYSTEMPATH\CodeIgniter.php(349): CodeIgniter\CodeIgniter->handleRequest(null, Object(Config\Cache), false)
 7 FCPATH\index.php(55): CodeIgniter\CodeIgniter->run()
