CRITICAL - 2022-08-22 02:15:28 --> Undefined variable $request
in APPPATH\Views\admin\pages\edit.php on line 166.
 1 APPPATH\Views\admin\pages\edit.php(166): CodeIgniter\Debug\Exceptions->errorHandler(2, 'Undefined variable $request', 'APPPATH\\Views\\admin\\pages\\edit.php', 166)
 2 SYSTEMPATH\View\View.php(213): include('APPPATH\\Views\\admin\\pages\\edit.php')
 3 SYSTEMPATH\View\View.php(216): CodeIgniter\View\View->CodeIgniter\View\{closure}()
 4 SYSTEMPATH\Common.php(1135): CodeIgniter\View\View->render('admin/pages/edit', [], true)
 5 APPPATH\Controllers\edit.php(17): view('admin/pages/edit')
 6 SYSTEMPATH\CodeIgniter.php(896): App\Controllers\Edit->index()
 7 SYSTEMPATH\CodeIgniter.php(466): CodeIgniter\CodeIgniter->runController(Object(App\Controllers\Edit))
 8 SYSTEMPATH\CodeIgniter.php(349): CodeIgniter\CodeIgniter->handleRequest(null, Object(Config\Cache), false)
 9 FCPATH\index.php(55): CodeIgniter\CodeIgniter->run()
CRITICAL - 2022-08-22 03:13:18 --> Undefined variable $aidi
in APPPATH\Controllers\editdivisi.php on line 20.
 1 APPPATH\Controllers\editdivisi.php(20): CodeIgniter\Debug\Exceptions->errorHandler(2, 'Undefined variable $aidi', 'APPPATH\\Controllers\\editdivisi.php', 20)
 2 SYSTEMPATH\CodeIgniter.php(896): App\Controllers\editdivisi->index()
 3 SYSTEMPATH\CodeIgniter.php(466): CodeIgniter\CodeIgniter->runController(Object(App\Controllers\editdivisi))
 4 SYSTEMPATH\CodeIgniter.php(349): CodeIgniter\CodeIgniter->handleRequest(null, Object(Config\Cache), false)
 5 FCPATH\index.php(55): CodeIgniter\CodeIgniter->run()
CRITICAL - 2022-08-22 03:13:33 --> Undefined variable $aidi
in APPPATH\Controllers\editdivisi.php on line 20.
 1 APPPATH\Controllers\editdivisi.php(20): CodeIgniter\Debug\Exceptions->errorHandler(2, 'Undefined variable $aidi', 'APPPATH\\Controllers\\editdivisi.php', 20)
 2 SYSTEMPATH\CodeIgniter.php(896): App\Controllers\editdivisi->index()
 3 SYSTEMPATH\CodeIgniter.php(466): CodeIgniter\CodeIgniter->runController(Object(App\Controllers\editdivisi))
 4 SYSTEMPATH\CodeIgniter.php(349): CodeIgniter\CodeIgniter->handleRequest(null, Object(Config\Cache), false)
 5 FCPATH\index.php(55): CodeIgniter\CodeIgniter->run()
CRITICAL - 2022-08-22 03:14:53 --> Undefined variable $roww
in APPPATH\Controllers\editdivisi.php on line 20.
 1 APPPATH\Controllers\editdivisi.php(20): CodeIgniter\Debug\Exceptions->errorHandler(2, 'Undefined variable $roww', 'APPPATH\\Controllers\\editdivisi.php', 20)
 2 SYSTEMPATH\CodeIgniter.php(896): App\Controllers\editdivisi->index()
 3 SYSTEMPATH\CodeIgniter.php(466): CodeIgniter\CodeIgniter->runController(Object(App\Controllers\editdivisi))
 4 SYSTEMPATH\CodeIgniter.php(349): CodeIgniter\CodeIgniter->handleRequest(null, Object(Config\Cache), false)
 5 FCPATH\index.php(55): CodeIgniter\CodeIgniter->run()
CRITICAL - 2022-08-22 03:15:02 --> Undefined variable $roww
in APPPATH\Controllers\editdivisi.php on line 20.
 1 APPPATH\Controllers\editdivisi.php(20): CodeIgniter\Debug\Exceptions->errorHandler(2, 'Undefined variable $roww', 'APPPATH\\Controllers\\editdivisi.php', 20)
 2 SYSTEMPATH\CodeIgniter.php(896): App\Controllers\editdivisi->index()
 3 SYSTEMPATH\CodeIgniter.php(466): CodeIgniter\CodeIgniter->runController(Object(App\Controllers\editdivisi))
 4 SYSTEMPATH\CodeIgniter.php(349): CodeIgniter\CodeIgniter->handleRequest(null, Object(Config\Cache), false)
 5 FCPATH\index.php(55): CodeIgniter\CodeIgniter->run()
CRITICAL - 2022-08-22 03:15:33 --> Undefined variable $roww
in APPPATH\Controllers\editdivisi.php on line 20.
 1 APPPATH\Controllers\editdivisi.php(20): CodeIgniter\Debug\Exceptions->errorHandler(2, 'Undefined variable $roww', 'APPPATH\\Controllers\\editdivisi.php', 20)
 2 SYSTEMPATH\CodeIgniter.php(896): App\Controllers\editdivisi->index()
 3 SYSTEMPATH\CodeIgniter.php(466): CodeIgniter\CodeIgniter->runController(Object(App\Controllers\editdivisi))
 4 SYSTEMPATH\CodeIgniter.php(349): CodeIgniter\CodeIgniter->handleRequest(null, Object(Config\Cache), false)
 5 FCPATH\index.php(55): CodeIgniter\CodeIgniter->run()
CRITICAL - 2022-08-22 03:24:13 --> syntax error, unexpected variable "$request", expecting ")"
in APPPATH\Views\admin\pages\edit.php on line 176.
 1 SYSTEMPATH\View\View.php(216): CodeIgniter\View\View->CodeIgniter\View\{closure}()
 2 SYSTEMPATH\Common.php(1135): CodeIgniter\View\View->render('admin/pages/edit', [], true)
 3 APPPATH\Controllers\edit.php(17): view('admin/pages/edit')
 4 SYSTEMPATH\CodeIgniter.php(896): App\Controllers\Edit->index()
 5 SYSTEMPATH\CodeIgniter.php(466): CodeIgniter\CodeIgniter->runController(Object(App\Controllers\Edit))
 6 SYSTEMPATH\CodeIgniter.php(349): CodeIgniter\CodeIgniter->handleRequest(null, Object(Config\Cache), false)
 7 FCPATH\index.php(55): CodeIgniter\CodeIgniter->run()
CRITICAL - 2022-08-22 03:31:20 --> Undefined property: stdClass::$id_divisi
in APPPATH\Views\admin\pages\edit.php on line 163.
 1 APPPATH\Views\admin\pages\edit.php(163): CodeIgniter\Debug\Exceptions->errorHandler(2, 'Undefined property: stdClass::$id_divisi', 'APPPATH\\Views\\admin\\pages\\edit.php', 163)
 2 SYSTEMPATH\View\View.php(213): include('APPPATH\\Views\\admin\\pages\\edit.php')
 3 SYSTEMPATH\View\View.php(216): CodeIgniter\View\View->CodeIgniter\View\{closure}()
 4 SYSTEMPATH\Common.php(1135): CodeIgniter\View\View->render('admin/pages/edit', [], true)
 5 APPPATH\Controllers\edit.php(17): view('admin/pages/edit')
 6 SYSTEMPATH\CodeIgniter.php(896): App\Controllers\Edit->index()
 7 SYSTEMPATH\CodeIgniter.php(466): CodeIgniter\CodeIgniter->runController(Object(App\Controllers\Edit))
 8 SYSTEMPATH\CodeIgniter.php(349): CodeIgniter\CodeIgniter->handleRequest(null, Object(Config\Cache), false)
 9 FCPATH\index.php(55): CodeIgniter\CodeIgniter->run()
CRITICAL - 2022-08-22 03:31:48 --> Undefined property: stdClass::$id_divisi
in APPPATH\Views\admin\pages\edit.php on line 163.
 1 APPPATH\Views\admin\pages\edit.php(163): CodeIgniter\Debug\Exceptions->errorHandler(2, 'Undefined property: stdClass::$id_divisi', 'APPPATH\\Views\\admin\\pages\\edit.php', 163)
 2 SYSTEMPATH\View\View.php(213): include('APPPATH\\Views\\admin\\pages\\edit.php')
 3 SYSTEMPATH\View\View.php(216): CodeIgniter\View\View->CodeIgniter\View\{closure}()
 4 SYSTEMPATH\Common.php(1135): CodeIgniter\View\View->render('admin/pages/edit', [], true)
 5 APPPATH\Controllers\edit.php(17): view('admin/pages/edit')
 6 SYSTEMPATH\CodeIgniter.php(896): App\Controllers\Edit->index()
 7 SYSTEMPATH\CodeIgniter.php(466): CodeIgniter\CodeIgniter->runController(Object(App\Controllers\Edit))
 8 SYSTEMPATH\CodeIgniter.php(349): CodeIgniter\CodeIgniter->handleRequest(null, Object(Config\Cache), false)
 9 FCPATH\index.php(55): CodeIgniter\CodeIgniter->run()
CRITICAL - 2022-08-22 03:34:10 --> Undefined variable $aidi
in APPPATH\Views\admin\pages\edit.php on line 163.
 1 APPPATH\Views\admin\pages\edit.php(163): CodeIgniter\Debug\Exceptions->errorHandler(2, 'Undefined variable $aidi', 'APPPATH\\Views\\admin\\pages\\edit.php', 163)
 2 SYSTEMPATH\View\View.php(213): include('APPPATH\\Views\\admin\\pages\\edit.php')
 3 SYSTEMPATH\View\View.php(216): CodeIgniter\View\View->CodeIgniter\View\{closure}()
 4 SYSTEMPATH\Common.php(1135): CodeIgniter\View\View->render('admin/pages/edit', [], true)
 5 APPPATH\Controllers\edit.php(17): view('admin/pages/edit')
 6 SYSTEMPATH\CodeIgniter.php(896): App\Controllers\Edit->index()
 7 SYSTEMPATH\CodeIgniter.php(466): CodeIgniter\CodeIgniter->runController(Object(App\Controllers\Edit))
 8 SYSTEMPATH\CodeIgniter.php(349): CodeIgniter\CodeIgniter->handleRequest(null, Object(Config\Cache), false)
 9 FCPATH\index.php(55): CodeIgniter\CodeIgniter->run()
CRITICAL - 2022-08-22 03:34:51 --> Undefined variable $iddiv
in APPPATH\Views\admin\pages\edit.php on line 163.
 1 APPPATH\Views\admin\pages\edit.php(163): CodeIgniter\Debug\Exceptions->errorHandler(2, 'Undefined variable $iddiv', 'APPPATH\\Views\\admin\\pages\\edit.php', 163)
 2 SYSTEMPATH\View\View.php(213): include('APPPATH\\Views\\admin\\pages\\edit.php')
 3 SYSTEMPATH\View\View.php(216): CodeIgniter\View\View->CodeIgniter\View\{closure}()
 4 SYSTEMPATH\Common.php(1135): CodeIgniter\View\View->render('admin/pages/edit', [], true)
 5 APPPATH\Controllers\edit.php(17): view('admin/pages/edit')
 6 SYSTEMPATH\CodeIgniter.php(896): App\Controllers\Edit->index()
 7 SYSTEMPATH\CodeIgniter.php(466): CodeIgniter\CodeIgniter->runController(Object(App\Controllers\Edit))
 8 SYSTEMPATH\CodeIgniter.php(349): CodeIgniter\CodeIgniter->handleRequest(null, Object(Config\Cache), false)
 9 FCPATH\index.php(55): CodeIgniter\CodeIgniter->run()
CRITICAL - 2022-08-22 03:36:34 --> Undefined variable $iddiv
in APPPATH\Views\admin\pages\edit.php on line 163.
 1 APPPATH\Views\admin\pages\edit.php(163): CodeIgniter\Debug\Exceptions->errorHandler(2, 'Undefined variable $iddiv', 'APPPATH\\Views\\admin\\pages\\edit.php', 163)
 2 SYSTEMPATH\View\View.php(213): include('APPPATH\\Views\\admin\\pages\\edit.php')
 3 SYSTEMPATH\View\View.php(216): CodeIgniter\View\View->CodeIgniter\View\{closure}()
 4 SYSTEMPATH\Common.php(1135): CodeIgniter\View\View->render('admin/pages/edit', [], true)
 5 APPPATH\Controllers\edit.php(17): view('admin/pages/edit')
 6 SYSTEMPATH\CodeIgniter.php(896): App\Controllers\Edit->index()
 7 SYSTEMPATH\CodeIgniter.php(466): CodeIgniter\CodeIgniter->runController(Object(App\Controllers\Edit))
 8 SYSTEMPATH\CodeIgniter.php(349): CodeIgniter\CodeIgniter->handleRequest(null, Object(Config\Cache), false)
 9 FCPATH\index.php(55): CodeIgniter\CodeIgniter->run()
CRITICAL - 2022-08-22 03:37:11 --> Undefined variable $iddiv
in APPPATH\Views\admin\pages\edit.php on line 163.
 1 APPPATH\Views\admin\pages\edit.php(163): CodeIgniter\Debug\Exceptions->errorHandler(2, 'Undefined variable $iddiv', 'APPPATH\\Views\\admin\\pages\\edit.php', 163)
 2 SYSTEMPATH\View\View.php(213): include('APPPATH\\Views\\admin\\pages\\edit.php')
 3 SYSTEMPATH\View\View.php(216): CodeIgniter\View\View->CodeIgniter\View\{closure}()
 4 SYSTEMPATH\Common.php(1135): CodeIgniter\View\View->render('admin/pages/edit', [], true)
 5 APPPATH\Controllers\edit.php(17): view('admin/pages/edit')
 6 SYSTEMPATH\CodeIgniter.php(896): App\Controllers\Edit->index()
 7 SYSTEMPATH\CodeIgniter.php(466): CodeIgniter\CodeIgniter->runController(Object(App\Controllers\Edit))
 8 SYSTEMPATH\CodeIgniter.php(349): CodeIgniter\CodeIgniter->handleRequest(null, Object(Config\Cache), false)
 9 FCPATH\index.php(55): CodeIgniter\CodeIgniter->run()
CRITICAL - 2022-08-22 03:38:52 --> Undefined variable $iddiv
in APPPATH\Views\admin\pages\edit.php on line 163.
 1 APPPATH\Views\admin\pages\edit.php(163): CodeIgniter\Debug\Exceptions->errorHandler(2, 'Undefined variable $iddiv', 'APPPATH\\Views\\admin\\pages\\edit.php', 163)
 2 SYSTEMPATH\View\View.php(213): include('APPPATH\\Views\\admin\\pages\\edit.php')
 3 SYSTEMPATH\View\View.php(216): CodeIgniter\View\View->CodeIgniter\View\{closure}()
 4 SYSTEMPATH\Common.php(1135): CodeIgniter\View\View->render('admin/pages/edit', [], true)
 5 APPPATH\Controllers\edit.php(17): view('admin/pages/edit')
 6 SYSTEMPATH\CodeIgniter.php(896): App\Controllers\Edit->index()
 7 SYSTEMPATH\CodeIgniter.php(466): CodeIgniter\CodeIgniter->runController(Object(App\Controllers\Edit))
 8 SYSTEMPATH\CodeIgniter.php(349): CodeIgniter\CodeIgniter->handleRequest(null, Object(Config\Cache), false)
 9 FCPATH\index.php(55): CodeIgniter\CodeIgniter->run()
CRITICAL - 2022-08-22 03:42:59 --> Undefined variable $request
in APPPATH\Views\admin\pages\kelola.php on line 185.
 1 APPPATH\Views\admin\pages\kelola.php(185): CodeIgniter\Debug\Exceptions->errorHandler(2, 'Undefined variable $request', 'APPPATH\\Views\\admin\\pages\\kelola.php', 185)
 2 SYSTEMPATH\View\View.php(213): include('APPPATH\\Views\\admin\\pages\\kelola.php')
 3 SYSTEMPATH\View\View.php(216): CodeIgniter\View\View->CodeIgniter\View\{closure}()
 4 SYSTEMPATH\Common.php(1135): CodeIgniter\View\View->render('admin/pages/kelola', [], true)
 5 APPPATH\Controllers\Kelola.php(21): view('admin/pages/kelola', [...])
 6 SYSTEMPATH\CodeIgniter.php(896): App\Controllers\Kelola->index()
 7 SYSTEMPATH\CodeIgniter.php(466): CodeIgniter\CodeIgniter->runController(Object(App\Controllers\Kelola))
 8 SYSTEMPATH\CodeIgniter.php(349): CodeIgniter\CodeIgniter->handleRequest(null, Object(Config\Cache), false)
 9 FCPATH\index.php(55): CodeIgniter\CodeIgniter->run()
CRITICAL - 2022-08-22 03:43:49 --> Undefined variable $iddiv
in APPPATH\Views\admin\pages\edit.php on line 163.
 1 APPPATH\Views\admin\pages\edit.php(163): CodeIgniter\Debug\Exceptions->errorHandler(2, 'Undefined variable $iddiv', 'APPPATH\\Views\\admin\\pages\\edit.php', 163)
 2 SYSTEMPATH\View\View.php(213): include('APPPATH\\Views\\admin\\pages\\edit.php')
 3 SYSTEMPATH\View\View.php(216): CodeIgniter\View\View->CodeIgniter\View\{closure}()
 4 SYSTEMPATH\Common.php(1135): CodeIgniter\View\View->render('admin/pages/edit', [], true)
 5 APPPATH\Controllers\edit.php(17): view('admin/pages/edit')
 6 SYSTEMPATH\CodeIgniter.php(896): App\Controllers\Edit->index()
 7 SYSTEMPATH\CodeIgniter.php(466): CodeIgniter\CodeIgniter->runController(Object(App\Controllers\Edit))
 8 SYSTEMPATH\CodeIgniter.php(349): CodeIgniter\CodeIgniter->handleRequest(null, Object(Config\Cache), false)
 9 FCPATH\index.php(55): CodeIgniter\CodeIgniter->run()
CRITICAL - 2022-08-22 03:45:38 --> Undefined variable $iddiv
in APPPATH\Views\admin\pages\edit.php on line 163.
 1 APPPATH\Views\admin\pages\edit.php(163): CodeIgniter\Debug\Exceptions->errorHandler(2, 'Undefined variable $iddiv', 'APPPATH\\Views\\admin\\pages\\edit.php', 163)
 2 SYSTEMPATH\View\View.php(213): include('APPPATH\\Views\\admin\\pages\\edit.php')
 3 SYSTEMPATH\View\View.php(216): CodeIgniter\View\View->CodeIgniter\View\{closure}()
 4 SYSTEMPATH\Common.php(1135): CodeIgniter\View\View->render('admin/pages/edit', [], true)
 5 APPPATH\Controllers\edit.php(17): view('admin/pages/edit')
 6 SYSTEMPATH\CodeIgniter.php(896): App\Controllers\Edit->index()
 7 SYSTEMPATH\CodeIgniter.php(466): CodeIgniter\CodeIgniter->runController(Object(App\Controllers\Edit))
 8 SYSTEMPATH\CodeIgniter.php(349): CodeIgniter\CodeIgniter->handleRequest(null, Object(Config\Cache), false)
 9 FCPATH\index.php(55): CodeIgniter\CodeIgniter->run()
CRITICAL - 2022-08-22 03:46:33 --> Undefined variable $iddiv
in APPPATH\Views\admin\pages\edit.php on line 163.
 1 APPPATH\Views\admin\pages\edit.php(163): CodeIgniter\Debug\Exceptions->errorHandler(2, 'Undefined variable $iddiv', 'APPPATH\\Views\\admin\\pages\\edit.php', 163)
 2 SYSTEMPATH\View\View.php(213): include('APPPATH\\Views\\admin\\pages\\edit.php')
 3 SYSTEMPATH\View\View.php(216): CodeIgniter\View\View->CodeIgniter\View\{closure}()
 4 SYSTEMPATH\Common.php(1135): CodeIgniter\View\View->render('admin/pages/edit', [], true)
 5 APPPATH\Controllers\edit.php(17): view('admin/pages/edit')
 6 SYSTEMPATH\CodeIgniter.php(896): App\Controllers\Edit->index()
 7 SYSTEMPATH\CodeIgniter.php(466): CodeIgniter\CodeIgniter->runController(Object(App\Controllers\Edit))
 8 SYSTEMPATH\CodeIgniter.php(349): CodeIgniter\CodeIgniter->handleRequest(null, Object(Config\Cache), false)
 9 FCPATH\index.php(55): CodeIgniter\CodeIgniter->run()
CRITICAL - 2022-08-22 03:49:31 --> Undefined variable $iddiv
in APPPATH\Views\admin\pages\edit.php on line 163.
 1 APPPATH\Views\admin\pages\edit.php(163): CodeIgniter\Debug\Exceptions->errorHandler(2, 'Undefined variable $iddiv', 'APPPATH\\Views\\admin\\pages\\edit.php', 163)
 2 SYSTEMPATH\View\View.php(213): include('APPPATH\\Views\\admin\\pages\\edit.php')
 3 SYSTEMPATH\View\View.php(216): CodeIgniter\View\View->CodeIgniter\View\{closure}()
 4 SYSTEMPATH\Common.php(1135): CodeIgniter\View\View->render('admin/pages/edit', [], true)
 5 APPPATH\Controllers\edit.php(17): view('admin/pages/edit')
 6 SYSTEMPATH\CodeIgniter.php(896): App\Controllers\Edit->index()
 7 SYSTEMPATH\CodeIgniter.php(466): CodeIgniter\CodeIgniter->runController(Object(App\Controllers\Edit))
 8 SYSTEMPATH\CodeIgniter.php(349): CodeIgniter\CodeIgniter->handleRequest(null, Object(Config\Cache), false)
 9 FCPATH\index.php(55): CodeIgniter\CodeIgniter->run()
CRITICAL - 2022-08-22 03:50:10 --> Undefined variable $iddiv
in APPPATH\Views\admin\pages\edit.php on line 163.
 1 APPPATH\Views\admin\pages\edit.php(163): CodeIgniter\Debug\Exceptions->errorHandler(2, 'Undefined variable $iddiv', 'APPPATH\\Views\\admin\\pages\\edit.php', 163)
 2 SYSTEMPATH\View\View.php(213): include('APPPATH\\Views\\admin\\pages\\edit.php')
 3 SYSTEMPATH\View\View.php(216): CodeIgniter\View\View->CodeIgniter\View\{closure}()
 4 SYSTEMPATH\Common.php(1135): CodeIgniter\View\View->render('admin/pages/edit', [], true)
 5 APPPATH\Controllers\edit.php(17): view('admin/pages/edit')
 6 SYSTEMPATH\CodeIgniter.php(896): App\Controllers\Edit->index()
 7 SYSTEMPATH\CodeIgniter.php(466): CodeIgniter\CodeIgniter->runController(Object(App\Controllers\Edit))
 8 SYSTEMPATH\CodeIgniter.php(349): CodeIgniter\CodeIgniter->handleRequest(null, Object(Config\Cache), false)
 9 FCPATH\index.php(55): CodeIgniter\CodeIgniter->run()
CRITICAL - 2022-08-22 03:50:28 --> Undefined variable $aidi
in APPPATH\Views\admin\pages\edit.php on line 163.
 1 APPPATH\Views\admin\pages\edit.php(163): CodeIgniter\Debug\Exceptions->errorHandler(2, 'Undefined variable $aidi', 'APPPATH\\Views\\admin\\pages\\edit.php', 163)
 2 SYSTEMPATH\View\View.php(213): include('APPPATH\\Views\\admin\\pages\\edit.php')
 3 SYSTEMPATH\View\View.php(216): CodeIgniter\View\View->CodeIgniter\View\{closure}()
 4 SYSTEMPATH\Common.php(1135): CodeIgniter\View\View->render('admin/pages/edit', [], true)
 5 APPPATH\Controllers\edit.php(17): view('admin/pages/edit')
 6 SYSTEMPATH\CodeIgniter.php(896): App\Controllers\Edit->index()
 7 SYSTEMPATH\CodeIgniter.php(466): CodeIgniter\CodeIgniter->runController(Object(App\Controllers\Edit))
 8 SYSTEMPATH\CodeIgniter.php(349): CodeIgniter\CodeIgniter->handleRequest(null, Object(Config\Cache), false)
 9 FCPATH\index.php(55): CodeIgniter\CodeIgniter->run()
CRITICAL - 2022-08-22 03:50:38 --> Undefined variable $iddiv
in APPPATH\Views\admin\pages\edit.php on line 163.
 1 APPPATH\Views\admin\pages\edit.php(163): CodeIgniter\Debug\Exceptions->errorHandler(2, 'Undefined variable $iddiv', 'APPPATH\\Views\\admin\\pages\\edit.php', 163)
 2 SYSTEMPATH\View\View.php(213): include('APPPATH\\Views\\admin\\pages\\edit.php')
 3 SYSTEMPATH\View\View.php(216): CodeIgniter\View\View->CodeIgniter\View\{closure}()
 4 SYSTEMPATH\Common.php(1135): CodeIgniter\View\View->render('admin/pages/edit', [], true)
 5 APPPATH\Controllers\edit.php(17): view('admin/pages/edit')
 6 SYSTEMPATH\CodeIgniter.php(896): App\Controllers\Edit->index()
 7 SYSTEMPATH\CodeIgniter.php(466): CodeIgniter\CodeIgniter->runController(Object(App\Controllers\Edit))
 8 SYSTEMPATH\CodeIgniter.php(349): CodeIgniter\CodeIgniter->handleRequest(null, Object(Config\Cache), false)
 9 FCPATH\index.php(55): CodeIgniter\CodeIgniter->run()
CRITICAL - 2022-08-22 03:58:12 --> Undefined variable $iddiv
in APPPATH\Views\admin\pages\edit.php on line 15.
 1 APPPATH\Views\admin\pages\edit.php(15): CodeIgniter\Debug\Exceptions->errorHandler(2, 'Undefined variable $iddiv', 'APPPATH\\Views\\admin\\pages\\edit.php', 15)
 2 SYSTEMPATH\View\View.php(213): include('APPPATH\\Views\\admin\\pages\\edit.php')
 3 SYSTEMPATH\View\View.php(216): CodeIgniter\View\View->CodeIgniter\View\{closure}()
 4 SYSTEMPATH\Common.php(1135): CodeIgniter\View\View->render('admin/pages/edit', [], true)
 5 APPPATH\Controllers\edit.php(17): view('admin/pages/edit')
 6 SYSTEMPATH\CodeIgniter.php(896): App\Controllers\Edit->index()
 7 SYSTEMPATH\CodeIgniter.php(466): CodeIgniter\CodeIgniter->runController(Object(App\Controllers\Edit))
 8 SYSTEMPATH\CodeIgniter.php(349): CodeIgniter\CodeIgniter->handleRequest(null, Object(Config\Cache), false)
 9 FCPATH\index.php(55): CodeIgniter\CodeIgniter->run()
CRITICAL - 2022-08-22 04:02:43 --> Call to undefined method CodeIgniter\Database\MySQLi\Builder::getResult()
in APPPATH\Views\admin\pages\edit.php on line 13.
 1 SYSTEMPATH\View\View.php(213): include()
 2 SYSTEMPATH\View\View.php(216): CodeIgniter\View\View->CodeIgniter\View\{closure}()
 3 SYSTEMPATH\Common.php(1135): CodeIgniter\View\View->render('admin/pages/edit', [], true)
 4 APPPATH\Controllers\edit.php(17): view('admin/pages/edit')
 5 SYSTEMPATH\CodeIgniter.php(896): App\Controllers\Edit->index()
 6 SYSTEMPATH\CodeIgniter.php(466): CodeIgniter\CodeIgniter->runController(Object(App\Controllers\Edit))
 7 SYSTEMPATH\CodeIgniter.php(349): CodeIgniter\CodeIgniter->handleRequest(null, Object(Config\Cache), false)
 8 FCPATH\index.php(55): CodeIgniter\CodeIgniter->run()
CRITICAL - 2022-08-22 21:23:21 --> Call to undefined method CodeIgniter\Database\MySQLi\Builder::getResult()
in APPPATH\Views\admin\pages\edit.php on line 13.
 1 SYSTEMPATH\View\View.php(213): include()
 2 SYSTEMPATH\View\View.php(216): CodeIgniter\View\View->CodeIgniter\View\{closure}()
 3 SYSTEMPATH\Common.php(1135): CodeIgniter\View\View->render('admin/pages/edit', [], true)
 4 APPPATH\Controllers\edit.php(17): view('admin/pages/edit')
 5 SYSTEMPATH\CodeIgniter.php(896): App\Controllers\Edit->index()
 6 SYSTEMPATH\CodeIgniter.php(466): CodeIgniter\CodeIgniter->runController(Object(App\Controllers\Edit))
 7 SYSTEMPATH\CodeIgniter.php(349): CodeIgniter\CodeIgniter->handleRequest(null, Object(Config\Cache), false)
 8 FCPATH\index.php(55): CodeIgniter\CodeIgniter->run()
CRITICAL - 2022-08-22 21:29:45 --> Undefined variable $iddivisi
in APPPATH\Views\admin\pages\edit.php on line 18.
 1 APPPATH\Views\admin\pages\edit.php(18): CodeIgniter\Debug\Exceptions->errorHandler(2, 'Undefined variable $iddivisi', 'APPPATH\\Views\\admin\\pages\\edit.php', 18)
 2 SYSTEMPATH\View\View.php(213): include('APPPATH\\Views\\admin\\pages\\edit.php')
 3 SYSTEMPATH\View\View.php(216): CodeIgniter\View\View->CodeIgniter\View\{closure}()
 4 SYSTEMPATH\Common.php(1135): CodeIgniter\View\View->render('admin/pages/edit', [], true)
 5 APPPATH\Controllers\edit.php(17): view('admin/pages/edit')
 6 SYSTEMPATH\CodeIgniter.php(896): App\Controllers\Edit->index()
 7 SYSTEMPATH\CodeIgniter.php(466): CodeIgniter\CodeIgniter->runController(Object(App\Controllers\Edit))
 8 SYSTEMPATH\CodeIgniter.php(349): CodeIgniter\CodeIgniter->handleRequest(null, Object(Config\Cache), false)
 9 FCPATH\index.php(55): CodeIgniter\CodeIgniter->run()
CRITICAL - 2022-08-22 21:33:17 --> Undefined variable $roww
in APPPATH\Views\admin\pages\edit.php on line 174.
 1 APPPATH\Views\admin\pages\edit.php(174): CodeIgniter\Debug\Exceptions->errorHandler(2, 'Undefined variable $roww', 'APPPATH\\Views\\admin\\pages\\edit.php', 174)
 2 SYSTEMPATH\View\View.php(213): include('APPPATH\\Views\\admin\\pages\\edit.php')
 3 SYSTEMPATH\View\View.php(216): CodeIgniter\View\View->CodeIgniter\View\{closure}()
 4 SYSTEMPATH\Common.php(1135): CodeIgniter\View\View->render('admin/pages/edit', [], true)
 5 APPPATH\Controllers\edit.php(17): view('admin/pages/edit')
 6 SYSTEMPATH\CodeIgniter.php(896): App\Controllers\Edit->index()
 7 SYSTEMPATH\CodeIgniter.php(466): CodeIgniter\CodeIgniter->runController(Object(App\Controllers\Edit))
 8 SYSTEMPATH\CodeIgniter.php(349): CodeIgniter\CodeIgniter->handleRequest(null, Object(Config\Cache), false)
 9 FCPATH\index.php(55): CodeIgniter\CodeIgniter->run()
CRITICAL - 2022-08-22 21:34:10 --> Call to undefined method CodeIgniter\Database\MySQLi\Builder::getResult()
in APPPATH\Views\admin\pages\edit.php on line 13.
 1 SYSTEMPATH\View\View.php(213): include()
 2 SYSTEMPATH\View\View.php(216): CodeIgniter\View\View->CodeIgniter\View\{closure}()
 3 SYSTEMPATH\Common.php(1135): CodeIgniter\View\View->render('admin/pages/edit', [], true)
 4 APPPATH\Controllers\edit.php(17): view('admin/pages/edit')
 5 SYSTEMPATH\CodeIgniter.php(896): App\Controllers\Edit->index()
 6 SYSTEMPATH\CodeIgniter.php(466): CodeIgniter\CodeIgniter->runController(Object(App\Controllers\Edit))
 7 SYSTEMPATH\CodeIgniter.php(349): CodeIgniter\CodeIgniter->handleRequest(null, Object(Config\Cache), false)
 8 FCPATH\index.php(55): CodeIgniter\CodeIgniter->run()
CRITICAL - 2022-08-22 21:34:48 --> Undefined variable $iddiv
in APPPATH\Views\admin\pages\edit.php on line 18.
 1 APPPATH\Views\admin\pages\edit.php(18): CodeIgniter\Debug\Exceptions->errorHandler(2, 'Undefined variable $iddiv', 'APPPATH\\Views\\admin\\pages\\edit.php', 18)
 2 SYSTEMPATH\View\View.php(213): include('APPPATH\\Views\\admin\\pages\\edit.php')
 3 SYSTEMPATH\View\View.php(216): CodeIgniter\View\View->CodeIgniter\View\{closure}()
 4 SYSTEMPATH\Common.php(1135): CodeIgniter\View\View->render('admin/pages/edit', [], true)
 5 APPPATH\Controllers\edit.php(17): view('admin/pages/edit')
 6 SYSTEMPATH\CodeIgniter.php(896): App\Controllers\Edit->index()
 7 SYSTEMPATH\CodeIgniter.php(466): CodeIgniter\CodeIgniter->runController(Object(App\Controllers\Edit))
 8 SYSTEMPATH\CodeIgniter.php(349): CodeIgniter\CodeIgniter->handleRequest(null, Object(Config\Cache), false)
 9 FCPATH\index.php(55): CodeIgniter\CodeIgniter->run()
CRITICAL - 2022-08-22 21:35:07 --> Undefined variable $iddiv
in APPPATH\Views\admin\pages\edit.php on line 17.
 1 APPPATH\Views\admin\pages\edit.php(17): CodeIgniter\Debug\Exceptions->errorHandler(2, 'Undefined variable $iddiv', 'APPPATH\\Views\\admin\\pages\\edit.php', 17)
 2 SYSTEMPATH\View\View.php(213): include('APPPATH\\Views\\admin\\pages\\edit.php')
 3 SYSTEMPATH\View\View.php(216): CodeIgniter\View\View->CodeIgniter\View\{closure}()
 4 SYSTEMPATH\Common.php(1135): CodeIgniter\View\View->render('admin/pages/edit', [], true)
 5 APPPATH\Controllers\edit.php(17): view('admin/pages/edit')
 6 SYSTEMPATH\CodeIgniter.php(896): App\Controllers\Edit->index()
 7 SYSTEMPATH\CodeIgniter.php(466): CodeIgniter\CodeIgniter->runController(Object(App\Controllers\Edit))
 8 SYSTEMPATH\CodeIgniter.php(349): CodeIgniter\CodeIgniter->handleRequest(null, Object(Config\Cache), false)
 9 FCPATH\index.php(55): CodeIgniter\CodeIgniter->run()
CRITICAL - 2022-08-22 21:35:26 --> Undefined variable $aidi
in APPPATH\Views\admin\pages\edit.php on line 17.
 1 APPPATH\Views\admin\pages\edit.php(17): CodeIgniter\Debug\Exceptions->errorHandler(2, 'Undefined variable $aidi', 'APPPATH\\Views\\admin\\pages\\edit.php', 17)
 2 SYSTEMPATH\View\View.php(213): include('APPPATH\\Views\\admin\\pages\\edit.php')
 3 SYSTEMPATH\View\View.php(216): CodeIgniter\View\View->CodeIgniter\View\{closure}()
 4 SYSTEMPATH\Common.php(1135): CodeIgniter\View\View->render('admin/pages/edit', [], true)
 5 APPPATH\Controllers\edit.php(17): view('admin/pages/edit')
 6 SYSTEMPATH\CodeIgniter.php(896): App\Controllers\Edit->index()
 7 SYSTEMPATH\CodeIgniter.php(466): CodeIgniter\CodeIgniter->runController(Object(App\Controllers\Edit))
 8 SYSTEMPATH\CodeIgniter.php(349): CodeIgniter\CodeIgniter->handleRequest(null, Object(Config\Cache), false)
 9 FCPATH\index.php(55): CodeIgniter\CodeIgniter->run()
CRITICAL - 2022-08-22 21:36:18 --> Undefined variable $iddiv
in APPPATH\Views\admin\pages\edit.php on line 15.
 1 APPPATH\Views\admin\pages\edit.php(15): CodeIgniter\Debug\Exceptions->errorHandler(2, 'Undefined variable $iddiv', 'APPPATH\\Views\\admin\\pages\\edit.php', 15)
 2 SYSTEMPATH\View\View.php(213): include('APPPATH\\Views\\admin\\pages\\edit.php')
 3 SYSTEMPATH\View\View.php(216): CodeIgniter\View\View->CodeIgniter\View\{closure}()
 4 SYSTEMPATH\Common.php(1135): CodeIgniter\View\View->render('admin/pages/edit', [], true)
 5 APPPATH\Controllers\edit.php(17): view('admin/pages/edit')
 6 SYSTEMPATH\CodeIgniter.php(896): App\Controllers\Edit->index()
 7 SYSTEMPATH\CodeIgniter.php(466): CodeIgniter\CodeIgniter->runController(Object(App\Controllers\Edit))
 8 SYSTEMPATH\CodeIgniter.php(349): CodeIgniter\CodeIgniter->handleRequest(null, Object(Config\Cache), false)
 9 FCPATH\index.php(55): CodeIgniter\CodeIgniter->run()
CRITICAL - 2022-08-22 21:36:38 --> Undefined variable $roww
in APPPATH\Views\admin\pages\edit.php on line 170.
 1 APPPATH\Views\admin\pages\edit.php(170): CodeIgniter\Debug\Exceptions->errorHandler(2, 'Undefined variable $roww', 'APPPATH\\Views\\admin\\pages\\edit.php', 170)
 2 SYSTEMPATH\View\View.php(213): include('APPPATH\\Views\\admin\\pages\\edit.php')
 3 SYSTEMPATH\View\View.php(216): CodeIgniter\View\View->CodeIgniter\View\{closure}()
 4 SYSTEMPATH\Common.php(1135): CodeIgniter\View\View->render('admin/pages/edit', [], true)
 5 APPPATH\Controllers\edit.php(17): view('admin/pages/edit')
 6 SYSTEMPATH\CodeIgniter.php(896): App\Controllers\Edit->index()
 7 SYSTEMPATH\CodeIgniter.php(466): CodeIgniter\CodeIgniter->runController(Object(App\Controllers\Edit))
 8 SYSTEMPATH\CodeIgniter.php(349): CodeIgniter\CodeIgniter->handleRequest(null, Object(Config\Cache), false)
 9 FCPATH\index.php(55): CodeIgniter\CodeIgniter->run()
CRITICAL - 2022-08-22 21:38:45 --> Call to undefined method CodeIgniter\HTTP\IncomingRequest::geGet()
in APPPATH\Views\admin\pages\edit.php on line 164.
 1 SYSTEMPATH\View\View.php(213): include()
 2 SYSTEMPATH\View\View.php(216): CodeIgniter\View\View->CodeIgniter\View\{closure}()
 3 SYSTEMPATH\Common.php(1135): CodeIgniter\View\View->render('admin/pages/edit', [], true)
 4 APPPATH\Controllers\edit.php(17): view('admin/pages/edit')
 5 SYSTEMPATH\CodeIgniter.php(896): App\Controllers\Edit->index()
 6 SYSTEMPATH\CodeIgniter.php(466): CodeIgniter\CodeIgniter->runController(Object(App\Controllers\Edit))
 7 SYSTEMPATH\CodeIgniter.php(349): CodeIgniter\CodeIgniter->handleRequest(null, Object(Config\Cache), false)
 8 FCPATH\index.php(55): CodeIgniter\CodeIgniter->run()
CRITICAL - 2022-08-22 23:25:50 --> Undefined variable $model
in APPPATH\Controllers\edit.php on line 16.
 1 APPPATH\Controllers\edit.php(16): CodeIgniter\Debug\Exceptions->errorHandler(2, 'Undefined variable $model', 'APPPATH\\Controllers\\edit.php', 16)
 2 SYSTEMPATH\CodeIgniter.php(896): App\Controllers\Edit->index()
 3 SYSTEMPATH\CodeIgniter.php(466): CodeIgniter\CodeIgniter->runController(Object(App\Controllers\Edit))
 4 SYSTEMPATH\CodeIgniter.php(349): CodeIgniter\CodeIgniter->handleRequest(null, Object(Config\Cache), false)
 5 FCPATH\index.php(55): CodeIgniter\CodeIgniter->run()
CRITICAL - 2022-08-22 23:27:15 --> Invalid file: edit.php
in SYSTEMPATH\Exceptions\FrameworkException.php on line 33.
 1 SYSTEMPATH\View\View.php(201): CodeIgniter\Exceptions\FrameworkException::forInvalidFile('edit.php')
 2 SYSTEMPATH\Common.php(1135): CodeIgniter\View\View->render('edit', [], true)
 3 APPPATH\Controllers\edit.php(18): view('edit', [...])
 4 SYSTEMPATH\CodeIgniter.php(896): App\Controllers\Edit->index()
 5 SYSTEMPATH\CodeIgniter.php(466): CodeIgniter\CodeIgniter->runController(Object(App\Controllers\Edit))
 6 SYSTEMPATH\CodeIgniter.php(349): CodeIgniter\CodeIgniter->handleRequest(null, Object(Config\Cache), false)
 7 FCPATH\index.php(55): CodeIgniter\CodeIgniter->run()
