ERROR - 2022-10-26 02:59:18 --> Unknown column 'no' in 'where clause'
CRITICAL - 2022-10-26 02:59:18 --> Unknown column 'no' in 'where clause'
in SYSTEMPATH\Database\MySQLi\Connection.php on line 292.
 1 SYSTEMPATH\Database\MySQLi\Connection.php(292): mysqli->query('SELECT `email`
FROM `pelamar`
WHERE `no` = \'61140411\'
 LIMIT 1', 0)
 2 SYSTEMPATH\Database\BaseConnection.php(695): CodeIgniter\Database\MySQLi\Connection->execute('SELECT `email`
FROM `pelamar`
WHERE `no` = \'61140411\'
 LIMIT 1')
 3 SYSTEMPATH\Database\BaseConnection.php(609): CodeIgniter\Database\BaseConnection->simpleQuery('SELECT `email`
FROM `pelamar`
WHERE `no` = \'61140411\'
 LIMIT 1')
 4 SYSTEMPATH\Database\BaseBuilder.php(1585): CodeIgniter\Database\BaseConnection->query('SELECT `email`
FROM `pelamar`
WHERE `no` = :no:
 LIMIT 1', [...], false)
 5 SYSTEMPATH\Model.php(249): CodeIgniter\Database\BaseBuilder->get()
 6 SYSTEMPATH\BaseModel.php(622): CodeIgniter\Model->doFirst()
 7 APPPATH\Controllers\Pelamar.php(139): CodeIgniter\BaseModel->first()
 8 SYSTEMPATH\CodeIgniter.php(896): App\Controllers\Pelamar->kirimemail()
 9 SYSTEMPATH\CodeIgniter.php(466): CodeIgniter\CodeIgniter->runController(Object(App\Controllers\Pelamar))
10 SYSTEMPATH\CodeIgniter.php(349): CodeIgniter\CodeIgniter->handleRequest(null, Object(Config\Cache), false)
11 FCPATH\index.php(55): CodeIgniter\CodeIgniter->run()
ERROR - 2022-10-26 03:00:29 --> Unknown column 'no' in 'where clause'
CRITICAL - 2022-10-26 03:00:29 --> Unknown column 'no' in 'where clause'
in SYSTEMPATH\Database\MySQLi\Connection.php on line 292.
 1 SYSTEMPATH\Database\MySQLi\Connection.php(292): mysqli->query('SELECT `email`
FROM `pelamar`
WHERE `no` = \'862653369\'
 LIMIT 1', 0)
 2 SYSTEMPATH\Database\BaseConnection.php(695): CodeIgniter\Database\MySQLi\Connection->execute('SELECT `email`
FROM `pelamar`
WHERE `no` = \'862653369\'
 LIMIT 1')
 3 SYSTEMPATH\Database\BaseConnection.php(609): CodeIgniter\Database\BaseConnection->simpleQuery('SELECT `email`
FROM `pelamar`
WHERE `no` = \'862653369\'
 LIMIT 1')
 4 SYSTEMPATH\Database\BaseBuilder.php(1585): CodeIgniter\Database\BaseConnection->query('SELECT `email`
FROM `pelamar`
WHERE `no` = :no:
 LIMIT 1', [...], false)
 5 SYSTEMPATH\Model.php(249): CodeIgniter\Database\BaseBuilder->get()
 6 SYSTEMPATH\BaseModel.php(622): CodeIgniter\Model->doFirst()
 7 APPPATH\Controllers\Pelamar.php(139): CodeIgniter\BaseModel->first()
 8 SYSTEMPATH\CodeIgniter.php(896): App\Controllers\Pelamar->kirimemail()
 9 SYSTEMPATH\CodeIgniter.php(466): CodeIgniter\CodeIgniter->runController(Object(App\Controllers\Pelamar))
10 SYSTEMPATH\CodeIgniter.php(349): CodeIgniter\CodeIgniter->handleRequest(null, Object(Config\Cache), false)
11 FCPATH\index.php(55): CodeIgniter\CodeIgniter->run()
CRITICAL - 2022-10-26 03:00:40 --> Undefined property: stdClass::$no
in APPPATH\Views\admin\pages\ditolak.php on line 407.
 1 APPPATH\Views\admin\pages\ditolak.php(407): CodeIgniter\Debug\Exceptions->errorHandler(2, 'Undefined property: stdClass::$no', 'APPPATH\\Views\\admin\\pages\\ditolak.php', 407)
 2 SYSTEMPATH\View\View.php(213): include('APPPATH\\Views\\admin\\pages\\ditolak.php')
 3 SYSTEMPATH\View\View.php(216): CodeIgniter\View\View->CodeIgniter\View\{closure}()
 4 SYSTEMPATH\Common.php(1135): CodeIgniter\View\View->render('admin/pages/ditolak', [], true)
 5 APPPATH\Controllers\Pelamar.php(247): view('admin/pages/ditolak', [...])
 6 SYSTEMPATH\CodeIgniter.php(896): App\Controllers\Pelamar->ditolak()
 7 SYSTEMPATH\CodeIgniter.php(466): CodeIgniter\CodeIgniter->runController(Object(App\Controllers\Pelamar))
 8 SYSTEMPATH\CodeIgniter.php(349): CodeIgniter\CodeIgniter->handleRequest(null, Object(Config\Cache), false)
 9 FCPATH\index.php(55): CodeIgniter\CodeIgniter->run()
CRITICAL - 2022-10-26 03:00:45 --> Undefined property: stdClass::$no
in APPPATH\Views\admin\pages\ditolak.php on line 407.
 1 APPPATH\Views\admin\pages\ditolak.php(407): CodeIgniter\Debug\Exceptions->errorHandler(2, 'Undefined property: stdClass::$no', 'APPPATH\\Views\\admin\\pages\\ditolak.php', 407)
 2 SYSTEMPATH\View\View.php(213): include('APPPATH\\Views\\admin\\pages\\ditolak.php')
 3 SYSTEMPATH\View\View.php(216): CodeIgniter\View\View->CodeIgniter\View\{closure}()
 4 SYSTEMPATH\Common.php(1135): CodeIgniter\View\View->render('admin/pages/ditolak', [], true)
 5 APPPATH\Controllers\Pelamar.php(247): view('admin/pages/ditolak', [...])
 6 SYSTEMPATH\CodeIgniter.php(896): App\Controllers\Pelamar->ditolak()
 7 SYSTEMPATH\CodeIgniter.php(466): CodeIgniter\CodeIgniter->runController(Object(App\Controllers\Pelamar))
 8 SYSTEMPATH\CodeIgniter.php(349): CodeIgniter\CodeIgniter->handleRequest(null, Object(Config\Cache), false)
 9 FCPATH\index.php(55): CodeIgniter\CodeIgniter->run()
CRITICAL - 2022-10-26 03:00:56 --> Undefined property: stdClass::$no
in APPPATH\Views\admin\pages\ditolak.php on line 407.
 1 APPPATH\Views\admin\pages\ditolak.php(407): CodeIgniter\Debug\Exceptions->errorHandler(2, 'Undefined property: stdClass::$no', 'APPPATH\\Views\\admin\\pages\\ditolak.php', 407)
 2 SYSTEMPATH\View\View.php(213): include('APPPATH\\Views\\admin\\pages\\ditolak.php')
 3 SYSTEMPATH\View\View.php(216): CodeIgniter\View\View->CodeIgniter\View\{closure}()
 4 SYSTEMPATH\Common.php(1135): CodeIgniter\View\View->render('admin/pages/ditolak', [], true)
 5 APPPATH\Controllers\Pelamar.php(247): view('admin/pages/ditolak', [...])
 6 SYSTEMPATH\CodeIgniter.php(896): App\Controllers\Pelamar->ditolak()
 7 SYSTEMPATH\CodeIgniter.php(466): CodeIgniter\CodeIgniter->runController(Object(App\Controllers\Pelamar))
 8 SYSTEMPATH\CodeIgniter.php(349): CodeIgniter\CodeIgniter->handleRequest(null, Object(Config\Cache), false)
 9 FCPATH\index.php(55): CodeIgniter\CodeIgniter->run()
