CRITICAL - 2022-08-01 13:12:51 --> Undefined variable $pelamar
in APPPATH\Views\admin\pages\index.php on line 221.
 1 APPPATH\Views\admin\pages\index.php(221): CodeIgniter\Debug\Exceptions->errorHandler(2, 'Undefined variable $pelamar', 'APPPATH\\Views\\admin\\pages\\index.php', 221)
 2 SYSTEMPATH\View\View.php(213): include('APPPATH\\Views\\admin\\pages\\index.php')
 3 SYSTEMPATH\View\View.php(216): CodeIgniter\View\View->CodeIgniter\View\{closure}()
 4 SYSTEMPATH\Common.php(1135): CodeIgniter\View\View->render('admin/pages/index', [], true)
 5 APPPATH\Controllers\Web.php(16): view('admin/pages/index')
 6 SYSTEMPATH\CodeIgniter.php(896): App\Controllers\Web->index()
 7 SYSTEMPATH\CodeIgniter.php(466): CodeIgniter\CodeIgniter->runController(Object(App\Controllers\Web))
 8 SYSTEMPATH\CodeIgniter.php(349): CodeIgniter\CodeIgniter->handleRequest(null, Object(Config\Cache), false)
 9 FCPATH\index.php(55): CodeIgniter\CodeIgniter->run()
CRITICAL - 2022-08-01 13:38:27 --> Undefined property: stdClass::$nama
in APPPATH\Views\admin\pages\index.php on line 226.
 1 APPPATH\Views\admin\pages\index.php(226): CodeIgniter\Debug\Exceptions->errorHandler(2, 'Undefined property: stdClass::$nama', 'APPPATH\\Views\\admin\\pages\\index.php', 226)
 2 SYSTEMPATH\View\View.php(213): include('APPPATH\\Views\\admin\\pages\\index.php')
 3 SYSTEMPATH\View\View.php(216): CodeIgniter\View\View->CodeIgniter\View\{closure}()
 4 SYSTEMPATH\Common.php(1135): CodeIgniter\View\View->render('admin/pages/index', [], true)
 5 APPPATH\Controllers\Web.php(16): view('admin/pages/index')
 6 SYSTEMPATH\CodeIgniter.php(896): App\Controllers\Web->index()
 7 SYSTEMPATH\CodeIgniter.php(466): CodeIgniter\CodeIgniter->runController(Object(App\Controllers\Web))
 8 SYSTEMPATH\CodeIgniter.php(349): CodeIgniter\CodeIgniter->handleRequest(null, Object(Config\Cache), false)
 9 FCPATH\index.php(55): CodeIgniter\CodeIgniter->run()
CRITICAL - 2022-08-01 13:38:57 --> syntax error, unexpected token "echo"
in APPPATH\Views\admin\pages\index.php on line 226.
 1 SYSTEMPATH\View\View.php(216): CodeIgniter\View\View->CodeIgniter\View\{closure}()
 2 SYSTEMPATH\Common.php(1135): CodeIgniter\View\View->render('admin/pages/index', [], true)
 3 APPPATH\Controllers\Web.php(16): view('admin/pages/index')
 4 SYSTEMPATH\CodeIgniter.php(896): App\Controllers\Web->index()
 5 SYSTEMPATH\CodeIgniter.php(466): CodeIgniter\CodeIgniter->runController(Object(App\Controllers\Web))
 6 SYSTEMPATH\CodeIgniter.php(349): CodeIgniter\CodeIgniter->handleRequest(null, Object(Config\Cache), false)
 7 FCPATH\index.php(55): CodeIgniter\CodeIgniter->run()
CRITICAL - 2022-08-01 13:39:08 --> Undefined property: stdClass::$nama
in APPPATH\Views\admin\pages\index.php on line 226.
 1 APPPATH\Views\admin\pages\index.php(226): CodeIgniter\Debug\Exceptions->errorHandler(2, 'Undefined property: stdClass::$nama', 'APPPATH\\Views\\admin\\pages\\index.php', 226)
 2 SYSTEMPATH\View\View.php(213): include('APPPATH\\Views\\admin\\pages\\index.php')
 3 SYSTEMPATH\View\View.php(216): CodeIgniter\View\View->CodeIgniter\View\{closure}()
 4 SYSTEMPATH\Common.php(1135): CodeIgniter\View\View->render('admin/pages/index', [], true)
 5 APPPATH\Controllers\Web.php(16): view('admin/pages/index')
 6 SYSTEMPATH\CodeIgniter.php(896): App\Controllers\Web->index()
 7 SYSTEMPATH\CodeIgniter.php(466): CodeIgniter\CodeIgniter->runController(Object(App\Controllers\Web))
 8 SYSTEMPATH\CodeIgniter.php(349): CodeIgniter\CodeIgniter->handleRequest(null, Object(Config\Cache), false)
 9 FCPATH\index.php(55): CodeIgniter\CodeIgniter->run()
CRITICAL - 2022-08-01 13:39:42 --> syntax error, unexpected token "echo"
in APPPATH\Views\admin\pages\index.php on line 226.
 1 SYSTEMPATH\View\View.php(216): CodeIgniter\View\View->CodeIgniter\View\{closure}()
 2 SYSTEMPATH\Common.php(1135): CodeIgniter\View\View->render('admin/pages/index', [], true)
 3 APPPATH\Controllers\Web.php(16): view('admin/pages/index')
 4 SYSTEMPATH\CodeIgniter.php(896): App\Controllers\Web->index()
 5 SYSTEMPATH\CodeIgniter.php(466): CodeIgniter\CodeIgniter->runController(Object(App\Controllers\Web))
 6 SYSTEMPATH\CodeIgniter.php(349): CodeIgniter\CodeIgniter->handleRequest(null, Object(Config\Cache), false)
 7 FCPATH\index.php(55): CodeIgniter\CodeIgniter->run()
CRITICAL - 2022-08-01 13:42:22 --> Array to string conversion
in APPPATH\Views\admin\pages\index.php on line 197.
 1 APPPATH\Views\admin\pages\index.php(197): CodeIgniter\Debug\Exceptions->errorHandler(2, 'Array to string conversion', 'APPPATH\\Views\\admin\\pages\\index.php', 197)
 2 SYSTEMPATH\View\View.php(213): include('APPPATH\\Views\\admin\\pages\\index.php')
 3 SYSTEMPATH\View\View.php(216): CodeIgniter\View\View->CodeIgniter\View\{closure}()
 4 SYSTEMPATH\Common.php(1135): CodeIgniter\View\View->render('admin/pages/index', [], true)
 5 APPPATH\Controllers\Web.php(16): view('admin/pages/index')
 6 SYSTEMPATH\CodeIgniter.php(896): App\Controllers\Web->index()
 7 SYSTEMPATH\CodeIgniter.php(466): CodeIgniter\CodeIgniter->runController(Object(App\Controllers\Web))
 8 SYSTEMPATH\CodeIgniter.php(349): CodeIgniter\CodeIgniter->handleRequest(null, Object(Config\Cache), false)
 9 FCPATH\index.php(55): CodeIgniter\CodeIgniter->run()
CRITICAL - 2022-08-01 13:42:33 --> Undefined array key 0
in APPPATH\Views\admin\pages\index.php on line 197.
 1 APPPATH\Views\admin\pages\index.php(197): CodeIgniter\Debug\Exceptions->errorHandler(2, 'Undefined array key 0', 'APPPATH\\Views\\admin\\pages\\index.php', 197)
 2 SYSTEMPATH\View\View.php(213): include('APPPATH\\Views\\admin\\pages\\index.php')
 3 SYSTEMPATH\View\View.php(216): CodeIgniter\View\View->CodeIgniter\View\{closure}()
 4 SYSTEMPATH\Common.php(1135): CodeIgniter\View\View->render('admin/pages/index', [], true)
 5 APPPATH\Controllers\Web.php(16): view('admin/pages/index')
 6 SYSTEMPATH\CodeIgniter.php(896): App\Controllers\Web->index()
 7 SYSTEMPATH\CodeIgniter.php(466): CodeIgniter\CodeIgniter->runController(Object(App\Controllers\Web))
 8 SYSTEMPATH\CodeIgniter.php(349): CodeIgniter\CodeIgniter->handleRequest(null, Object(Config\Cache), false)
 9 FCPATH\index.php(55): CodeIgniter\CodeIgniter->run()
CRITICAL - 2022-08-01 14:02:08 --> Undefined variable $data
in APPPATH\Views\admin\pages\index.php on line 222.
 1 APPPATH\Views\admin\pages\index.php(222): CodeIgniter\Debug\Exceptions->errorHandler(2, 'Undefined variable $data', 'APPPATH\\Views\\admin\\pages\\index.php', 222)
 2 SYSTEMPATH\View\View.php(213): include('APPPATH\\Views\\admin\\pages\\index.php')
 3 SYSTEMPATH\View\View.php(216): CodeIgniter\View\View->CodeIgniter\View\{closure}()
 4 SYSTEMPATH\Common.php(1135): CodeIgniter\View\View->render('admin/pages/index', [], true)
 5 APPPATH\Controllers\Web.php(16): view('admin/pages/index')
 6 SYSTEMPATH\CodeIgniter.php(896): App\Controllers\Web->index()
 7 SYSTEMPATH\CodeIgniter.php(466): CodeIgniter\CodeIgniter->runController(Object(App\Controllers\Web))
 8 SYSTEMPATH\CodeIgniter.php(349): CodeIgniter\CodeIgniter->handleRequest(null, Object(Config\Cache), false)
 9 FCPATH\index.php(55): CodeIgniter\CodeIgniter->run()
CRITICAL - 2022-08-01 14:02:22 --> Undefined property: stdClass::$nama
in APPPATH\Views\admin\pages\index.php on line 226.
 1 APPPATH\Views\admin\pages\index.php(226): CodeIgniter\Debug\Exceptions->errorHandler(2, 'Undefined property: stdClass::$nama', 'APPPATH\\Views\\admin\\pages\\index.php', 226)
 2 SYSTEMPATH\View\View.php(213): include('APPPATH\\Views\\admin\\pages\\index.php')
 3 SYSTEMPATH\View\View.php(216): CodeIgniter\View\View->CodeIgniter\View\{closure}()
 4 SYSTEMPATH\Common.php(1135): CodeIgniter\View\View->render('admin/pages/index', [], true)
 5 APPPATH\Controllers\Web.php(16): view('admin/pages/index')
 6 SYSTEMPATH\CodeIgniter.php(896): App\Controllers\Web->index()
 7 SYSTEMPATH\CodeIgniter.php(466): CodeIgniter\CodeIgniter->runController(Object(App\Controllers\Web))
 8 SYSTEMPATH\CodeIgniter.php(349): CodeIgniter\CodeIgniter->handleRequest(null, Object(Config\Cache), false)
 9 FCPATH\index.php(55): CodeIgniter\CodeIgniter->run()
CRITICAL - 2022-08-01 14:03:48 --> Undefined property: stdClass::$nama
in APPPATH\Views\admin\pages\index.php on line 226.
 1 APPPATH\Views\admin\pages\index.php(226): CodeIgniter\Debug\Exceptions->errorHandler(2, 'Undefined property: stdClass::$nama', 'APPPATH\\Views\\admin\\pages\\index.php', 226)
 2 SYSTEMPATH\View\View.php(213): include('APPPATH\\Views\\admin\\pages\\index.php')
 3 SYSTEMPATH\View\View.php(216): CodeIgniter\View\View->CodeIgniter\View\{closure}()
 4 SYSTEMPATH\Common.php(1135): CodeIgniter\View\View->render('admin/pages/index', [], true)
 5 APPPATH\Controllers\Web.php(16): view('admin/pages/index')
 6 SYSTEMPATH\CodeIgniter.php(896): App\Controllers\Web->index()
 7 SYSTEMPATH\CodeIgniter.php(466): CodeIgniter\CodeIgniter->runController(Object(App\Controllers\Web))
 8 SYSTEMPATH\CodeIgniter.php(349): CodeIgniter\CodeIgniter->handleRequest(null, Object(Config\Cache), false)
 9 FCPATH\index.php(55): CodeIgniter\CodeIgniter->run()
CRITICAL - 2022-08-01 14:05:24 --> Undefined property: stdClass::$nama
in APPPATH\Views\admin\pages\index.php on line 226.
 1 APPPATH\Views\admin\pages\index.php(226): CodeIgniter\Debug\Exceptions->errorHandler(2, 'Undefined property: stdClass::$nama', 'APPPATH\\Views\\admin\\pages\\index.php', 226)
 2 SYSTEMPATH\View\View.php(213): include('APPPATH\\Views\\admin\\pages\\index.php')
 3 SYSTEMPATH\View\View.php(216): CodeIgniter\View\View->CodeIgniter\View\{closure}()
 4 SYSTEMPATH\Common.php(1135): CodeIgniter\View\View->render('admin/pages/index', [], true)
 5 APPPATH\Controllers\Web.php(16): view('admin/pages/index')
 6 SYSTEMPATH\CodeIgniter.php(896): App\Controllers\Web->index()
 7 SYSTEMPATH\CodeIgniter.php(466): CodeIgniter\CodeIgniter->runController(Object(App\Controllers\Web))
 8 SYSTEMPATH\CodeIgniter.php(349): CodeIgniter\CodeIgniter->handleRequest(null, Object(Config\Cache), false)
 9 FCPATH\index.php(55): CodeIgniter\CodeIgniter->run()
CRITICAL - 2022-08-01 14:09:44 --> Undefined property: mysqli::$nama
in APPPATH\Views\admin\pages\index.php on line 226.
 1 APPPATH\Views\admin\pages\index.php(226): CodeIgniter\Debug\Exceptions->errorHandler(2, 'Undefined property: mysqli::$nama', 'APPPATH\\Views\\admin\\pages\\index.php', 226)
 2 SYSTEMPATH\View\View.php(213): include('APPPATH\\Views\\admin\\pages\\index.php')
 3 SYSTEMPATH\View\View.php(216): CodeIgniter\View\View->CodeIgniter\View\{closure}()
 4 SYSTEMPATH\Common.php(1135): CodeIgniter\View\View->render('admin/pages/index', [], true)
 5 APPPATH\Controllers\Web.php(16): view('admin/pages/index')
 6 SYSTEMPATH\CodeIgniter.php(896): App\Controllers\Web->index()
 7 SYSTEMPATH\CodeIgniter.php(466): CodeIgniter\CodeIgniter->runController(Object(App\Controllers\Web))
 8 SYSTEMPATH\CodeIgniter.php(349): CodeIgniter\CodeIgniter->handleRequest(null, Object(Config\Cache), false)
 9 FCPATH\index.php(55): CodeIgniter\CodeIgniter->run()
CRITICAL - 2022-08-01 14:09:55 --> Undefined property: stdClass::$nama
in APPPATH\Views\admin\pages\index.php on line 226.
 1 APPPATH\Views\admin\pages\index.php(226): CodeIgniter\Debug\Exceptions->errorHandler(2, 'Undefined property: stdClass::$nama', 'APPPATH\\Views\\admin\\pages\\index.php', 226)
 2 SYSTEMPATH\View\View.php(213): include('APPPATH\\Views\\admin\\pages\\index.php')
 3 SYSTEMPATH\View\View.php(216): CodeIgniter\View\View->CodeIgniter\View\{closure}()
 4 SYSTEMPATH\Common.php(1135): CodeIgniter\View\View->render('admin/pages/index', [], true)
 5 APPPATH\Controllers\Web.php(16): view('admin/pages/index')
 6 SYSTEMPATH\CodeIgniter.php(896): App\Controllers\Web->index()
 7 SYSTEMPATH\CodeIgniter.php(466): CodeIgniter\CodeIgniter->runController(Object(App\Controllers\Web))
 8 SYSTEMPATH\CodeIgniter.php(349): CodeIgniter\CodeIgniter->handleRequest(null, Object(Config\Cache), false)
 9 FCPATH\index.php(55): CodeIgniter\CodeIgniter->run()
CRITICAL - 2022-08-01 14:12:44 --> Undefined property: stdClass::$nama
in APPPATH\Views\admin\pages\index.php on line 227.
 1 APPPATH\Views\admin\pages\index.php(227): CodeIgniter\Debug\Exceptions->errorHandler(2, 'Undefined property: stdClass::$nama', 'APPPATH\\Views\\admin\\pages\\index.php', 227)
 2 SYSTEMPATH\View\View.php(213): include('APPPATH\\Views\\admin\\pages\\index.php')
 3 SYSTEMPATH\View\View.php(216): CodeIgniter\View\View->CodeIgniter\View\{closure}()
 4 SYSTEMPATH\Common.php(1135): CodeIgniter\View\View->render('admin/pages/index', [], true)
 5 APPPATH\Controllers\Web.php(16): view('admin/pages/index')
 6 SYSTEMPATH\CodeIgniter.php(896): App\Controllers\Web->index()
 7 SYSTEMPATH\CodeIgniter.php(466): CodeIgniter\CodeIgniter->runController(Object(App\Controllers\Web))
 8 SYSTEMPATH\CodeIgniter.php(349): CodeIgniter\CodeIgniter->handleRequest(null, Object(Config\Cache), false)
 9 FCPATH\index.php(55): CodeIgniter\CodeIgniter->run()
CRITICAL - 2022-08-01 14:17:28 --> Undefined variable $pager
in APPPATH\Views\admin\pages\index.php on line 238.
 1 APPPATH\Views\admin\pages\index.php(238): CodeIgniter\Debug\Exceptions->errorHandler(2, 'Undefined variable $pager', 'APPPATH\\Views\\admin\\pages\\index.php', 238)
 2 SYSTEMPATH\View\View.php(213): include('APPPATH\\Views\\admin\\pages\\index.php')
 3 SYSTEMPATH\View\View.php(216): CodeIgniter\View\View->CodeIgniter\View\{closure}()
 4 SYSTEMPATH\Common.php(1135): CodeIgniter\View\View->render('admin/pages/index', [], true)
 5 APPPATH\Controllers\Web.php(16): view('admin/pages/index')
 6 SYSTEMPATH\CodeIgniter.php(896): App\Controllers\Web->index()
 7 SYSTEMPATH\CodeIgniter.php(466): CodeIgniter\CodeIgniter->runController(Object(App\Controllers\Web))
 8 SYSTEMPATH\CodeIgniter.php(349): CodeIgniter\CodeIgniter->handleRequest(null, Object(Config\Cache), false)
 9 FCPATH\index.php(55): CodeIgniter\CodeIgniter->run()
CRITICAL - 2022-08-01 14:24:34 --> Class "App\Models\webModel" not found
in APPPATH\Controllers\Web.php on line 17.
 1 SYSTEMPATH\CodeIgniter.php(896): App\Controllers\Web->index()
 2 SYSTEMPATH\CodeIgniter.php(466): CodeIgniter\CodeIgniter->runController(Object(App\Controllers\Web))
 3 SYSTEMPATH\CodeIgniter.php(349): CodeIgniter\CodeIgniter->handleRequest(null, Object(Config\Cache), false)
 4 FCPATH\index.php(55): CodeIgniter\CodeIgniter->run()
CRITICAL - 2022-08-01 14:47:31 --> Undefined variable $siswa
in APPPATH\Views\admin\pages\index.php on line 219.
 1 APPPATH\Views\admin\pages\index.php(219): CodeIgniter\Debug\Exceptions->errorHandler(2, 'Undefined variable $siswa', 'APPPATH\\Views\\admin\\pages\\index.php', 219)
 2 SYSTEMPATH\View\View.php(213): include('APPPATH\\Views\\admin\\pages\\index.php')
 3 SYSTEMPATH\View\View.php(216): CodeIgniter\View\View->CodeIgniter\View\{closure}()
 4 SYSTEMPATH\Common.php(1135): CodeIgniter\View\View->render('admin/pages/index', [], true)
 5 APPPATH\Controllers\Web.php(21): view('admin/pages/index', [...])
 6 SYSTEMPATH\CodeIgniter.php(896): App\Controllers\Web->index()
 7 SYSTEMPATH\CodeIgniter.php(466): CodeIgniter\CodeIgniter->runController(Object(App\Controllers\Web))
 8 SYSTEMPATH\CodeIgniter.php(349): CodeIgniter\CodeIgniter->handleRequest(null, Object(Config\Cache), false)
 9 FCPATH\index.php(55): CodeIgniter\CodeIgniter->run()
