CRITICAL - 2022-10-23 23:22:39 --> substr(): Argument #1 ($string) must be of type string, array given
in APPPATH\Controllers\Pelamar.php on line 65.
 1 APPPATH\Controllers\Pelamar.php(65): substr([...], -1)
 2 SYSTEMPATH\CodeIgniter.php(896): App\Controllers\Pelamar->lamar()
 3 SYSTEMPATH\CodeIgniter.php(466): CodeIgniter\CodeIgniter->runController(Object(App\Controllers\Pelamar))
 4 SYSTEMPATH\CodeIgniter.php(349): CodeIgniter\CodeIgniter->handleRequest(null, Object(Config\Cache), false)
 5 FCPATH\index.php(55): CodeIgniter\CodeIgniter->run()
CRITICAL - 2022-10-23 23:23:16 --> Undefined array key 0
in APPPATH\Controllers\Pelamar.php on line 65.
 1 APPPATH\Controllers\Pelamar.php(65): CodeIgniter\Debug\Exceptions->errorHandler(2, 'Undefined array key 0', 'APPPATH\\Controllers\\Pelamar.php', 65)
 2 SYSTEMPATH\CodeIgniter.php(896): App\Controllers\Pelamar->lamar()
 3 SYSTEMPATH\CodeIgniter.php(466): CodeIgniter\CodeIgniter->runController(Object(App\Controllers\Pelamar))
 4 SYSTEMPATH\CodeIgniter.php(349): CodeIgniter\CodeIgniter->handleRequest(null, Object(Config\Cache), false)
 5 FCPATH\index.php(55): CodeIgniter\CodeIgniter->run()
CRITICAL - 2022-10-23 23:23:50 --> Invalid file: index#form.php
in SYSTEMPATH\Exceptions\FrameworkException.php on line 33.
 1 SYSTEMPATH\View\View.php(201): CodeIgniter\Exceptions\FrameworkException::forInvalidFile('index#form.php')
 2 SYSTEMPATH\Common.php(1135): CodeIgniter\View\View->render('index#form', [], true)
 3 APPPATH\Controllers\Pelamar.php(129): view('index#form')
 4 SYSTEMPATH\CodeIgniter.php(896): App\Controllers\Pelamar->lamar()
 5 SYSTEMPATH\CodeIgniter.php(466): CodeIgniter\CodeIgniter->runController(Object(App\Controllers\Pelamar))
 6 SYSTEMPATH\CodeIgniter.php(349): CodeIgniter\CodeIgniter->handleRequest(null, Object(Config\Cache), false)
 7 FCPATH\index.php(55): CodeIgniter\CodeIgniter->run()
CRITICAL - 2022-10-23 23:27:10 --> Undefined variable $lowongan
in APPPATH\Views\index.php on line 283.
 1 APPPATH\Views\index.php(283): CodeIgniter\Debug\Exceptions->errorHandler(2, 'Undefined variable $lowongan', 'APPPATH\\Views\\index.php', 283)
 2 SYSTEMPATH\View\View.php(213): include('APPPATH\\Views\\index.php')
 3 SYSTEMPATH\View\View.php(216): CodeIgniter\View\View->CodeIgniter\View\{closure}()
 4 SYSTEMPATH\Common.php(1135): CodeIgniter\View\View->render('index', [], true)
 5 APPPATH\Controllers\Pelamar.php(129): view('index')
 6 SYSTEMPATH\CodeIgniter.php(896): App\Controllers\Pelamar->lamar()
 7 SYSTEMPATH\CodeIgniter.php(466): CodeIgniter\CodeIgniter->runController(Object(App\Controllers\Pelamar))
 8 SYSTEMPATH\CodeIgniter.php(349): CodeIgniter\CodeIgniter->handleRequest(null, Object(Config\Cache), false)
 9 FCPATH\index.php(55): CodeIgniter\CodeIgniter->run()
