CRITICAL - 2022-11-15 01:19:44 --> Undefined index: id_user
in APPPATH\Views\user.php on line 243.
 1 APPPATH\Views\user.php(243): CodeIgniter\Debug\Exceptions->errorHandler(8, 'Undefined index: id_user', 'APPPATH\\Views\\user.php', 243, [...])
 2 SYSTEMPATH\View\View.php(213): include('APPPATH\\Views\\user.php')
 3 SYSTEMPATH\View\View.php(216): CodeIgniter\View\View->CodeIgniter\View\{closure}()
 4 SYSTEMPATH\Common.php(1135): CodeIgniter\View\View->render('user', [], true)
 5 APPPATH\Controllers\user.php(18): view('user', [...])
 6 SYSTEMPATH\CodeIgniter.php(896): App\Controllers\user->index()
 7 SYSTEMPATH\CodeIgniter.php(466): CodeIgniter\CodeIgniter->runController(Object(App\Controllers\user))
 8 SYSTEMPATH\CodeIgniter.php(349): CodeIgniter\CodeIgniter->handleRequest(null, Object(Config\Cache), false)
 9 FCPATH\index.php(55): CodeIgniter\CodeIgniter->run()
CRITICAL - 2022-11-15 01:34:25 --> Undefined index: id
in APPPATH\Controllers\lupas.php on line 10.
 1 APPPATH\Controllers\lupas.php(10): CodeIgniter\Debug\Exceptions->errorHandler(8, 'Undefined index: id', 'APPPATH\\Controllers\\lupas.php', 10, [])
 2 SYSTEMPATH\CodeIgniter.php(896): App\Controllers\lupas->index()
 3 SYSTEMPATH\CodeIgniter.php(466): CodeIgniter\CodeIgniter->runController(Object(App\Controllers\lupas))
 4 SYSTEMPATH\CodeIgniter.php(349): CodeIgniter\CodeIgniter->handleRequest(null, Object(Config\Cache), false)
 5 FCPATH\index.php(55): CodeIgniter\CodeIgniter->run()
CRITICAL - 2022-11-15 01:34:46 --> Undefined index: id
in APPPATH\Controllers\lupas.php on line 10.
 1 APPPATH\Controllers\lupas.php(10): CodeIgniter\Debug\Exceptions->errorHandler(8, 'Undefined index: id', 'APPPATH\\Controllers\\lupas.php', 10, [])
 2 SYSTEMPATH\CodeIgniter.php(896): App\Controllers\lupas->index()
 3 SYSTEMPATH\CodeIgniter.php(466): CodeIgniter\CodeIgniter->runController(Object(App\Controllers\lupas))
 4 SYSTEMPATH\CodeIgniter.php(349): CodeIgniter\CodeIgniter->handleRequest(null, Object(Config\Cache), false)
 5 FCPATH\index.php(55): CodeIgniter\CodeIgniter->run()
CRITICAL - 2022-11-15 01:46:44 --> Undefined property: App\Controllers\lupas::$uri
in APPPATH\Controllers\lupas.php on line 10.
 1 APPPATH\Controllers\lupas.php(10): CodeIgniter\Debug\Exceptions->errorHandler(8, 'Undefined property: App\\Controllers\\lupas::$uri', 'APPPATH\\Controllers\\lupas.php', 10, [])
 2 SYSTEMPATH\CodeIgniter.php(896): App\Controllers\lupas->index()
 3 SYSTEMPATH\CodeIgniter.php(466): CodeIgniter\CodeIgniter->runController(Object(App\Controllers\lupas))
 4 SYSTEMPATH\CodeIgniter.php(349): CodeIgniter\CodeIgniter->handleRequest(null, Object(Config\Cache), false)
 5 FCPATH\index.php(55): CodeIgniter\CodeIgniter->run()
CRITICAL - 2022-11-15 01:49:34 --> Undefined property: CodeIgniter\View\View::$request
in APPPATH\Views\user_ubah_password.php on line 276.
 1 APPPATH\Views\user_ubah_password.php(276): CodeIgniter\Debug\Exceptions->errorHandler(8, 'Undefined property: CodeIgniter\\View\\View::$request', 'APPPATH\\Views\\user_ubah_password.php', 276, [])
 2 SYSTEMPATH\View\View.php(213): include('APPPATH\\Views\\user_ubah_password.php')
 3 SYSTEMPATH\View\View.php(216): CodeIgniter\View\View->CodeIgniter\View\{closure}()
 4 SYSTEMPATH\Common.php(1135): CodeIgniter\View\View->render('user_ubah_password', [], true)
 5 APPPATH\Controllers\ubahpassword.php(9): view('user_ubah_password')
 6 SYSTEMPATH\CodeIgniter.php(896): App\Controllers\ubahpassword->index()
 7 SYSTEMPATH\CodeIgniter.php(466): CodeIgniter\CodeIgniter->runController(Object(App\Controllers\ubahpassword))
 8 SYSTEMPATH\CodeIgniter.php(349): CodeIgniter\CodeIgniter->handleRequest(null, Object(Config\Cache), false)
 9 FCPATH\index.php(55): CodeIgniter\CodeIgniter->run()
CRITICAL - 2022-11-15 10:15:07 --> Undefined variable: no
in APPPATH\Controllers\ngeditclient.php on line 36.
 1 APPPATH\Controllers\ngeditclient.php(36): CodeIgniter\Debug\Exceptions->errorHandler(8, 'Undefined variable: no', 'APPPATH\\Controllers\\ngeditclient.php', 36, [...])
 2 SYSTEMPATH\CodeIgniter.php(896): App\Controllers\ngeditclient->index()
 3 SYSTEMPATH\CodeIgniter.php(466): CodeIgniter\CodeIgniter->runController(Object(App\Controllers\ngeditclient))
 4 SYSTEMPATH\CodeIgniter.php(349): CodeIgniter\CodeIgniter->handleRequest(null, Object(Config\Cache), false)
 5 FCPATH\index.php(55): CodeIgniter\CodeIgniter->run()
CRITICAL - 2022-11-15 10:15:28 --> Undefined variable: idkel
in APPPATH\Controllers\ngeditclient.php on line 37.
 1 APPPATH\Controllers\ngeditclient.php(37): CodeIgniter\Debug\Exceptions->errorHandler(8, 'Undefined variable: idkel', 'APPPATH\\Controllers\\ngeditclient.php', 37, [...])
 2 SYSTEMPATH\CodeIgniter.php(896): App\Controllers\ngeditclient->index()
 3 SYSTEMPATH\CodeIgniter.php(466): CodeIgniter\CodeIgniter->runController(Object(App\Controllers\ngeditclient))
 4 SYSTEMPATH\CodeIgniter.php(349): CodeIgniter\CodeIgniter->handleRequest(null, Object(Config\Cache), false)
 5 FCPATH\index.php(55): CodeIgniter\CodeIgniter->run()
CRITICAL - 2022-11-15 10:19:12 --> Undefined variable: no
in APPPATH\Controllers\ngeditclient.php on line 45.
 1 APPPATH\Controllers\ngeditclient.php(45): CodeIgniter\Debug\Exceptions->errorHandler(8, 'Undefined variable: no', 'APPPATH\\Controllers\\ngeditclient.php', 45, [...])
 2 SYSTEMPATH\CodeIgniter.php(896): App\Controllers\ngeditclient->index()
 3 SYSTEMPATH\CodeIgniter.php(466): CodeIgniter\CodeIgniter->runController(Object(App\Controllers\ngeditclient))
 4 SYSTEMPATH\CodeIgniter.php(349): CodeIgniter\CodeIgniter->handleRequest(null, Object(Config\Cache), false)
 5 FCPATH\index.php(55): CodeIgniter\CodeIgniter->run()
CRITICAL - 2022-11-15 10:51:21 --> Undefined variable: namap
in APPPATH\Views\Edit_Client.php on line 265.
 1 APPPATH\Views\Edit_Client.php(265): CodeIgniter\Debug\Exceptions->errorHandler(8, 'Undefined variable: namap', 'APPPATH\\Views\\Edit_Client.php', 265, [...])
 2 SYSTEMPATH\View\View.php(213): include('APPPATH\\Views\\Edit_Client.php')
 3 SYSTEMPATH\View\View.php(216): CodeIgniter\View\View->CodeIgniter\View\{closure}()
 4 SYSTEMPATH\Common.php(1135): CodeIgniter\View\View->render('Edit_Client', [], true)
 5 APPPATH\Controllers\Edit_Client.php(12): view('Edit_Client')
 6 SYSTEMPATH\CodeIgniter.php(896): App\Controllers\Edit_Client->index()
 7 SYSTEMPATH\CodeIgniter.php(466): CodeIgniter\CodeIgniter->runController(Object(App\Controllers\Edit_Client))
 8 SYSTEMPATH\CodeIgniter.php(349): CodeIgniter\CodeIgniter->handleRequest(null, Object(Config\Cache), false)
 9 FCPATH\index.php(55): CodeIgniter\CodeIgniter->run()
CRITICAL - 2022-11-15 10:52:20 --> Undefined variable: namap
in APPPATH\Views\Edit_Client.php on line 265.
 1 APPPATH\Views\Edit_Client.php(265): CodeIgniter\Debug\Exceptions->errorHandler(8, 'Undefined variable: namap', 'APPPATH\\Views\\Edit_Client.php', 265, [...])
 2 SYSTEMPATH\View\View.php(213): include('APPPATH\\Views\\Edit_Client.php')
 3 SYSTEMPATH\View\View.php(216): CodeIgniter\View\View->CodeIgniter\View\{closure}()
 4 SYSTEMPATH\Common.php(1135): CodeIgniter\View\View->render('Edit_Client', [], true)
 5 APPPATH\Controllers\Edit_Client.php(12): view('Edit_Client')
 6 SYSTEMPATH\CodeIgniter.php(896): App\Controllers\Edit_Client->index()
 7 SYSTEMPATH\CodeIgniter.php(466): CodeIgniter\CodeIgniter->runController(Object(App\Controllers\Edit_Client))
 8 SYSTEMPATH\CodeIgniter.php(349): CodeIgniter\CodeIgniter->handleRequest(null, Object(Config\Cache), false)
 9 FCPATH\index.php(55): CodeIgniter\CodeIgniter->run()
CRITICAL - 2022-11-15 12:42:12 --> Undefined variable: idklien
in APPPATH\Views\client.php on line 19.
 1 APPPATH\Views\client.php(19): CodeIgniter\Debug\Exceptions->errorHandler(8, 'Undefined variable: idklien', 'APPPATH\\Views\\client.php', 19, [...])
 2 SYSTEMPATH\View\View.php(213): include('APPPATH\\Views\\client.php')
 3 SYSTEMPATH\View\View.php(216): CodeIgniter\View\View->CodeIgniter\View\{closure}()
 4 SYSTEMPATH\Common.php(1135): CodeIgniter\View\View->render('client', [], true)
 5 APPPATH\Controllers\datainvoice.php(23): view('client', [...])
 6 SYSTEMPATH\CodeIgniter.php(896): App\Controllers\datainvoice->index()
 7 SYSTEMPATH\CodeIgniter.php(466): CodeIgniter\CodeIgniter->runController(Object(App\Controllers\datainvoice))
 8 SYSTEMPATH\CodeIgniter.php(349): CodeIgniter\CodeIgniter->handleRequest(null, Object(Config\Cache), false)
 9 FCPATH\index.php(55): CodeIgniter\CodeIgniter->run()
CRITICAL - 2022-11-15 12:42:19 --> Undefined variable: comp
in APPPATH\Views\ingpois.php on line 27.
 1 APPPATH\Views\ingpois.php(27): CodeIgniter\Debug\Exceptions->errorHandler(8, 'Undefined variable: comp', 'APPPATH\\Views\\ingpois.php', 27, [...])
 2 SYSTEMPATH\View\View.php(213): include('APPPATH\\Views\\ingpois.php')
 3 SYSTEMPATH\View\View.php(216): CodeIgniter\View\View->CodeIgniter\View\{closure}()
 4 SYSTEMPATH\Common.php(1135): CodeIgniter\View\View->render('ingpois', [], true)
 5 APPPATH\Controllers\Ingpois.php(21): view('ingpois', [...])
 6 SYSTEMPATH\CodeIgniter.php(896): App\Controllers\Ingpois->index()
 7 SYSTEMPATH\CodeIgniter.php(466): CodeIgniter\CodeIgniter->runController(Object(App\Controllers\Ingpois))
 8 SYSTEMPATH\CodeIgniter.php(349): CodeIgniter\CodeIgniter->handleRequest(null, Object(Config\Cache), false)
 9 FCPATH\index.php(55): CodeIgniter\CodeIgniter->run()
ERROR - 2022-11-15 13:34:30 --> Unknown column 'no' in 'field list'
CRITICAL - 2022-11-15 13:34:30 --> Unknown column 'no' in 'field list'
in SYSTEMPATH\Database\MySQLi\Connection.php on line 292.
 1 SYSTEMPATH\Database\MySQLi\Connection.php(292): mysqli->query('SELECT `no`
FROM `tagihan`
WHERE `no_invoice` IS NULL
 LIMIT 1', 0)
 2 SYSTEMPATH\Database\BaseConnection.php(695): CodeIgniter\Database\MySQLi\Connection->execute('SELECT `no`
FROM `tagihan`
WHERE `no_invoice` IS NULL
 LIMIT 1')
 3 SYSTEMPATH\Database\BaseConnection.php(609): CodeIgniter\Database\BaseConnection->simpleQuery('SELECT `no`
FROM `tagihan`
WHERE `no_invoice` IS NULL
 LIMIT 1')
 4 SYSTEMPATH\Database\BaseBuilder.php(1585): CodeIgniter\Database\BaseConnection->query('SELECT `no`
FROM `tagihan`
WHERE `no_invoice` IS NULL
 LIMIT 1', [], false)
 5 SYSTEMPATH\Model.php(249): CodeIgniter\Database\BaseBuilder->get()
 6 SYSTEMPATH\BaseModel.php(622): CodeIgniter\Model->doFirst()
 7 APPPATH\Controllers\ngeditinv.php(15): CodeIgniter\BaseModel->first()
 8 SYSTEMPATH\CodeIgniter.php(896): App\Controllers\ngeditinv->index()
 9 SYSTEMPATH\CodeIgniter.php(466): CodeIgniter\CodeIgniter->runController(Object(App\Controllers\ngeditinv))
10 SYSTEMPATH\CodeIgniter.php(349): CodeIgniter\CodeIgniter->handleRequest(null, Object(Config\Cache), false)
11 FCPATH\index.php(55): CodeIgniter\CodeIgniter->run()
CRITICAL - 2022-11-15 13:36:03 --> Division by zero
in APPPATH\Controllers\ngeditinv.php on line 26.
 1 APPPATH\Controllers\ngeditinv.php(26): CodeIgniter\Debug\Exceptions->errorHandler(2, 'Division by zero', 'APPPATH\\Controllers\\ngeditinv.php', 26, [...])
 2 SYSTEMPATH\CodeIgniter.php(896): App\Controllers\ngeditinv->index()
 3 SYSTEMPATH\CodeIgniter.php(466): CodeIgniter\CodeIgniter->runController(Object(App\Controllers\ngeditinv))
 4 SYSTEMPATH\CodeIgniter.php(349): CodeIgniter\CodeIgniter->handleRequest(null, Object(Config\Cache), false)
 5 FCPATH\index.php(55): CodeIgniter\CodeIgniter->run()
CRITICAL - 2022-11-15 13:37:52 --> Division by zero
in APPPATH\Controllers\ngeditinv.php on line 26.
 1 APPPATH\Controllers\ngeditinv.php(26): CodeIgniter\Debug\Exceptions->errorHandler(2, 'Division by zero', 'APPPATH\\Controllers\\ngeditinv.php', 26, [...])
 2 SYSTEMPATH\CodeIgniter.php(896): App\Controllers\ngeditinv->index()
 3 SYSTEMPATH\CodeIgniter.php(466): CodeIgniter\CodeIgniter->runController(Object(App\Controllers\ngeditinv))
 4 SYSTEMPATH\CodeIgniter.php(349): CodeIgniter\CodeIgniter->handleRequest(null, Object(Config\Cache), false)
 5 FCPATH\index.php(55): CodeIgniter\CodeIgniter->run()
CRITICAL - 2022-11-15 13:39:54 --> Unsupported operand types
in APPPATH\Controllers\ngeditinv.php on line 26.
 1 SYSTEMPATH\CodeIgniter.php(896): App\Controllers\ngeditinv->index()
 2 SYSTEMPATH\CodeIgniter.php(466): CodeIgniter\CodeIgniter->runController(Object(App\Controllers\ngeditinv))
 3 SYSTEMPATH\CodeIgniter.php(349): CodeIgniter\CodeIgniter->handleRequest(null, Object(Config\Cache), false)
 4 FCPATH\index.php(55): CodeIgniter\CodeIgniter->run()
CRITICAL - 2022-11-15 13:40:31 --> Unsupported operand types
in APPPATH\Controllers\ngeditinv.php on line 26.
 1 SYSTEMPATH\CodeIgniter.php(896): App\Controllers\ngeditinv->index()
 2 SYSTEMPATH\CodeIgniter.php(466): CodeIgniter\CodeIgniter->runController(Object(App\Controllers\ngeditinv))
 3 SYSTEMPATH\CodeIgniter.php(349): CodeIgniter\CodeIgniter->handleRequest(null, Object(Config\Cache), false)
 4 FCPATH\index.php(55): CodeIgniter\CodeIgniter->run()
ERROR - 2022-11-15 13:41:53 --> Unknown column 'detail_tagihan.id' in 'where clause'
CRITICAL - 2022-11-15 13:41:53 --> Unknown column 'detail_tagihan.id' in 'where clause'
in SYSTEMPATH\Database\MySQLi\Connection.php on line 292.
 1 SYSTEMPATH\Database\MySQLi\Connection.php(292): mysqli->query('UPDATE `detail_tagihan` SET `unit` = \'Paket\', `deskripsi` = \'desain\', `quantity` = \'2\'
WHERE `detail_tagihan`.`id` IN (\'1\')', 0)
 2 SYSTEMPATH\Database\BaseConnection.php(695): CodeIgniter\Database\MySQLi\Connection->execute('UPDATE `detail_tagihan` SET `unit` = \'Paket\', `deskripsi` = \'desain\', `quantity` = \'2\'
WHERE `detail_tagihan`.`id` IN (\'1\')')
 3 SYSTEMPATH\Database\BaseConnection.php(609): CodeIgniter\Database\BaseConnection->simpleQuery('UPDATE `detail_tagihan` SET `unit` = \'Paket\', `deskripsi` = \'desain\', `quantity` = \'2\'
WHERE `detail_tagihan`.`id` IN (\'1\')')
 4 SYSTEMPATH\Database\BaseBuilder.php(2046): CodeIgniter\Database\BaseConnection->query('UPDATE `detail_tagihan` SET `unit` = :unit:, `deskripsi` = :deskripsi:, `quantity` = :quantity:
WHERE `detail_tagihan`.`id` IN :detail_tagihan.id:', [...], false)
 5 SYSTEMPATH\Model.php(337): CodeIgniter\Database\BaseBuilder->update()
 6 SYSTEMPATH\BaseModel.php(865): CodeIgniter\Model->doUpdate([...], [...])
 7 SYSTEMPATH\Model.php(692): CodeIgniter\BaseModel->update([...], [...])
 8 APPPATH\Controllers\ngeditinv.php(39): CodeIgniter\Model->update([...], [...])
 9 SYSTEMPATH\CodeIgniter.php(896): App\Controllers\ngeditinv->index()
10 SYSTEMPATH\CodeIgniter.php(466): CodeIgniter\CodeIgniter->runController(Object(App\Controllers\ngeditinv))
11 SYSTEMPATH\CodeIgniter.php(349): CodeIgniter\CodeIgniter->handleRequest(null, Object(Config\Cache), false)
12 FCPATH\index.php(55): CodeIgniter\CodeIgniter->run()
ERROR - 2022-11-15 13:43:14 --> Unknown column 'detail_tagihan.id' in 'where clause'
CRITICAL - 2022-11-15 13:43:14 --> Unknown column 'detail_tagihan.id' in 'where clause'
in SYSTEMPATH\Database\MySQLi\Connection.php on line 292.
 1 SYSTEMPATH\Database\MySQLi\Connection.php(292): mysqli->query('UPDATE `detail_tagihan` SET `unit` = \'Paket\', `deskripsi` = \'desain\', `quantity` = 2
WHERE `detail_tagihan`.`id` IN (\'1\')', 0)
 2 SYSTEMPATH\Database\BaseConnection.php(695): CodeIgniter\Database\MySQLi\Connection->execute('UPDATE `detail_tagihan` SET `unit` = \'Paket\', `deskripsi` = \'desain\', `quantity` = 2
WHERE `detail_tagihan`.`id` IN (\'1\')')
 3 SYSTEMPATH\Database\BaseConnection.php(609): CodeIgniter\Database\BaseConnection->simpleQuery('UPDATE `detail_tagihan` SET `unit` = \'Paket\', `deskripsi` = \'desain\', `quantity` = 2
WHERE `detail_tagihan`.`id` IN (\'1\')')
 4 SYSTEMPATH\Database\BaseBuilder.php(2046): CodeIgniter\Database\BaseConnection->query('UPDATE `detail_tagihan` SET `unit` = :unit:, `deskripsi` = :deskripsi:, `quantity` = :quantity:
WHERE `detail_tagihan`.`id` IN :detail_tagihan.id:', [...], false)
 5 SYSTEMPATH\Model.php(337): CodeIgniter\Database\BaseBuilder->update()
 6 SYSTEMPATH\BaseModel.php(865): CodeIgniter\Model->doUpdate([...], [...])
 7 SYSTEMPATH\Model.php(692): CodeIgniter\BaseModel->update([...], [...])
 8 APPPATH\Controllers\ngeditinv.php(39): CodeIgniter\Model->update([...], [...])
 9 SYSTEMPATH\CodeIgniter.php(896): App\Controllers\ngeditinv->index()
10 SYSTEMPATH\CodeIgniter.php(466): CodeIgniter\CodeIgniter->runController(Object(App\Controllers\ngeditinv))
11 SYSTEMPATH\CodeIgniter.php(349): CodeIgniter\CodeIgniter->handleRequest(null, Object(Config\Cache), false)
12 FCPATH\index.php(55): CodeIgniter\CodeIgniter->run()
ERROR - 2022-11-15 13:44:19 --> Unknown column 'detail_tagihan.id' in 'where clause'
CRITICAL - 2022-11-15 13:44:19 --> Unknown column 'detail_tagihan.id' in 'where clause'
in SYSTEMPATH\Database\MySQLi\Connection.php on line 292.
 1 SYSTEMPATH\Database\MySQLi\Connection.php(292): mysqli->query('UPDATE `detail_tagihan` SET `unit` = \'Paket\', `deskripsi` = \'desain\', `quantity` = 2
WHERE `detail_tagihan`.`id` IN (\'1\')', 0)
 2 SYSTEMPATH\Database\BaseConnection.php(695): CodeIgniter\Database\MySQLi\Connection->execute('UPDATE `detail_tagihan` SET `unit` = \'Paket\', `deskripsi` = \'desain\', `quantity` = 2
WHERE `detail_tagihan`.`id` IN (\'1\')')
 3 SYSTEMPATH\Database\BaseConnection.php(609): CodeIgniter\Database\BaseConnection->simpleQuery('UPDATE `detail_tagihan` SET `unit` = \'Paket\', `deskripsi` = \'desain\', `quantity` = 2
WHERE `detail_tagihan`.`id` IN (\'1\')')
 4 SYSTEMPATH\Database\BaseBuilder.php(2046): CodeIgniter\Database\BaseConnection->query('UPDATE `detail_tagihan` SET `unit` = :unit:, `deskripsi` = :deskripsi:, `quantity` = :quantity:
WHERE `detail_tagihan`.`id` IN :detail_tagihan.id:', [...], false)
 5 SYSTEMPATH\Model.php(337): CodeIgniter\Database\BaseBuilder->update()
 6 SYSTEMPATH\BaseModel.php(865): CodeIgniter\Model->doUpdate([...], [...])
 7 SYSTEMPATH\Model.php(692): CodeIgniter\BaseModel->update([...], [...])
 8 APPPATH\Controllers\ngeditinv.php(39): CodeIgniter\Model->update('1', [...])
 9 SYSTEMPATH\CodeIgniter.php(896): App\Controllers\ngeditinv->index()
10 SYSTEMPATH\CodeIgniter.php(466): CodeIgniter\CodeIgniter->runController(Object(App\Controllers\ngeditinv))
11 SYSTEMPATH\CodeIgniter.php(349): CodeIgniter\CodeIgniter->handleRequest(null, Object(Config\Cache), false)
12 FCPATH\index.php(55): CodeIgniter\CodeIgniter->run()
ERROR - 2022-11-15 13:45:09 --> Unknown column 'detail_tagihan.id' in 'where clause'
CRITICAL - 2022-11-15 13:45:09 --> Unknown column 'detail_tagihan.id' in 'where clause'
in SYSTEMPATH\Database\MySQLi\Connection.php on line 292.
 1 SYSTEMPATH\Database\MySQLi\Connection.php(292): mysqli->query('UPDATE `detail_tagihan` SET `unit` = \'Paket\', `deskripsi` = \'desain\', `quantity` = 2, `total` = 4000
WHERE `detail_tagihan`.`id` IN (\'1\')', 0)
 2 SYSTEMPATH\Database\BaseConnection.php(695): CodeIgniter\Database\MySQLi\Connection->execute('UPDATE `detail_tagihan` SET `unit` = \'Paket\', `deskripsi` = \'desain\', `quantity` = 2, `total` = 4000
WHERE `detail_tagihan`.`id` IN (\'1\')')
 3 SYSTEMPATH\Database\BaseConnection.php(609): CodeIgniter\Database\BaseConnection->simpleQuery('UPDATE `detail_tagihan` SET `unit` = \'Paket\', `deskripsi` = \'desain\', `quantity` = 2, `total` = 4000
WHERE `detail_tagihan`.`id` IN (\'1\')')
 4 SYSTEMPATH\Database\BaseBuilder.php(2046): CodeIgniter\Database\BaseConnection->query('UPDATE `detail_tagihan` SET `unit` = :unit:, `deskripsi` = :deskripsi:, `quantity` = :quantity:, `total` = :total:
WHERE `detail_tagihan`.`id` IN :detail_tagihan.id:', [...], false)
 5 SYSTEMPATH\Model.php(337): CodeIgniter\Database\BaseBuilder->update()
 6 SYSTEMPATH\BaseModel.php(865): CodeIgniter\Model->doUpdate([...], [...])
 7 SYSTEMPATH\Model.php(692): CodeIgniter\BaseModel->update([...], [...])
 8 APPPATH\Controllers\ngeditinv.php(40): CodeIgniter\Model->update('1', [...])
 9 SYSTEMPATH\CodeIgniter.php(896): App\Controllers\ngeditinv->index()
10 SYSTEMPATH\CodeIgniter.php(466): CodeIgniter\CodeIgniter->runController(Object(App\Controllers\ngeditinv))
11 SYSTEMPATH\CodeIgniter.php(349): CodeIgniter\CodeIgniter->handleRequest(null, Object(Config\Cache), false)
12 FCPATH\index.php(55): CodeIgniter\CodeIgniter->run()
ERROR - 2022-11-15 13:45:29 --> Unknown column 'detail_tagihan.id' in 'where clause'
CRITICAL - 2022-11-15 13:45:29 --> Unknown column 'detail_tagihan.id' in 'where clause'
in SYSTEMPATH\Database\MySQLi\Connection.php on line 292.
 1 SYSTEMPATH\Database\MySQLi\Connection.php(292): mysqli->query('UPDATE `detail_tagihan` SET `unit` = \'Paket\', `deskripsi` = \'desain\', `quantity` = 2, `total` = 4000
WHERE `detail_tagihan`.`id` IN (\'1\')', 0)
 2 SYSTEMPATH\Database\BaseConnection.php(695): CodeIgniter\Database\MySQLi\Connection->execute('UPDATE `detail_tagihan` SET `unit` = \'Paket\', `deskripsi` = \'desain\', `quantity` = 2, `total` = 4000
WHERE `detail_tagihan`.`id` IN (\'1\')')
 3 SYSTEMPATH\Database\BaseConnection.php(609): CodeIgniter\Database\BaseConnection->simpleQuery('UPDATE `detail_tagihan` SET `unit` = \'Paket\', `deskripsi` = \'desain\', `quantity` = 2, `total` = 4000
WHERE `detail_tagihan`.`id` IN (\'1\')')
 4 SYSTEMPATH\Database\BaseBuilder.php(2046): CodeIgniter\Database\BaseConnection->query('UPDATE `detail_tagihan` SET `unit` = :unit:, `deskripsi` = :deskripsi:, `quantity` = :quantity:, `total` = :total:
WHERE `detail_tagihan`.`id` IN :detail_tagihan.id:', [...], false)
 5 SYSTEMPATH\Model.php(337): CodeIgniter\Database\BaseBuilder->update()
 6 SYSTEMPATH\BaseModel.php(865): CodeIgniter\Model->doUpdate([...], [...])
 7 SYSTEMPATH\Model.php(692): CodeIgniter\BaseModel->update([...], [...])
 8 APPPATH\Controllers\ngeditinv.php(40): CodeIgniter\Model->update([...], [...])
 9 SYSTEMPATH\CodeIgniter.php(896): App\Controllers\ngeditinv->index()
10 SYSTEMPATH\CodeIgniter.php(466): CodeIgniter\CodeIgniter->runController(Object(App\Controllers\ngeditinv))
11 SYSTEMPATH\CodeIgniter.php(349): CodeIgniter\CodeIgniter->handleRequest(null, Object(Config\Cache), false)
12 FCPATH\index.php(55): CodeIgniter\CodeIgniter->run()
ERROR - 2022-11-15 13:45:58 --> Unknown column 'detail_tagihan.id' in 'where clause'
CRITICAL - 2022-11-15 13:45:58 --> Unknown column 'detail_tagihan.id' in 'where clause'
in SYSTEMPATH\Database\MySQLi\Connection.php on line 292.
 1 SYSTEMPATH\Database\MySQLi\Connection.php(292): mysqli->query('UPDATE `detail_tagihan` SET `unit` = \'Paket\', `deskripsi` = \'desain\', `quantity` = 2, `total` = 4000
WHERE `detail_tagihan`.`id` IN (\'1\')', 0)
 2 SYSTEMPATH\Database\BaseConnection.php(695): CodeIgniter\Database\MySQLi\Connection->execute('UPDATE `detail_tagihan` SET `unit` = \'Paket\', `deskripsi` = \'desain\', `quantity` = 2, `total` = 4000
WHERE `detail_tagihan`.`id` IN (\'1\')')
 3 SYSTEMPATH\Database\BaseConnection.php(609): CodeIgniter\Database\BaseConnection->simpleQuery('UPDATE `detail_tagihan` SET `unit` = \'Paket\', `deskripsi` = \'desain\', `quantity` = 2, `total` = 4000
WHERE `detail_tagihan`.`id` IN (\'1\')')
 4 SYSTEMPATH\Database\BaseBuilder.php(2046): CodeIgniter\Database\BaseConnection->query('UPDATE `detail_tagihan` SET `unit` = :unit:, `deskripsi` = :deskripsi:, `quantity` = :quantity:, `total` = :total:
WHERE `detail_tagihan`.`id` IN :detail_tagihan.id:', [...], false)
 5 SYSTEMPATH\Model.php(337): CodeIgniter\Database\BaseBuilder->update()
 6 SYSTEMPATH\BaseModel.php(865): CodeIgniter\Model->doUpdate([...], [...])
 7 SYSTEMPATH\Model.php(692): CodeIgniter\BaseModel->update([...], [...])
 8 APPPATH\Controllers\ngeditinv.php(40): CodeIgniter\Model->update([...], [...])
 9 SYSTEMPATH\CodeIgniter.php(896): App\Controllers\ngeditinv->index()
10 SYSTEMPATH\CodeIgniter.php(466): CodeIgniter\CodeIgniter->runController(Object(App\Controllers\ngeditinv))
11 SYSTEMPATH\CodeIgniter.php(349): CodeIgniter\CodeIgniter->handleRequest(null, Object(Config\Cache), false)
12 FCPATH\index.php(55): CodeIgniter\CodeIgniter->run()
ERROR - 2022-11-15 13:46:20 --> Unknown column 'detail_tagihan.id' in 'where clause'
CRITICAL - 2022-11-15 13:46:20 --> Unknown column 'detail_tagihan.id' in 'where clause'
in SYSTEMPATH\Database\MySQLi\Connection.php on line 292.
 1 SYSTEMPATH\Database\MySQLi\Connection.php(292): mysqli->query('UPDATE `detail_tagihan` SET `unit` = \'Paket\', `deskripsi` = \'desain\', `quantity` = 2, `total` = 4000
WHERE `detail_tagihan`.`id` IN (\'1\')', 0)
 2 SYSTEMPATH\Database\BaseConnection.php(695): CodeIgniter\Database\MySQLi\Connection->execute('UPDATE `detail_tagihan` SET `unit` = \'Paket\', `deskripsi` = \'desain\', `quantity` = 2, `total` = 4000
WHERE `detail_tagihan`.`id` IN (\'1\')')
 3 SYSTEMPATH\Database\BaseConnection.php(609): CodeIgniter\Database\BaseConnection->simpleQuery('UPDATE `detail_tagihan` SET `unit` = \'Paket\', `deskripsi` = \'desain\', `quantity` = 2, `total` = 4000
WHERE `detail_tagihan`.`id` IN (\'1\')')
 4 SYSTEMPATH\Database\BaseBuilder.php(2046): CodeIgniter\Database\BaseConnection->query('UPDATE `detail_tagihan` SET `unit` = :unit:, `deskripsi` = :deskripsi:, `quantity` = :quantity:, `total` = :total:
WHERE `detail_tagihan`.`id` IN :detail_tagihan.id:', [...], false)
 5 SYSTEMPATH\Model.php(337): CodeIgniter\Database\BaseBuilder->update()
 6 SYSTEMPATH\BaseModel.php(865): CodeIgniter\Model->doUpdate([...], [...])
 7 SYSTEMPATH\Model.php(692): CodeIgniter\BaseModel->update([...], [...])
 8 APPPATH\Controllers\ngeditinv.php(40): CodeIgniter\Model->update([...], [...])
 9 SYSTEMPATH\CodeIgniter.php(896): App\Controllers\ngeditinv->index()
10 SYSTEMPATH\CodeIgniter.php(466): CodeIgniter\CodeIgniter->runController(Object(App\Controllers\ngeditinv))
11 SYSTEMPATH\CodeIgniter.php(349): CodeIgniter\CodeIgniter->handleRequest(null, Object(Config\Cache), false)
12 FCPATH\index.php(55): CodeIgniter\CodeIgniter->run()
ERROR - 2022-11-15 13:46:31 --> Unknown column 'detail_tagihan.id' in 'where clause'
CRITICAL - 2022-11-15 13:46:31 --> Unknown column 'detail_tagihan.id' in 'where clause'
in SYSTEMPATH\Database\MySQLi\Connection.php on line 292.
 1 SYSTEMPATH\Database\MySQLi\Connection.php(292): mysqli->query('UPDATE `detail_tagihan` SET `unit` = \'Paket\', `deskripsi` = \'desain\', `quantity` = 2, `total` = 4000
WHERE `detail_tagihan`.`id` IN (\'1\')', 0)
 2 SYSTEMPATH\Database\BaseConnection.php(695): CodeIgniter\Database\MySQLi\Connection->execute('UPDATE `detail_tagihan` SET `unit` = \'Paket\', `deskripsi` = \'desain\', `quantity` = 2, `total` = 4000
WHERE `detail_tagihan`.`id` IN (\'1\')')
 3 SYSTEMPATH\Database\BaseConnection.php(609): CodeIgniter\Database\BaseConnection->simpleQuery('UPDATE `detail_tagihan` SET `unit` = \'Paket\', `deskripsi` = \'desain\', `quantity` = 2, `total` = 4000
WHERE `detail_tagihan`.`id` IN (\'1\')')
 4 SYSTEMPATH\Database\BaseBuilder.php(2046): CodeIgniter\Database\BaseConnection->query('UPDATE `detail_tagihan` SET `unit` = :unit:, `deskripsi` = :deskripsi:, `quantity` = :quantity:, `total` = :total:
WHERE `detail_tagihan`.`id` IN :detail_tagihan.id:', [...], false)
 5 SYSTEMPATH\Model.php(337): CodeIgniter\Database\BaseBuilder->update()
 6 SYSTEMPATH\BaseModel.php(865): CodeIgniter\Model->doUpdate([...], [...])
 7 SYSTEMPATH\Model.php(692): CodeIgniter\BaseModel->update([...], [...])
 8 APPPATH\Controllers\ngeditinv.php(40): CodeIgniter\Model->update([...], [...])
 9 SYSTEMPATH\CodeIgniter.php(896): App\Controllers\ngeditinv->index()
10 SYSTEMPATH\CodeIgniter.php(466): CodeIgniter\CodeIgniter->runController(Object(App\Controllers\ngeditinv))
11 SYSTEMPATH\CodeIgniter.php(349): CodeIgniter\CodeIgniter->handleRequest(null, Object(Config\Cache), false)
12 FCPATH\index.php(55): CodeIgniter\CodeIgniter->run()
ERROR - 2022-11-15 13:49:22 --> Unknown column 'detail_tagihan.id' in 'where clause'
CRITICAL - 2022-11-15 13:49:22 --> Unknown column 'detail_tagihan.id' in 'where clause'
in SYSTEMPATH\Database\MySQLi\Connection.php on line 292.
 1 SYSTEMPATH\Database\MySQLi\Connection.php(292): mysqli->query('UPDATE `detail_tagihan` SET `unit` = \'Paket\', `deskripsi` = \'desain\', `quantity` = 2, `total` = 4000
WHERE `detail_tagihan`.`id` IN (\'1\')', 0)
 2 SYSTEMPATH\Database\BaseConnection.php(695): CodeIgniter\Database\MySQLi\Connection->execute('UPDATE `detail_tagihan` SET `unit` = \'Paket\', `deskripsi` = \'desain\', `quantity` = 2, `total` = 4000
WHERE `detail_tagihan`.`id` IN (\'1\')')
 3 SYSTEMPATH\Database\BaseConnection.php(609): CodeIgniter\Database\BaseConnection->simpleQuery('UPDATE `detail_tagihan` SET `unit` = \'Paket\', `deskripsi` = \'desain\', `quantity` = 2, `total` = 4000
WHERE `detail_tagihan`.`id` IN (\'1\')')
 4 SYSTEMPATH\Database\BaseBuilder.php(2046): CodeIgniter\Database\BaseConnection->query('UPDATE `detail_tagihan` SET `unit` = :unit:, `deskripsi` = :deskripsi:, `quantity` = :quantity:, `total` = :total:
WHERE `detail_tagihan`.`id` IN :detail_tagihan.id:', [...], false)
 5 SYSTEMPATH\Model.php(337): CodeIgniter\Database\BaseBuilder->update()
 6 SYSTEMPATH\BaseModel.php(865): CodeIgniter\Model->doUpdate([...], [...])
 7 SYSTEMPATH\Model.php(692): CodeIgniter\BaseModel->update([...], [...])
 8 APPPATH\Controllers\ngeditinv.php(41): CodeIgniter\Model->update([...], [...])
 9 SYSTEMPATH\CodeIgniter.php(896): App\Controllers\ngeditinv->index()
10 SYSTEMPATH\CodeIgniter.php(466): CodeIgniter\CodeIgniter->runController(Object(App\Controllers\ngeditinv))
11 SYSTEMPATH\CodeIgniter.php(349): CodeIgniter\CodeIgniter->handleRequest(null, Object(Config\Cache), false)
12 FCPATH\index.php(55): CodeIgniter\CodeIgniter->run()
CRITICAL - 2022-11-15 13:50:48 --> Unsupported operand types
in APPPATH\Controllers\ngeditinv.php on line 26.
 1 SYSTEMPATH\CodeIgniter.php(896): App\Controllers\ngeditinv->index()
 2 SYSTEMPATH\CodeIgniter.php(466): CodeIgniter\CodeIgniter->runController(Object(App\Controllers\ngeditinv))
 3 SYSTEMPATH\CodeIgniter.php(349): CodeIgniter\CodeIgniter->handleRequest(null, Object(Config\Cache), false)
 4 FCPATH\index.php(55): CodeIgniter\CodeIgniter->run()
ERROR - 2022-11-15 13:50:58 --> Unknown column 'detail_tagihan.id' in 'where clause'
CRITICAL - 2022-11-15 13:50:58 --> Unknown column 'detail_tagihan.id' in 'where clause'
in SYSTEMPATH\Database\MySQLi\Connection.php on line 292.
 1 SYSTEMPATH\Database\MySQLi\Connection.php(292): mysqli->query('UPDATE `detail_tagihan` SET `unit` = \'Paket\', `deskripsi` = \'desain\', `quantity` = 2, `total` = 4000
WHERE `detail_tagihan`.`id` IN (\'1\')', 0)
 2 SYSTEMPATH\Database\BaseConnection.php(695): CodeIgniter\Database\MySQLi\Connection->execute('UPDATE `detail_tagihan` SET `unit` = \'Paket\', `deskripsi` = \'desain\', `quantity` = 2, `total` = 4000
WHERE `detail_tagihan`.`id` IN (\'1\')')
 3 SYSTEMPATH\Database\BaseConnection.php(609): CodeIgniter\Database\BaseConnection->simpleQuery('UPDATE `detail_tagihan` SET `unit` = \'Paket\', `deskripsi` = \'desain\', `quantity` = 2, `total` = 4000
WHERE `detail_tagihan`.`id` IN (\'1\')')
 4 SYSTEMPATH\Database\BaseBuilder.php(2046): CodeIgniter\Database\BaseConnection->query('UPDATE `detail_tagihan` SET `unit` = :unit:, `deskripsi` = :deskripsi:, `quantity` = :quantity:, `total` = :total:
WHERE `detail_tagihan`.`id` IN :detail_tagihan.id:', [...], false)
 5 SYSTEMPATH\Model.php(337): CodeIgniter\Database\BaseBuilder->update()
 6 SYSTEMPATH\BaseModel.php(865): CodeIgniter\Model->doUpdate([...], [...])
 7 SYSTEMPATH\Model.php(692): CodeIgniter\BaseModel->update([...], [...])
 8 APPPATH\Controllers\ngeditinv.php(41): CodeIgniter\Model->update([...], [...])
 9 SYSTEMPATH\CodeIgniter.php(896): App\Controllers\ngeditinv->index()
10 SYSTEMPATH\CodeIgniter.php(466): CodeIgniter\CodeIgniter->runController(Object(App\Controllers\ngeditinv))
11 SYSTEMPATH\CodeIgniter.php(349): CodeIgniter\CodeIgniter->handleRequest(null, Object(Config\Cache), false)
12 FCPATH\index.php(55): CodeIgniter\CodeIgniter->run()
ERROR - 2022-11-15 13:53:00 --> Unknown column 'detail_tagihan.id' in 'where clause'
CRITICAL - 2022-11-15 13:53:00 --> Unknown column 'detail_tagihan.id' in 'where clause'
in SYSTEMPATH\Database\MySQLi\Connection.php on line 292.
 1 SYSTEMPATH\Database\MySQLi\Connection.php(292): mysqli->query('UPDATE `detail_tagihan` SET `unit` = \'Paket\', `deskripsi` = \'desain\', `quantity` = 2, `total` = 4000
WHERE `detail_tagihan`.`id` IN (\'1\')', 0)
 2 SYSTEMPATH\Database\BaseConnection.php(695): CodeIgniter\Database\MySQLi\Connection->execute('UPDATE `detail_tagihan` SET `unit` = \'Paket\', `deskripsi` = \'desain\', `quantity` = 2, `total` = 4000
WHERE `detail_tagihan`.`id` IN (\'1\')')
 3 SYSTEMPATH\Database\BaseConnection.php(609): CodeIgniter\Database\BaseConnection->simpleQuery('UPDATE `detail_tagihan` SET `unit` = \'Paket\', `deskripsi` = \'desain\', `quantity` = 2, `total` = 4000
WHERE `detail_tagihan`.`id` IN (\'1\')')
 4 SYSTEMPATH\Database\BaseBuilder.php(2046): CodeIgniter\Database\BaseConnection->query('UPDATE `detail_tagihan` SET `unit` = :unit:, `deskripsi` = :deskripsi:, `quantity` = :quantity:, `total` = :total:
WHERE `detail_tagihan`.`id` IN :detail_tagihan.id:', [...], false)
 5 SYSTEMPATH\Model.php(337): CodeIgniter\Database\BaseBuilder->update()
 6 SYSTEMPATH\BaseModel.php(865): CodeIgniter\Model->doUpdate([...], [...])
 7 SYSTEMPATH\Model.php(692): CodeIgniter\BaseModel->update([...], [...])
 8 APPPATH\Controllers\ngeditinv.php(41): CodeIgniter\Model->update([...], [...])
 9 SYSTEMPATH\CodeIgniter.php(896): App\Controllers\ngeditinv->index()
10 SYSTEMPATH\CodeIgniter.php(466): CodeIgniter\CodeIgniter->runController(Object(App\Controllers\ngeditinv))
11 SYSTEMPATH\CodeIgniter.php(349): CodeIgniter\CodeIgniter->handleRequest(null, Object(Config\Cache), false)
12 FCPATH\index.php(55): CodeIgniter\CodeIgniter->run()
ERROR - 2022-11-15 13:53:11 --> Unknown column 'detail_tagihan.id' in 'where clause'
CRITICAL - 2022-11-15 13:53:11 --> Unknown column 'detail_tagihan.id' in 'where clause'
in SYSTEMPATH\Database\MySQLi\Connection.php on line 292.
 1 SYSTEMPATH\Database\MySQLi\Connection.php(292): mysqli->query('UPDATE `detail_tagihan` SET `unit` = \'Paket\', `deskripsi` = \'desain\', `quantity` = 2, `total` = 4000
WHERE `detail_tagihan`.`id` IN (\'1\')', 0)
 2 SYSTEMPATH\Database\BaseConnection.php(695): CodeIgniter\Database\MySQLi\Connection->execute('UPDATE `detail_tagihan` SET `unit` = \'Paket\', `deskripsi` = \'desain\', `quantity` = 2, `total` = 4000
WHERE `detail_tagihan`.`id` IN (\'1\')')
 3 SYSTEMPATH\Database\BaseConnection.php(609): CodeIgniter\Database\BaseConnection->simpleQuery('UPDATE `detail_tagihan` SET `unit` = \'Paket\', `deskripsi` = \'desain\', `quantity` = 2, `total` = 4000
WHERE `detail_tagihan`.`id` IN (\'1\')')
 4 SYSTEMPATH\Database\BaseBuilder.php(2046): CodeIgniter\Database\BaseConnection->query('UPDATE `detail_tagihan` SET `unit` = :unit:, `deskripsi` = :deskripsi:, `quantity` = :quantity:, `total` = :total:
WHERE `detail_tagihan`.`id` IN :detail_tagihan.id:', [...], false)
 5 SYSTEMPATH\Model.php(337): CodeIgniter\Database\BaseBuilder->update()
 6 SYSTEMPATH\BaseModel.php(865): CodeIgniter\Model->doUpdate([...], [...])
 7 SYSTEMPATH\Model.php(692): CodeIgniter\BaseModel->update([...], [...])
 8 APPPATH\Controllers\ngeditinv.php(41): CodeIgniter\Model->update('1', [...])
 9 SYSTEMPATH\CodeIgniter.php(896): App\Controllers\ngeditinv->index()
10 SYSTEMPATH\CodeIgniter.php(466): CodeIgniter\CodeIgniter->runController(Object(App\Controllers\ngeditinv))
11 SYSTEMPATH\CodeIgniter.php(349): CodeIgniter\CodeIgniter->handleRequest(null, Object(Config\Cache), false)
12 FCPATH\index.php(55): CodeIgniter\CodeIgniter->run()
CRITICAL - 2022-11-15 13:59:39 --> Undefined variable: id_kel
in APPPATH\Controllers\ngeditreminder.php on line 23.
 1 APPPATH\Controllers\ngeditreminder.php(23): CodeIgniter\Debug\Exceptions->errorHandler(8, 'Undefined variable: id_kel', 'APPPATH\\Controllers\\ngeditreminder.php', 23, [...])
 2 SYSTEMPATH\CodeIgniter.php(896): App\Controllers\ngeditreminder->index()
 3 SYSTEMPATH\CodeIgniter.php(466): CodeIgniter\CodeIgniter->runController(Object(App\Controllers\ngeditreminder))
 4 SYSTEMPATH\CodeIgniter.php(349): CodeIgniter\CodeIgniter->handleRequest(null, Object(Config\Cache), false)
 5 FCPATH\index.php(55): CodeIgniter\CodeIgniter->run()
CRITICAL - 2022-11-15 14:04:35 --> Undefined variable: no
in APPPATH\Controllers\ngeditreminder.php on line 20.
 1 APPPATH\Controllers\ngeditreminder.php(20): CodeIgniter\Debug\Exceptions->errorHandler(8, 'Undefined variable: no', 'APPPATH\\Controllers\\ngeditreminder.php', 20, [...])
 2 SYSTEMPATH\CodeIgniter.php(896): App\Controllers\ngeditreminder->index()
 3 SYSTEMPATH\CodeIgniter.php(466): CodeIgniter\CodeIgniter->runController(Object(App\Controllers\ngeditreminder))
 4 SYSTEMPATH\CodeIgniter.php(349): CodeIgniter\CodeIgniter->handleRequest(null, Object(Config\Cache), false)
 5 FCPATH\index.php(55): CodeIgniter\CodeIgniter->run()
CRITICAL - 2022-11-15 14:18:26 --> syntax error, unexpected 'endforeach' (T_ENDFOREACH)
in APPPATH\Views\index.php on line 242.
 1 SYSTEMPATH\View\View.php(216): CodeIgniter\View\View->CodeIgniter\View\{closure}()
 2 SYSTEMPATH\Common.php(1135): CodeIgniter\View\View->render('index', [], true)
 3 APPPATH\Controllers\Home.php(39): view('index', [...])
 4 SYSTEMPATH\CodeIgniter.php(896): App\Controllers\Home->index()
 5 SYSTEMPATH\CodeIgniter.php(466): CodeIgniter\CodeIgniter->runController(Object(App\Controllers\Home))
 6 SYSTEMPATH\CodeIgniter.php(349): CodeIgniter\CodeIgniter->handleRequest(null, Object(Config\Cache), false)
 7 FCPATH\index.php(55): CodeIgniter\CodeIgniter->run()
CRITICAL - 2022-11-15 15:17:17 --> There is no data to update.
in SYSTEMPATH\BaseModel.php on line 846.
 1 SYSTEMPATH\BaseModel.php(846): CodeIgniter\Database\Exceptions\DataException::forEmptyDataset('update')
 2 SYSTEMPATH\Model.php(692): CodeIgniter\BaseModel->update(null, [])
 3 APPPATH\Controllers\hapusreminder.php(13): CodeIgniter\Model->update(null, [...])
 4 SYSTEMPATH\CodeIgniter.php(896): App\Controllers\hapusreminder->index()
 5 SYSTEMPATH\CodeIgniter.php(466): CodeIgniter\CodeIgniter->runController(Object(App\Controllers\hapusreminder))
 6 SYSTEMPATH\CodeIgniter.php(349): CodeIgniter\CodeIgniter->handleRequest(null, Object(Config\Cache), false)
 7 FCPATH\index.php(55): CodeIgniter\CodeIgniter->run()
CRITICAL - 2022-11-15 15:18:42 --> There is no data to update.
in SYSTEMPATH\BaseModel.php on line 846.
 1 SYSTEMPATH\BaseModel.php(846): CodeIgniter\Database\Exceptions\DataException::forEmptyDataset('update')
 2 SYSTEMPATH\Model.php(692): CodeIgniter\BaseModel->update([...], [])
 3 APPPATH\Controllers\hapusreminder.php(13): CodeIgniter\Model->update('1', [...])
 4 SYSTEMPATH\CodeIgniter.php(896): App\Controllers\hapusreminder->index()
 5 SYSTEMPATH\CodeIgniter.php(466): CodeIgniter\CodeIgniter->runController(Object(App\Controllers\hapusreminder))
 6 SYSTEMPATH\CodeIgniter.php(349): CodeIgniter\CodeIgniter->handleRequest(null, Object(Config\Cache), false)
 7 FCPATH\index.php(55): CodeIgniter\CodeIgniter->run()
CRITICAL - 2022-11-15 15:18:45 --> There is no data to update.
in SYSTEMPATH\BaseModel.php on line 846.
 1 SYSTEMPATH\BaseModel.php(846): CodeIgniter\Database\Exceptions\DataException::forEmptyDataset('update')
 2 SYSTEMPATH\Model.php(692): CodeIgniter\BaseModel->update([...], [])
 3 APPPATH\Controllers\hapusreminder.php(13): CodeIgniter\Model->update('1', [...])
 4 SYSTEMPATH\CodeIgniter.php(896): App\Controllers\hapusreminder->index()
 5 SYSTEMPATH\CodeIgniter.php(466): CodeIgniter\CodeIgniter->runController(Object(App\Controllers\hapusreminder))
 6 SYSTEMPATH\CodeIgniter.php(349): CodeIgniter\CodeIgniter->handleRequest(null, Object(Config\Cache), false)
 7 FCPATH\index.php(55): CodeIgniter\CodeIgniter->run()
CRITICAL - 2022-11-15 15:18:56 --> There is no data to update.
in SYSTEMPATH\BaseModel.php on line 846.
 1 SYSTEMPATH\BaseModel.php(846): CodeIgniter\Database\Exceptions\DataException::forEmptyDataset('update')
 2 SYSTEMPATH\Model.php(692): CodeIgniter\BaseModel->update([...], [])
 3 APPPATH\Controllers\hapusreminder.php(13): CodeIgniter\Model->update('1', [...])
 4 SYSTEMPATH\CodeIgniter.php(896): App\Controllers\hapusreminder->index()
 5 SYSTEMPATH\CodeIgniter.php(466): CodeIgniter\CodeIgniter->runController(Object(App\Controllers\hapusreminder))
 6 SYSTEMPATH\CodeIgniter.php(349): CodeIgniter\CodeIgniter->handleRequest(null, Object(Config\Cache), false)
 7 FCPATH\index.php(55): CodeIgniter\CodeIgniter->run()
CRITICAL - 2022-11-15 15:20:19 --> There is no data to update.
in SYSTEMPATH\BaseModel.php on line 846.
 1 SYSTEMPATH\BaseModel.php(846): CodeIgniter\Database\Exceptions\DataException::forEmptyDataset('update')
 2 SYSTEMPATH\Model.php(692): CodeIgniter\BaseModel->update([...], [])
 3 APPPATH\Controllers\hapusreminder.php(13): CodeIgniter\Model->update('1', [...])
 4 SYSTEMPATH\CodeIgniter.php(896): App\Controllers\hapusreminder->index()
 5 SYSTEMPATH\CodeIgniter.php(466): CodeIgniter\CodeIgniter->runController(Object(App\Controllers\hapusreminder))
 6 SYSTEMPATH\CodeIgniter.php(349): CodeIgniter\CodeIgniter->handleRequest(null, Object(Config\Cache), false)
 7 FCPATH\index.php(55): CodeIgniter\CodeIgniter->run()
CRITICAL - 2022-11-15 15:21:02 --> There is no data to update.
in SYSTEMPATH\BaseModel.php on line 846.
 1 SYSTEMPATH\BaseModel.php(846): CodeIgniter\Database\Exceptions\DataException::forEmptyDataset('update')
 2 SYSTEMPATH\Model.php(692): CodeIgniter\BaseModel->update([...], [])
 3 APPPATH\Controllers\hapusreminder.php(13): CodeIgniter\Model->update('1', [...])
 4 SYSTEMPATH\CodeIgniter.php(896): App\Controllers\hapusreminder->index()
 5 SYSTEMPATH\CodeIgniter.php(466): CodeIgniter\CodeIgniter->runController(Object(App\Controllers\hapusreminder))
 6 SYSTEMPATH\CodeIgniter.php(349): CodeIgniter\CodeIgniter->handleRequest(null, Object(Config\Cache), false)
 7 FCPATH\index.php(55): CodeIgniter\CodeIgniter->run()
CRITICAL - 2022-11-15 15:22:35 --> There is no data to update.
in SYSTEMPATH\BaseModel.php on line 846.
 1 SYSTEMPATH\BaseModel.php(846): CodeIgniter\Database\Exceptions\DataException::forEmptyDataset('update')
 2 SYSTEMPATH\Model.php(692): CodeIgniter\BaseModel->update([...], [])
 3 APPPATH\Controllers\hapusreminder.php(13): CodeIgniter\Model->update('1', [...])
 4 SYSTEMPATH\CodeIgniter.php(896): App\Controllers\hapusreminder->index()
 5 SYSTEMPATH\CodeIgniter.php(466): CodeIgniter\CodeIgniter->runController(Object(App\Controllers\hapusreminder))
 6 SYSTEMPATH\CodeIgniter.php(349): CodeIgniter\CodeIgniter->handleRequest(null, Object(Config\Cache), false)
 7 FCPATH\index.php(55): CodeIgniter\CodeIgniter->run()
CRITICAL - 2022-11-15 15:22:47 --> There is no data to update.
in SYSTEMPATH\BaseModel.php on line 846.
 1 SYSTEMPATH\BaseModel.php(846): CodeIgniter\Database\Exceptions\DataException::forEmptyDataset('update')
 2 SYSTEMPATH\Model.php(692): CodeIgniter\BaseModel->update([...], [])
 3 APPPATH\Controllers\hapusreminder.php(13): CodeIgniter\Model->update('1', [...])
 4 SYSTEMPATH\CodeIgniter.php(896): App\Controllers\hapusreminder->index()
 5 SYSTEMPATH\CodeIgniter.php(466): CodeIgniter\CodeIgniter->runController(Object(App\Controllers\hapusreminder))
 6 SYSTEMPATH\CodeIgniter.php(349): CodeIgniter\CodeIgniter->handleRequest(null, Object(Config\Cache), false)
 7 FCPATH\index.php(55): CodeIgniter\CodeIgniter->run()
CRITICAL - 2022-11-15 15:29:58 --> There is no data to update.
in SYSTEMPATH\BaseModel.php on line 846.
 1 SYSTEMPATH\BaseModel.php(846): CodeIgniter\Database\Exceptions\DataException::forEmptyDataset('update')
 2 SYSTEMPATH\Model.php(692): CodeIgniter\BaseModel->update([...], [])
 3 APPPATH\Controllers\hapusreminder.php(14): CodeIgniter\Model->update('1', [...])
 4 SYSTEMPATH\CodeIgniter.php(896): App\Controllers\hapusreminder->index()
 5 SYSTEMPATH\CodeIgniter.php(466): CodeIgniter\CodeIgniter->runController(Object(App\Controllers\hapusreminder))
 6 SYSTEMPATH\CodeIgniter.php(349): CodeIgniter\CodeIgniter->handleRequest(null, Object(Config\Cache), false)
 7 FCPATH\index.php(55): CodeIgniter\CodeIgniter->run()
