CRITICAL - 2022-11-09 01:25:52 --> Undefined variable: rowww
in APPPATH\Views\client.php on line 149.
 1 APPPATH\Views\client.php(149): CodeIgniter\Debug\Exceptions->errorHandler(8, 'Undefined variable: rowww', 'APPPATH\\Views\\client.php', 149, [...])
 2 SYSTEMPATH\View\View.php(213): include('APPPATH\\Views\\client.php')
 3 SYSTEMPATH\View\View.php(216): CodeIgniter\View\View->CodeIgniter\View\{closure}()
 4 SYSTEMPATH\Common.php(1135): CodeIgniter\View\View->render('client', [], true)
 5 APPPATH\Controllers\datainvoice.php(23): view('client', [...])
 6 SYSTEMPATH\CodeIgniter.php(896): App\Controllers\datainvoice->index()
 7 SYSTEMPATH\CodeIgniter.php(466): CodeIgniter\CodeIgniter->runController(Object(App\Controllers\datainvoice))
 8 SYSTEMPATH\CodeIgniter.php(349): CodeIgniter\CodeIgniter->handleRequest(null, Object(Config\Cache), false)
 9 FCPATH\index.php(55): CodeIgniter\CodeIgniter->run()
CRITICAL - 2022-11-09 01:33:10 --> Undefined variable: rowww
in APPPATH\Views\client.php on line 149.
 1 APPPATH\Views\client.php(149): CodeIgniter\Debug\Exceptions->errorHandler(8, 'Undefined variable: rowww', 'APPPATH\\Views\\client.php', 149, [...])
 2 SYSTEMPATH\View\View.php(213): include('APPPATH\\Views\\client.php')
 3 SYSTEMPATH\View\View.php(216): CodeIgniter\View\View->CodeIgniter\View\{closure}()
 4 SYSTEMPATH\Common.php(1135): CodeIgniter\View\View->render('client', [], true)
 5 APPPATH\Controllers\datainvoice.php(23): view('client', [...])
 6 SYSTEMPATH\CodeIgniter.php(896): App\Controllers\datainvoice->index()
 7 SYSTEMPATH\CodeIgniter.php(466): CodeIgniter\CodeIgniter->runController(Object(App\Controllers\datainvoice))
 8 SYSTEMPATH\CodeIgniter.php(349): CodeIgniter\CodeIgniter->handleRequest(null, Object(Config\Cache), false)
 9 FCPATH\index.php(55): CodeIgniter\CodeIgniter->run()
