CRITICAL - 2022-09-07 07:31:59 --> Undefined variable: row
in APPPATH\Views\daptar.php on line 306.
 1 APPPATH\Views\daptar.php(306): CodeIgniter\Debug\Exceptions->errorHandler(8, 'Undefined variable: row', 'APPPATH\\Views\\daptar.php', 306, [...])
 2 SYSTEMPATH\View\View.php(213): include('APPPATH\\Views\\daptar.php')
 3 SYSTEMPATH\View\View.php(216): CodeIgniter\View\View->CodeIgniter\View\{closure}()
 4 SYSTEMPATH\Common.php(1135): CodeIgniter\View\View->render('daptar', [], true)
 5 APPPATH\Controllers\Pendaftaran.php(15): view('daptar', [...])
 6 SYSTEMPATH\CodeIgniter.php(896): App\Controllers\Pendaftaran->index()
 7 SYSTEMPATH\CodeIgniter.php(466): CodeIgniter\CodeIgniter->runController(Object(App\Controllers\Pendaftaran))
 8 SYSTEMPATH\CodeIgniter.php(349): CodeIgniter\CodeIgniter->handleRequest(null, Object(Config\Cache), false)
 9 FCPATH\index.php(55): CodeIgniter\CodeIgniter->run()
CRITICAL - 2022-09-07 22:16:59 --> Class 'App\ThirdParty\mpdf' not found
in APPPATH\Controllers\tagihann.php on line 72.
 1 SYSTEMPATH\CodeIgniter.php(896): App\Controllers\tagihann->index()
 2 SYSTEMPATH\CodeIgniter.php(466): CodeIgniter\CodeIgniter->runController(Object(App\Controllers\tagihann))
 3 SYSTEMPATH\CodeIgniter.php(349): CodeIgniter\CodeIgniter->handleRequest(null, Object(Config\Cache), false)
 4 FCPATH\index.php(55): CodeIgniter\CodeIgniter->run()
CRITICAL - 2022-09-07 22:23:31 --> Class 'App\ThirdParty\mpdf' not found
in APPPATH\Controllers\tagihann.php on line 72.
 1 SYSTEMPATH\CodeIgniter.php(896): App\Controllers\tagihann->index()
 2 SYSTEMPATH\CodeIgniter.php(466): CodeIgniter\CodeIgniter->runController(Object(App\Controllers\tagihann))
 3 SYSTEMPATH\CodeIgniter.php(349): CodeIgniter\CodeIgniter->handleRequest(null, Object(Config\Cache), false)
 4 FCPATH\index.php(55): CodeIgniter\CodeIgniter->run()
CRITICAL - 2022-09-07 22:23:44 --> Class 'App\ThirdParty\mpdf' not found
in APPPATH\Controllers\tagihann.php on line 72.
 1 SYSTEMPATH\CodeIgniter.php(896): App\Controllers\tagihann->index()
 2 SYSTEMPATH\CodeIgniter.php(466): CodeIgniter\CodeIgniter->runController(Object(App\Controllers\tagihann))
 3 SYSTEMPATH\CodeIgniter.php(349): CodeIgniter\CodeIgniter->handleRequest(null, Object(Config\Cache), false)
 4 FCPATH\index.php(55): CodeIgniter\CodeIgniter->run()
CRITICAL - 2022-09-07 22:28:09 --> Class 'App\ThirdParty\mpdf' not found
in APPPATH\Controllers\tagihann.php on line 72.
 1 SYSTEMPATH\CodeIgniter.php(896): App\Controllers\tagihann->index()
 2 SYSTEMPATH\CodeIgniter.php(466): CodeIgniter\CodeIgniter->runController(Object(App\Controllers\tagihann))
 3 SYSTEMPATH\CodeIgniter.php(349): CodeIgniter\CodeIgniter->handleRequest(null, Object(Config\Cache), false)
 4 FCPATH\index.php(55): CodeIgniter\CodeIgniter->run()
CRITICAL - 2022-09-07 22:30:31 --> Class 'App\ThirdParty\mpdf' not found
in APPPATH\Controllers\tagihann.php on line 72.
 1 SYSTEMPATH\CodeIgniter.php(896): App\Controllers\tagihann->index()
 2 SYSTEMPATH\CodeIgniter.php(466): CodeIgniter\CodeIgniter->runController(Object(App\Controllers\tagihann))
 3 SYSTEMPATH\CodeIgniter.php(349): CodeIgniter\CodeIgniter->handleRequest(null, Object(Config\Cache), false)
 4 FCPATH\index.php(55): CodeIgniter\CodeIgniter->run()
CRITICAL - 2022-09-07 22:40:01 --> Undefined variable: idklien
in APPPATH\Views\ingpois.php on line 17.
 1 APPPATH\Views\ingpois.php(17): CodeIgniter\Debug\Exceptions->errorHandler(8, 'Undefined variable: idklien', 'APPPATH\\Views\\ingpois.php', 17, [...])
 2 SYSTEMPATH\View\View.php(213): include('APPPATH\\Views\\ingpois.php')
 3 SYSTEMPATH\View\View.php(216): CodeIgniter\View\View->CodeIgniter\View\{closure}()
 4 SYSTEMPATH\Common.php(1135): CodeIgniter\View\View->render('ingpois', [], true)
 5 APPPATH\Controllers\Ingpois.php(9): view('ingpois')
 6 SYSTEMPATH\CodeIgniter.php(896): App\Controllers\Ingpois->index()
 7 SYSTEMPATH\CodeIgniter.php(466): CodeIgniter\CodeIgniter->runController(Object(App\Controllers\Ingpois))
 8 SYSTEMPATH\CodeIgniter.php(349): CodeIgniter\CodeIgniter->handleRequest(null, Object(Config\Cache), false)
 9 FCPATH\index.php(55): CodeIgniter\CodeIgniter->run()
CRITICAL - 2022-09-07 22:41:10 --> Undefined variable: idkel
in APPPATH\Controllers\Remind.php on line 45.
 1 APPPATH\Controllers\Remind.php(45): CodeIgniter\Debug\Exceptions->errorHandler(8, 'Undefined variable: idkel', 'APPPATH\\Controllers\\Remind.php', 45, [...])
 2 SYSTEMPATH\CodeIgniter.php(896): App\Controllers\Remind->index()
 3 SYSTEMPATH\CodeIgniter.php(466): CodeIgniter\CodeIgniter->runController(Object(App\Controllers\Remind))
 4 SYSTEMPATH\CodeIgniter.php(349): CodeIgniter\CodeIgniter->handleRequest(null, Object(Config\Cache), false)
 5 FCPATH\index.php(55): CodeIgniter\CodeIgniter->run()
CRITICAL - 2022-09-07 23:32:36 --> Undefined index: nama
in APPPATH\Views\form_reminder.php on line 307.
 1 APPPATH\Views\form_reminder.php(307): CodeIgniter\Debug\Exceptions->errorHandler(8, 'Undefined index: nama', 'APPPATH\\Views\\form_reminder.php', 307, [...])
 2 SYSTEMPATH\View\View.php(213): include('APPPATH\\Views\\form_reminder.php')
 3 SYSTEMPATH\View\View.php(216): CodeIgniter\View\View->CodeIgniter\View\{closure}()
 4 SYSTEMPATH\Common.php(1135): CodeIgniter\View\View->render('form_reminder', [], true)
 5 APPPATH\Controllers\Form_Remainder.php(15): view('form_reminder', [...])
 6 SYSTEMPATH\CodeIgniter.php(896): App\Controllers\Form_Remainder->index()
 7 SYSTEMPATH\CodeIgniter.php(466): CodeIgniter\CodeIgniter->runController(Object(App\Controllers\Form_Remainder))
 8 SYSTEMPATH\CodeIgniter.php(349): CodeIgniter\CodeIgniter->handleRequest(null, Object(Config\Cache), false)
 9 FCPATH\index.php(55): CodeIgniter\CodeIgniter->run()
CRITICAL - 2022-09-07 23:33:58 --> Undefined variable: idkel
in APPPATH\Controllers\Remind.php on line 45.
 1 APPPATH\Controllers\Remind.php(45): CodeIgniter\Debug\Exceptions->errorHandler(8, 'Undefined variable: idkel', 'APPPATH\\Controllers\\Remind.php', 45, [...])
 2 SYSTEMPATH\CodeIgniter.php(896): App\Controllers\Remind->index()
 3 SYSTEMPATH\CodeIgniter.php(466): CodeIgniter\CodeIgniter->runController(Object(App\Controllers\Remind))
 4 SYSTEMPATH\CodeIgniter.php(349): CodeIgniter\CodeIgniter->handleRequest(null, Object(Config\Cache), false)
 5 FCPATH\index.php(55): CodeIgniter\CodeIgniter->run()
CRITICAL - 2022-09-07 23:34:09 --> Undefined variable: idkel
in APPPATH\Controllers\Remind.php on line 45.
 1 APPPATH\Controllers\Remind.php(45): CodeIgniter\Debug\Exceptions->errorHandler(8, 'Undefined variable: idkel', 'APPPATH\\Controllers\\Remind.php', 45, [...])
 2 SYSTEMPATH\CodeIgniter.php(896): App\Controllers\Remind->index()
 3 SYSTEMPATH\CodeIgniter.php(466): CodeIgniter\CodeIgniter->runController(Object(App\Controllers\Remind))
 4 SYSTEMPATH\CodeIgniter.php(349): CodeIgniter\CodeIgniter->handleRequest(null, Object(Config\Cache), false)
 5 FCPATH\index.php(55): CodeIgniter\CodeIgniter->run()
CRITICAL - 2022-09-07 23:36:14 --> Undefined variable: id_kel
in APPPATH\Controllers\Remind.php on line 45.
 1 APPPATH\Controllers\Remind.php(45): CodeIgniter\Debug\Exceptions->errorHandler(8, 'Undefined variable: id_kel', 'APPPATH\\Controllers\\Remind.php', 45, [...])
 2 SYSTEMPATH\CodeIgniter.php(896): App\Controllers\Remind->index()
 3 SYSTEMPATH\CodeIgniter.php(466): CodeIgniter\CodeIgniter->runController(Object(App\Controllers\Remind))
 4 SYSTEMPATH\CodeIgniter.php(349): CodeIgniter\CodeIgniter->handleRequest(null, Object(Config\Cache), false)
 5 FCPATH\index.php(55): CodeIgniter\CodeIgniter->run()
CRITICAL - 2022-09-07 23:36:19 --> Undefined variable: id_kel
in APPPATH\Controllers\Remind.php on line 45.
 1 APPPATH\Controllers\Remind.php(45): CodeIgniter\Debug\Exceptions->errorHandler(8, 'Undefined variable: id_kel', 'APPPATH\\Controllers\\Remind.php', 45, [...])
 2 SYSTEMPATH\CodeIgniter.php(896): App\Controllers\Remind->index()
 3 SYSTEMPATH\CodeIgniter.php(466): CodeIgniter\CodeIgniter->runController(Object(App\Controllers\Remind))
 4 SYSTEMPATH\CodeIgniter.php(349): CodeIgniter\CodeIgniter->handleRequest(null, Object(Config\Cache), false)
 5 FCPATH\index.php(55): CodeIgniter\CodeIgniter->run()
CRITICAL - 2022-09-07 23:37:14 --> Undefined variable: idkel
in APPPATH\Controllers\Remind.php on line 45.
 1 APPPATH\Controllers\Remind.php(45): CodeIgniter\Debug\Exceptions->errorHandler(8, 'Undefined variable: idkel', 'APPPATH\\Controllers\\Remind.php', 45, [...])
 2 SYSTEMPATH\CodeIgniter.php(896): App\Controllers\Remind->index()
 3 SYSTEMPATH\CodeIgniter.php(466): CodeIgniter\CodeIgniter->runController(Object(App\Controllers\Remind))
 4 SYSTEMPATH\CodeIgniter.php(349): CodeIgniter\CodeIgniter->handleRequest(null, Object(Config\Cache), false)
 5 FCPATH\index.php(55): CodeIgniter\CodeIgniter->run()
CRITICAL - 2022-09-07 23:39:06 --> Undefined variable: idkle
in APPPATH\Controllers\Remind.php on line 45.
 1 APPPATH\Controllers\Remind.php(45): CodeIgniter\Debug\Exceptions->errorHandler(8, 'Undefined variable: idkle', 'APPPATH\\Controllers\\Remind.php', 45, [...])
 2 SYSTEMPATH\CodeIgniter.php(896): App\Controllers\Remind->index()
 3 SYSTEMPATH\CodeIgniter.php(466): CodeIgniter\CodeIgniter->runController(Object(App\Controllers\Remind))
 4 SYSTEMPATH\CodeIgniter.php(349): CodeIgniter\CodeIgniter->handleRequest(null, Object(Config\Cache), false)
 5 FCPATH\index.php(55): CodeIgniter\CodeIgniter->run()
CRITICAL - 2022-09-07 23:41:07 --> Undefined variable: idklien
in APPPATH\Views\ingpois.php on line 17.
 1 APPPATH\Views\ingpois.php(17): CodeIgniter\Debug\Exceptions->errorHandler(8, 'Undefined variable: idklien', 'APPPATH\\Views\\ingpois.php', 17, [...])
 2 SYSTEMPATH\View\View.php(213): include('APPPATH\\Views\\ingpois.php')
 3 SYSTEMPATH\View\View.php(216): CodeIgniter\View\View->CodeIgniter\View\{closure}()
 4 SYSTEMPATH\Common.php(1135): CodeIgniter\View\View->render('ingpois', [], true)
 5 APPPATH\Controllers\Ingpois.php(9): view('ingpois')
 6 SYSTEMPATH\CodeIgniter.php(896): App\Controllers\Ingpois->index()
 7 SYSTEMPATH\CodeIgniter.php(466): CodeIgniter\CodeIgniter->runController(Object(App\Controllers\Ingpois))
 8 SYSTEMPATH\CodeIgniter.php(349): CodeIgniter\CodeIgniter->handleRequest(null, Object(Config\Cache), false)
 9 FCPATH\index.php(55): CodeIgniter\CodeIgniter->run()
