CRITICAL - 2022-08-04 05:35:10 --> Invalid file: form_remainder.php
in SYSTEMPATH\Exceptions\FrameworkException.php on line 33.
 1 SYSTEMPATH\View\View.php(201): CodeIgniter\Exceptions\FrameworkException::forInvalidFile('form_remainder.php')
 2 SYSTEMPATH\Common.php(1135): CodeIgniter\View\View->render('form_remainder', [], true)
 3 APPPATH\Controllers\Form_Remainder.php(9): view('form_remainder')
 4 SYSTEMPATH\CodeIgniter.php(896): App\Controllers\form_remainder->index()
 5 SYSTEMPATH\CodeIgniter.php(466): CodeIgniter\CodeIgniter->runController(Object(App\Controllers\form_remainder))
 6 SYSTEMPATH\CodeIgniter.php(349): CodeIgniter\CodeIgniter->handleRequest(null, Object(Config\Cache), false)
 7 FCPATH\index.php(55): CodeIgniter\CodeIgniter->run()
CRITICAL - 2022-08-04 05:35:56 --> Invalid file: form_remainder.php
in SYSTEMPATH\Exceptions\FrameworkException.php on line 33.
 1 SYSTEMPATH\View\View.php(201): CodeIgniter\Exceptions\FrameworkException::forInvalidFile('form_remainder.php')
 2 SYSTEMPATH\Common.php(1135): CodeIgniter\View\View->render('form_remainder', [], true)
 3 APPPATH\Controllers\Form_Remainder.php(9): view('form_remainder')
 4 SYSTEMPATH\CodeIgniter.php(896): App\Controllers\form_remainder->index()
 5 SYSTEMPATH\CodeIgniter.php(466): CodeIgniter\CodeIgniter->runController(Object(App\Controllers\form_remainder))
 6 SYSTEMPATH\CodeIgniter.php(349): CodeIgniter\CodeIgniter->handleRequest(null, Object(Config\Cache), false)
 7 FCPATH\index.php(55): CodeIgniter\CodeIgniter->run()
CRITICAL - 2022-08-04 05:36:10 --> Invalid file: form_remainder.php
in SYSTEMPATH\Exceptions\FrameworkException.php on line 33.
 1 SYSTEMPATH\View\View.php(201): CodeIgniter\Exceptions\FrameworkException::forInvalidFile('form_remainder.php')
 2 SYSTEMPATH\Common.php(1135): CodeIgniter\View\View->render('form_remainder', [], true)
 3 APPPATH\Controllers\Form_Remainder.php(9): view('form_remainder')
 4 SYSTEMPATH\CodeIgniter.php(896): App\Controllers\Form_remainder->index()
 5 SYSTEMPATH\CodeIgniter.php(466): CodeIgniter\CodeIgniter->runController(Object(App\Controllers\Form_remainder))
 6 SYSTEMPATH\CodeIgniter.php(349): CodeIgniter\CodeIgniter->handleRequest(null, Object(Config\Cache), false)
 7 FCPATH\index.php(55): CodeIgniter\CodeIgniter->run()
CRITICAL - 2022-08-04 05:36:11 --> Invalid file: form_remainder.php
in SYSTEMPATH\Exceptions\FrameworkException.php on line 33.
 1 SYSTEMPATH\View\View.php(201): CodeIgniter\Exceptions\FrameworkException::forInvalidFile('form_remainder.php')
 2 SYSTEMPATH\Common.php(1135): CodeIgniter\View\View->render('form_remainder', [], true)
 3 APPPATH\Controllers\Form_Remainder.php(9): view('form_remainder')
 4 SYSTEMPATH\CodeIgniter.php(896): App\Controllers\Form_remainder->index()
 5 SYSTEMPATH\CodeIgniter.php(466): CodeIgniter\CodeIgniter->runController(Object(App\Controllers\Form_remainder))
 6 SYSTEMPATH\CodeIgniter.php(349): CodeIgniter\CodeIgniter->handleRequest(null, Object(Config\Cache), false)
 7 FCPATH\index.php(55): CodeIgniter\CodeIgniter->run()
CRITICAL - 2022-08-04 05:36:11 --> Invalid file: form_remainder.php
in SYSTEMPATH\Exceptions\FrameworkException.php on line 33.
 1 SYSTEMPATH\View\View.php(201): CodeIgniter\Exceptions\FrameworkException::forInvalidFile('form_remainder.php')
 2 SYSTEMPATH\Common.php(1135): CodeIgniter\View\View->render('form_remainder', [], true)
 3 APPPATH\Controllers\Form_Remainder.php(9): view('form_remainder')
 4 SYSTEMPATH\CodeIgniter.php(896): App\Controllers\Form_remainder->index()
 5 SYSTEMPATH\CodeIgniter.php(466): CodeIgniter\CodeIgniter->runController(Object(App\Controllers\Form_remainder))
 6 SYSTEMPATH\CodeIgniter.php(349): CodeIgniter\CodeIgniter->handleRequest(null, Object(Config\Cache), false)
 7 FCPATH\index.php(55): CodeIgniter\CodeIgniter->run()
CRITICAL - 2022-08-04 05:36:11 --> Invalid file: form_remainder.php
in SYSTEMPATH\Exceptions\FrameworkException.php on line 33.
 1 SYSTEMPATH\View\View.php(201): CodeIgniter\Exceptions\FrameworkException::forInvalidFile('form_remainder.php')
 2 SYSTEMPATH\Common.php(1135): CodeIgniter\View\View->render('form_remainder', [], true)
 3 APPPATH\Controllers\Form_Remainder.php(9): view('form_remainder')
 4 SYSTEMPATH\CodeIgniter.php(896): App\Controllers\Form_remainder->index()
 5 SYSTEMPATH\CodeIgniter.php(466): CodeIgniter\CodeIgniter->runController(Object(App\Controllers\Form_remainder))
 6 SYSTEMPATH\CodeIgniter.php(349): CodeIgniter\CodeIgniter->handleRequest(null, Object(Config\Cache), false)
 7 FCPATH\index.php(55): CodeIgniter\CodeIgniter->run()
CRITICAL - 2022-08-04 05:36:11 --> Invalid file: form_remainder.php
in SYSTEMPATH\Exceptions\FrameworkException.php on line 33.
 1 SYSTEMPATH\View\View.php(201): CodeIgniter\Exceptions\FrameworkException::forInvalidFile('form_remainder.php')
 2 SYSTEMPATH\Common.php(1135): CodeIgniter\View\View->render('form_remainder', [], true)
 3 APPPATH\Controllers\Form_Remainder.php(9): view('form_remainder')
 4 SYSTEMPATH\CodeIgniter.php(896): App\Controllers\Form_remainder->index()
 5 SYSTEMPATH\CodeIgniter.php(466): CodeIgniter\CodeIgniter->runController(Object(App\Controllers\Form_remainder))
 6 SYSTEMPATH\CodeIgniter.php(349): CodeIgniter\CodeIgniter->handleRequest(null, Object(Config\Cache), false)
 7 FCPATH\index.php(55): CodeIgniter\CodeIgniter->run()
CRITICAL - 2022-08-04 05:36:11 --> Invalid file: form_remainder.php
in SYSTEMPATH\Exceptions\FrameworkException.php on line 33.
 1 SYSTEMPATH\View\View.php(201): CodeIgniter\Exceptions\FrameworkException::forInvalidFile('form_remainder.php')
 2 SYSTEMPATH\Common.php(1135): CodeIgniter\View\View->render('form_remainder', [], true)
 3 APPPATH\Controllers\Form_Remainder.php(9): view('form_remainder')
 4 SYSTEMPATH\CodeIgniter.php(896): App\Controllers\Form_remainder->index()
 5 SYSTEMPATH\CodeIgniter.php(466): CodeIgniter\CodeIgniter->runController(Object(App\Controllers\Form_remainder))
 6 SYSTEMPATH\CodeIgniter.php(349): CodeIgniter\CodeIgniter->handleRequest(null, Object(Config\Cache), false)
 7 FCPATH\index.php(55): CodeIgniter\CodeIgniter->run()
CRITICAL - 2022-08-04 05:36:12 --> Invalid file: form_remainder.php
in SYSTEMPATH\Exceptions\FrameworkException.php on line 33.
 1 SYSTEMPATH\View\View.php(201): CodeIgniter\Exceptions\FrameworkException::forInvalidFile('form_remainder.php')
 2 SYSTEMPATH\Common.php(1135): CodeIgniter\View\View->render('form_remainder', [], true)
 3 APPPATH\Controllers\Form_Remainder.php(9): view('form_remainder')
 4 SYSTEMPATH\CodeIgniter.php(896): App\Controllers\Form_remainder->index()
 5 SYSTEMPATH\CodeIgniter.php(466): CodeIgniter\CodeIgniter->runController(Object(App\Controllers\Form_remainder))
 6 SYSTEMPATH\CodeIgniter.php(349): CodeIgniter\CodeIgniter->handleRequest(null, Object(Config\Cache), false)
 7 FCPATH\index.php(55): CodeIgniter\CodeIgniter->run()
CRITICAL - 2022-08-04 05:36:44 --> Invalid file: form_remainder.php
in SYSTEMPATH\Exceptions\FrameworkException.php on line 33.
 1 SYSTEMPATH\View\View.php(201): CodeIgniter\Exceptions\FrameworkException::forInvalidFile('form_remainder.php')
 2 SYSTEMPATH\Common.php(1135): CodeIgniter\View\View->render('form_remainder', [], true)
 3 APPPATH\Controllers\Form_Remainder.php(9): view('form_remainder')
 4 SYSTEMPATH\CodeIgniter.php(896): App\Controllers\Form_Remainder->index()
 5 SYSTEMPATH\CodeIgniter.php(466): CodeIgniter\CodeIgniter->runController(Object(App\Controllers\Form_Remainder))
 6 SYSTEMPATH\CodeIgniter.php(349): CodeIgniter\CodeIgniter->handleRequest(null, Object(Config\Cache), false)
 7 FCPATH\index.php(55): CodeIgniter\CodeIgniter->run()
CRITICAL - 2022-08-04 05:36:44 --> Invalid file: form_remainder.php
in SYSTEMPATH\Exceptions\FrameworkException.php on line 33.
 1 SYSTEMPATH\View\View.php(201): CodeIgniter\Exceptions\FrameworkException::forInvalidFile('form_remainder.php')
 2 SYSTEMPATH\Common.php(1135): CodeIgniter\View\View->render('form_remainder', [], true)
 3 APPPATH\Controllers\Form_Remainder.php(9): view('form_remainder')
 4 SYSTEMPATH\CodeIgniter.php(896): App\Controllers\Form_Remainder->index()
 5 SYSTEMPATH\CodeIgniter.php(466): CodeIgniter\CodeIgniter->runController(Object(App\Controllers\Form_Remainder))
 6 SYSTEMPATH\CodeIgniter.php(349): CodeIgniter\CodeIgniter->handleRequest(null, Object(Config\Cache), false)
 7 FCPATH\index.php(55): CodeIgniter\CodeIgniter->run()
CRITICAL - 2022-08-04 05:36:45 --> Invalid file: form_remainder.php
in SYSTEMPATH\Exceptions\FrameworkException.php on line 33.
 1 SYSTEMPATH\View\View.php(201): CodeIgniter\Exceptions\FrameworkException::forInvalidFile('form_remainder.php')
 2 SYSTEMPATH\Common.php(1135): CodeIgniter\View\View->render('form_remainder', [], true)
 3 APPPATH\Controllers\Form_Remainder.php(9): view('form_remainder')
 4 SYSTEMPATH\CodeIgniter.php(896): App\Controllers\Form_Remainder->index()
 5 SYSTEMPATH\CodeIgniter.php(466): CodeIgniter\CodeIgniter->runController(Object(App\Controllers\Form_Remainder))
 6 SYSTEMPATH\CodeIgniter.php(349): CodeIgniter\CodeIgniter->handleRequest(null, Object(Config\Cache), false)
 7 FCPATH\index.php(55): CodeIgniter\CodeIgniter->run()
CRITICAL - 2022-08-04 05:36:45 --> Invalid file: form_remainder.php
in SYSTEMPATH\Exceptions\FrameworkException.php on line 33.
 1 SYSTEMPATH\View\View.php(201): CodeIgniter\Exceptions\FrameworkException::forInvalidFile('form_remainder.php')
 2 SYSTEMPATH\Common.php(1135): CodeIgniter\View\View->render('form_remainder', [], true)
 3 APPPATH\Controllers\Form_Remainder.php(9): view('form_remainder')
 4 SYSTEMPATH\CodeIgniter.php(896): App\Controllers\Form_Remainder->index()
 5 SYSTEMPATH\CodeIgniter.php(466): CodeIgniter\CodeIgniter->runController(Object(App\Controllers\Form_Remainder))
 6 SYSTEMPATH\CodeIgniter.php(349): CodeIgniter\CodeIgniter->handleRequest(null, Object(Config\Cache), false)
 7 FCPATH\index.php(55): CodeIgniter\CodeIgniter->run()
