ERROR - 2022-08-25 05:25:15 --> Column 'nama_perusahaan' cannot be null
CRITICAL - 2022-08-25 05:25:15 --> Column 'nama_perusahaan' cannot be null
in SYSTEMPATH\Database\MySQLi\Connection.php on line 292.
 1 SYSTEMPATH\Database\MySQLi\Connection.php(292): mysqli->query('INSERT INTO `client` (`id_klien`, `nama_perusahaan`, `nama`, `alamat`, `kota`, `telepon`, `email`) VALUES (\'KL5\', NULL, NULL, NULL, NULL, NULL, NULL)', 0)
 2 SYSTEMPATH\Database\BaseConnection.php(695): CodeIgniter\Database\MySQLi\Connection->execute('INSERT INTO `client` (`id_klien`, `nama_perusahaan`, `nama`, `alamat`, `kota`, `telepon`, `email`) VALUES (\'KL5\', NULL, NULL, NULL, NULL, NULL, NULL)')
 3 SYSTEMPATH\Database\BaseConnection.php(609): CodeIgniter\Database\BaseConnection->simpleQuery('INSERT INTO `client` (`id_klien`, `nama_perusahaan`, `nama`, `alamat`, `kota`, `telepon`, `email`) VALUES (\'KL5\', NULL, NULL, NULL, NULL, NULL, NULL)')
 4 SYSTEMPATH\Database\BaseBuilder.php(1904): CodeIgniter\Database\BaseConnection->query('INSERT INTO `client` (`id_klien`, `nama_perusahaan`, `nama`, `alamat`, `kota`, `telepon`, `email`) VALUES (:id_klien.1:, :nama_perusahaan:, :nama:, :alamat:, :kota:, :telepon:, :email:)', [...], false)
 5 SYSTEMPATH\Model.php(278): CodeIgniter\Database\BaseBuilder->insert()
 6 SYSTEMPATH\BaseModel.php(738): CodeIgniter\Model->doInsert([...])
 7 SYSTEMPATH\Model.php(666): CodeIgniter\BaseModel->insert([...], false)
 8 SYSTEMPATH\BaseModel.php(658): CodeIgniter\Model->insert([...], false)
 9 APPPATH\Controllers\Client.php(36): CodeIgniter\BaseModel->save([...])
10 SYSTEMPATH\CodeIgniter.php(896): App\Controllers\Client->index()
11 SYSTEMPATH\CodeIgniter.php(466): CodeIgniter\CodeIgniter->runController(Object(App\Controllers\Client))
12 SYSTEMPATH\CodeIgniter.php(349): CodeIgniter\CodeIgniter->handleRequest(null, Object(Config\Cache), false)
13 FCPATH\index.php(55): CodeIgniter\CodeIgniter->run()
ERROR - 2022-08-25 05:50:03 --> Column 'nama_perusahaan' cannot be null
CRITICAL - 2022-08-25 05:50:03 --> Column 'nama_perusahaan' cannot be null
in SYSTEMPATH\Database\MySQLi\Connection.php on line 292.
 1 SYSTEMPATH\Database\MySQLi\Connection.php(292): mysqli->query('INSERT INTO `client` (`id_klien`, `nama_perusahaan`, `nama`, `alamat`, `kota`, `telepon`, `email`) VALUES (\'KL5\', NULL, NULL, NULL, NULL, NULL, NULL)', 0)
 2 SYSTEMPATH\Database\BaseConnection.php(695): CodeIgniter\Database\MySQLi\Connection->execute('INSERT INTO `client` (`id_klien`, `nama_perusahaan`, `nama`, `alamat`, `kota`, `telepon`, `email`) VALUES (\'KL5\', NULL, NULL, NULL, NULL, NULL, NULL)')
 3 SYSTEMPATH\Database\BaseConnection.php(609): CodeIgniter\Database\BaseConnection->simpleQuery('INSERT INTO `client` (`id_klien`, `nama_perusahaan`, `nama`, `alamat`, `kota`, `telepon`, `email`) VALUES (\'KL5\', NULL, NULL, NULL, NULL, NULL, NULL)')
 4 SYSTEMPATH\Database\BaseBuilder.php(1904): CodeIgniter\Database\BaseConnection->query('INSERT INTO `client` (`id_klien`, `nama_perusahaan`, `nama`, `alamat`, `kota`, `telepon`, `email`) VALUES (:id_klien.1:, :nama_perusahaan:, :nama:, :alamat:, :kota:, :telepon:, :email:)', [...], false)
 5 SYSTEMPATH\Model.php(278): CodeIgniter\Database\BaseBuilder->insert()
 6 SYSTEMPATH\BaseModel.php(738): CodeIgniter\Model->doInsert([...])
 7 SYSTEMPATH\Model.php(666): CodeIgniter\BaseModel->insert([...], false)
 8 SYSTEMPATH\BaseModel.php(658): CodeIgniter\Model->insert([...], false)
 9 APPPATH\Controllers\Client.php(36): CodeIgniter\BaseModel->save([...])
10 SYSTEMPATH\CodeIgniter.php(896): App\Controllers\Client->index()
11 SYSTEMPATH\CodeIgniter.php(466): CodeIgniter\CodeIgniter->runController(Object(App\Controllers\Client))
12 SYSTEMPATH\CodeIgniter.php(349): CodeIgniter\CodeIgniter->handleRequest(null, Object(Config\Cache), false)
13 FCPATH\index.php(55): CodeIgniter\CodeIgniter->run()
CRITICAL - 2022-08-25 14:16:31 --> Undefined index: nama
in APPPATH\Views\Rimainder.php on line 343.
 1 APPPATH\Views\Rimainder.php(343): CodeIgniter\Debug\Exceptions->errorHandler(8, 'Undefined index: nama', 'APPPATH\\Views\\Rimainder.php', 343, [...])
 2 SYSTEMPATH\View\View.php(213): include('APPPATH\\Views\\Rimainder.php')
 3 SYSTEMPATH\View\View.php(216): CodeIgniter\View\View->CodeIgniter\View\{closure}()
 4 SYSTEMPATH\Common.php(1135): CodeIgniter\View\View->render('rimainder', [], true)
 5 APPPATH\Controllers\invoice.php(15): view('rimainder', [...])
 6 SYSTEMPATH\CodeIgniter.php(896): App\Controllers\invoice->index()
 7 SYSTEMPATH\CodeIgniter.php(466): CodeIgniter\CodeIgniter->runController(Object(App\Controllers\invoice))
 8 SYSTEMPATH\CodeIgniter.php(349): CodeIgniter\CodeIgniter->handleRequest(null, Object(Config\Cache), false)
 9 FCPATH\index.php(55): CodeIgniter\CodeIgniter->run()
ERROR - 2022-08-25 23:13:58 --> Column 'nama_perusahaan' cannot be null
CRITICAL - 2022-08-25 23:13:58 --> Column 'nama_perusahaan' cannot be null
in SYSTEMPATH\Database\MySQLi\Connection.php on line 292.
 1 SYSTEMPATH\Database\MySQLi\Connection.php(292): mysqli->query('INSERT INTO `client` (`id_klien`, `nama_perusahaan`, `nama`, `alamat`, `kota`, `telepon`, `email`) VALUES (\'KL6\', NULL, NULL, NULL, NULL, NULL, NULL)', 0)
 2 SYSTEMPATH\Database\BaseConnection.php(695): CodeIgniter\Database\MySQLi\Connection->execute('INSERT INTO `client` (`id_klien`, `nama_perusahaan`, `nama`, `alamat`, `kota`, `telepon`, `email`) VALUES (\'KL6\', NULL, NULL, NULL, NULL, NULL, NULL)')
 3 SYSTEMPATH\Database\BaseConnection.php(609): CodeIgniter\Database\BaseConnection->simpleQuery('INSERT INTO `client` (`id_klien`, `nama_perusahaan`, `nama`, `alamat`, `kota`, `telepon`, `email`) VALUES (\'KL6\', NULL, NULL, NULL, NULL, NULL, NULL)')
 4 SYSTEMPATH\Database\BaseBuilder.php(1904): CodeIgniter\Database\BaseConnection->query('INSERT INTO `client` (`id_klien`, `nama_perusahaan`, `nama`, `alamat`, `kota`, `telepon`, `email`) VALUES (:id_klien.1:, :nama_perusahaan:, :nama:, :alamat:, :kota:, :telepon:, :email:)', [...], false)
 5 SYSTEMPATH\Model.php(278): CodeIgniter\Database\BaseBuilder->insert()
 6 SYSTEMPATH\BaseModel.php(738): CodeIgniter\Model->doInsert([...])
 7 SYSTEMPATH\Model.php(666): CodeIgniter\BaseModel->insert([...], false)
 8 SYSTEMPATH\BaseModel.php(658): CodeIgniter\Model->insert([...], false)
 9 APPPATH\Controllers\Client.php(36): CodeIgniter\BaseModel->save([...])
10 SYSTEMPATH\CodeIgniter.php(896): App\Controllers\Client->index()
11 SYSTEMPATH\CodeIgniter.php(466): CodeIgniter\CodeIgniter->runController(Object(App\Controllers\Client))
12 SYSTEMPATH\CodeIgniter.php(349): CodeIgniter\CodeIgniter->handleRequest(null, Object(Config\Cache), false)
13 FCPATH\index.php(55): CodeIgniter\CodeIgniter->run()
CRITICAL - 2022-08-25 23:16:57 --> Undefined variable: noinv
in APPPATH\Controllers\Remind.php on line 44.
 1 APPPATH\Controllers\Remind.php(44): CodeIgniter\Debug\Exceptions->errorHandler(8, 'Undefined variable: noinv', 'APPPATH\\Controllers\\Remind.php', 44, [...])
 2 SYSTEMPATH\CodeIgniter.php(896): App\Controllers\Remind->index()
 3 SYSTEMPATH\CodeIgniter.php(466): CodeIgniter\CodeIgniter->runController(Object(App\Controllers\Remind))
 4 SYSTEMPATH\CodeIgniter.php(349): CodeIgniter\CodeIgniter->handleRequest(null, Object(Config\Cache), false)
 5 FCPATH\index.php(55): CodeIgniter\CodeIgniter->run()
