CRITICAL - 2022-09-06 00:16:32 --> Undefined variable: idklien
in APPPATH\Views\ingpois.php on line 17.
 1 APPPATH\Views\ingpois.php(17): CodeIgniter\Debug\Exceptions->errorHandler(8, 'Undefined variable: idklien', 'APPPATH\\Views\\ingpois.php', 17, [...])
 2 SYSTEMPATH\View\View.php(213): include('APPPATH\\Views\\ingpois.php')
 3 SYSTEMPATH\View\View.php(216): CodeIgniter\View\View->CodeIgniter\View\{closure}()
 4 SYSTEMPATH\Common.php(1135): CodeIgniter\View\View->render('ingpois', [], true)
 5 APPPATH\Controllers\Ingpois.php(9): view('ingpois')
 6 SYSTEMPATH\CodeIgniter.php(896): App\Controllers\Ingpois->index()
 7 SYSTEMPATH\CodeIgniter.php(466): CodeIgniter\CodeIgniter->runController(Object(App\Controllers\Ingpois))
 8 SYSTEMPATH\CodeIgniter.php(349): CodeIgniter\CodeIgniter->handleRequest(null, Object(Config\Cache), false)
 9 FCPATH\index.php(55): CodeIgniter\CodeIgniter->run()
CRITICAL - 2022-09-06 00:16:44 --> Undefined variable: idklien
in APPPATH\Views\ingpois.php on line 17.
 1 APPPATH\Views\ingpois.php(17): CodeIgniter\Debug\Exceptions->errorHandler(8, 'Undefined variable: idklien', 'APPPATH\\Views\\ingpois.php', 17, [...])
 2 SYSTEMPATH\View\View.php(213): include('APPPATH\\Views\\ingpois.php')
 3 SYSTEMPATH\View\View.php(216): CodeIgniter\View\View->CodeIgniter\View\{closure}()
 4 SYSTEMPATH\Common.php(1135): CodeIgniter\View\View->render('ingpois', [], true)
 5 APPPATH\Controllers\Ingpois.php(9): view('ingpois')
 6 SYSTEMPATH\CodeIgniter.php(896): App\Controllers\Ingpois->index()
 7 SYSTEMPATH\CodeIgniter.php(466): CodeIgniter\CodeIgniter->runController(Object(App\Controllers\Ingpois))
 8 SYSTEMPATH\CodeIgniter.php(349): CodeIgniter\CodeIgniter->handleRequest(null, Object(Config\Cache), false)
 9 FCPATH\index.php(55): CodeIgniter\CodeIgniter->run()
CRITICAL - 2022-09-06 05:01:17 --> Undefined variable: idklien
in APPPATH\Views\ingpois.php on line 17.
 1 APPPATH\Views\ingpois.php(17): CodeIgniter\Debug\Exceptions->errorHandler(8, 'Undefined variable: idklien', 'APPPATH\\Views\\ingpois.php', 17, [...])
 2 SYSTEMPATH\View\View.php(213): include('APPPATH\\Views\\ingpois.php')
 3 SYSTEMPATH\View\View.php(216): CodeIgniter\View\View->CodeIgniter\View\{closure}()
 4 SYSTEMPATH\Common.php(1135): CodeIgniter\View\View->render('ingpois', [], true)
 5 APPPATH\Controllers\Ingpois.php(9): view('ingpois')
 6 SYSTEMPATH\CodeIgniter.php(896): App\Controllers\Ingpois->index()
 7 SYSTEMPATH\CodeIgniter.php(466): CodeIgniter\CodeIgniter->runController(Object(App\Controllers\Ingpois))
 8 SYSTEMPATH\CodeIgniter.php(349): CodeIgniter\CodeIgniter->handleRequest(null, Object(Config\Cache), false)
 9 FCPATH\index.php(55): CodeIgniter\CodeIgniter->run()
CRITICAL - 2022-09-06 05:01:24 --> Undefined variable: idklien
in APPPATH\Views\ingpois.php on line 17.
 1 APPPATH\Views\ingpois.php(17): CodeIgniter\Debug\Exceptions->errorHandler(8, 'Undefined variable: idklien', 'APPPATH\\Views\\ingpois.php', 17, [...])
 2 SYSTEMPATH\View\View.php(213): include('APPPATH\\Views\\ingpois.php')
 3 SYSTEMPATH\View\View.php(216): CodeIgniter\View\View->CodeIgniter\View\{closure}()
 4 SYSTEMPATH\Common.php(1135): CodeIgniter\View\View->render('ingpois', [], true)
 5 APPPATH\Controllers\Ingpois.php(9): view('ingpois')
 6 SYSTEMPATH\CodeIgniter.php(896): App\Controllers\Ingpois->index()
 7 SYSTEMPATH\CodeIgniter.php(466): CodeIgniter\CodeIgniter->runController(Object(App\Controllers\Ingpois))
 8 SYSTEMPATH\CodeIgniter.php(349): CodeIgniter\CodeIgniter->handleRequest(null, Object(Config\Cache), false)
 9 FCPATH\index.php(55): CodeIgniter\CodeIgniter->run()
CRITICAL - 2022-09-06 05:11:59 --> Undefined index: nama
in APPPATH\Views\Rimainder.php on line 354.
 1 APPPATH\Views\Rimainder.php(354): CodeIgniter\Debug\Exceptions->errorHandler(8, 'Undefined index: nama', 'APPPATH\\Views\\Rimainder.php', 354, [...])
 2 SYSTEMPATH\View\View.php(213): include('APPPATH\\Views\\Rimainder.php')
 3 SYSTEMPATH\View\View.php(216): CodeIgniter\View\View->CodeIgniter\View\{closure}()
 4 SYSTEMPATH\Common.php(1135): CodeIgniter\View\View->render('rimainder', [], true)
 5 APPPATH\Controllers\invoice.php(15): view('rimainder', [...])
 6 SYSTEMPATH\CodeIgniter.php(896): App\Controllers\invoice->index()
 7 SYSTEMPATH\CodeIgniter.php(466): CodeIgniter\CodeIgniter->runController(Object(App\Controllers\invoice))
 8 SYSTEMPATH\CodeIgniter.php(349): CodeIgniter\CodeIgniter->handleRequest(null, Object(Config\Cache), false)
 9 FCPATH\index.php(55): CodeIgniter\CodeIgniter->run()
CRITICAL - 2022-09-06 05:24:08 --> Undefined variable: idklien
in APPPATH\Views\ingpois.php on line 17.
 1 APPPATH\Views\ingpois.php(17): CodeIgniter\Debug\Exceptions->errorHandler(8, 'Undefined variable: idklien', 'APPPATH\\Views\\ingpois.php', 17, [...])
 2 SYSTEMPATH\View\View.php(213): include('APPPATH\\Views\\ingpois.php')
 3 SYSTEMPATH\View\View.php(216): CodeIgniter\View\View->CodeIgniter\View\{closure}()
 4 SYSTEMPATH\Common.php(1135): CodeIgniter\View\View->render('ingpois', [], true)
 5 APPPATH\Controllers\Ingpois.php(9): view('ingpois')
 6 SYSTEMPATH\CodeIgniter.php(896): App\Controllers\Ingpois->index()
 7 SYSTEMPATH\CodeIgniter.php(466): CodeIgniter\CodeIgniter->runController(Object(App\Controllers\Ingpois))
 8 SYSTEMPATH\CodeIgniter.php(349): CodeIgniter\CodeIgniter->handleRequest(null, Object(Config\Cache), false)
 9 FCPATH\index.php(55): CodeIgniter\CodeIgniter->run()
CRITICAL - 2022-09-06 10:47:47 --> Undefined variable: idklien
in APPPATH\Views\ingpois.php on line 17.
 1 APPPATH\Views\ingpois.php(17): CodeIgniter\Debug\Exceptions->errorHandler(8, 'Undefined variable: idklien', 'APPPATH\\Views\\ingpois.php', 17, [...])
 2 SYSTEMPATH\View\View.php(213): include('APPPATH\\Views\\ingpois.php')
 3 SYSTEMPATH\View\View.php(216): CodeIgniter\View\View->CodeIgniter\View\{closure}()
 4 SYSTEMPATH\Common.php(1135): CodeIgniter\View\View->render('ingpois', [], true)
 5 APPPATH\Controllers\Ingpois.php(9): view('ingpois')
 6 SYSTEMPATH\CodeIgniter.php(896): App\Controllers\Ingpois->index()
 7 SYSTEMPATH\CodeIgniter.php(466): CodeIgniter\CodeIgniter->runController(Object(App\Controllers\Ingpois))
 8 SYSTEMPATH\CodeIgniter.php(349): CodeIgniter\CodeIgniter->handleRequest(null, Object(Config\Cache), false)
 9 FCPATH\index.php(55): CodeIgniter\CodeIgniter->run()
ERROR - 2022-09-06 11:20:59 --> Unknown column 'tanggal_invoice' in 'having clause'
CRITICAL - 2022-09-06 11:20:59 --> Unknown column 'tanggal_invoice' in 'having clause'
in SYSTEMPATH\Database\MySQLi\Connection.php on line 292.
 1 SYSTEMPATH\Database\MySQLi\Connection.php(292): mysqli->query('SELECT COUNT(*) AS `numrows`
FROM `tagihan`
HAVING `tanggal_invoice` IN (\'August 3rd 2022\',\'September 15th 2022\')', 0)
 2 SYSTEMPATH\Database\BaseConnection.php(695): CodeIgniter\Database\MySQLi\Connection->execute('SELECT COUNT(*) AS `numrows`
FROM `tagihan`
HAVING `tanggal_invoice` IN (\'August 3rd 2022\',\'September 15th 2022\')')
 3 SYSTEMPATH\Database\BaseConnection.php(609): CodeIgniter\Database\BaseConnection->simpleQuery('SELECT COUNT(*) AS `numrows`
FROM `tagihan`
HAVING `tanggal_invoice` IN (\'August 3rd 2022\',\'September 15th 2022\')')
 4 SYSTEMPATH\Database\BaseBuilder.php(1669): CodeIgniter\Database\BaseConnection->query('SELECT COUNT(*) AS `numrows`
FROM `tagihan`
HAVING `tanggal_invoice` IN :tanggal_invoice:', [...], false)
 5 SYSTEMPATH\Model.php(550): CodeIgniter\Database\BaseBuilder->countAllResults(false)
 6 SYSTEMPATH\BaseModel.php(1084): CodeIgniter\Model->countAllResults(false)
 7 APPPATH\Controllers\Home.php(26): CodeIgniter\BaseModel->paginate(5)
 8 SYSTEMPATH\CodeIgniter.php(896): App\Controllers\Home->index()
 9 SYSTEMPATH\CodeIgniter.php(466): CodeIgniter\CodeIgniter->runController(Object(App\Controllers\Home))
10 SYSTEMPATH\CodeIgniter.php(349): CodeIgniter\CodeIgniter->handleRequest(null, Object(Config\Cache), false)
11 FCPATH\index.php(55): CodeIgniter\CodeIgniter->run()
ERROR - 2022-09-06 11:28:20 --> Unknown column 'tanggal_invoice' in 'having clause'
CRITICAL - 2022-09-06 11:28:20 --> Unknown column 'tanggal_invoice' in 'having clause'
in SYSTEMPATH\Database\MySQLi\Connection.php on line 292.
 1 SYSTEMPATH\Database\MySQLi\Connection.php(292): mysqli->query('SELECT COUNT(*) AS `numrows`
FROM `tagihan`
HAVING `tanggal_invoice` IN (\'2022-08-04\',\'2022-09-09\')', 0)
 2 SYSTEMPATH\Database\BaseConnection.php(695): CodeIgniter\Database\MySQLi\Connection->execute('SELECT COUNT(*) AS `numrows`
FROM `tagihan`
HAVING `tanggal_invoice` IN (\'2022-08-04\',\'2022-09-09\')')
 3 SYSTEMPATH\Database\BaseConnection.php(609): CodeIgniter\Database\BaseConnection->simpleQuery('SELECT COUNT(*) AS `numrows`
FROM `tagihan`
HAVING `tanggal_invoice` IN (\'2022-08-04\',\'2022-09-09\')')
 4 SYSTEMPATH\Database\BaseBuilder.php(1669): CodeIgniter\Database\BaseConnection->query('SELECT COUNT(*) AS `numrows`
FROM `tagihan`
HAVING `tanggal_invoice` IN :tanggal_invoice:', [...], false)
 5 SYSTEMPATH\Model.php(550): CodeIgniter\Database\BaseBuilder->countAllResults(false)
 6 SYSTEMPATH\BaseModel.php(1084): CodeIgniter\Model->countAllResults(false)
 7 APPPATH\Controllers\Home.php(26): CodeIgniter\BaseModel->paginate(5)
 8 SYSTEMPATH\CodeIgniter.php(896): App\Controllers\Home->index()
 9 SYSTEMPATH\CodeIgniter.php(466): CodeIgniter\CodeIgniter->runController(Object(App\Controllers\Home))
10 SYSTEMPATH\CodeIgniter.php(349): CodeIgniter\CodeIgniter->handleRequest(null, Object(Config\Cache), false)
11 FCPATH\index.php(55): CodeIgniter\CodeIgniter->run()
ERROR - 2022-09-06 11:28:56 --> Unknown column 'tanggal_invoice' in 'having clause'
CRITICAL - 2022-09-06 11:28:56 --> Unknown column 'tanggal_invoice' in 'having clause'
in SYSTEMPATH\Database\MySQLi\Connection.php on line 292.
 1 SYSTEMPATH\Database\MySQLi\Connection.php(292): mysqli->query('SELECT COUNT(*) AS `numrows`
FROM `tagihan`
HAVING `tanggal_invoice` IN (\'2022-08-01\',\'2022-09-09\')', 0)
 2 SYSTEMPATH\Database\BaseConnection.php(695): CodeIgniter\Database\MySQLi\Connection->execute('SELECT COUNT(*) AS `numrows`
FROM `tagihan`
HAVING `tanggal_invoice` IN (\'2022-08-01\',\'2022-09-09\')')
 3 SYSTEMPATH\Database\BaseConnection.php(609): CodeIgniter\Database\BaseConnection->simpleQuery('SELECT COUNT(*) AS `numrows`
FROM `tagihan`
HAVING `tanggal_invoice` IN (\'2022-08-01\',\'2022-09-09\')')
 4 SYSTEMPATH\Database\BaseBuilder.php(1669): CodeIgniter\Database\BaseConnection->query('SELECT COUNT(*) AS `numrows`
FROM `tagihan`
HAVING `tanggal_invoice` IN :tanggal_invoice:', [...], false)
 5 SYSTEMPATH\Model.php(550): CodeIgniter\Database\BaseBuilder->countAllResults(false)
 6 SYSTEMPATH\BaseModel.php(1084): CodeIgniter\Model->countAllResults(false)
 7 APPPATH\Controllers\Home.php(26): CodeIgniter\BaseModel->paginate(5)
 8 SYSTEMPATH\CodeIgniter.php(896): App\Controllers\Home->index()
 9 SYSTEMPATH\CodeIgniter.php(466): CodeIgniter\CodeIgniter->runController(Object(App\Controllers\Home))
10 SYSTEMPATH\CodeIgniter.php(349): CodeIgniter\CodeIgniter->handleRequest(null, Object(Config\Cache), false)
11 FCPATH\index.php(55): CodeIgniter\CodeIgniter->run()
ERROR - 2022-09-06 11:29:07 --> Unknown column 'tanggal_invoice' in 'having clause'
CRITICAL - 2022-09-06 11:29:07 --> Unknown column 'tanggal_invoice' in 'having clause'
in SYSTEMPATH\Database\MySQLi\Connection.php on line 292.
 1 SYSTEMPATH\Database\MySQLi\Connection.php(292): mysqli->query('SELECT COUNT(*) AS `numrows`
FROM `tagihan`
HAVING `tanggal_invoice` IN (\'2022-09-28\',\'2022-09-06\')', 0)
 2 SYSTEMPATH\Database\BaseConnection.php(695): CodeIgniter\Database\MySQLi\Connection->execute('SELECT COUNT(*) AS `numrows`
FROM `tagihan`
HAVING `tanggal_invoice` IN (\'2022-09-28\',\'2022-09-06\')')
 3 SYSTEMPATH\Database\BaseConnection.php(609): CodeIgniter\Database\BaseConnection->simpleQuery('SELECT COUNT(*) AS `numrows`
FROM `tagihan`
HAVING `tanggal_invoice` IN (\'2022-09-28\',\'2022-09-06\')')
 4 SYSTEMPATH\Database\BaseBuilder.php(1669): CodeIgniter\Database\BaseConnection->query('SELECT COUNT(*) AS `numrows`
FROM `tagihan`
HAVING `tanggal_invoice` IN :tanggal_invoice:', [...], false)
 5 SYSTEMPATH\Model.php(550): CodeIgniter\Database\BaseBuilder->countAllResults(false)
 6 SYSTEMPATH\BaseModel.php(1084): CodeIgniter\Model->countAllResults(false)
 7 APPPATH\Controllers\Home.php(26): CodeIgniter\BaseModel->paginate(5)
 8 SYSTEMPATH\CodeIgniter.php(896): App\Controllers\Home->index()
 9 SYSTEMPATH\CodeIgniter.php(466): CodeIgniter\CodeIgniter->runController(Object(App\Controllers\Home))
10 SYSTEMPATH\CodeIgniter.php(349): CodeIgniter\CodeIgniter->handleRequest(null, Object(Config\Cache), false)
11 FCPATH\index.php(55): CodeIgniter\CodeIgniter->run()
ERROR - 2022-09-06 11:29:23 --> Unknown column 'tanggal_invoice' in 'having clause'
CRITICAL - 2022-09-06 11:29:23 --> Unknown column 'tanggal_invoice' in 'having clause'
in SYSTEMPATH\Database\MySQLi\Connection.php on line 292.
 1 SYSTEMPATH\Database\MySQLi\Connection.php(292): mysqli->query('SELECT COUNT(*) AS `numrows`
FROM `tagihan`
HAVING `tanggal_invoice` IN (\'2022-08-01\',\'2022-09-01\')', 0)
 2 SYSTEMPATH\Database\BaseConnection.php(695): CodeIgniter\Database\MySQLi\Connection->execute('SELECT COUNT(*) AS `numrows`
FROM `tagihan`
HAVING `tanggal_invoice` IN (\'2022-08-01\',\'2022-09-01\')')
 3 SYSTEMPATH\Database\BaseConnection.php(609): CodeIgniter\Database\BaseConnection->simpleQuery('SELECT COUNT(*) AS `numrows`
FROM `tagihan`
HAVING `tanggal_invoice` IN (\'2022-08-01\',\'2022-09-01\')')
 4 SYSTEMPATH\Database\BaseBuilder.php(1669): CodeIgniter\Database\BaseConnection->query('SELECT COUNT(*) AS `numrows`
FROM `tagihan`
HAVING `tanggal_invoice` IN :tanggal_invoice:', [...], false)
 5 SYSTEMPATH\Model.php(550): CodeIgniter\Database\BaseBuilder->countAllResults(false)
 6 SYSTEMPATH\BaseModel.php(1084): CodeIgniter\Model->countAllResults(false)
 7 APPPATH\Controllers\Home.php(26): CodeIgniter\BaseModel->paginate(5)
 8 SYSTEMPATH\CodeIgniter.php(896): App\Controllers\Home->index()
 9 SYSTEMPATH\CodeIgniter.php(466): CodeIgniter\CodeIgniter->runController(Object(App\Controllers\Home))
10 SYSTEMPATH\CodeIgniter.php(349): CodeIgniter\CodeIgniter->handleRequest(null, Object(Config\Cache), false)
11 FCPATH\index.php(55): CodeIgniter\CodeIgniter->run()
ERROR - 2022-09-06 11:30:58 --> Unknown column 'tanggal_invoice' in 'having clause'
CRITICAL - 2022-09-06 11:30:58 --> Unknown column 'tanggal_invoice' in 'having clause'
in SYSTEMPATH\Database\MySQLi\Connection.php on line 292.
 1 SYSTEMPATH\Database\MySQLi\Connection.php(292): mysqli->query('SELECT COUNT(*) AS `numrows`
FROM `tagihan`
HAVING `tanggal_invoice` = (\'2022-08-01\',\'2022-09-01\')', 0)
 2 SYSTEMPATH\Database\BaseConnection.php(695): CodeIgniter\Database\MySQLi\Connection->execute('SELECT COUNT(*) AS `numrows`
FROM `tagihan`
HAVING `tanggal_invoice` = (\'2022-08-01\',\'2022-09-01\')')
 3 SYSTEMPATH\Database\BaseConnection.php(609): CodeIgniter\Database\BaseConnection->simpleQuery('SELECT COUNT(*) AS `numrows`
FROM `tagihan`
HAVING `tanggal_invoice` = (\'2022-08-01\',\'2022-09-01\')')
 4 SYSTEMPATH\Database\BaseBuilder.php(1669): CodeIgniter\Database\BaseConnection->query('SELECT COUNT(*) AS `numrows`
FROM `tagihan`
HAVING `tanggal_invoice` = :tanggal_invoice:', [...], false)
 5 SYSTEMPATH\Model.php(550): CodeIgniter\Database\BaseBuilder->countAllResults(false)
 6 SYSTEMPATH\BaseModel.php(1084): CodeIgniter\Model->countAllResults(false)
 7 APPPATH\Controllers\Home.php(26): CodeIgniter\BaseModel->paginate(5)
 8 SYSTEMPATH\CodeIgniter.php(896): App\Controllers\Home->index()
 9 SYSTEMPATH\CodeIgniter.php(466): CodeIgniter\CodeIgniter->runController(Object(App\Controllers\Home))
10 SYSTEMPATH\CodeIgniter.php(349): CodeIgniter\CodeIgniter->handleRequest(null, Object(Config\Cache), false)
11 FCPATH\index.php(55): CodeIgniter\CodeIgniter->run()
ERROR - 2022-09-06 11:31:19 --> Unknown column 'tanggal_invoice' in 'having clause'
CRITICAL - 2022-09-06 11:31:19 --> Unknown column 'tanggal_invoice' in 'having clause'
in SYSTEMPATH\Database\MySQLi\Connection.php on line 292.
 1 SYSTEMPATH\Database\MySQLi\Connection.php(292): mysqli->query('SELECT COUNT(*) AS `numrows`
FROM `tagihan`
HAVING `tanggal_invoice` = (\'2022-08-11\',\'2022-09-07\')', 0)
 2 SYSTEMPATH\Database\BaseConnection.php(695): CodeIgniter\Database\MySQLi\Connection->execute('SELECT COUNT(*) AS `numrows`
FROM `tagihan`
HAVING `tanggal_invoice` = (\'2022-08-11\',\'2022-09-07\')')
 3 SYSTEMPATH\Database\BaseConnection.php(609): CodeIgniter\Database\BaseConnection->simpleQuery('SELECT COUNT(*) AS `numrows`
FROM `tagihan`
HAVING `tanggal_invoice` = (\'2022-08-11\',\'2022-09-07\')')
 4 SYSTEMPATH\Database\BaseBuilder.php(1669): CodeIgniter\Database\BaseConnection->query('SELECT COUNT(*) AS `numrows`
FROM `tagihan`
HAVING `tanggal_invoice` = :tanggal_invoice:', [...], false)
 5 SYSTEMPATH\Model.php(550): CodeIgniter\Database\BaseBuilder->countAllResults(false)
 6 SYSTEMPATH\BaseModel.php(1084): CodeIgniter\Model->countAllResults(false)
 7 APPPATH\Controllers\Home.php(26): CodeIgniter\BaseModel->paginate(5)
 8 SYSTEMPATH\CodeIgniter.php(896): App\Controllers\Home->index()
 9 SYSTEMPATH\CodeIgniter.php(466): CodeIgniter\CodeIgniter->runController(Object(App\Controllers\Home))
10 SYSTEMPATH\CodeIgniter.php(349): CodeIgniter\CodeIgniter->handleRequest(null, Object(Config\Cache), false)
11 FCPATH\index.php(55): CodeIgniter\CodeIgniter->run()
ERROR - 2022-09-06 11:32:30 --> Unknown column 'tanggal_invoice' in 'having clause'
CRITICAL - 2022-09-06 11:32:30 --> Unknown column 'tanggal_invoice' in 'having clause'
in SYSTEMPATH\Database\MySQLi\Connection.php on line 292.
 1 SYSTEMPATH\Database\MySQLi\Connection.php(292): mysqli->query('SELECT COUNT(*) AS `numrows`
FROM `tagihan`
HAVING `tanggal_invoice` = (\'2022-08-11\',\'2022-09-07\')', 0)
 2 SYSTEMPATH\Database\BaseConnection.php(695): CodeIgniter\Database\MySQLi\Connection->execute('SELECT COUNT(*) AS `numrows`
FROM `tagihan`
HAVING `tanggal_invoice` = (\'2022-08-11\',\'2022-09-07\')')
 3 SYSTEMPATH\Database\BaseConnection.php(609): CodeIgniter\Database\BaseConnection->simpleQuery('SELECT COUNT(*) AS `numrows`
FROM `tagihan`
HAVING `tanggal_invoice` = (\'2022-08-11\',\'2022-09-07\')')
 4 SYSTEMPATH\Database\BaseBuilder.php(1669): CodeIgniter\Database\BaseConnection->query('SELECT COUNT(*) AS `numrows`
FROM `tagihan`
HAVING `tanggal_invoice` = :tanggal_invoice:', [...], false)
 5 SYSTEMPATH\Model.php(550): CodeIgniter\Database\BaseBuilder->countAllResults(false)
 6 SYSTEMPATH\BaseModel.php(1084): CodeIgniter\Model->countAllResults(false)
 7 APPPATH\Controllers\Home.php(26): CodeIgniter\BaseModel->paginate(5)
 8 SYSTEMPATH\CodeIgniter.php(896): App\Controllers\Home->index()
 9 SYSTEMPATH\CodeIgniter.php(466): CodeIgniter\CodeIgniter->runController(Object(App\Controllers\Home))
10 SYSTEMPATH\CodeIgniter.php(349): CodeIgniter\CodeIgniter->handleRequest(null, Object(Config\Cache), false)
11 FCPATH\index.php(55): CodeIgniter\CodeIgniter->run()
ERROR - 2022-09-06 11:32:49 --> Unknown column 'tanggal_invoice' in 'having clause'
CRITICAL - 2022-09-06 11:32:49 --> Unknown column 'tanggal_invoice' in 'having clause'
in SYSTEMPATH\Database\MySQLi\Connection.php on line 292.
 1 SYSTEMPATH\Database\MySQLi\Connection.php(292): mysqli->query('SELECT COUNT(*) AS `numrows`
FROM `tagihan`
HAVING `tanggal_invoice` = (\'2022-08-01\',\'2022-09-06\')', 0)
 2 SYSTEMPATH\Database\BaseConnection.php(695): CodeIgniter\Database\MySQLi\Connection->execute('SELECT COUNT(*) AS `numrows`
FROM `tagihan`
HAVING `tanggal_invoice` = (\'2022-08-01\',\'2022-09-06\')')
 3 SYSTEMPATH\Database\BaseConnection.php(609): CodeIgniter\Database\BaseConnection->simpleQuery('SELECT COUNT(*) AS `numrows`
FROM `tagihan`
HAVING `tanggal_invoice` = (\'2022-08-01\',\'2022-09-06\')')
 4 SYSTEMPATH\Database\BaseBuilder.php(1669): CodeIgniter\Database\BaseConnection->query('SELECT COUNT(*) AS `numrows`
FROM `tagihan`
HAVING `tanggal_invoice` = :tanggal_invoice:', [...], false)
 5 SYSTEMPATH\Model.php(550): CodeIgniter\Database\BaseBuilder->countAllResults(false)
 6 SYSTEMPATH\BaseModel.php(1084): CodeIgniter\Model->countAllResults(false)
 7 APPPATH\Controllers\Home.php(26): CodeIgniter\BaseModel->paginate(5)
 8 SYSTEMPATH\CodeIgniter.php(896): App\Controllers\Home->index()
 9 SYSTEMPATH\CodeIgniter.php(466): CodeIgniter\CodeIgniter->runController(Object(App\Controllers\Home))
10 SYSTEMPATH\CodeIgniter.php(349): CodeIgniter\CodeIgniter->handleRequest(null, Object(Config\Cache), false)
11 FCPATH\index.php(55): CodeIgniter\CodeIgniter->run()
