CRITICAL - 2022-11-16 03:32:10 --> Undefined variable: noinv
in APPPATH\Controllers\Remind.php on line 45.
 1 APPPATH\Controllers\Remind.php(45): CodeIgniter\Debug\Exceptions->errorHandler(8, 'Undefined variable: noinv', 'APPPATH\\Controllers\\Remind.php', 45, [...])
 2 SYSTEMPATH\CodeIgniter.php(896): App\Controllers\Remind->index()
 3 SYSTEMPATH\CodeIgniter.php(466): CodeIgniter\CodeIgniter->runController(Object(App\Controllers\Remind))
 4 SYSTEMPATH\CodeIgniter.php(349): CodeIgniter\CodeIgniter->handleRequest(null, Object(Config\Cache), false)
 5 FCPATH\index.php(55): CodeIgniter\CodeIgniter->run()
CRITICAL - 2022-11-16 03:43:36 --> Undefined variable: name
in APPPATH\Controllers\Remind.php on line 39.
 1 APPPATH\Controllers\Remind.php(39): CodeIgniter\Debug\Exceptions->errorHandler(8, 'Undefined variable: name', 'APPPATH\\Controllers\\Remind.php', 39, [...])
 2 SYSTEMPATH\CodeIgniter.php(896): App\Controllers\Remind->index()
 3 SYSTEMPATH\CodeIgniter.php(466): CodeIgniter\CodeIgniter->runController(Object(App\Controllers\Remind))
 4 SYSTEMPATH\CodeIgniter.php(349): CodeIgniter\CodeIgniter->handleRequest(null, Object(Config\Cache), false)
 5 FCPATH\index.php(55): CodeIgniter\CodeIgniter->run()
CRITICAL - 2022-11-16 04:25:34 --> Undefined variable: idklien
in APPPATH\Views\client.php on line 19.
 1 APPPATH\Views\client.php(19): CodeIgniter\Debug\Exceptions->errorHandler(8, 'Undefined variable: idklien', 'APPPATH\\Views\\client.php', 19, [...])
 2 SYSTEMPATH\View\View.php(213): include('APPPATH\\Views\\client.php')
 3 SYSTEMPATH\View\View.php(216): CodeIgniter\View\View->CodeIgniter\View\{closure}()
 4 SYSTEMPATH\Common.php(1135): CodeIgniter\View\View->render('client', [], true)
 5 APPPATH\Controllers\datainvoice.php(23): view('client', [...])
 6 SYSTEMPATH\CodeIgniter.php(896): App\Controllers\datainvoice->index()
 7 SYSTEMPATH\CodeIgniter.php(466): CodeIgniter\CodeIgniter->runController(Object(App\Controllers\datainvoice))
 8 SYSTEMPATH\CodeIgniter.php(349): CodeIgniter\CodeIgniter->handleRequest(null, Object(Config\Cache), false)
 9 FCPATH\index.php(55): CodeIgniter\CodeIgniter->run()
CRITICAL - 2022-11-16 04:25:40 --> Undefined variable: idklien
in APPPATH\Views\client.php on line 19.
 1 APPPATH\Views\client.php(19): CodeIgniter\Debug\Exceptions->errorHandler(8, 'Undefined variable: idklien', 'APPPATH\\Views\\client.php', 19, [...])
 2 SYSTEMPATH\View\View.php(213): include('APPPATH\\Views\\client.php')
 3 SYSTEMPATH\View\View.php(216): CodeIgniter\View\View->CodeIgniter\View\{closure}()
 4 SYSTEMPATH\Common.php(1135): CodeIgniter\View\View->render('client', [], true)
 5 APPPATH\Controllers\datainvoice.php(23): view('client', [...])
 6 SYSTEMPATH\CodeIgniter.php(896): App\Controllers\datainvoice->index()
 7 SYSTEMPATH\CodeIgniter.php(466): CodeIgniter\CodeIgniter->runController(Object(App\Controllers\datainvoice))
 8 SYSTEMPATH\CodeIgniter.php(349): CodeIgniter\CodeIgniter->handleRequest(null, Object(Config\Cache), false)
 9 FCPATH\index.php(55): CodeIgniter\CodeIgniter->run()
CRITICAL - 2022-11-16 04:25:58 --> Undefined variable: idklien
in APPPATH\Views\client.php on line 19.
 1 APPPATH\Views\client.php(19): CodeIgniter\Debug\Exceptions->errorHandler(8, 'Undefined variable: idklien', 'APPPATH\\Views\\client.php', 19, [...])
 2 SYSTEMPATH\View\View.php(213): include('APPPATH\\Views\\client.php')
 3 SYSTEMPATH\View\View.php(216): CodeIgniter\View\View->CodeIgniter\View\{closure}()
 4 SYSTEMPATH\Common.php(1135): CodeIgniter\View\View->render('client', [], true)
 5 APPPATH\Controllers\datainvoice.php(23): view('client', [...])
 6 SYSTEMPATH\CodeIgniter.php(896): App\Controllers\datainvoice->index()
 7 SYSTEMPATH\CodeIgniter.php(466): CodeIgniter\CodeIgniter->runController(Object(App\Controllers\datainvoice))
 8 SYSTEMPATH\CodeIgniter.php(349): CodeIgniter\CodeIgniter->handleRequest(null, Object(Config\Cache), false)
 9 FCPATH\index.php(55): CodeIgniter\CodeIgniter->run()
CRITICAL - 2022-11-16 04:26:12 --> Undefined variable: idklien
in APPPATH\Views\client.php on line 19.
 1 APPPATH\Views\client.php(19): CodeIgniter\Debug\Exceptions->errorHandler(8, 'Undefined variable: idklien', 'APPPATH\\Views\\client.php', 19, [...])
 2 SYSTEMPATH\View\View.php(213): include('APPPATH\\Views\\client.php')
 3 SYSTEMPATH\View\View.php(216): CodeIgniter\View\View->CodeIgniter\View\{closure}()
 4 SYSTEMPATH\Common.php(1135): CodeIgniter\View\View->render('client', [], true)
 5 APPPATH\Controllers\datainvoice.php(23): view('client', [...])
 6 SYSTEMPATH\CodeIgniter.php(896): App\Controllers\datainvoice->index()
 7 SYSTEMPATH\CodeIgniter.php(466): CodeIgniter\CodeIgniter->runController(Object(App\Controllers\datainvoice))
 8 SYSTEMPATH\CodeIgniter.php(349): CodeIgniter\CodeIgniter->handleRequest(null, Object(Config\Cache), false)
 9 FCPATH\index.php(55): CodeIgniter\CodeIgniter->run()
ERROR - 2022-11-16 04:54:42 --> Unknown column 'status' in 'field list'
CRITICAL - 2022-11-16 04:54:42 --> Unknown column 'status' in 'field list'
in SYSTEMPATH\Database\MySQLi\Connection.php on line 292.
 1 SYSTEMPATH\Database\MySQLi\Connection.php(292): mysqli->query('INSERT INTO `client` (`no`, `id_klien`, `nama_perusahaan`, `nama`, `kota`, `telepon`, `email`, `bank`, `status`) VALUES (\'\', \'KL2\', \'PT Matahari Barat\', \'Rehan\', \'Jakarta\', \'988676456\', \'rakaasew@doclo.com\', \'bca\', 1)', 0)
 2 SYSTEMPATH\Database\BaseConnection.php(695): CodeIgniter\Database\MySQLi\Connection->execute('INSERT INTO `client` (`no`, `id_klien`, `nama_perusahaan`, `nama`, `kota`, `telepon`, `email`, `bank`, `status`) VALUES (\'\', \'KL2\', \'PT Matahari Barat\', \'Rehan\', \'Jakarta\', \'988676456\', \'rakaasew@doclo.com\', \'bca\', 1)')
 3 SYSTEMPATH\Database\BaseConnection.php(609): CodeIgniter\Database\BaseConnection->simpleQuery('INSERT INTO `client` (`no`, `id_klien`, `nama_perusahaan`, `nama`, `kota`, `telepon`, `email`, `bank`, `status`) VALUES (\'\', \'KL2\', \'PT Matahari Barat\', \'Rehan\', \'Jakarta\', \'988676456\', \'rakaasew@doclo.com\', \'bca\', 1)')
 4 SYSTEMPATH\Database\BaseBuilder.php(1904): CodeIgniter\Database\BaseConnection->query('INSERT INTO `client` (`no`, `id_klien`, `nama_perusahaan`, `nama`, `kota`, `telepon`, `email`, `bank`, `status`) VALUES (:no:, :id_klien:, :nama_perusahaan:, :nama:, :kota:, :telepon:, :email:, :bank:, :status:)', [...], false)
 5 SYSTEMPATH\Model.php(278): CodeIgniter\Database\BaseBuilder->insert()
 6 SYSTEMPATH\BaseModel.php(738): CodeIgniter\Model->doInsert([...])
 7 SYSTEMPATH\Model.php(666): CodeIgniter\BaseModel->insert([...], true)
 8 APPPATH\Controllers\tamah.php(40): CodeIgniter\Model->insert([...])
 9 SYSTEMPATH\CodeIgniter.php(896): App\Controllers\tamah->index()
10 SYSTEMPATH\CodeIgniter.php(466): CodeIgniter\CodeIgniter->runController(Object(App\Controllers\tamah))
11 SYSTEMPATH\CodeIgniter.php(349): CodeIgniter\CodeIgniter->handleRequest(null, Object(Config\Cache), false)
12 FCPATH\index.php(55): CodeIgniter\CodeIgniter->run()
ERROR - 2022-11-16 04:55:07 --> Unknown column 'status' in 'field list'
CRITICAL - 2022-11-16 04:55:07 --> Unknown column 'status' in 'field list'
in SYSTEMPATH\Database\MySQLi\Connection.php on line 292.
 1 SYSTEMPATH\Database\MySQLi\Connection.php(292): mysqli->query('INSERT INTO `client` (`no`, `id_klien`, `nama_perusahaan`, `nama`, `kota`, `telepon`, `email`, `bank`, `status`) VALUES (\'\', \'KL2\', \'PT Matahari Barat\', \'Rehan\', \'Jakarta\', \'988676456\', \'rakaasew@doclo.com\', \'bca\', 1)', 0)
 2 SYSTEMPATH\Database\BaseConnection.php(695): CodeIgniter\Database\MySQLi\Connection->execute('INSERT INTO `client` (`no`, `id_klien`, `nama_perusahaan`, `nama`, `kota`, `telepon`, `email`, `bank`, `status`) VALUES (\'\', \'KL2\', \'PT Matahari Barat\', \'Rehan\', \'Jakarta\', \'988676456\', \'rakaasew@doclo.com\', \'bca\', 1)')
 3 SYSTEMPATH\Database\BaseConnection.php(609): CodeIgniter\Database\BaseConnection->simpleQuery('INSERT INTO `client` (`no`, `id_klien`, `nama_perusahaan`, `nama`, `kota`, `telepon`, `email`, `bank`, `status`) VALUES (\'\', \'KL2\', \'PT Matahari Barat\', \'Rehan\', \'Jakarta\', \'988676456\', \'rakaasew@doclo.com\', \'bca\', 1)')
 4 SYSTEMPATH\Database\BaseBuilder.php(1904): CodeIgniter\Database\BaseConnection->query('INSERT INTO `client` (`no`, `id_klien`, `nama_perusahaan`, `nama`, `kota`, `telepon`, `email`, `bank`, `status`) VALUES (:no:, :id_klien:, :nama_perusahaan:, :nama:, :kota:, :telepon:, :email:, :bank:, :status:)', [...], false)
 5 SYSTEMPATH\Model.php(278): CodeIgniter\Database\BaseBuilder->insert()
 6 SYSTEMPATH\BaseModel.php(738): CodeIgniter\Model->doInsert([...])
 7 SYSTEMPATH\Model.php(666): CodeIgniter\BaseModel->insert([...], true)
 8 APPPATH\Controllers\tamah.php(40): CodeIgniter\Model->insert([...])
 9 SYSTEMPATH\CodeIgniter.php(896): App\Controllers\tamah->index()
10 SYSTEMPATH\CodeIgniter.php(466): CodeIgniter\CodeIgniter->runController(Object(App\Controllers\tamah))
11 SYSTEMPATH\CodeIgniter.php(349): CodeIgniter\CodeIgniter->handleRequest(null, Object(Config\Cache), false)
12 FCPATH\index.php(55): CodeIgniter\CodeIgniter->run()
ERROR - 2022-11-16 04:57:21 --> Unknown column 'status' in 'field list'
CRITICAL - 2022-11-16 04:57:21 --> Unknown column 'status' in 'field list'
in SYSTEMPATH\Database\MySQLi\Connection.php on line 292.
 1 SYSTEMPATH\Database\MySQLi\Connection.php(292): mysqli->query('INSERT INTO `client` (`no`, `id_klien`, `nama_perusahaan`, `nama`, `kota`, `telepon`, `email`, `bank`, `status`) VALUES (\'\', \'KL2\', \'PT Matahari Barat\', \'Rehan\', \'Jakarta\', \'988676456\', \'rakaasew@doclo.com\', \'bca\', 1)', 0)
 2 SYSTEMPATH\Database\BaseConnection.php(695): CodeIgniter\Database\MySQLi\Connection->execute('INSERT INTO `client` (`no`, `id_klien`, `nama_perusahaan`, `nama`, `kota`, `telepon`, `email`, `bank`, `status`) VALUES (\'\', \'KL2\', \'PT Matahari Barat\', \'Rehan\', \'Jakarta\', \'988676456\', \'rakaasew@doclo.com\', \'bca\', 1)')
 3 SYSTEMPATH\Database\BaseConnection.php(609): CodeIgniter\Database\BaseConnection->simpleQuery('INSERT INTO `client` (`no`, `id_klien`, `nama_perusahaan`, `nama`, `kota`, `telepon`, `email`, `bank`, `status`) VALUES (\'\', \'KL2\', \'PT Matahari Barat\', \'Rehan\', \'Jakarta\', \'988676456\', \'rakaasew@doclo.com\', \'bca\', 1)')
 4 SYSTEMPATH\Database\BaseBuilder.php(1904): CodeIgniter\Database\BaseConnection->query('INSERT INTO `client` (`no`, `id_klien`, `nama_perusahaan`, `nama`, `kota`, `telepon`, `email`, `bank`, `status`) VALUES (:no:, :id_klien:, :nama_perusahaan:, :nama:, :kota:, :telepon:, :email:, :bank:, :status:)', [...], false)
 5 SYSTEMPATH\Model.php(278): CodeIgniter\Database\BaseBuilder->insert()
 6 SYSTEMPATH\BaseModel.php(738): CodeIgniter\Model->doInsert([...])
 7 SYSTEMPATH\Model.php(666): CodeIgniter\BaseModel->insert([...], true)
 8 APPPATH\Controllers\tamah.php(40): CodeIgniter\Model->insert([...])
 9 SYSTEMPATH\CodeIgniter.php(896): App\Controllers\tamah->index()
10 SYSTEMPATH\CodeIgniter.php(466): CodeIgniter\CodeIgniter->runController(Object(App\Controllers\tamah))
11 SYSTEMPATH\CodeIgniter.php(349): CodeIgniter\CodeIgniter->handleRequest(null, Object(Config\Cache), false)
12 FCPATH\index.php(55): CodeIgniter\CodeIgniter->run()
CRITICAL - 2022-11-16 05:12:38 --> Undefined variable: idklien
in APPPATH\Views\ingpois.php on line 19.
 1 APPPATH\Views\ingpois.php(19): CodeIgniter\Debug\Exceptions->errorHandler(8, 'Undefined variable: idklien', 'APPPATH\\Views\\ingpois.php', 19, [...])
 2 SYSTEMPATH\View\View.php(213): include('APPPATH\\Views\\ingpois.php')
 3 SYSTEMPATH\View\View.php(216): CodeIgniter\View\View->CodeIgniter\View\{closure}()
 4 SYSTEMPATH\Common.php(1135): CodeIgniter\View\View->render('ingpois', [], true)
 5 APPPATH\Controllers\Ingpois.php(20): view('ingpois', [...])
 6 SYSTEMPATH\CodeIgniter.php(896): App\Controllers\Ingpois->index()
 7 SYSTEMPATH\CodeIgniter.php(466): CodeIgniter\CodeIgniter->runController(Object(App\Controllers\Ingpois))
 8 SYSTEMPATH\CodeIgniter.php(349): CodeIgniter\CodeIgniter->handleRequest(null, Object(Config\Cache), false)
 9 FCPATH\index.php(55): CodeIgniter\CodeIgniter->run()
ERROR - 2022-11-16 05:16:18 --> Unknown column 'no_invoice' in 'where clause'
CRITICAL - 2022-11-16 05:16:18 --> Unknown column 'no_invoice' in 'where clause'
in SYSTEMPATH\Database\MySQLi\Connection.php on line 292.
 1 SYSTEMPATH\Database\MySQLi\Connection.php(292): mysqli->query('SELECT COUNT(*) AS `numrows`
FROM `detail_tagihan`
WHERE `no_invoice` = \'003/BE-INV/16-XI/2022\'
AND `status` = 1', 0)
 2 SYSTEMPATH\Database\BaseConnection.php(695): CodeIgniter\Database\MySQLi\Connection->execute('SELECT COUNT(*) AS `numrows`
FROM `detail_tagihan`
WHERE `no_invoice` = \'003/BE-INV/16-XI/2022\'
AND `status` = 1')
 3 SYSTEMPATH\Database\BaseConnection.php(609): CodeIgniter\Database\BaseConnection->simpleQuery('SELECT COUNT(*) AS `numrows`
FROM `detail_tagihan`
WHERE `no_invoice` = \'003/BE-INV/16-XI/2022\'
AND `status` = 1')
 4 SYSTEMPATH\Database\BaseBuilder.php(1669): CodeIgniter\Database\BaseConnection->query('SELECT COUNT(*) AS `numrows`
FROM `detail_tagihan`
WHERE `no_invoice` = :no_invoice:
AND `status` = :status:', [...], false)
 5 SYSTEMPATH\Model.php(550): CodeIgniter\Database\BaseBuilder->countAllResults(false)
 6 SYSTEMPATH\BaseModel.php(1084): CodeIgniter\Model->countAllResults(false)
 7 APPPATH\Controllers\Ingpois.php(14): CodeIgniter\BaseModel->paginate(5)
 8 SYSTEMPATH\CodeIgniter.php(896): App\Controllers\Ingpois->index()
 9 SYSTEMPATH\CodeIgniter.php(466): CodeIgniter\CodeIgniter->runController(Object(App\Controllers\Ingpois))
10 SYSTEMPATH\CodeIgniter.php(349): CodeIgniter\CodeIgniter->handleRequest(null, Object(Config\Cache), false)
11 FCPATH\index.php(55): CodeIgniter\CodeIgniter->run()
