CRITICAL - 2022-11-02 23:43:41 --> Undefined variable: namap
in APPPATH\Views\Edit_Invoice.php on line 283.
 1 APPPATH\Views\Edit_Invoice.php(283): CodeIgniter\Debug\Exceptions->errorHandler(8, 'Undefined variable: namap', 'APPPATH\\Views\\Edit_Invoice.php', 283, [...])
 2 SYSTEMPATH\View\View.php(213): include('APPPATH\\Views\\Edit_Invoice.php')
 3 SYSTEMPATH\View\View.php(216): CodeIgniter\View\View->CodeIgniter\View\{closure}()
 4 SYSTEMPATH\Common.php(1135): CodeIgniter\View\View->render('Edit_Invoice', [], true)
 5 APPPATH\Controllers\Edit_Invoice.php(12): view('Edit_Invoice')
 6 SYSTEMPATH\CodeIgniter.php(896): App\Controllers\Edit_Invoice->index()
 7 SYSTEMPATH\CodeIgniter.php(466): CodeIgniter\CodeIgniter->runController(Object(App\Controllers\Edit_Invoice))
 8 SYSTEMPATH\CodeIgniter.php(349): CodeIgniter\CodeIgniter->handleRequest(null, Object(Config\Cache), false)
 9 FCPATH\index.php(55): CodeIgniter\CodeIgniter->run()
CRITICAL - 2022-11-02 23:44:34 --> Undefined variable: roww
in APPPATH\Views\Edit_Invoice.php on line 294.
 1 APPPATH\Views\Edit_Invoice.php(294): CodeIgniter\Debug\Exceptions->errorHandler(8, 'Undefined variable: roww', 'APPPATH\\Views\\Edit_Invoice.php', 294, [...])
 2 SYSTEMPATH\View\View.php(213): include('APPPATH\\Views\\Edit_Invoice.php')
 3 SYSTEMPATH\View\View.php(216): CodeIgniter\View\View->CodeIgniter\View\{closure}()
 4 SYSTEMPATH\Common.php(1135): CodeIgniter\View\View->render('Edit_Invoice', [], true)
 5 APPPATH\Controllers\Edit_Invoice.php(12): view('Edit_Invoice')
 6 SYSTEMPATH\CodeIgniter.php(896): App\Controllers\Edit_Invoice->index()
 7 SYSTEMPATH\CodeIgniter.php(466): CodeIgniter\CodeIgniter->runController(Object(App\Controllers\Edit_Invoice))
 8 SYSTEMPATH\CodeIgniter.php(349): CodeIgniter\CodeIgniter->handleRequest(null, Object(Config\Cache), false)
 9 FCPATH\index.php(55): CodeIgniter\CodeIgniter->run()
CRITICAL - 2022-11-02 23:45:36 --> Undefined variable: roww
in APPPATH\Views\Edit_Invoice.php on line 294.
 1 APPPATH\Views\Edit_Invoice.php(294): CodeIgniter\Debug\Exceptions->errorHandler(8, 'Undefined variable: roww', 'APPPATH\\Views\\Edit_Invoice.php', 294, [...])
 2 SYSTEMPATH\View\View.php(213): include('APPPATH\\Views\\Edit_Invoice.php')
 3 SYSTEMPATH\View\View.php(216): CodeIgniter\View\View->CodeIgniter\View\{closure}()
 4 SYSTEMPATH\Common.php(1135): CodeIgniter\View\View->render('Edit_Invoice', [], true)
 5 APPPATH\Controllers\Edit_Invoice.php(12): view('Edit_Invoice')
 6 SYSTEMPATH\CodeIgniter.php(896): App\Controllers\Edit_Invoice->index()
 7 SYSTEMPATH\CodeIgniter.php(466): CodeIgniter\CodeIgniter->runController(Object(App\Controllers\Edit_Invoice))
 8 SYSTEMPATH\CodeIgniter.php(349): CodeIgniter\CodeIgniter->handleRequest(null, Object(Config\Cache), false)
 9 FCPATH\index.php(55): CodeIgniter\CodeIgniter->run()
CRITICAL - 2022-11-02 23:45:43 --> Undefined variable: roww
in APPPATH\Views\Edit_Invoice.php on line 294.
 1 APPPATH\Views\Edit_Invoice.php(294): CodeIgniter\Debug\Exceptions->errorHandler(8, 'Undefined variable: roww', 'APPPATH\\Views\\Edit_Invoice.php', 294, [...])
 2 SYSTEMPATH\View\View.php(213): include('APPPATH\\Views\\Edit_Invoice.php')
 3 SYSTEMPATH\View\View.php(216): CodeIgniter\View\View->CodeIgniter\View\{closure}()
 4 SYSTEMPATH\Common.php(1135): CodeIgniter\View\View->render('Edit_Invoice', [], true)
 5 APPPATH\Controllers\Edit_Invoice.php(12): view('Edit_Invoice')
 6 SYSTEMPATH\CodeIgniter.php(896): App\Controllers\Edit_Invoice->index()
 7 SYSTEMPATH\CodeIgniter.php(466): CodeIgniter\CodeIgniter->runController(Object(App\Controllers\Edit_Invoice))
 8 SYSTEMPATH\CodeIgniter.php(349): CodeIgniter\CodeIgniter->handleRequest(null, Object(Config\Cache), false)
 9 FCPATH\index.php(55): CodeIgniter\CodeIgniter->run()
CRITICAL - 2022-11-02 23:46:09 --> Undefined variable: roww
in APPPATH\Views\Edit_Invoice.php on line 294.
 1 APPPATH\Views\Edit_Invoice.php(294): CodeIgniter\Debug\Exceptions->errorHandler(8, 'Undefined variable: roww', 'APPPATH\\Views\\Edit_Invoice.php', 294, [...])
 2 SYSTEMPATH\View\View.php(213): include('APPPATH\\Views\\Edit_Invoice.php')
 3 SYSTEMPATH\View\View.php(216): CodeIgniter\View\View->CodeIgniter\View\{closure}()
 4 SYSTEMPATH\Common.php(1135): CodeIgniter\View\View->render('Edit_Invoice', [], true)
 5 APPPATH\Controllers\Edit_Invoice.php(12): view('Edit_Invoice')
 6 SYSTEMPATH\CodeIgniter.php(896): App\Controllers\Edit_Invoice->index()
 7 SYSTEMPATH\CodeIgniter.php(466): CodeIgniter\CodeIgniter->runController(Object(App\Controllers\Edit_Invoice))
 8 SYSTEMPATH\CodeIgniter.php(349): CodeIgniter\CodeIgniter->handleRequest(null, Object(Config\Cache), false)
 9 FCPATH\index.php(55): CodeIgniter\CodeIgniter->run()
ERROR - 2022-11-02 23:46:30 --> Unknown column 'no_invoice' in 'where clause'
CRITICAL - 2022-11-02 23:46:30 --> Unknown column 'no_invoice' in 'where clause'
in SYSTEMPATH\Database\MySQLi\Connection.php on line 292.
 1 SYSTEMPATH\Database\MySQLi\Connection.php(292): mysqli->query('SELECT * FROM detail_tagihan WHERE no_invoice="0015/BE-INV/25-X/2022"', 0)
 2 SYSTEMPATH\Database\BaseConnection.php(695): CodeIgniter\Database\MySQLi\Connection->execute('SELECT * FROM detail_tagihan WHERE no_invoice="0015/BE-INV/25-X/2022"')
 3 SYSTEMPATH\Database\BaseConnection.php(609): CodeIgniter\Database\BaseConnection->simpleQuery('SELECT * FROM detail_tagihan WHERE no_invoice="0015/BE-INV/25-X/2022"')
 4 APPPATH\Views\Edit_Invoice.php(268): CodeIgniter\Database\BaseConnection->query('SELECT * FROM detail_tagihan WHERE no_invoice="0015/BE-INV/25-X/2022"')
 5 SYSTEMPATH\View\View.php(213): include('APPPATH\\Views\\Edit_Invoice.php')
 6 SYSTEMPATH\View\View.php(216): CodeIgniter\View\View->CodeIgniter\View\{closure}()
 7 SYSTEMPATH\Common.php(1135): CodeIgniter\View\View->render('Edit_Invoice', [], true)
 8 APPPATH\Controllers\Edit_Invoice.php(12): view('Edit_Invoice')
 9 SYSTEMPATH\CodeIgniter.php(896): App\Controllers\Edit_Invoice->index()
10 SYSTEMPATH\CodeIgniter.php(466): CodeIgniter\CodeIgniter->runController(Object(App\Controllers\Edit_Invoice))
11 SYSTEMPATH\CodeIgniter.php(349): CodeIgniter\CodeIgniter->handleRequest(null, Object(Config\Cache), false)
12 FCPATH\index.php(55): CodeIgniter\CodeIgniter->run()
CRITICAL - 2022-11-02 23:47:10 --> Undefined property: stdClass::$nama
in APPPATH\Views\Edit_Invoice.php on line 273.
 1 APPPATH\Views\Edit_Invoice.php(273): CodeIgniter\Debug\Exceptions->errorHandler(8, 'Undefined property: stdClass::$nama', 'APPPATH\\Views\\Edit_Invoice.php', 273, [...])
 2 SYSTEMPATH\View\View.php(213): include('APPPATH\\Views\\Edit_Invoice.php')
 3 SYSTEMPATH\View\View.php(216): CodeIgniter\View\View->CodeIgniter\View\{closure}()
 4 SYSTEMPATH\Common.php(1135): CodeIgniter\View\View->render('Edit_Invoice', [], true)
 5 APPPATH\Controllers\Edit_Invoice.php(12): view('Edit_Invoice')
 6 SYSTEMPATH\CodeIgniter.php(896): App\Controllers\Edit_Invoice->index()
 7 SYSTEMPATH\CodeIgniter.php(466): CodeIgniter\CodeIgniter->runController(Object(App\Controllers\Edit_Invoice))
 8 SYSTEMPATH\CodeIgniter.php(349): CodeIgniter\CodeIgniter->handleRequest(null, Object(Config\Cache), false)
 9 FCPATH\index.php(55): CodeIgniter\CodeIgniter->run()
CRITICAL - 2022-11-02 23:53:27 --> Undefined variable: model
in APPPATH\Controllers\Edit_Invoice.php on line 10.
 1 APPPATH\Controllers\Edit_Invoice.php(10): CodeIgniter\Debug\Exceptions->errorHandler(8, 'Undefined variable: model', 'APPPATH\\Controllers\\Edit_Invoice.php', 10, [...])
 2 SYSTEMPATH\CodeIgniter.php(896): App\Controllers\Edit_Invoice->index()
 3 SYSTEMPATH\CodeIgniter.php(466): CodeIgniter\CodeIgniter->runController(Object(App\Controllers\Edit_Invoice))
 4 SYSTEMPATH\CodeIgniter.php(349): CodeIgniter\CodeIgniter->handleRequest(null, Object(Config\Cache), false)
 5 FCPATH\index.php(55): CodeIgniter\CodeIgniter->run()
ERROR - 2022-11-02 23:53:44 --> Unknown column 'no_invoice' in 'where clause'
CRITICAL - 2022-11-02 23:53:44 --> Unknown column 'no_invoice' in 'where clause'
in SYSTEMPATH\Database\MySQLi\Connection.php on line 292.
 1 SYSTEMPATH\Database\MySQLi\Connection.php(292): mysqli->query('SELECT *
FROM `detail_tagihan`
WHERE `no_invoice` = \'0015/BE-INV/25-X/2022\'
 LIMIT 1', 0)
 2 SYSTEMPATH\Database\BaseConnection.php(695): CodeIgniter\Database\MySQLi\Connection->execute('SELECT *
FROM `detail_tagihan`
WHERE `no_invoice` = \'0015/BE-INV/25-X/2022\'
 LIMIT 1')
 3 SYSTEMPATH\Database\BaseConnection.php(609): CodeIgniter\Database\BaseConnection->simpleQuery('SELECT *
FROM `detail_tagihan`
WHERE `no_invoice` = \'0015/BE-INV/25-X/2022\'
 LIMIT 1')
 4 SYSTEMPATH\Database\BaseBuilder.php(1585): CodeIgniter\Database\BaseConnection->query('SELECT *
FROM `detail_tagihan`
WHERE `no_invoice` = :no_invoice:
 LIMIT 1', [...], false)
 5 SYSTEMPATH\Model.php(249): CodeIgniter\Database\BaseBuilder->get()
 6 SYSTEMPATH\BaseModel.php(622): CodeIgniter\Model->doFirst()
 7 APPPATH\Controllers\Edit_Invoice.php(10): CodeIgniter\BaseModel->first()
 8 SYSTEMPATH\CodeIgniter.php(896): App\Controllers\Edit_Invoice->index()
 9 SYSTEMPATH\CodeIgniter.php(466): CodeIgniter\CodeIgniter->runController(Object(App\Controllers\Edit_Invoice))
10 SYSTEMPATH\CodeIgniter.php(349): CodeIgniter\CodeIgniter->handleRequest(null, Object(Config\Cache), false)
11 FCPATH\index.php(55): CodeIgniter\CodeIgniter->run()
ERROR - 2022-11-02 23:55:21 --> Illegal parameter data types int and row for operation '='
CRITICAL - 2022-11-02 23:55:21 --> Illegal parameter data types int and row for operation '='
in SYSTEMPATH\Database\MySQLi\Connection.php on line 292.
 1 SYSTEMPATH\Database\MySQLi\Connection.php(292): mysqli->query('SELECT COUNT(*) AS `numrows`
FROM `detail_tagihan`
WHERE `id_tagihan` = (\'30\',\'0015/BE-INV/25-X/2022\',\'Mutiara Tbk\',\'2022-10-25\',\'Belum Lunas\',\'oisanfjdsnn\')', 0)
 2 SYSTEMPATH\Database\BaseConnection.php(695): CodeIgniter\Database\MySQLi\Connection->execute('SELECT COUNT(*) AS `numrows`
FROM `detail_tagihan`
WHERE `id_tagihan` = (\'30\',\'0015/BE-INV/25-X/2022\',\'Mutiara Tbk\',\'2022-10-25\',\'Belum Lunas\',\'oisanfjdsnn\')')
 3 SYSTEMPATH\Database\BaseConnection.php(609): CodeIgniter\Database\BaseConnection->simpleQuery('SELECT COUNT(*) AS `numrows`
FROM `detail_tagihan`
WHERE `id_tagihan` = (\'30\',\'0015/BE-INV/25-X/2022\',\'Mutiara Tbk\',\'2022-10-25\',\'Belum Lunas\',\'oisanfjdsnn\')')
 4 SYSTEMPATH\Database\BaseBuilder.php(1669): CodeIgniter\Database\BaseConnection->query('SELECT COUNT(*) AS `numrows`
FROM `detail_tagihan`
WHERE `id_tagihan` = :id_tagihan:', [...], false)
 5 SYSTEMPATH\Model.php(550): CodeIgniter\Database\BaseBuilder->countAllResults(false)
 6 SYSTEMPATH\BaseModel.php(1084): CodeIgniter\Model->countAllResults(false)
 7 APPPATH\Controllers\Edit_Invoice.php(14): CodeIgniter\BaseModel->paginate(5)
 8 SYSTEMPATH\CodeIgniter.php(896): App\Controllers\Edit_Invoice->index()
 9 SYSTEMPATH\CodeIgniter.php(466): CodeIgniter\CodeIgniter->runController(Object(App\Controllers\Edit_Invoice))
10 SYSTEMPATH\CodeIgniter.php(349): CodeIgniter\CodeIgniter->handleRequest(null, Object(Config\Cache), false)
11 FCPATH\index.php(55): CodeIgniter\CodeIgniter->run()
ERROR - 2022-11-02 23:57:37 --> Illegal parameter data types int and row for operation '='
CRITICAL - 2022-11-02 23:57:37 --> Illegal parameter data types int and row for operation '='
in SYSTEMPATH\Database\MySQLi\Connection.php on line 292.
 1 SYSTEMPATH\Database\MySQLi\Connection.php(292): mysqli->query('SELECT COUNT(*) AS `numrows`
FROM `detail_tagihan`
WHERE `id_tagihan` = (\'30\',\'0015/BE-INV/25-X/2022\',\'Mutiara Tbk\',\'2022-10-25\',\'Belum Lunas\',\'oisanfjdsnn\')', 0)
 2 SYSTEMPATH\Database\BaseConnection.php(695): CodeIgniter\Database\MySQLi\Connection->execute('SELECT COUNT(*) AS `numrows`
FROM `detail_tagihan`
WHERE `id_tagihan` = (\'30\',\'0015/BE-INV/25-X/2022\',\'Mutiara Tbk\',\'2022-10-25\',\'Belum Lunas\',\'oisanfjdsnn\')')
 3 SYSTEMPATH\Database\BaseConnection.php(609): CodeIgniter\Database\BaseConnection->simpleQuery('SELECT COUNT(*) AS `numrows`
FROM `detail_tagihan`
WHERE `id_tagihan` = (\'30\',\'0015/BE-INV/25-X/2022\',\'Mutiara Tbk\',\'2022-10-25\',\'Belum Lunas\',\'oisanfjdsnn\')')
 4 SYSTEMPATH\Database\BaseBuilder.php(1669): CodeIgniter\Database\BaseConnection->query('SELECT COUNT(*) AS `numrows`
FROM `detail_tagihan`
WHERE `id_tagihan` = :id_tagihan:', [...], false)
 5 SYSTEMPATH\Model.php(550): CodeIgniter\Database\BaseBuilder->countAllResults(false)
 6 SYSTEMPATH\BaseModel.php(1084): CodeIgniter\Model->countAllResults(false)
 7 APPPATH\Controllers\Edit_Invoice.php(14): CodeIgniter\BaseModel->paginate(5)
 8 SYSTEMPATH\CodeIgniter.php(896): App\Controllers\Edit_Invoice->index()
 9 SYSTEMPATH\CodeIgniter.php(466): CodeIgniter\CodeIgniter->runController(Object(App\Controllers\Edit_Invoice))
10 SYSTEMPATH\CodeIgniter.php(349): CodeIgniter\CodeIgniter->handleRequest(null, Object(Config\Cache), false)
11 FCPATH\index.php(55): CodeIgniter\CodeIgniter->run()
ERROR - 2022-11-02 23:58:00 --> Illegal parameter data types int and row for operation '='
CRITICAL - 2022-11-02 23:58:00 --> Illegal parameter data types int and row for operation '='
in SYSTEMPATH\Database\MySQLi\Connection.php on line 292.
 1 SYSTEMPATH\Database\MySQLi\Connection.php(292): mysqli->query('SELECT COUNT(*) AS `numrows`
FROM `detail_tagihan`
WHERE `id_tagihan` = (\'30\',\'0015/BE-INV/25-X/2022\',\'Mutiara Tbk\',\'2022-10-25\',\'Belum Lunas\',\'oisanfjdsnn\')', 0)
 2 SYSTEMPATH\Database\BaseConnection.php(695): CodeIgniter\Database\MySQLi\Connection->execute('SELECT COUNT(*) AS `numrows`
FROM `detail_tagihan`
WHERE `id_tagihan` = (\'30\',\'0015/BE-INV/25-X/2022\',\'Mutiara Tbk\',\'2022-10-25\',\'Belum Lunas\',\'oisanfjdsnn\')')
 3 SYSTEMPATH\Database\BaseConnection.php(609): CodeIgniter\Database\BaseConnection->simpleQuery('SELECT COUNT(*) AS `numrows`
FROM `detail_tagihan`
WHERE `id_tagihan` = (\'30\',\'0015/BE-INV/25-X/2022\',\'Mutiara Tbk\',\'2022-10-25\',\'Belum Lunas\',\'oisanfjdsnn\')')
 4 SYSTEMPATH\Database\BaseBuilder.php(1669): CodeIgniter\Database\BaseConnection->query('SELECT COUNT(*) AS `numrows`
FROM `detail_tagihan`
WHERE `id_tagihan` = :id_tagihan:', [...], false)
 5 SYSTEMPATH\Model.php(550): CodeIgniter\Database\BaseBuilder->countAllResults(false)
 6 SYSTEMPATH\BaseModel.php(1084): CodeIgniter\Model->countAllResults(false)
 7 APPPATH\Controllers\Edit_Invoice.php(14): CodeIgniter\BaseModel->paginate(5)
 8 SYSTEMPATH\CodeIgniter.php(896): App\Controllers\Edit_Invoice->index()
 9 SYSTEMPATH\CodeIgniter.php(466): CodeIgniter\CodeIgniter->runController(Object(App\Controllers\Edit_Invoice))
10 SYSTEMPATH\CodeIgniter.php(349): CodeIgniter\CodeIgniter->handleRequest(null, Object(Config\Cache), false)
11 FCPATH\index.php(55): CodeIgniter\CodeIgniter->run()
ERROR - 2022-11-02 23:58:02 --> Illegal parameter data types int and row for operation '='
CRITICAL - 2022-11-02 23:58:02 --> Illegal parameter data types int and row for operation '='
in SYSTEMPATH\Database\MySQLi\Connection.php on line 292.
 1 SYSTEMPATH\Database\MySQLi\Connection.php(292): mysqli->query('SELECT COUNT(*) AS `numrows`
FROM `detail_tagihan`
WHERE `id_tagihan` = (\'30\',\'0015/BE-INV/25-X/2022\',\'Mutiara Tbk\',\'2022-10-25\',\'Belum Lunas\',\'oisanfjdsnn\')', 0)
 2 SYSTEMPATH\Database\BaseConnection.php(695): CodeIgniter\Database\MySQLi\Connection->execute('SELECT COUNT(*) AS `numrows`
FROM `detail_tagihan`
WHERE `id_tagihan` = (\'30\',\'0015/BE-INV/25-X/2022\',\'Mutiara Tbk\',\'2022-10-25\',\'Belum Lunas\',\'oisanfjdsnn\')')
 3 SYSTEMPATH\Database\BaseConnection.php(609): CodeIgniter\Database\BaseConnection->simpleQuery('SELECT COUNT(*) AS `numrows`
FROM `detail_tagihan`
WHERE `id_tagihan` = (\'30\',\'0015/BE-INV/25-X/2022\',\'Mutiara Tbk\',\'2022-10-25\',\'Belum Lunas\',\'oisanfjdsnn\')')
 4 SYSTEMPATH\Database\BaseBuilder.php(1669): CodeIgniter\Database\BaseConnection->query('SELECT COUNT(*) AS `numrows`
FROM `detail_tagihan`
WHERE `id_tagihan` = :id_tagihan:', [...], false)
 5 SYSTEMPATH\Model.php(550): CodeIgniter\Database\BaseBuilder->countAllResults(false)
 6 SYSTEMPATH\BaseModel.php(1084): CodeIgniter\Model->countAllResults(false)
 7 APPPATH\Controllers\Edit_Invoice.php(14): CodeIgniter\BaseModel->paginate(5)
 8 SYSTEMPATH\CodeIgniter.php(896): App\Controllers\Edit_Invoice->index()
 9 SYSTEMPATH\CodeIgniter.php(466): CodeIgniter\CodeIgniter->runController(Object(App\Controllers\Edit_Invoice))
10 SYSTEMPATH\CodeIgniter.php(349): CodeIgniter\CodeIgniter->handleRequest(null, Object(Config\Cache), false)
11 FCPATH\index.php(55): CodeIgniter\CodeIgniter->run()
ERROR - 2022-11-02 23:58:52 --> Illegal parameter data types int and row for operation '='
CRITICAL - 2022-11-02 23:58:52 --> Illegal parameter data types int and row for operation '='
in SYSTEMPATH\Database\MySQLi\Connection.php on line 292.
 1 SYSTEMPATH\Database\MySQLi\Connection.php(292): mysqli->query('SELECT COUNT(*) AS `numrows`
FROM `detail_tagihan`
WHERE `id_tagihan` = (\'30\',\'0015/BE-INV/25-X/2022\',\'Mutiara Tbk\',\'2022-10-25\',\'Belum Lunas\',\'oisanfjdsnn\')', 0)
 2 SYSTEMPATH\Database\BaseConnection.php(695): CodeIgniter\Database\MySQLi\Connection->execute('SELECT COUNT(*) AS `numrows`
FROM `detail_tagihan`
WHERE `id_tagihan` = (\'30\',\'0015/BE-INV/25-X/2022\',\'Mutiara Tbk\',\'2022-10-25\',\'Belum Lunas\',\'oisanfjdsnn\')')
 3 SYSTEMPATH\Database\BaseConnection.php(609): CodeIgniter\Database\BaseConnection->simpleQuery('SELECT COUNT(*) AS `numrows`
FROM `detail_tagihan`
WHERE `id_tagihan` = (\'30\',\'0015/BE-INV/25-X/2022\',\'Mutiara Tbk\',\'2022-10-25\',\'Belum Lunas\',\'oisanfjdsnn\')')
 4 SYSTEMPATH\Database\BaseBuilder.php(1669): CodeIgniter\Database\BaseConnection->query('SELECT COUNT(*) AS `numrows`
FROM `detail_tagihan`
WHERE `id_tagihan` = :id_tagihan:', [...], false)
 5 SYSTEMPATH\Model.php(550): CodeIgniter\Database\BaseBuilder->countAllResults(false)
 6 SYSTEMPATH\BaseModel.php(1084): CodeIgniter\Model->countAllResults(false)
 7 APPPATH\Controllers\Edit_Invoice.php(14): CodeIgniter\BaseModel->paginate(5)
 8 SYSTEMPATH\CodeIgniter.php(896): App\Controllers\Edit_Invoice->index()
 9 SYSTEMPATH\CodeIgniter.php(466): CodeIgniter\CodeIgniter->runController(Object(App\Controllers\Edit_Invoice))
10 SYSTEMPATH\CodeIgniter.php(349): CodeIgniter\CodeIgniter->handleRequest(null, Object(Config\Cache), false)
11 FCPATH\index.php(55): CodeIgniter\CodeIgniter->run()
