CRITICAL - 2022-10-17 00:14:41 --> syntax error, unexpected 'foreach' (T_FOREACH)
in APPPATH\Controllers\tagihann.php on line 64.
 1 SYSTEMPATH\Autoloader\Autoloader.php(261): CodeIgniter\Autoloader\Autoloader->includeFile('APPPATH\\Controllers\\tagihann.php')
 2 SYSTEMPATH\Autoloader\Autoloader.php(239): CodeIgniter\Autoloader\Autoloader->loadInNamespace('App\\Controllers\\tagihann')
 3 [internal function]: CodeIgniter\Autoloader\Autoloader->loadClass('App\\Controllers\\tagihann')
 4 [internal function]: spl_autoload_call('App\\Controllers\\tagihann')
 5 SYSTEMPATH\CodeIgniter.php(846): class_exists('\\App\\Controllers\\tagihann', true)
 6 SYSTEMPATH\CodeIgniter.php(453): CodeIgniter\CodeIgniter->startController()
 7 SYSTEMPATH\CodeIgniter.php(349): CodeIgniter\CodeIgniter->handleRequest(null, Object(Config\Cache), false)
 8 FCPATH\index.php(55): CodeIgniter\CodeIgniter->run()
CRITICAL - 2022-10-17 00:17:00 --> syntax error, unexpected 'for' (T_FOR)
in APPPATH\Controllers\tagihann.php on line 64.
 1 SYSTEMPATH\Autoloader\Autoloader.php(261): CodeIgniter\Autoloader\Autoloader->includeFile('APPPATH\\Controllers\\tagihann.php')
 2 SYSTEMPATH\Autoloader\Autoloader.php(239): CodeIgniter\Autoloader\Autoloader->loadInNamespace('App\\Controllers\\tagihann')
 3 [internal function]: CodeIgniter\Autoloader\Autoloader->loadClass('App\\Controllers\\tagihann')
 4 [internal function]: spl_autoload_call('App\\Controllers\\tagihann')
 5 SYSTEMPATH\CodeIgniter.php(846): class_exists('\\App\\Controllers\\tagihann', true)
 6 SYSTEMPATH\CodeIgniter.php(453): CodeIgniter\CodeIgniter->startController()
 7 SYSTEMPATH\CodeIgniter.php(349): CodeIgniter\CodeIgniter->handleRequest(null, Object(Config\Cache), false)
 8 FCPATH\index.php(55): CodeIgniter\CodeIgniter->run()
CRITICAL - 2022-10-17 00:17:33 --> syntax error, unexpected 'for' (T_FOR)
in APPPATH\Controllers\tagihann.php on line 64.
 1 SYSTEMPATH\Autoloader\Autoloader.php(261): CodeIgniter\Autoloader\Autoloader->includeFile('APPPATH\\Controllers\\tagihann.php')
 2 SYSTEMPATH\Autoloader\Autoloader.php(239): CodeIgniter\Autoloader\Autoloader->loadInNamespace('App\\Controllers\\tagihann')
 3 [internal function]: CodeIgniter\Autoloader\Autoloader->loadClass('App\\Controllers\\tagihann')
 4 [internal function]: spl_autoload_call('App\\Controllers\\tagihann')
 5 SYSTEMPATH\CodeIgniter.php(846): class_exists('\\App\\Controllers\\tagihann', true)
 6 SYSTEMPATH\CodeIgniter.php(453): CodeIgniter\CodeIgniter->startController()
 7 SYSTEMPATH\CodeIgniter.php(349): CodeIgniter\CodeIgniter->handleRequest(null, Object(Config\Cache), false)
 8 FCPATH\index.php(55): CodeIgniter\CodeIgniter->run()
CRITICAL - 2022-10-17 00:18:20 --> syntax error, unexpected 'for' (T_FOR)
in APPPATH\Controllers\tagihann.php on line 64.
 1 SYSTEMPATH\Autoloader\Autoloader.php(261): CodeIgniter\Autoloader\Autoloader->includeFile('APPPATH\\Controllers\\tagihann.php')
 2 SYSTEMPATH\Autoloader\Autoloader.php(239): CodeIgniter\Autoloader\Autoloader->loadInNamespace('App\\Controllers\\tagihann')
 3 [internal function]: CodeIgniter\Autoloader\Autoloader->loadClass('App\\Controllers\\tagihann')
 4 [internal function]: spl_autoload_call('App\\Controllers\\tagihann')
 5 SYSTEMPATH\CodeIgniter.php(846): class_exists('\\App\\Controllers\\tagihann', true)
 6 SYSTEMPATH\CodeIgniter.php(453): CodeIgniter\CodeIgniter->startController()
 7 SYSTEMPATH\CodeIgniter.php(349): CodeIgniter\CodeIgniter->handleRequest(null, Object(Config\Cache), false)
 8 FCPATH\index.php(55): CodeIgniter\CodeIgniter->run()
CRITICAL - 2022-10-17 00:18:33 --> syntax error, unexpected 'for' (T_FOR)
in APPPATH\Controllers\tagihann.php on line 64.
 1 SYSTEMPATH\Autoloader\Autoloader.php(261): CodeIgniter\Autoloader\Autoloader->includeFile('APPPATH\\Controllers\\tagihann.php')
 2 SYSTEMPATH\Autoloader\Autoloader.php(239): CodeIgniter\Autoloader\Autoloader->loadInNamespace('App\\Controllers\\tagihann')
 3 [internal function]: CodeIgniter\Autoloader\Autoloader->loadClass('App\\Controllers\\tagihann')
 4 [internal function]: spl_autoload_call('App\\Controllers\\tagihann')
 5 SYSTEMPATH\CodeIgniter.php(846): class_exists('\\App\\Controllers\\tagihann', true)
 6 SYSTEMPATH\CodeIgniter.php(453): CodeIgniter\CodeIgniter->startController()
 7 SYSTEMPATH\CodeIgniter.php(349): CodeIgniter\CodeIgniter->handleRequest(null, Object(Config\Cache), false)
 8 FCPATH\index.php(55): CodeIgniter\CodeIgniter->run()
CRITICAL - 2022-10-17 00:21:17 --> syntax error, unexpected ';', expecting ')'
in APPPATH\Controllers\tagihann.php on line 64.
 1 SYSTEMPATH\Autoloader\Autoloader.php(261): CodeIgniter\Autoloader\Autoloader->includeFile('APPPATH\\Controllers\\tagihann.php')
 2 SYSTEMPATH\Autoloader\Autoloader.php(239): CodeIgniter\Autoloader\Autoloader->loadInNamespace('App\\Controllers\\tagihann')
 3 [internal function]: CodeIgniter\Autoloader\Autoloader->loadClass('App\\Controllers\\tagihann')
 4 [internal function]: spl_autoload_call('App\\Controllers\\tagihann')
 5 SYSTEMPATH\CodeIgniter.php(846): class_exists('\\App\\Controllers\\tagihann', true)
 6 SYSTEMPATH\CodeIgniter.php(453): CodeIgniter\CodeIgniter->startController()
 7 SYSTEMPATH\CodeIgniter.php(349): CodeIgniter\CodeIgniter->handleRequest(null, Object(Config\Cache), false)
 8 FCPATH\index.php(55): CodeIgniter\CodeIgniter->run()
CRITICAL - 2022-10-17 00:21:32 --> Unsupported operand types
in APPPATH\Controllers\tagihann.php on line 61.
 1 SYSTEMPATH\CodeIgniter.php(896): App\Controllers\tagihann->index()
 2 SYSTEMPATH\CodeIgniter.php(466): CodeIgniter\CodeIgniter->runController(Object(App\Controllers\tagihann))
 3 SYSTEMPATH\CodeIgniter.php(349): CodeIgniter\CodeIgniter->handleRequest(null, Object(Config\Cache), false)
 4 FCPATH\index.php(55): CodeIgniter\CodeIgniter->run()
