ERROR - 2022-08-17 08:11:35 --> Table 'tagihan_bara.tambah_client' doesn't exist
CRITICAL - 2022-08-17 08:11:35 --> Call to a member function getResult() on bool
in APPPATH\Views\index.php on line 4.
 1 SYSTEMPATH\View\View.php(213): include()
 2 SYSTEMPATH\View\View.php(216): CodeIgniter\View\View->CodeIgniter\View\{closure}()
 3 SYSTEMPATH\Common.php(1135): CodeIgniter\View\View->render('index', [], true)
 4 APPPATH\Controllers\Home.php(9): view('index')
 5 SYSTEMPATH\CodeIgniter.php(896): App\Controllers\Home->index()
 6 SYSTEMPATH\CodeIgniter.php(466): CodeIgniter\CodeIgniter->runController(Object(App\Controllers\Home))
 7 SYSTEMPATH\CodeIgniter.php(349): CodeIgniter\CodeIgniter->handleRequest(null, Object(Config\Cache), false)
 8 FCPATH\index.php(55): CodeIgniter\CodeIgniter->run()
ERROR - 2022-08-17 08:11:43 --> Table 'tagihan_bara.tambah_client' doesn't exist
CRITICAL - 2022-08-17 08:11:43 --> Call to a member function getResult() on bool
in APPPATH\Views\index.php on line 4.
 1 SYSTEMPATH\View\View.php(213): include()
 2 SYSTEMPATH\View\View.php(216): CodeIgniter\View\View->CodeIgniter\View\{closure}()
 3 SYSTEMPATH\Common.php(1135): CodeIgniter\View\View->render('index', [], true)
 4 APPPATH\Controllers\Home.php(9): view('index')
 5 SYSTEMPATH\CodeIgniter.php(896): App\Controllers\Home->index()
 6 SYSTEMPATH\CodeIgniter.php(466): CodeIgniter\CodeIgniter->runController(Object(App\Controllers\Home))
 7 SYSTEMPATH\CodeIgniter.php(349): CodeIgniter\CodeIgniter->handleRequest(null, Object(Config\Cache), false)
 8 FCPATH\index.php(55): CodeIgniter\CodeIgniter->run()
ERROR - 2022-08-17 08:11:48 --> Table 'tagihan_bara.tambah_client' doesn't exist
CRITICAL - 2022-08-17 08:11:48 --> Call to a member function getResult() on bool
in APPPATH\Views\index.php on line 4.
 1 SYSTEMPATH\View\View.php(213): include()
 2 SYSTEMPATH\View\View.php(216): CodeIgniter\View\View->CodeIgniter\View\{closure}()
 3 SYSTEMPATH\Common.php(1135): CodeIgniter\View\View->render('index', [], true)
 4 APPPATH\Controllers\Home.php(9): view('index')
 5 SYSTEMPATH\CodeIgniter.php(896): App\Controllers\Home->index()
 6 SYSTEMPATH\CodeIgniter.php(466): CodeIgniter\CodeIgniter->runController(Object(App\Controllers\Home))
 7 SYSTEMPATH\CodeIgniter.php(349): CodeIgniter\CodeIgniter->handleRequest(null, Object(Config\Cache), false)
 8 FCPATH\index.php(55): CodeIgniter\CodeIgniter->run()
ERROR - 2022-08-17 08:11:57 --> Table 'tagihan_bara.tambah_client' doesn't exist
CRITICAL - 2022-08-17 08:11:57 --> Call to a member function getResult() on bool
in APPPATH\Views\index.php on line 4.
 1 SYSTEMPATH\View\View.php(213): include()
 2 SYSTEMPATH\View\View.php(216): CodeIgniter\View\View->CodeIgniter\View\{closure}()
 3 SYSTEMPATH\Common.php(1135): CodeIgniter\View\View->render('index', [], true)
 4 APPPATH\Controllers\Home.php(9): view('index')
 5 SYSTEMPATH\CodeIgniter.php(896): App\Controllers\Home->index()
 6 SYSTEMPATH\CodeIgniter.php(466): CodeIgniter\CodeIgniter->runController(Object(App\Controllers\Home))
 7 SYSTEMPATH\CodeIgniter.php(349): CodeIgniter\CodeIgniter->handleRequest(null, Object(Config\Cache), false)
 8 FCPATH\index.php(55): CodeIgniter\CodeIgniter->run()
ERROR - 2022-08-17 08:13:01 --> Table 'tagihan_bara.tambah_client' doesn't exist
CRITICAL - 2022-08-17 08:13:01 --> Call to a member function getResult() on bool
in APPPATH\Views\index.php on line 4.
 1 SYSTEMPATH\View\View.php(213): include()
 2 SYSTEMPATH\View\View.php(216): CodeIgniter\View\View->CodeIgniter\View\{closure}()
 3 SYSTEMPATH\Common.php(1135): CodeIgniter\View\View->render('index', [], true)
 4 APPPATH\Controllers\Home.php(9): view('index')
 5 SYSTEMPATH\CodeIgniter.php(896): App\Controllers\Home->index()
 6 SYSTEMPATH\CodeIgniter.php(466): CodeIgniter\CodeIgniter->runController(Object(App\Controllers\Home))
 7 SYSTEMPATH\CodeIgniter.php(349): CodeIgniter\CodeIgniter->handleRequest(null, Object(Config\Cache), false)
 8 FCPATH\index.php(55): CodeIgniter\CodeIgniter->run()
ERROR - 2022-08-17 08:13:03 --> Table 'tagihan_bara.tambah_client' doesn't exist
CRITICAL - 2022-08-17 08:13:03 --> Call to a member function getResult() on bool
in APPPATH\Views\index.php on line 4.
 1 SYSTEMPATH\View\View.php(213): include()
 2 SYSTEMPATH\View\View.php(216): CodeIgniter\View\View->CodeIgniter\View\{closure}()
 3 SYSTEMPATH\Common.php(1135): CodeIgniter\View\View->render('index', [], true)
 4 APPPATH\Controllers\Home.php(9): view('index')
 5 SYSTEMPATH\CodeIgniter.php(896): App\Controllers\Home->index()
 6 SYSTEMPATH\CodeIgniter.php(466): CodeIgniter\CodeIgniter->runController(Object(App\Controllers\Home))
 7 SYSTEMPATH\CodeIgniter.php(349): CodeIgniter\CodeIgniter->handleRequest(null, Object(Config\Cache), false)
 8 FCPATH\index.php(55): CodeIgniter\CodeIgniter->run()
ERROR - 2022-08-17 08:14:32 --> Table 'tagihan_bara.tambah_client' doesn't exist
CRITICAL - 2022-08-17 08:14:32 --> Call to a member function getResult() on bool
in APPPATH\Views\index.php on line 4.
 1 SYSTEMPATH\View\View.php(213): include()
 2 SYSTEMPATH\View\View.php(216): CodeIgniter\View\View->CodeIgniter\View\{closure}()
 3 SYSTEMPATH\Common.php(1135): CodeIgniter\View\View->render('index', [], true)
 4 APPPATH\Controllers\Home.php(9): view('index')
 5 SYSTEMPATH\CodeIgniter.php(896): App\Controllers\Home->index()
 6 SYSTEMPATH\CodeIgniter.php(466): CodeIgniter\CodeIgniter->runController(Object(App\Controllers\Home))
 7 SYSTEMPATH\CodeIgniter.php(349): CodeIgniter\CodeIgniter->handleRequest(null, Object(Config\Cache), false)
 8 FCPATH\index.php(55): CodeIgniter\CodeIgniter->run()
ERROR - 2022-08-17 08:14:33 --> Table 'tagihan_bara.tambah_client' doesn't exist
CRITICAL - 2022-08-17 08:14:33 --> Call to a member function getResult() on bool
in APPPATH\Views\index.php on line 4.
 1 SYSTEMPATH\View\View.php(213): include()
 2 SYSTEMPATH\View\View.php(216): CodeIgniter\View\View->CodeIgniter\View\{closure}()
 3 SYSTEMPATH\Common.php(1135): CodeIgniter\View\View->render('index', [], true)
 4 APPPATH\Controllers\Home.php(9): view('index')
 5 SYSTEMPATH\CodeIgniter.php(896): App\Controllers\Home->index()
 6 SYSTEMPATH\CodeIgniter.php(466): CodeIgniter\CodeIgniter->runController(Object(App\Controllers\Home))
 7 SYSTEMPATH\CodeIgniter.php(349): CodeIgniter\CodeIgniter->handleRequest(null, Object(Config\Cache), false)
 8 FCPATH\index.php(55): CodeIgniter\CodeIgniter->run()
ERROR - 2022-08-17 08:14:34 --> Table 'tagihan_bara.tambah_client' doesn't exist
CRITICAL - 2022-08-17 08:14:34 --> Call to a member function getResult() on bool
in APPPATH\Views\index.php on line 4.
 1 SYSTEMPATH\View\View.php(213): include()
 2 SYSTEMPATH\View\View.php(216): CodeIgniter\View\View->CodeIgniter\View\{closure}()
 3 SYSTEMPATH\Common.php(1135): CodeIgniter\View\View->render('index', [], true)
 4 APPPATH\Controllers\Home.php(9): view('index')
 5 SYSTEMPATH\CodeIgniter.php(896): App\Controllers\Home->index()
 6 SYSTEMPATH\CodeIgniter.php(466): CodeIgniter\CodeIgniter->runController(Object(App\Controllers\Home))
 7 SYSTEMPATH\CodeIgniter.php(349): CodeIgniter\CodeIgniter->handleRequest(null, Object(Config\Cache), false)
 8 FCPATH\index.php(55): CodeIgniter\CodeIgniter->run()
ERROR - 2022-08-17 08:14:34 --> Table 'tagihan_bara.tambah_client' doesn't exist
CRITICAL - 2022-08-17 08:14:34 --> Call to a member function getResult() on bool
in APPPATH\Views\index.php on line 4.
 1 SYSTEMPATH\View\View.php(213): include()
 2 SYSTEMPATH\View\View.php(216): CodeIgniter\View\View->CodeIgniter\View\{closure}()
 3 SYSTEMPATH\Common.php(1135): CodeIgniter\View\View->render('index', [], true)
 4 APPPATH\Controllers\Home.php(9): view('index')
 5 SYSTEMPATH\CodeIgniter.php(896): App\Controllers\Home->index()
 6 SYSTEMPATH\CodeIgniter.php(466): CodeIgniter\CodeIgniter->runController(Object(App\Controllers\Home))
 7 SYSTEMPATH\CodeIgniter.php(349): CodeIgniter\CodeIgniter->handleRequest(null, Object(Config\Cache), false)
 8 FCPATH\index.php(55): CodeIgniter\CodeIgniter->run()
ERROR - 2022-08-17 08:14:34 --> Table 'tagihan_bara.tambah_client' doesn't exist
CRITICAL - 2022-08-17 08:14:34 --> Call to a member function getResult() on bool
in APPPATH\Views\index.php on line 4.
 1 SYSTEMPATH\View\View.php(213): include()
 2 SYSTEMPATH\View\View.php(216): CodeIgniter\View\View->CodeIgniter\View\{closure}()
 3 SYSTEMPATH\Common.php(1135): CodeIgniter\View\View->render('index', [], true)
 4 APPPATH\Controllers\Home.php(9): view('index')
 5 SYSTEMPATH\CodeIgniter.php(896): App\Controllers\Home->index()
 6 SYSTEMPATH\CodeIgniter.php(466): CodeIgniter\CodeIgniter->runController(Object(App\Controllers\Home))
 7 SYSTEMPATH\CodeIgniter.php(349): CodeIgniter\CodeIgniter->handleRequest(null, Object(Config\Cache), false)
 8 FCPATH\index.php(55): CodeIgniter\CodeIgniter->run()
ERROR - 2022-08-17 08:14:34 --> Table 'tagihan_bara.tambah_client' doesn't exist
CRITICAL - 2022-08-17 08:14:34 --> Call to a member function getResult() on bool
in APPPATH\Views\index.php on line 4.
 1 SYSTEMPATH\View\View.php(213): include()
 2 SYSTEMPATH\View\View.php(216): CodeIgniter\View\View->CodeIgniter\View\{closure}()
 3 SYSTEMPATH\Common.php(1135): CodeIgniter\View\View->render('index', [], true)
 4 APPPATH\Controllers\Home.php(9): view('index')
 5 SYSTEMPATH\CodeIgniter.php(896): App\Controllers\Home->index()
 6 SYSTEMPATH\CodeIgniter.php(466): CodeIgniter\CodeIgniter->runController(Object(App\Controllers\Home))
 7 SYSTEMPATH\CodeIgniter.php(349): CodeIgniter\CodeIgniter->handleRequest(null, Object(Config\Cache), false)
 8 FCPATH\index.php(55): CodeIgniter\CodeIgniter->run()
ERROR - 2022-08-17 08:14:34 --> Table 'tagihan_bara.tambah_client' doesn't exist
CRITICAL - 2022-08-17 08:14:34 --> Call to a member function getResult() on bool
in APPPATH\Views\index.php on line 4.
 1 SYSTEMPATH\View\View.php(213): include()
 2 SYSTEMPATH\View\View.php(216): CodeIgniter\View\View->CodeIgniter\View\{closure}()
 3 SYSTEMPATH\Common.php(1135): CodeIgniter\View\View->render('index', [], true)
 4 APPPATH\Controllers\Home.php(9): view('index')
 5 SYSTEMPATH\CodeIgniter.php(896): App\Controllers\Home->index()
 6 SYSTEMPATH\CodeIgniter.php(466): CodeIgniter\CodeIgniter->runController(Object(App\Controllers\Home))
 7 SYSTEMPATH\CodeIgniter.php(349): CodeIgniter\CodeIgniter->handleRequest(null, Object(Config\Cache), false)
 8 FCPATH\index.php(55): CodeIgniter\CodeIgniter->run()
ERROR - 2022-08-17 08:14:34 --> Table 'tagihan_bara.tambah_client' doesn't exist
CRITICAL - 2022-08-17 08:14:34 --> Call to a member function getResult() on bool
in APPPATH\Views\index.php on line 4.
 1 SYSTEMPATH\View\View.php(213): include()
 2 SYSTEMPATH\View\View.php(216): CodeIgniter\View\View->CodeIgniter\View\{closure}()
 3 SYSTEMPATH\Common.php(1135): CodeIgniter\View\View->render('index', [], true)
 4 APPPATH\Controllers\Home.php(9): view('index')
 5 SYSTEMPATH\CodeIgniter.php(896): App\Controllers\Home->index()
 6 SYSTEMPATH\CodeIgniter.php(466): CodeIgniter\CodeIgniter->runController(Object(App\Controllers\Home))
 7 SYSTEMPATH\CodeIgniter.php(349): CodeIgniter\CodeIgniter->handleRequest(null, Object(Config\Cache), false)
 8 FCPATH\index.php(55): CodeIgniter\CodeIgniter->run()
ERROR - 2022-08-17 08:14:35 --> Table 'tagihan_bara.tambah_client' doesn't exist
CRITICAL - 2022-08-17 08:14:35 --> Call to a member function getResult() on bool
in APPPATH\Views\index.php on line 4.
 1 SYSTEMPATH\View\View.php(213): include()
 2 SYSTEMPATH\View\View.php(216): CodeIgniter\View\View->CodeIgniter\View\{closure}()
 3 SYSTEMPATH\Common.php(1135): CodeIgniter\View\View->render('index', [], true)
 4 APPPATH\Controllers\Home.php(9): view('index')
 5 SYSTEMPATH\CodeIgniter.php(896): App\Controllers\Home->index()
 6 SYSTEMPATH\CodeIgniter.php(466): CodeIgniter\CodeIgniter->runController(Object(App\Controllers\Home))
 7 SYSTEMPATH\CodeIgniter.php(349): CodeIgniter\CodeIgniter->handleRequest(null, Object(Config\Cache), false)
 8 FCPATH\index.php(55): CodeIgniter\CodeIgniter->run()
ERROR - 2022-08-17 08:14:35 --> Table 'tagihan_bara.tambah_client' doesn't exist
CRITICAL - 2022-08-17 08:14:35 --> Call to a member function getResult() on bool
in APPPATH\Views\index.php on line 4.
 1 SYSTEMPATH\View\View.php(213): include()
 2 SYSTEMPATH\View\View.php(216): CodeIgniter\View\View->CodeIgniter\View\{closure}()
 3 SYSTEMPATH\Common.php(1135): CodeIgniter\View\View->render('index', [], true)
 4 APPPATH\Controllers\Home.php(9): view('index')
 5 SYSTEMPATH\CodeIgniter.php(896): App\Controllers\Home->index()
 6 SYSTEMPATH\CodeIgniter.php(466): CodeIgniter\CodeIgniter->runController(Object(App\Controllers\Home))
 7 SYSTEMPATH\CodeIgniter.php(349): CodeIgniter\CodeIgniter->handleRequest(null, Object(Config\Cache), false)
 8 FCPATH\index.php(55): CodeIgniter\CodeIgniter->run()
ERROR - 2022-08-17 08:14:35 --> Table 'tagihan_bara.tambah_client' doesn't exist
CRITICAL - 2022-08-17 08:14:35 --> Call to a member function getResult() on bool
in APPPATH\Views\index.php on line 4.
 1 SYSTEMPATH\View\View.php(213): include()
 2 SYSTEMPATH\View\View.php(216): CodeIgniter\View\View->CodeIgniter\View\{closure}()
 3 SYSTEMPATH\Common.php(1135): CodeIgniter\View\View->render('index', [], true)
 4 APPPATH\Controllers\Home.php(9): view('index')
 5 SYSTEMPATH\CodeIgniter.php(896): App\Controllers\Home->index()
 6 SYSTEMPATH\CodeIgniter.php(466): CodeIgniter\CodeIgniter->runController(Object(App\Controllers\Home))
 7 SYSTEMPATH\CodeIgniter.php(349): CodeIgniter\CodeIgniter->handleRequest(null, Object(Config\Cache), false)
 8 FCPATH\index.php(55): CodeIgniter\CodeIgniter->run()
ERROR - 2022-08-17 08:14:35 --> Table 'tagihan_bara.tambah_client' doesn't exist
CRITICAL - 2022-08-17 08:14:35 --> Call to a member function getResult() on bool
in APPPATH\Views\index.php on line 4.
 1 SYSTEMPATH\View\View.php(213): include()
 2 SYSTEMPATH\View\View.php(216): CodeIgniter\View\View->CodeIgniter\View\{closure}()
 3 SYSTEMPATH\Common.php(1135): CodeIgniter\View\View->render('index', [], true)
 4 APPPATH\Controllers\Home.php(9): view('index')
 5 SYSTEMPATH\CodeIgniter.php(896): App\Controllers\Home->index()
 6 SYSTEMPATH\CodeIgniter.php(466): CodeIgniter\CodeIgniter->runController(Object(App\Controllers\Home))
 7 SYSTEMPATH\CodeIgniter.php(349): CodeIgniter\CodeIgniter->handleRequest(null, Object(Config\Cache), false)
 8 FCPATH\index.php(55): CodeIgniter\CodeIgniter->run()
ERROR - 2022-08-17 08:14:35 --> Table 'tagihan_bara.tambah_client' doesn't exist
CRITICAL - 2022-08-17 08:14:35 --> Call to a member function getResult() on bool
in APPPATH\Views\index.php on line 4.
 1 SYSTEMPATH\View\View.php(213): include()
 2 SYSTEMPATH\View\View.php(216): CodeIgniter\View\View->CodeIgniter\View\{closure}()
 3 SYSTEMPATH\Common.php(1135): CodeIgniter\View\View->render('index', [], true)
 4 APPPATH\Controllers\Home.php(9): view('index')
 5 SYSTEMPATH\CodeIgniter.php(896): App\Controllers\Home->index()
 6 SYSTEMPATH\CodeIgniter.php(466): CodeIgniter\CodeIgniter->runController(Object(App\Controllers\Home))
 7 SYSTEMPATH\CodeIgniter.php(349): CodeIgniter\CodeIgniter->handleRequest(null, Object(Config\Cache), false)
 8 FCPATH\index.php(55): CodeIgniter\CodeIgniter->run()
ERROR - 2022-08-17 08:14:36 --> Table 'tagihan_bara.tambah_client' doesn't exist
CRITICAL - 2022-08-17 08:14:36 --> Call to a member function getResult() on bool
in APPPATH\Views\index.php on line 4.
 1 SYSTEMPATH\View\View.php(213): include()
 2 SYSTEMPATH\View\View.php(216): CodeIgniter\View\View->CodeIgniter\View\{closure}()
 3 SYSTEMPATH\Common.php(1135): CodeIgniter\View\View->render('index', [], true)
 4 APPPATH\Controllers\Home.php(9): view('index')
 5 SYSTEMPATH\CodeIgniter.php(896): App\Controllers\Home->index()
 6 SYSTEMPATH\CodeIgniter.php(466): CodeIgniter\CodeIgniter->runController(Object(App\Controllers\Home))
 7 SYSTEMPATH\CodeIgniter.php(349): CodeIgniter\CodeIgniter->handleRequest(null, Object(Config\Cache), false)
 8 FCPATH\index.php(55): CodeIgniter\CodeIgniter->run()
ERROR - 2022-08-17 08:14:36 --> Table 'tagihan_bara.tambah_client' doesn't exist
CRITICAL - 2022-08-17 08:14:36 --> Call to a member function getResult() on bool
in APPPATH\Views\index.php on line 4.
 1 SYSTEMPATH\View\View.php(213): include()
 2 SYSTEMPATH\View\View.php(216): CodeIgniter\View\View->CodeIgniter\View\{closure}()
 3 SYSTEMPATH\Common.php(1135): CodeIgniter\View\View->render('index', [], true)
 4 APPPATH\Controllers\Home.php(9): view('index')
 5 SYSTEMPATH\CodeIgniter.php(896): App\Controllers\Home->index()
 6 SYSTEMPATH\CodeIgniter.php(466): CodeIgniter\CodeIgniter->runController(Object(App\Controllers\Home))
 7 SYSTEMPATH\CodeIgniter.php(349): CodeIgniter\CodeIgniter->handleRequest(null, Object(Config\Cache), false)
 8 FCPATH\index.php(55): CodeIgniter\CodeIgniter->run()
ERROR - 2022-08-17 08:14:36 --> Table 'tagihan_bara.tambah_client' doesn't exist
CRITICAL - 2022-08-17 08:14:36 --> Call to a member function getResult() on bool
in APPPATH\Views\index.php on line 4.
 1 SYSTEMPATH\View\View.php(213): include()
 2 SYSTEMPATH\View\View.php(216): CodeIgniter\View\View->CodeIgniter\View\{closure}()
 3 SYSTEMPATH\Common.php(1135): CodeIgniter\View\View->render('index', [], true)
 4 APPPATH\Controllers\Home.php(9): view('index')
 5 SYSTEMPATH\CodeIgniter.php(896): App\Controllers\Home->index()
 6 SYSTEMPATH\CodeIgniter.php(466): CodeIgniter\CodeIgniter->runController(Object(App\Controllers\Home))
 7 SYSTEMPATH\CodeIgniter.php(349): CodeIgniter\CodeIgniter->handleRequest(null, Object(Config\Cache), false)
 8 FCPATH\index.php(55): CodeIgniter\CodeIgniter->run()
ERROR - 2022-08-17 08:14:36 --> Table 'tagihan_bara.tambah_client' doesn't exist
CRITICAL - 2022-08-17 08:14:36 --> Call to a member function getResult() on bool
in APPPATH\Views\index.php on line 4.
 1 SYSTEMPATH\View\View.php(213): include()
 2 SYSTEMPATH\View\View.php(216): CodeIgniter\View\View->CodeIgniter\View\{closure}()
 3 SYSTEMPATH\Common.php(1135): CodeIgniter\View\View->render('index', [], true)
 4 APPPATH\Controllers\Home.php(9): view('index')
 5 SYSTEMPATH\CodeIgniter.php(896): App\Controllers\Home->index()
 6 SYSTEMPATH\CodeIgniter.php(466): CodeIgniter\CodeIgniter->runController(Object(App\Controllers\Home))
 7 SYSTEMPATH\CodeIgniter.php(349): CodeIgniter\CodeIgniter->handleRequest(null, Object(Config\Cache), false)
 8 FCPATH\index.php(55): CodeIgniter\CodeIgniter->run()
ERROR - 2022-08-17 08:14:36 --> Table 'tagihan_bara.tambah_client' doesn't exist
CRITICAL - 2022-08-17 08:14:36 --> Call to a member function getResult() on bool
in APPPATH\Views\index.php on line 4.
 1 SYSTEMPATH\View\View.php(213): include()
 2 SYSTEMPATH\View\View.php(216): CodeIgniter\View\View->CodeIgniter\View\{closure}()
 3 SYSTEMPATH\Common.php(1135): CodeIgniter\View\View->render('index', [], true)
 4 APPPATH\Controllers\Home.php(9): view('index')
 5 SYSTEMPATH\CodeIgniter.php(896): App\Controllers\Home->index()
 6 SYSTEMPATH\CodeIgniter.php(466): CodeIgniter\CodeIgniter->runController(Object(App\Controllers\Home))
 7 SYSTEMPATH\CodeIgniter.php(349): CodeIgniter\CodeIgniter->handleRequest(null, Object(Config\Cache), false)
 8 FCPATH\index.php(55): CodeIgniter\CodeIgniter->run()
ERROR - 2022-08-17 08:14:36 --> Table 'tagihan_bara.tambah_client' doesn't exist
CRITICAL - 2022-08-17 08:14:36 --> Call to a member function getResult() on bool
in APPPATH\Views\index.php on line 4.
 1 SYSTEMPATH\View\View.php(213): include()
 2 SYSTEMPATH\View\View.php(216): CodeIgniter\View\View->CodeIgniter\View\{closure}()
 3 SYSTEMPATH\Common.php(1135): CodeIgniter\View\View->render('index', [], true)
 4 APPPATH\Controllers\Home.php(9): view('index')
 5 SYSTEMPATH\CodeIgniter.php(896): App\Controllers\Home->index()
 6 SYSTEMPATH\CodeIgniter.php(466): CodeIgniter\CodeIgniter->runController(Object(App\Controllers\Home))
 7 SYSTEMPATH\CodeIgniter.php(349): CodeIgniter\CodeIgniter->handleRequest(null, Object(Config\Cache), false)
 8 FCPATH\index.php(55): CodeIgniter\CodeIgniter->run()
ERROR - 2022-08-17 08:14:37 --> Table 'tagihan_bara.tambah_client' doesn't exist
CRITICAL - 2022-08-17 08:14:37 --> Call to a member function getResult() on bool
in APPPATH\Views\index.php on line 4.
 1 SYSTEMPATH\View\View.php(213): include()
 2 SYSTEMPATH\View\View.php(216): CodeIgniter\View\View->CodeIgniter\View\{closure}()
 3 SYSTEMPATH\Common.php(1135): CodeIgniter\View\View->render('index', [], true)
 4 APPPATH\Controllers\Home.php(9): view('index')
 5 SYSTEMPATH\CodeIgniter.php(896): App\Controllers\Home->index()
 6 SYSTEMPATH\CodeIgniter.php(466): CodeIgniter\CodeIgniter->runController(Object(App\Controllers\Home))
 7 SYSTEMPATH\CodeIgniter.php(349): CodeIgniter\CodeIgniter->handleRequest(null, Object(Config\Cache), false)
 8 FCPATH\index.php(55): CodeIgniter\CodeIgniter->run()
ERROR - 2022-08-17 08:14:37 --> Table 'tagihan_bara.tambah_client' doesn't exist
CRITICAL - 2022-08-17 08:14:37 --> Call to a member function getResult() on bool
in APPPATH\Views\index.php on line 4.
 1 SYSTEMPATH\View\View.php(213): include()
 2 SYSTEMPATH\View\View.php(216): CodeIgniter\View\View->CodeIgniter\View\{closure}()
 3 SYSTEMPATH\Common.php(1135): CodeIgniter\View\View->render('index', [], true)
 4 APPPATH\Controllers\Home.php(9): view('index')
 5 SYSTEMPATH\CodeIgniter.php(896): App\Controllers\Home->index()
 6 SYSTEMPATH\CodeIgniter.php(466): CodeIgniter\CodeIgniter->runController(Object(App\Controllers\Home))
 7 SYSTEMPATH\CodeIgniter.php(349): CodeIgniter\CodeIgniter->handleRequest(null, Object(Config\Cache), false)
 8 FCPATH\index.php(55): CodeIgniter\CodeIgniter->run()
ERROR - 2022-08-17 08:14:37 --> Table 'tagihan_bara.tambah_client' doesn't exist
CRITICAL - 2022-08-17 08:14:37 --> Call to a member function getResult() on bool
in APPPATH\Views\index.php on line 4.
 1 SYSTEMPATH\View\View.php(213): include()
 2 SYSTEMPATH\View\View.php(216): CodeIgniter\View\View->CodeIgniter\View\{closure}()
 3 SYSTEMPATH\Common.php(1135): CodeIgniter\View\View->render('index', [], true)
 4 APPPATH\Controllers\Home.php(9): view('index')
 5 SYSTEMPATH\CodeIgniter.php(896): App\Controllers\Home->index()
 6 SYSTEMPATH\CodeIgniter.php(466): CodeIgniter\CodeIgniter->runController(Object(App\Controllers\Home))
 7 SYSTEMPATH\CodeIgniter.php(349): CodeIgniter\CodeIgniter->handleRequest(null, Object(Config\Cache), false)
 8 FCPATH\index.php(55): CodeIgniter\CodeIgniter->run()
ERROR - 2022-08-17 08:14:37 --> Table 'tagihan_bara.tambah_client' doesn't exist
CRITICAL - 2022-08-17 08:14:37 --> Call to a member function getResult() on bool
in APPPATH\Views\index.php on line 4.
 1 SYSTEMPATH\View\View.php(213): include()
 2 SYSTEMPATH\View\View.php(216): CodeIgniter\View\View->CodeIgniter\View\{closure}()
 3 SYSTEMPATH\Common.php(1135): CodeIgniter\View\View->render('index', [], true)
 4 APPPATH\Controllers\Home.php(9): view('index')
 5 SYSTEMPATH\CodeIgniter.php(896): App\Controllers\Home->index()
 6 SYSTEMPATH\CodeIgniter.php(466): CodeIgniter\CodeIgniter->runController(Object(App\Controllers\Home))
 7 SYSTEMPATH\CodeIgniter.php(349): CodeIgniter\CodeIgniter->handleRequest(null, Object(Config\Cache), false)
 8 FCPATH\index.php(55): CodeIgniter\CodeIgniter->run()
ERROR - 2022-08-17 08:14:37 --> Table 'tagihan_bara.tambah_client' doesn't exist
CRITICAL - 2022-08-17 08:14:37 --> Call to a member function getResult() on bool
in APPPATH\Views\index.php on line 4.
 1 SYSTEMPATH\View\View.php(213): include()
 2 SYSTEMPATH\View\View.php(216): CodeIgniter\View\View->CodeIgniter\View\{closure}()
 3 SYSTEMPATH\Common.php(1135): CodeIgniter\View\View->render('index', [], true)
 4 APPPATH\Controllers\Home.php(9): view('index')
 5 SYSTEMPATH\CodeIgniter.php(896): App\Controllers\Home->index()
 6 SYSTEMPATH\CodeIgniter.php(466): CodeIgniter\CodeIgniter->runController(Object(App\Controllers\Home))
 7 SYSTEMPATH\CodeIgniter.php(349): CodeIgniter\CodeIgniter->handleRequest(null, Object(Config\Cache), false)
 8 FCPATH\index.php(55): CodeIgniter\CodeIgniter->run()
ERROR - 2022-08-17 08:14:37 --> Table 'tagihan_bara.tambah_client' doesn't exist
CRITICAL - 2022-08-17 08:14:37 --> Call to a member function getResult() on bool
in APPPATH\Views\index.php on line 4.
 1 SYSTEMPATH\View\View.php(213): include()
 2 SYSTEMPATH\View\View.php(216): CodeIgniter\View\View->CodeIgniter\View\{closure}()
 3 SYSTEMPATH\Common.php(1135): CodeIgniter\View\View->render('index', [], true)
 4 APPPATH\Controllers\Home.php(9): view('index')
 5 SYSTEMPATH\CodeIgniter.php(896): App\Controllers\Home->index()
 6 SYSTEMPATH\CodeIgniter.php(466): CodeIgniter\CodeIgniter->runController(Object(App\Controllers\Home))
 7 SYSTEMPATH\CodeIgniter.php(349): CodeIgniter\CodeIgniter->handleRequest(null, Object(Config\Cache), false)
 8 FCPATH\index.php(55): CodeIgniter\CodeIgniter->run()
ERROR - 2022-08-17 08:14:38 --> Table 'tagihan_bara.tambah_client' doesn't exist
CRITICAL - 2022-08-17 08:14:38 --> Call to a member function getResult() on bool
in APPPATH\Views\index.php on line 4.
 1 SYSTEMPATH\View\View.php(213): include()
 2 SYSTEMPATH\View\View.php(216): CodeIgniter\View\View->CodeIgniter\View\{closure}()
 3 SYSTEMPATH\Common.php(1135): CodeIgniter\View\View->render('index', [], true)
 4 APPPATH\Controllers\Home.php(9): view('index')
 5 SYSTEMPATH\CodeIgniter.php(896): App\Controllers\Home->index()
 6 SYSTEMPATH\CodeIgniter.php(466): CodeIgniter\CodeIgniter->runController(Object(App\Controllers\Home))
 7 SYSTEMPATH\CodeIgniter.php(349): CodeIgniter\CodeIgniter->handleRequest(null, Object(Config\Cache), false)
 8 FCPATH\index.php(55): CodeIgniter\CodeIgniter->run()
ERROR - 2022-08-17 08:14:38 --> Table 'tagihan_bara.tambah_client' doesn't exist
CRITICAL - 2022-08-17 08:14:38 --> Call to a member function getResult() on bool
in APPPATH\Views\index.php on line 4.
 1 SYSTEMPATH\View\View.php(213): include()
 2 SYSTEMPATH\View\View.php(216): CodeIgniter\View\View->CodeIgniter\View\{closure}()
 3 SYSTEMPATH\Common.php(1135): CodeIgniter\View\View->render('index', [], true)
 4 APPPATH\Controllers\Home.php(9): view('index')
 5 SYSTEMPATH\CodeIgniter.php(896): App\Controllers\Home->index()
 6 SYSTEMPATH\CodeIgniter.php(466): CodeIgniter\CodeIgniter->runController(Object(App\Controllers\Home))
 7 SYSTEMPATH\CodeIgniter.php(349): CodeIgniter\CodeIgniter->handleRequest(null, Object(Config\Cache), false)
 8 FCPATH\index.php(55): CodeIgniter\CodeIgniter->run()
ERROR - 2022-08-17 08:14:38 --> Table 'tagihan_bara.tambah_client' doesn't exist
CRITICAL - 2022-08-17 08:14:38 --> Call to a member function getResult() on bool
in APPPATH\Views\index.php on line 4.
 1 SYSTEMPATH\View\View.php(213): include()
 2 SYSTEMPATH\View\View.php(216): CodeIgniter\View\View->CodeIgniter\View\{closure}()
 3 SYSTEMPATH\Common.php(1135): CodeIgniter\View\View->render('index', [], true)
 4 APPPATH\Controllers\Home.php(9): view('index')
 5 SYSTEMPATH\CodeIgniter.php(896): App\Controllers\Home->index()
 6 SYSTEMPATH\CodeIgniter.php(466): CodeIgniter\CodeIgniter->runController(Object(App\Controllers\Home))
 7 SYSTEMPATH\CodeIgniter.php(349): CodeIgniter\CodeIgniter->handleRequest(null, Object(Config\Cache), false)
 8 FCPATH\index.php(55): CodeIgniter\CodeIgniter->run()
ERROR - 2022-08-17 08:14:38 --> Table 'tagihan_bara.tambah_client' doesn't exist
CRITICAL - 2022-08-17 08:14:38 --> Call to a member function getResult() on bool
in APPPATH\Views\index.php on line 4.
 1 SYSTEMPATH\View\View.php(213): include()
 2 SYSTEMPATH\View\View.php(216): CodeIgniter\View\View->CodeIgniter\View\{closure}()
 3 SYSTEMPATH\Common.php(1135): CodeIgniter\View\View->render('index', [], true)
 4 APPPATH\Controllers\Home.php(9): view('index')
 5 SYSTEMPATH\CodeIgniter.php(896): App\Controllers\Home->index()
 6 SYSTEMPATH\CodeIgniter.php(466): CodeIgniter\CodeIgniter->runController(Object(App\Controllers\Home))
 7 SYSTEMPATH\CodeIgniter.php(349): CodeIgniter\CodeIgniter->handleRequest(null, Object(Config\Cache), false)
 8 FCPATH\index.php(55): CodeIgniter\CodeIgniter->run()
ERROR - 2022-08-17 08:14:38 --> Table 'tagihan_bara.tambah_client' doesn't exist
CRITICAL - 2022-08-17 08:14:38 --> Call to a member function getResult() on bool
in APPPATH\Views\index.php on line 4.
 1 SYSTEMPATH\View\View.php(213): include()
 2 SYSTEMPATH\View\View.php(216): CodeIgniter\View\View->CodeIgniter\View\{closure}()
 3 SYSTEMPATH\Common.php(1135): CodeIgniter\View\View->render('index', [], true)
 4 APPPATH\Controllers\Home.php(9): view('index')
 5 SYSTEMPATH\CodeIgniter.php(896): App\Controllers\Home->index()
 6 SYSTEMPATH\CodeIgniter.php(466): CodeIgniter\CodeIgniter->runController(Object(App\Controllers\Home))
 7 SYSTEMPATH\CodeIgniter.php(349): CodeIgniter\CodeIgniter->handleRequest(null, Object(Config\Cache), false)
 8 FCPATH\index.php(55): CodeIgniter\CodeIgniter->run()
ERROR - 2022-08-17 08:14:39 --> Table 'tagihan_bara.tambah_client' doesn't exist
CRITICAL - 2022-08-17 08:14:39 --> Call to a member function getResult() on bool
in APPPATH\Views\index.php on line 4.
 1 SYSTEMPATH\View\View.php(213): include()
 2 SYSTEMPATH\View\View.php(216): CodeIgniter\View\View->CodeIgniter\View\{closure}()
 3 SYSTEMPATH\Common.php(1135): CodeIgniter\View\View->render('index', [], true)
 4 APPPATH\Controllers\Home.php(9): view('index')
 5 SYSTEMPATH\CodeIgniter.php(896): App\Controllers\Home->index()
 6 SYSTEMPATH\CodeIgniter.php(466): CodeIgniter\CodeIgniter->runController(Object(App\Controllers\Home))
 7 SYSTEMPATH\CodeIgniter.php(349): CodeIgniter\CodeIgniter->handleRequest(null, Object(Config\Cache), false)
 8 FCPATH\index.php(55): CodeIgniter\CodeIgniter->run()
ERROR - 2022-08-17 08:14:39 --> Table 'tagihan_bara.tambah_client' doesn't exist
CRITICAL - 2022-08-17 08:14:39 --> Call to a member function getResult() on bool
in APPPATH\Views\index.php on line 4.
 1 SYSTEMPATH\View\View.php(213): include()
 2 SYSTEMPATH\View\View.php(216): CodeIgniter\View\View->CodeIgniter\View\{closure}()
 3 SYSTEMPATH\Common.php(1135): CodeIgniter\View\View->render('index', [], true)
 4 APPPATH\Controllers\Home.php(9): view('index')
 5 SYSTEMPATH\CodeIgniter.php(896): App\Controllers\Home->index()
 6 SYSTEMPATH\CodeIgniter.php(466): CodeIgniter\CodeIgniter->runController(Object(App\Controllers\Home))
 7 SYSTEMPATH\CodeIgniter.php(349): CodeIgniter\CodeIgniter->handleRequest(null, Object(Config\Cache), false)
 8 FCPATH\index.php(55): CodeIgniter\CodeIgniter->run()
ERROR - 2022-08-17 08:14:39 --> Table 'tagihan_bara.tambah_client' doesn't exist
CRITICAL - 2022-08-17 08:14:39 --> Call to a member function getResult() on bool
in APPPATH\Views\index.php on line 4.
 1 SYSTEMPATH\View\View.php(213): include()
 2 SYSTEMPATH\View\View.php(216): CodeIgniter\View\View->CodeIgniter\View\{closure}()
 3 SYSTEMPATH\Common.php(1135): CodeIgniter\View\View->render('index', [], true)
 4 APPPATH\Controllers\Home.php(9): view('index')
 5 SYSTEMPATH\CodeIgniter.php(896): App\Controllers\Home->index()
 6 SYSTEMPATH\CodeIgniter.php(466): CodeIgniter\CodeIgniter->runController(Object(App\Controllers\Home))
 7 SYSTEMPATH\CodeIgniter.php(349): CodeIgniter\CodeIgniter->handleRequest(null, Object(Config\Cache), false)
 8 FCPATH\index.php(55): CodeIgniter\CodeIgniter->run()
ERROR - 2022-08-17 08:14:39 --> Table 'tagihan_bara.tambah_client' doesn't exist
CRITICAL - 2022-08-17 08:14:39 --> Call to a member function getResult() on bool
in APPPATH\Views\index.php on line 4.
 1 SYSTEMPATH\View\View.php(213): include()
 2 SYSTEMPATH\View\View.php(216): CodeIgniter\View\View->CodeIgniter\View\{closure}()
 3 SYSTEMPATH\Common.php(1135): CodeIgniter\View\View->render('index', [], true)
 4 APPPATH\Controllers\Home.php(9): view('index')
 5 SYSTEMPATH\CodeIgniter.php(896): App\Controllers\Home->index()
 6 SYSTEMPATH\CodeIgniter.php(466): CodeIgniter\CodeIgniter->runController(Object(App\Controllers\Home))
 7 SYSTEMPATH\CodeIgniter.php(349): CodeIgniter\CodeIgniter->handleRequest(null, Object(Config\Cache), false)
 8 FCPATH\index.php(55): CodeIgniter\CodeIgniter->run()
ERROR - 2022-08-17 08:14:39 --> Table 'tagihan_bara.tambah_client' doesn't exist
CRITICAL - 2022-08-17 08:14:39 --> Call to a member function getResult() on bool
in APPPATH\Views\index.php on line 4.
 1 SYSTEMPATH\View\View.php(213): include()
 2 SYSTEMPATH\View\View.php(216): CodeIgniter\View\View->CodeIgniter\View\{closure}()
 3 SYSTEMPATH\Common.php(1135): CodeIgniter\View\View->render('index', [], true)
 4 APPPATH\Controllers\Home.php(9): view('index')
 5 SYSTEMPATH\CodeIgniter.php(896): App\Controllers\Home->index()
 6 SYSTEMPATH\CodeIgniter.php(466): CodeIgniter\CodeIgniter->runController(Object(App\Controllers\Home))
 7 SYSTEMPATH\CodeIgniter.php(349): CodeIgniter\CodeIgniter->handleRequest(null, Object(Config\Cache), false)
 8 FCPATH\index.php(55): CodeIgniter\CodeIgniter->run()
ERROR - 2022-08-17 08:14:40 --> Table 'tagihan_bara.tambah_client' doesn't exist
CRITICAL - 2022-08-17 08:14:40 --> Call to a member function getResult() on bool
in APPPATH\Views\index.php on line 4.
 1 SYSTEMPATH\View\View.php(213): include()
 2 SYSTEMPATH\View\View.php(216): CodeIgniter\View\View->CodeIgniter\View\{closure}()
 3 SYSTEMPATH\Common.php(1135): CodeIgniter\View\View->render('index', [], true)
 4 APPPATH\Controllers\Home.php(9): view('index')
 5 SYSTEMPATH\CodeIgniter.php(896): App\Controllers\Home->index()
 6 SYSTEMPATH\CodeIgniter.php(466): CodeIgniter\CodeIgniter->runController(Object(App\Controllers\Home))
 7 SYSTEMPATH\CodeIgniter.php(349): CodeIgniter\CodeIgniter->handleRequest(null, Object(Config\Cache), false)
 8 FCPATH\index.php(55): CodeIgniter\CodeIgniter->run()
CRITICAL - 2022-08-17 11:42:25 --> Invalid argument supplied for foreach()
in APPPATH\Views\index.php on line 120.
 1 APPPATH\Views\index.php(120): CodeIgniter\Debug\Exceptions->errorHandler(2, 'Invalid argument supplied for foreach()', 'APPPATH\\Views\\index.php', 120, [...])
 2 SYSTEMPATH\View\View.php(213): include('APPPATH\\Views\\index.php')
 3 SYSTEMPATH\View\View.php(216): CodeIgniter\View\View->CodeIgniter\View\{closure}()
 4 SYSTEMPATH\Common.php(1135): CodeIgniter\View\View->render('index', [], true)
 5 APPPATH\Controllers\Home.php(9): view('index')
 6 SYSTEMPATH\CodeIgniter.php(896): App\Controllers\Home->index()
 7 SYSTEMPATH\CodeIgniter.php(466): CodeIgniter\CodeIgniter->runController(Object(App\Controllers\Home))
 8 SYSTEMPATH\CodeIgniter.php(349): CodeIgniter\CodeIgniter->handleRequest(null, Object(Config\Cache), false)
 9 FCPATH\index.php(55): CodeIgniter\CodeIgniter->run()
CRITICAL - 2022-08-17 11:43:46 --> syntax error, unexpected 'endforeach' (T_ENDFOREACH)
in APPPATH\Views\index.php on line 128.
 1 SYSTEMPATH\View\View.php(216): CodeIgniter\View\View->CodeIgniter\View\{closure}()
 2 SYSTEMPATH\Common.php(1135): CodeIgniter\View\View->render('index', [], true)
 3 APPPATH\Controllers\Home.php(9): view('index')
 4 SYSTEMPATH\CodeIgniter.php(896): App\Controllers\Home->index()
 5 SYSTEMPATH\CodeIgniter.php(466): CodeIgniter\CodeIgniter->runController(Object(App\Controllers\Home))
 6 SYSTEMPATH\CodeIgniter.php(349): CodeIgniter\CodeIgniter->handleRequest(null, Object(Config\Cache), false)
 7 FCPATH\index.php(55): CodeIgniter\CodeIgniter->run()
CRITICAL - 2022-08-17 11:45:19 --> syntax error, unexpected 'endforeach' (T_ENDFOREACH)
in APPPATH\Views\index.php on line 128.
 1 SYSTEMPATH\View\View.php(216): CodeIgniter\View\View->CodeIgniter\View\{closure}()
 2 SYSTEMPATH\Common.php(1135): CodeIgniter\View\View->render('index', [], true)
 3 APPPATH\Controllers\Home.php(9): view('index')
 4 SYSTEMPATH\CodeIgniter.php(896): App\Controllers\Home->index()
 5 SYSTEMPATH\CodeIgniter.php(466): CodeIgniter\CodeIgniter->runController(Object(App\Controllers\Home))
 6 SYSTEMPATH\CodeIgniter.php(349): CodeIgniter\CodeIgniter->handleRequest(null, Object(Config\Cache), false)
 7 FCPATH\index.php(55): CodeIgniter\CodeIgniter->run()
CRITICAL - 2022-08-17 11:47:41 --> Class 'App\Controllers\clientModel' not found
in APPPATH\Controllers\Home.php on line 10.
 1 SYSTEMPATH\CodeIgniter.php(896): App\Controllers\Home->index()
 2 SYSTEMPATH\CodeIgniter.php(466): CodeIgniter\CodeIgniter->runController(Object(App\Controllers\Home))
 3 SYSTEMPATH\CodeIgniter.php(349): CodeIgniter\CodeIgniter->handleRequest(null, Object(Config\Cache), false)
 4 FCPATH\index.php(55): CodeIgniter\CodeIgniter->run()
CRITICAL - 2022-08-17 11:49:14 --> Class 'App\Controllers\clientModel' not found
in APPPATH\Controllers\Home.php on line 10.
 1 SYSTEMPATH\CodeIgniter.php(896): App\Controllers\Home->index()
 2 SYSTEMPATH\CodeIgniter.php(466): CodeIgniter\CodeIgniter->runController(Object(App\Controllers\Home))
 3 SYSTEMPATH\CodeIgniter.php(349): CodeIgniter\CodeIgniter->handleRequest(null, Object(Config\Cache), false)
 4 FCPATH\index.php(55): CodeIgniter\CodeIgniter->run()
CRITICAL - 2022-08-17 11:49:34 --> Class 'App\Controllers\clientModel' not found
in APPPATH\Controllers\Home.php on line 10.
 1 SYSTEMPATH\CodeIgniter.php(896): App\Controllers\Home->index()
 2 SYSTEMPATH\CodeIgniter.php(466): CodeIgniter\CodeIgniter->runController(Object(App\Controllers\Home))
 3 SYSTEMPATH\CodeIgniter.php(349): CodeIgniter\CodeIgniter->handleRequest(null, Object(Config\Cache), false)
 4 FCPATH\index.php(55): CodeIgniter\CodeIgniter->run()
CRITICAL - 2022-08-17 11:50:20 --> Class 'App\Controllers\clientModel' not found
in APPPATH\Controllers\Home.php on line 10.
 1 SYSTEMPATH\CodeIgniter.php(896): App\Controllers\Home->index()
 2 SYSTEMPATH\CodeIgniter.php(466): CodeIgniter\CodeIgniter->runController(Object(App\Controllers\Home))
 3 SYSTEMPATH\CodeIgniter.php(349): CodeIgniter\CodeIgniter->handleRequest(null, Object(Config\Cache), false)
 4 FCPATH\index.php(55): CodeIgniter\CodeIgniter->run()
CRITICAL - 2022-08-17 11:50:20 --> Class 'App\Controllers\clientModel' not found
in APPPATH\Controllers\Home.php on line 10.
 1 SYSTEMPATH\CodeIgniter.php(896): App\Controllers\Home->index()
 2 SYSTEMPATH\CodeIgniter.php(466): CodeIgniter\CodeIgniter->runController(Object(App\Controllers\Home))
 3 SYSTEMPATH\CodeIgniter.php(349): CodeIgniter\CodeIgniter->handleRequest(null, Object(Config\Cache), false)
 4 FCPATH\index.php(55): CodeIgniter\CodeIgniter->run()
CRITICAL - 2022-08-17 11:50:20 --> Class 'App\Controllers\clientModel' not found
in APPPATH\Controllers\Home.php on line 10.
 1 SYSTEMPATH\CodeIgniter.php(896): App\Controllers\Home->index()
 2 SYSTEMPATH\CodeIgniter.php(466): CodeIgniter\CodeIgniter->runController(Object(App\Controllers\Home))
 3 SYSTEMPATH\CodeIgniter.php(349): CodeIgniter\CodeIgniter->handleRequest(null, Object(Config\Cache), false)
 4 FCPATH\index.php(55): CodeIgniter\CodeIgniter->run()
CRITICAL - 2022-08-17 11:51:02 --> Class 'App\Controllers\clientModel' not found
in APPPATH\Controllers\Home.php on line 10.
 1 SYSTEMPATH\CodeIgniter.php(896): App\Controllers\Home->index()
 2 SYSTEMPATH\CodeIgniter.php(466): CodeIgniter\CodeIgniter->runController(Object(App\Controllers\Home))
 3 SYSTEMPATH\CodeIgniter.php(349): CodeIgniter\CodeIgniter->handleRequest(null, Object(Config\Cache), false)
 4 FCPATH\index.php(55): CodeIgniter\CodeIgniter->run()
CRITICAL - 2022-08-17 11:51:03 --> Class 'App\Controllers\clientModel' not found
in APPPATH\Controllers\Home.php on line 10.
 1 SYSTEMPATH\CodeIgniter.php(896): App\Controllers\Home->index()
 2 SYSTEMPATH\CodeIgniter.php(466): CodeIgniter\CodeIgniter->runController(Object(App\Controllers\Home))
 3 SYSTEMPATH\CodeIgniter.php(349): CodeIgniter\CodeIgniter->handleRequest(null, Object(Config\Cache), false)
 4 FCPATH\index.php(55): CodeIgniter\CodeIgniter->run()
CRITICAL - 2022-08-17 11:51:03 --> Class 'App\Controllers\clientModel' not found
in APPPATH\Controllers\Home.php on line 10.
 1 SYSTEMPATH\CodeIgniter.php(896): App\Controllers\Home->index()
 2 SYSTEMPATH\CodeIgniter.php(466): CodeIgniter\CodeIgniter->runController(Object(App\Controllers\Home))
 3 SYSTEMPATH\CodeIgniter.php(349): CodeIgniter\CodeIgniter->handleRequest(null, Object(Config\Cache), false)
 4 FCPATH\index.php(55): CodeIgniter\CodeIgniter->run()
CRITICAL - 2022-08-17 11:51:03 --> Class 'App\Controllers\clientModel' not found
in APPPATH\Controllers\Home.php on line 10.
 1 SYSTEMPATH\CodeIgniter.php(896): App\Controllers\Home->index()
 2 SYSTEMPATH\CodeIgniter.php(466): CodeIgniter\CodeIgniter->runController(Object(App\Controllers\Home))
 3 SYSTEMPATH\CodeIgniter.php(349): CodeIgniter\CodeIgniter->handleRequest(null, Object(Config\Cache), false)
 4 FCPATH\index.php(55): CodeIgniter\CodeIgniter->run()
CRITICAL - 2022-08-17 11:51:03 --> Class 'App\Controllers\clientModel' not found
in APPPATH\Controllers\Home.php on line 10.
 1 SYSTEMPATH\CodeIgniter.php(896): App\Controllers\Home->index()
 2 SYSTEMPATH\CodeIgniter.php(466): CodeIgniter\CodeIgniter->runController(Object(App\Controllers\Home))
 3 SYSTEMPATH\CodeIgniter.php(349): CodeIgniter\CodeIgniter->handleRequest(null, Object(Config\Cache), false)
 4 FCPATH\index.php(55): CodeIgniter\CodeIgniter->run()
CRITICAL - 2022-08-17 11:51:03 --> Class 'App\Controllers\clientModel' not found
in APPPATH\Controllers\Home.php on line 10.
 1 SYSTEMPATH\CodeIgniter.php(896): App\Controllers\Home->index()
 2 SYSTEMPATH\CodeIgniter.php(466): CodeIgniter\CodeIgniter->runController(Object(App\Controllers\Home))
 3 SYSTEMPATH\CodeIgniter.php(349): CodeIgniter\CodeIgniter->handleRequest(null, Object(Config\Cache), false)
 4 FCPATH\index.php(55): CodeIgniter\CodeIgniter->run()
CRITICAL - 2022-08-17 11:51:04 --> Class 'App\Controllers\clientModel' not found
in APPPATH\Controllers\Home.php on line 10.
 1 SYSTEMPATH\CodeIgniter.php(896): App\Controllers\Home->index()
 2 SYSTEMPATH\CodeIgniter.php(466): CodeIgniter\CodeIgniter->runController(Object(App\Controllers\Home))
 3 SYSTEMPATH\CodeIgniter.php(349): CodeIgniter\CodeIgniter->handleRequest(null, Object(Config\Cache), false)
 4 FCPATH\index.php(55): CodeIgniter\CodeIgniter->run()
CRITICAL - 2022-08-17 11:55:32 --> Class 'App\Controllers\clientModel' not found
in APPPATH\Controllers\Home.php on line 10.
 1 SYSTEMPATH\CodeIgniter.php(896): App\Controllers\Home->index()
 2 SYSTEMPATH\CodeIgniter.php(466): CodeIgniter\CodeIgniter->runController(Object(App\Controllers\Home))
 3 SYSTEMPATH\CodeIgniter.php(349): CodeIgniter\CodeIgniter->handleRequest(null, Object(Config\Cache), false)
 4 FCPATH\index.php(55): CodeIgniter\CodeIgniter->run()
CRITICAL - 2022-08-17 12:02:01 --> Class 'App\Controllers\clientModel' not found
in APPPATH\Controllers\Home.php on line 10.
 1 SYSTEMPATH\CodeIgniter.php(896): App\Controllers\Home->index()
 2 SYSTEMPATH\CodeIgniter.php(466): CodeIgniter\CodeIgniter->runController(Object(App\Controllers\Home))
 3 SYSTEMPATH\CodeIgniter.php(349): CodeIgniter\CodeIgniter->handleRequest(null, Object(Config\Cache), false)
 4 FCPATH\index.php(55): CodeIgniter\CodeIgniter->run()
CRITICAL - 2022-08-17 12:02:39 --> Class 'App\Controllers\clientModel' not found
in APPPATH\Controllers\Home.php on line 10.
 1 SYSTEMPATH\CodeIgniter.php(896): App\Controllers\Home->index()
 2 SYSTEMPATH\CodeIgniter.php(466): CodeIgniter\CodeIgniter->runController(Object(App\Controllers\Home))
 3 SYSTEMPATH\CodeIgniter.php(349): CodeIgniter\CodeIgniter->handleRequest(null, Object(Config\Cache), false)
 4 FCPATH\index.php(55): CodeIgniter\CodeIgniter->run()
CRITICAL - 2022-08-17 12:02:40 --> Class 'App\Controllers\clientModel' not found
in APPPATH\Controllers\Home.php on line 10.
 1 SYSTEMPATH\CodeIgniter.php(896): App\Controllers\Home->index()
 2 SYSTEMPATH\CodeIgniter.php(466): CodeIgniter\CodeIgniter->runController(Object(App\Controllers\Home))
 3 SYSTEMPATH\CodeIgniter.php(349): CodeIgniter\CodeIgniter->handleRequest(null, Object(Config\Cache), false)
 4 FCPATH\index.php(55): CodeIgniter\CodeIgniter->run()
CRITICAL - 2022-08-17 12:02:40 --> Class 'App\Controllers\clientModel' not found
in APPPATH\Controllers\Home.php on line 10.
 1 SYSTEMPATH\CodeIgniter.php(896): App\Controllers\Home->index()
 2 SYSTEMPATH\CodeIgniter.php(466): CodeIgniter\CodeIgniter->runController(Object(App\Controllers\Home))
 3 SYSTEMPATH\CodeIgniter.php(349): CodeIgniter\CodeIgniter->handleRequest(null, Object(Config\Cache), false)
 4 FCPATH\index.php(55): CodeIgniter\CodeIgniter->run()
CRITICAL - 2022-08-17 12:02:46 --> Class 'App\Controllers\clientModel' not found
in APPPATH\Controllers\Home.php on line 10.
 1 SYSTEMPATH\CodeIgniter.php(896): App\Controllers\Home->index()
 2 SYSTEMPATH\CodeIgniter.php(466): CodeIgniter\CodeIgniter->runController(Object(App\Controllers\Home))
 3 SYSTEMPATH\CodeIgniter.php(349): CodeIgniter\CodeIgniter->handleRequest(null, Object(Config\Cache), false)
 4 FCPATH\index.php(55): CodeIgniter\CodeIgniter->run()
ERROR - 2022-08-17 12:03:42 --> Not unique table/alias: 'remainder'
CRITICAL - 2022-08-17 12:03:42 --> Not unique table/alias: 'remainder'
in SYSTEMPATH\Database\MySQLi\Connection.php on line 292.
 1 SYSTEMPATH\Database\MySQLi\Connection.php(292): mysqli->query('SELECT COUNT(*) AS `numrows`
FROM `remainder`
JOIN `remainder` ON `remainder`.`id_klien` = `client`.`id_klien`
JOIN `tagihan` ON `tagihan`.`id_klien` = `client`.`id_klien`', 0)
 2 SYSTEMPATH\Database\BaseConnection.php(695): CodeIgniter\Database\MySQLi\Connection->execute('SELECT COUNT(*) AS `numrows`
FROM `remainder`
JOIN `remainder` ON `remainder`.`id_klien` = `client`.`id_klien`
JOIN `tagihan` ON `tagihan`.`id_klien` = `client`.`id_klien`')
 3 SYSTEMPATH\Database\BaseConnection.php(609): CodeIgniter\Database\BaseConnection->simpleQuery('SELECT COUNT(*) AS `numrows`
FROM `remainder`
JOIN `remainder` ON `remainder`.`id_klien` = `client`.`id_klien`
JOIN `tagihan` ON `tagihan`.`id_klien` = `client`.`id_klien`')
 4 SYSTEMPATH\Database\BaseBuilder.php(1669): CodeIgniter\Database\BaseConnection->query('SELECT COUNT(*) AS `numrows`
FROM `remainder`
JOIN `remainder` ON `remainder`.`id_klien` = `client`.`id_klien`
JOIN `tagihan` ON `tagihan`.`id_klien` = `client`.`id_klien`', [], false)
 5 SYSTEMPATH\Model.php(550): CodeIgniter\Database\BaseBuilder->countAllResults(false)
 6 SYSTEMPATH\BaseModel.php(1084): CodeIgniter\Model->countAllResults(false)
 7 APPPATH\Controllers\Home.php(12): CodeIgniter\BaseModel->paginate(5)
 8 SYSTEMPATH\CodeIgniter.php(896): App\Controllers\Home->index()
 9 SYSTEMPATH\CodeIgniter.php(466): CodeIgniter\CodeIgniter->runController(Object(App\Controllers\Home))
10 SYSTEMPATH\CodeIgniter.php(349): CodeIgniter\CodeIgniter->handleRequest(null, Object(Config\Cache), false)
11 FCPATH\index.php(55): CodeIgniter\CodeIgniter->run()
ERROR - 2022-08-17 12:05:02 --> Unknown column 'tagihan.id_klien' in 'on clause'
CRITICAL - 2022-08-17 12:05:02 --> Unknown column 'tagihan.id_klien' in 'on clause'
in SYSTEMPATH\Database\MySQLi\Connection.php on line 292.
 1 SYSTEMPATH\Database\MySQLi\Connection.php(292): mysqli->query('SELECT COUNT(*) AS `numrows`
FROM `remainder`
JOIN `client` ON `client`.`id_klien` = `remainder`.`id_klien`
JOIN `tagihan` ON `tagihan`.`id_klien` = `remainder`.`id_klien`', 0)
 2 SYSTEMPATH\Database\BaseConnection.php(695): CodeIgniter\Database\MySQLi\Connection->execute('SELECT COUNT(*) AS `numrows`
FROM `remainder`
JOIN `client` ON `client`.`id_klien` = `remainder`.`id_klien`
JOIN `tagihan` ON `tagihan`.`id_klien` = `remainder`.`id_klien`')
 3 SYSTEMPATH\Database\BaseConnection.php(609): CodeIgniter\Database\BaseConnection->simpleQuery('SELECT COUNT(*) AS `numrows`
FROM `remainder`
JOIN `client` ON `client`.`id_klien` = `remainder`.`id_klien`
JOIN `tagihan` ON `tagihan`.`id_klien` = `remainder`.`id_klien`')
 4 SYSTEMPATH\Database\BaseBuilder.php(1669): CodeIgniter\Database\BaseConnection->query('SELECT COUNT(*) AS `numrows`
FROM `remainder`
JOIN `client` ON `client`.`id_klien` = `remainder`.`id_klien`
JOIN `tagihan` ON `tagihan`.`id_klien` = `remainder`.`id_klien`', [], false)
 5 SYSTEMPATH\Model.php(550): CodeIgniter\Database\BaseBuilder->countAllResults(false)
 6 SYSTEMPATH\BaseModel.php(1084): CodeIgniter\Model->countAllResults(false)
 7 APPPATH\Controllers\Home.php(12): CodeIgniter\BaseModel->paginate(5)
 8 SYSTEMPATH\CodeIgniter.php(896): App\Controllers\Home->index()
 9 SYSTEMPATH\CodeIgniter.php(466): CodeIgniter\CodeIgniter->runController(Object(App\Controllers\Home))
10 SYSTEMPATH\CodeIgniter.php(349): CodeIgniter\CodeIgniter->handleRequest(null, Object(Config\Cache), false)
11 FCPATH\index.php(55): CodeIgniter\CodeIgniter->run()
CRITICAL - 2022-08-17 12:05:26 --> Invalid file: /.php
in SYSTEMPATH\Exceptions\FrameworkException.php on line 33.
 1 SYSTEMPATH\View\View.php(201): CodeIgniter\Exceptions\FrameworkException::forInvalidFile('/.php')
 2 SYSTEMPATH\Common.php(1135): CodeIgniter\View\View->render('D:\\', [], true)
 3 APPPATH\Controllers\Home.php(15): view('D:\\', [...])
 4 SYSTEMPATH\CodeIgniter.php(896): App\Controllers\Home->index()
 5 SYSTEMPATH\CodeIgniter.php(466): CodeIgniter\CodeIgniter->runController(Object(App\Controllers\Home))
 6 SYSTEMPATH\CodeIgniter.php(349): CodeIgniter\CodeIgniter->handleRequest(null, Object(Config\Cache), false)
 7 FCPATH\index.php(55): CodeIgniter\CodeIgniter->run()
ERROR - 2022-08-17 12:07:07 --> Not unique table/alias: 'client'
CRITICAL - 2022-08-17 12:07:07 --> Not unique table/alias: 'client'
in SYSTEMPATH\Database\MySQLi\Connection.php on line 292.
 1 SYSTEMPATH\Database\MySQLi\Connection.php(292): mysqli->query('SELECT COUNT(*) AS `numrows`
FROM `client`
JOIN `client` ON `client`.`id_klien` = `remainder`.`id_klien`
JOIN `tagihan` ON `tagihan`.`id_klien` = `remainder`.`id_klien`', 0)
 2 SYSTEMPATH\Database\BaseConnection.php(695): CodeIgniter\Database\MySQLi\Connection->execute('SELECT COUNT(*) AS `numrows`
FROM `client`
JOIN `client` ON `client`.`id_klien` = `remainder`.`id_klien`
JOIN `tagihan` ON `tagihan`.`id_klien` = `remainder`.`id_klien`')
 3 SYSTEMPATH\Database\BaseConnection.php(609): CodeIgniter\Database\BaseConnection->simpleQuery('SELECT COUNT(*) AS `numrows`
FROM `client`
JOIN `client` ON `client`.`id_klien` = `remainder`.`id_klien`
JOIN `tagihan` ON `tagihan`.`id_klien` = `remainder`.`id_klien`')
 4 SYSTEMPATH\Database\BaseBuilder.php(1669): CodeIgniter\Database\BaseConnection->query('SELECT COUNT(*) AS `numrows`
FROM `client`
JOIN `client` ON `client`.`id_klien` = `remainder`.`id_klien`
JOIN `tagihan` ON `tagihan`.`id_klien` = `remainder`.`id_klien`', [], false)
 5 SYSTEMPATH\Model.php(550): CodeIgniter\Database\BaseBuilder->countAllResults(false)
 6 SYSTEMPATH\BaseModel.php(1084): CodeIgniter\Model->countAllResults(false)
 7 APPPATH\Controllers\Home.php(12): CodeIgniter\BaseModel->paginate(5)
 8 SYSTEMPATH\CodeIgniter.php(896): App\Controllers\Home->index()
 9 SYSTEMPATH\CodeIgniter.php(466): CodeIgniter\CodeIgniter->runController(Object(App\Controllers\Home))
10 SYSTEMPATH\CodeIgniter.php(349): CodeIgniter\CodeIgniter->handleRequest(null, Object(Config\Cache), false)
11 FCPATH\index.php(55): CodeIgniter\CodeIgniter->run()
CRITICAL - 2022-08-17 12:14:58 --> syntax error, unexpected '->' (T_OBJECT_OPERATOR), expecting identifier (T_STRING) or variable (T_VARIABLE) or '{' or '$'
in APPPATH\Controllers\Home.php on line 12.
 1 SYSTEMPATH\Autoloader\Autoloader.php(261): CodeIgniter\Autoloader\Autoloader->includeFile('APPPATH\\Controllers\\Home.php')
 2 SYSTEMPATH\Autoloader\Autoloader.php(239): CodeIgniter\Autoloader\Autoloader->loadInNamespace('App\\Controllers\\Home')
 3 [internal function]: CodeIgniter\Autoloader\Autoloader->loadClass('App\\Controllers\\Home')
 4 [internal function]: spl_autoload_call('App\\Controllers\\Home')
 5 SYSTEMPATH\CodeIgniter.php(846): class_exists('\\App\\Controllers\\Home', true)
 6 SYSTEMPATH\CodeIgniter.php(453): CodeIgniter\CodeIgniter->startController()
 7 SYSTEMPATH\CodeIgniter.php(349): CodeIgniter\CodeIgniter->handleRequest(null, Object(Config\Cache), false)
 8 FCPATH\index.php(55): CodeIgniter\CodeIgniter->run()
CRITICAL - 2022-08-17 12:15:45 --> syntax error, unexpected '->' (T_OBJECT_OPERATOR), expecting identifier (T_STRING) or variable (T_VARIABLE) or '{' or '$'
in APPPATH\Controllers\Home.php on line 12.
 1 SYSTEMPATH\Autoloader\Autoloader.php(261): CodeIgniter\Autoloader\Autoloader->includeFile('APPPATH\\Controllers\\Home.php')
 2 SYSTEMPATH\Autoloader\Autoloader.php(239): CodeIgniter\Autoloader\Autoloader->loadInNamespace('App\\Controllers\\Home')
 3 [internal function]: CodeIgniter\Autoloader\Autoloader->loadClass('App\\Controllers\\Home')
 4 [internal function]: spl_autoload_call('App\\Controllers\\Home')
 5 SYSTEMPATH\CodeIgniter.php(846): class_exists('\\App\\Controllers\\Home', true)
 6 SYSTEMPATH\CodeIgniter.php(453): CodeIgniter\CodeIgniter->startController()
 7 SYSTEMPATH\CodeIgniter.php(349): CodeIgniter\CodeIgniter->handleRequest(null, Object(Config\Cache), false)
 8 FCPATH\index.php(55): CodeIgniter\CodeIgniter->run()
ERROR - 2022-08-17 21:46:57 --> Not unique table/alias: 'tagihan'
CRITICAL - 2022-08-17 21:46:57 --> Not unique table/alias: 'tagihan'
in SYSTEMPATH\Database\MySQLi\Connection.php on line 292.
 1 SYSTEMPATH\Database\MySQLi\Connection.php(292): mysqli->query('SELECT COUNT(*) AS `numrows`
FROM `tagihan`
JOIN `remainder` ON `remainder`.`id_klien` = `client`.`id_klien`
JOIN `tagihan` ON `tagihan`.`id_klien` = `client`.`id_klien`', 0)
 2 SYSTEMPATH\Database\BaseConnection.php(695): CodeIgniter\Database\MySQLi\Connection->execute('SELECT COUNT(*) AS `numrows`
FROM `tagihan`
JOIN `remainder` ON `remainder`.`id_klien` = `client`.`id_klien`
JOIN `tagihan` ON `tagihan`.`id_klien` = `client`.`id_klien`')
 3 SYSTEMPATH\Database\BaseConnection.php(609): CodeIgniter\Database\BaseConnection->simpleQuery('SELECT COUNT(*) AS `numrows`
FROM `tagihan`
JOIN `remainder` ON `remainder`.`id_klien` = `client`.`id_klien`
JOIN `tagihan` ON `tagihan`.`id_klien` = `client`.`id_klien`')
 4 SYSTEMPATH\Database\BaseBuilder.php(1669): CodeIgniter\Database\BaseConnection->query('SELECT COUNT(*) AS `numrows`
FROM `tagihan`
JOIN `remainder` ON `remainder`.`id_klien` = `client`.`id_klien`
JOIN `tagihan` ON `tagihan`.`id_klien` = `client`.`id_klien`', [], false)
 5 SYSTEMPATH\Model.php(550): CodeIgniter\Database\BaseBuilder->countAllResults(false)
 6 SYSTEMPATH\BaseModel.php(1084): CodeIgniter\Model->countAllResults(false)
 7 APPPATH\Controllers\Klien.php(18): CodeIgniter\BaseModel->paginate(5)
 8 SYSTEMPATH\CodeIgniter.php(896): App\Controllers\Klien->index()
 9 SYSTEMPATH\CodeIgniter.php(466): CodeIgniter\CodeIgniter->runController(Object(App\Controllers\Klien))
10 SYSTEMPATH\CodeIgniter.php(349): CodeIgniter\CodeIgniter->handleRequest(null, Object(Config\Cache), false)
11 FCPATH\index.php(55): CodeIgniter\CodeIgniter->run()
